#
# A fatal error has been detected by the Java Runtime Environment:
#
#  SIGSEGV (0xb) at pc=0x00007fcbed20b360, pid=15754, tid=0x00007fcbb49f4700
#
# JRE version: OpenJDK Runtime Environment (8.0_191-b12) (build 1.8.0_191-8u191-b12-2ubuntu0.16.04.1-b12)
# Java VM: OpenJDK 64-Bit Server VM (25.191-b12 mixed mode linux-amd64 compressed oops)
# Problematic frame:
# C  [libxcb.so.1+0xa360]  xcb_writev+0x0
#
# Failed to write core dump. Core dumps have been disabled. To enable core dumping, try "ulimit -c unlimited" before starting Java again
#
# If you would like to submit a bug report, please visit:
#   http://bugreport.java.com/bugreport/crash.jsp
# The crash happened outside the Java Virtual Machine in native code.
# See problematic frame for where to report the bug.
#

---------------  T H R E A D  ---------------

Current thread (0x00007fcc0490a800):  JavaThread "main-Display-.x11_:0.0-1-EDT-1" daemon [_thread_in_native, id=15784, stack(0x00007fcbb48f4000,0x00007fcbb49f5000)]

siginfo: si_signo: 11 (SIGSEGV), si_code: 1 (SEGV_MAPERR), si_addr: 0x0000000000000000

Registers:
RAX=0x00007fcbedd7c6e4, RBX=0x0000000000000000, RCX=0x0000000000000003, RDX=0x0000000000000003
RSP=0x00007fcbb49f34c8, RBP=0x0000000000000000, RSI=0x00007fcbb49f34e0, RDI=0x0000000000000000
R8 =0x00007fcbb43a7a58, R9 =0x0000000000000006, R10=0x0000000000000005, R11=0x00007fcbf566e5a0
R12=0x00007fcbb49f34e0, R13=0x00007fcbb4393788, R14=0x00007fcba0004e40, R15=0x0000000000000000
RIP=0x00007fcbed20b360, EFLAGS=0x0000000000010246, CSGSFS=0x8d7b000000000033, ERR=0x0000000000000004
  TRAPNO=0x000000000000000e

Top of Stack: (sp=0x00007fcbb49f34c8)
0x00007fcbb49f34c8:   00007fcbeda8054e 0000000000000000
0x00007fcbb49f34d8:   0000000000000003 00007fcba000b340
0x00007fcbb49f34e8:   0000000000000014 0000000000000000
0x00007fcbb49f34f8:   0000000000000000 00007fcbedd7c6e4
0x00007fcbb49f3508:   0000000000000000 0000000002bc04b0
0x00007fcbb49f3518:   8d7bc17009979100 00000000c15a740e
0x00007fcbb49f3528:   00007fcba0004e40 0000000000000001
0x00007fcbb49f3538:   0000000000000000 00007fcbb4393788
0x00007fcbb49f3548:   00007fcbb49f37c8 0000000000000000
0x00007fcbb49f3558:   00007fcbeda80a42 0100000044960000
0x00007fcbb49f3568:   00007fcbb49f35d0 0000000000000000
0x00007fcbb49f3578:   0000000100000000 0000000000000000
0x00007fcbb49f3588:   8d7bc17009979100 00007fcba0023c20
0x00007fcbb49f3598:   00007fcba0004e40 0000000000000001
0x00007fcbb49f35a8:   0000000000000000 00007fcbb4393788
0x00007fcbb49f35b8:   00007fcbb49f37c8 00007fcc0490a800
0x00007fcbb49f35c8:   00007fcbeda7c52d 00007fcbb49f36f0
0x00007fcbb49f35d8:   00007fcbb4393788 00007fcba0004e40
0x00007fcbb49f35e8:   0000000003e00001 0000000000000000
0x00007fcbb49f35f8:   8d7bc17009979100 00007fcbb49f36f0
0x00007fcbb49f3608:   00007fcbb4393788 00007fcbb49f36f0
0x00007fcbb49f3618:   00007fcb9a57481d 0000000000000004
0x00007fcbb49f3628:   0000005900000093 00007fcba0023c20
0x00007fcbb49f3638:   00007fcba0004e40 00007fcbb49f37c8
0x00007fcbb49f3648:   00007fcc0490a9e0 0000001800000001
0x00007fcbb49f3658:   000002bc000004b0 0000001800000000
0x00007fcbb49f3668:   00007fcba000f608 00000000000000b0
0x00007fcbb49f3678:   0000000000000001 0000000000000001
0x00007fcbb49f3688:   0000000000000000 0000000000000000
0x00007fcbb49f3698:   0000000000000000 0000000003e00001
0x00007fcbb49f36a8:   0000000200000001 0000000000ea807f
0x00007fcbb49f36b8:   00000000002a807f 000000000000200c 

Instructions: (pc=0x00007fcbed20b360)
0x00007fcbed20b340:   e8 9b 11 00 00 48 83 c4 10 89 d8 5b 5d 41 5c 41
0x00007fcbed20b350:   5d 41 5e c3 66 90 66 2e 0f 1f 84 00 00 00 00 00
0x00007fcbed20b360:   8b 07 85 c0 74 0a 31 c0 c3 0f 1f 80 00 00 00 00
0x00007fcbed20b370:   41 56 4c 8d 77 18 41 55 41 54 55 49 89 cd 53 48 

Register to memory mapping:

RAX=0x00007fcbedd7c6e4: <offset 0x3396e4> in /usr/lib/x86_64-linux-gnu/libX11.so.6 at 0x00007fcbeda43000
RBX=0x0000000000000000 is an unknown value
RCX=0x0000000000000003 is an unknown value
RDX=0x0000000000000003 is an unknown value
RSP=0x00007fcbb49f34c8 is pointing into the stack for thread: 0x00007fcc0490a800
RBP=0x0000000000000000 is an unknown value
RSI=0x00007fcbb49f34e0 is pointing into the stack for thread: 0x00007fcc0490a800
RDI=0x0000000000000000 is an unknown value
R8 ={method} {0x00007fcbb43a7a58} 'windowDestroyNotify' '(Z)Z' in 'jogamp/newt/WindowImpl'
R9 =0x0000000000000006 is an unknown value
R10=0x0000000000000005 is an unknown value
R11=0x00007fcbf566e5a0 is at entry_point+32 in (nmethod*)0x00007fcbf566e410
R12=0x00007fcbb49f34e0 is pointing into the stack for thread: 0x00007fcc0490a800
R13={method} {0x00007fcbb4393788} 'CloseWindow0' '(JJII)V' in 'jogamp/newt/driver/x11/WindowDriver'
R14=0x00007fcba0004e40 is an unknown value
R15=0x0000000000000000 is an unknown value


Stack: [0x00007fcbb48f4000,0x00007fcbb49f5000],  sp=0x00007fcbb49f34c8,  free space=1021k
Native frames: (J=compiled Java code, j=interpreted, Vv=VM code, C=native code)
C  [libxcb.so.1+0xa360]  xcb_writev+0x0

Java frames: (J=compiled Java code, j=interpreted, Vv=VM code)
j  jogamp.newt.driver.x11.WindowDriver.CloseWindow0(JJII)V+0
j  jogamp.newt.driver.x11.WindowDriver.closeNativeImpl()V+58
j  jogamp.newt.WindowImpl$1.run()V+311
j  com.jogamp.common.util.RunnableTask.run()V+198
j  jogamp.newt.DefaultEDTUtil$NEDT.run()V+221
v  ~StubRoutines::call_stub

---------------  P R O C E S S  ---------------

Java Threads: ( => current thread )
  0x00007fcc0400c800 JavaThread "DestroyJavaVM" [_thread_blocked, id=15758, stack(0x00007fcc0da8e000,0x00007fcc0db8f000)]
  0x00007fcc0490e800 JavaThread "GameLoop" [_thread_blocked, id=15790, stack(0x00007fcb8023c000,0x00007fcb8033d000)]
  0x00007fcba1d1a800 JavaThread "Thread-3" daemon [_thread_in_native, id=15786, stack(0x00007fcb980fd000,0x00007fcb981fe000)]
  0x00007fcba1cfb800 JavaThread "Server" daemon [_thread_in_native, id=15785, stack(0x00007fcbec0c1000,0x00007fcbec1c2000)]
=>0x00007fcc0490a800 JavaThread "main-Display-.x11_:0.0-1-EDT-1" daemon [_thread_in_native, id=15784, stack(0x00007fcbb48f4000,0x00007fcbb49f5000)]
  0x00007fcc046e9800 JavaThread "main-SharedResourceRunner" daemon [_thread_blocked, id=15783, stack(0x00007fcba4116000,0x00007fcba4217000)]
  0x00007fcc045bc000 JavaThread "main-SharedResourceRunner" daemon [_thread_blocked, id=15782, stack(0x00007fcba6536000,0x00007fcba6637000)]
  0x00007fcc044a1000 JavaThread "AWT-XAWT" daemon [_thread_in_native, id=15779, stack(0x00007fcbec1c2000,0x00007fcbec2c3000)]
  0x00007fcc04481000 JavaThread "Java2D Disposer" daemon [_thread_blocked, id=15778, stack(0x00007fcbee6bb000,0x00007fcbee7bc000)]
  0x00007fcc043e0000 JavaThread "process reaper" daemon [_thread_blocked, id=15774, stack(0x00007fcbf403c000,0x00007fcbf4075000)]
  0x00007fcc040ca800 JavaThread "Service Thread" daemon [_thread_blocked, id=15770, stack(0x00007fcbeece8000,0x00007fcbeede9000)]
  0x00007fcc040bf800 JavaThread "C1 CompilerThread2" daemon [_thread_blocked, id=15769, stack(0x00007fcbeede9000,0x00007fcbeeeea000)]
  0x00007fcc040bd800 JavaThread "C2 CompilerThread1" daemon [_thread_blocked, id=15768, stack(0x00007fcbeeeea000,0x00007fcbeefeb000)]
  0x00007fcc040ba800 JavaThread "C2 CompilerThread0" daemon [_thread_blocked, id=15767, stack(0x00007fcbeefeb000,0x00007fcbef0ec000)]
  0x00007fcc040b9000 JavaThread "Signal Dispatcher" daemon [_thread_blocked, id=15766, stack(0x00007fcbef0ec000,0x00007fcbef1ed000)]
  0x00007fcc04086000 JavaThread "Finalizer" daemon [_thread_blocked, id=15765, stack(0x00007fcbef5f6000,0x00007fcbef6f7000)]
  0x00007fcc04083800 JavaThread "Reference Handler" daemon [_thread_blocked, id=15764, stack(0x00007fcbef6f7000,0x00007fcbef7f8000)]

Other Threads:
  0x00007fcc04079800 VMThread [stack: 0x00007fcbef7f8000,0x00007fcbef8f9000] [id=15763]
  0x00007fcc040cd000 WatcherThread [stack: 0x00007fcbeebe7000,0x00007fcbeece8000] [id=15771]

VM state:not at safepoint (normal execution)

VM Mutex/Monitor currently owned by a thread: None

Heap:
 PSYoungGen      total 201216K, used 113145K [0x00000000f1b00000, 0x00000000fe400000, 0x0000000100000000)
  eden space 198656K, 56% used [0x00000000f1b00000,0x00000000f897e548,0x00000000fdd00000)
  from space 2560K, 0% used [0x00000000fe180000,0x00000000fe180000,0x00000000fe400000)
  to   space 3584K, 0% used [0x00000000fdd00000,0x00000000fdd00000,0x00000000fe080000)
 ParOldGen       total 470016K, used 191068K [0x00000000d5000000, 0x00000000f1b00000, 0x00000000f1b00000)
  object space 470016K, 40% used [0x00000000d5000000,0x00000000e0a972a8,0x00000000f1b00000)
 Metaspace       used 19107K, capacity 19294K, committed 19456K, reserved 1067008K
  class space    used 1839K, capacity 1930K, committed 2048K, reserved 1048576K

Card table byte_map: [0x00007fcc09fd9000,0x00007fcc0a132000] byte_map_base: 0x00007fcc09931000

Marking Bits: (ParMarkBitMap*) 0x00007fcc0cd55520
 Begin Bits: [0x00007fcc0856f000, 0x00007fcc0902f000)
 End Bits:   [0x00007fcc0902f000, 0x00007fcc09aef000)

Polling page: 0x00007fcc0dba9000

CodeCache: size=245760Kb used=8498Kb max_used=8527Kb free=237261Kb
 bounds [0x00007fcbf5000000, 0x00007fcbf5880000, 0x00007fcc04000000]
 total_blobs=3231 nmethods=2271 adapters=876
 compilation: enabled

Compilation events (10 events):
Event: 26.766 Thread 0x00007fcc040bd800 2380       4       java.util.concurrent.ConcurrentHashMap$ValuesView::iterator (34 bytes)
Event: 26.766 Thread 0x00007fcc040bf800 2381       3       java.awt.image.ColorModel::getsRGB8ToLinearRGB16LUT (83 bytes)
Event: 26.767 Thread 0x00007fcc040bf800 nmethod 2381 0x00007fcbf512b450 code [0x00007fcbf512b660, 0x00007fcbf512bdc8]
Event: 26.768 Thread 0x00007fcc040bf800 2383       3       java.awt.image.ColorModel::getLinearRGB8TosRGB8LUT (83 bytes)
Event: 26.768 Thread 0x00007fcc040bf800 nmethod 2383 0x00007fcbf5394b90 code [0x00007fcbf5394da0, 0x00007fcbf5395508]
Event: 26.769 Thread 0x00007fcc040bf800 2382       3       java.awt.image.ColorModel::getGray8TosRGB8LUT (198 bytes)
Event: 26.771 Thread 0x00007fcc040bf800 nmethod 2382 0x00007fcbf5321b50 code [0x00007fcbf5321e40, 0x00007fcbf53231b8]
Event: 26.771 Thread 0x00007fcc040bd800 nmethod 2380 0x00007fcbf538ad90 code [0x00007fcbf538af00, 0x00007fcbf538b1b8]
Event: 28.240 Thread 0x00007fcc040bf800 2384       3       sun.net.www.ParseUtil::encodePath (336 bytes)
Event: 28.242 Thread 0x00007fcc040bf800 nmethod 2384 0x00007fcbf532ac10 code [0x00007fcbf532ae80, 0x00007fcbf532be58]

GC Heap History (10 events):
Event: 11.844 GC heap before
{Heap before GC invocations=46 (full 13):
 PSYoungGen      total 177152K, used 176640K [0x00000000f1b00000, 0x00000000fd000000, 0x0000000100000000)
  eden space 176640K, 100% used [0x00000000f1b00000,0x00000000fc780000,0x00000000fc780000)
  from space 512K, 0% used [0x00000000fcf80000,0x00000000fcf80000,0x00000000fd000000)
  to   space 4096K, 0% used [0x00000000fc800000,0x00000000fc800000,0x00000000fcc00000)
 ParOldGen       total 470016K, used 163341K [0x00000000d5000000, 0x00000000f1b00000, 0x00000000f1b00000)
  object space 470016K, 34% used [0x00000000d5000000,0x00000000def83560,0x00000000f1b00000)
 Metaspace       used 14815K, capacity 15018K, committed 15104K, reserved 1062912K
  class space    used 1418K, capacity 1510K, committed 1536K, reserved 1048576K
Event: 11.932 GC heap after
Heap after GC invocations=46 (full 13):
 PSYoungGen      total 181248K, used 128K [0x00000000f1b00000, 0x00000000fe500000, 0x0000000100000000)
  eden space 177152K, 0% used [0x00000000f1b00000,0x00000000f1b00000,0x00000000fc800000)
  from space 4096K, 3% used [0x00000000fc800000,0x00000000fc820000,0x00000000fcc00000)
  to   space 3584K, 0% used [0x00000000fe180000,0x00000000fe180000,0x00000000fe500000)
 ParOldGen       total 470016K, used 384525K [0x00000000d5000000, 0x00000000f1b00000, 0x00000000f1b00000)
  object space 470016K, 81% used [0x00000000d5000000,0x00000000ec7835c0,0x00000000f1b00000)
 Metaspace       used 14815K, capacity 15018K, committed 15104K, reserved 1062912K
  class space    used 1418K, capacity 1510K, committed 1536K, reserved 1048576K
}
Event: 11.932 GC heap before
{Heap before GC invocations=47 (full 14):
 PSYoungGen      total 181248K, used 128K [0x00000000f1b00000, 0x00000000fe500000, 0x0000000100000000)
  eden space 177152K, 0% used [0x00000000f1b00000,0x00000000f1b00000,0x00000000fc800000)
  from space 4096K, 3% used [0x00000000fc800000,0x00000000fc820000,0x00000000fcc00000)
  to   space 3584K, 0% used [0x00000000fe180000,0x00000000fe180000,0x00000000fe500000)
 ParOldGen       total 470016K, used 384525K [0x00000000d5000000, 0x00000000f1b00000, 0x00000000f1b00000)
  object space 470016K, 81% used [0x00000000d5000000,0x00000000ec7835c0,0x00000000f1b00000)
 Metaspace       used 14815K, capacity 15018K, committed 15104K, reserved 1062912K
  class space    used 1418K, capacity 1510K, committed 1536K, reserved 1048576K
Event: 11.970 GC heap after
Heap after GC invocations=47 (full 14):
 PSYoungGen      total 181248K, used 0K [0x00000000f1b00000, 0x00000000fe500000, 0x0000000100000000)
  eden space 177152K, 0% used [0x00000000f1b00000,0x00000000f1b00000,0x00000000fc800000)
  from space 4096K, 0% used [0x00000000fc800000,0x00000000fc800000,0x00000000fcc00000)
  to   space 3584K, 0% used [0x00000000fe180000,0x00000000fe180000,0x00000000fe500000)
 ParOldGen       total 470016K, used 273935K [0x00000000d5000000, 0x00000000f1b00000, 0x00000000f1b00000)
  object space 470016K, 58% used [0x00000000d5000000,0x00000000e5b83f20,0x00000000f1b00000)
 Metaspace       used 14815K, capacity 15018K, committed 15104K, reserved 1062912K
  class space    used 1418K, capacity 1510K, committed 1536K, reserved 1048576K
}
Event: 12.295 GC heap before
{Heap before GC invocations=48 (full 14):
 PSYoungGen      total 181248K, used 177152K [0x00000000f1b00000, 0x00000000fe500000, 0x0000000100000000)
  eden space 177152K, 100% used [0x00000000f1b00000,0x00000000fc800000,0x00000000fc800000)
  from space 4096K, 0% used [0x00000000fc800000,0x00000000fc800000,0x00000000fcc00000)
  to   space 3584K, 0% used [0x00000000fe180000,0x00000000fe180000,0x00000000fe500000)
 ParOldGen       total 470016K, used 273935K [0x00000000d5000000, 0x00000000f1b00000, 0x00000000f1b00000)
  object space 470016K, 58% used [0x00000000d5000000,0x00000000e5b83f20,0x00000000f1b00000)
 Metaspace       used 14815K, capacity 15018K, committed 15104K, reserved 1062912K
  class space    used 1418K, capacity 1510K, committed 1536K, reserved 1048576K
Event: 12.298 GC heap after
Heap after GC invocations=48 (full 14):
 PSYoungGen      total 201216K, used 0K [0x00000000f1b00000, 0x00000000fe400000, 0x0000000100000000)
  eden space 198656K, 0% used [0x00000000f1b00000,0x00000000f1b00000,0x00000000fdd00000)
  from space 2560K, 0% used [0x00000000fe180000,0x00000000fe180000,0x00000000fe400000)
  to   space 3584K, 0% used [0x00000000fdd00000,0x00000000fdd00000,0x00000000fe080000)
 ParOldGen       total 470016K, used 273935K [0x00000000d5000000, 0x00000000f1b00000, 0x00000000f1b00000)
  object space 470016K, 58% used [0x00000000d5000000,0x00000000e5b83f20,0x00000000f1b00000)
 Metaspace       used 14815K, capacity 15018K, committed 15104K, reserved 1062912K
  class space    used 1418K, capacity 1510K, committed 1536K, reserved 1048576K
}
Event: 12.298 GC heap before
{Heap before GC invocations=49 (full 15):
 PSYoungGen      total 201216K, used 0K [0x00000000f1b00000, 0x00000000fe400000, 0x0000000100000000)
  eden space 198656K, 0% used [0x00000000f1b00000,0x00000000f1b00000,0x00000000fdd00000)
  from space 2560K, 0% used [0x00000000fe180000,0x00000000fe180000,0x00000000fe400000)
  to   space 3584K, 0% used [0x00000000fdd00000,0x00000000fdd00000,0x00000000fe080000)
 ParOldGen       total 470016K, used 273935K [0x00000000d5000000, 0x00000000f1b00000, 0x00000000f1b00000)
  object space 470016K, 58% used [0x00000000d5000000,0x00000000e5b83f20,0x00000000f1b00000)
 Metaspace       used 14815K, capacity 15018K, committed 15104K, reserved 1062912K
  class space    used 1418K, capacity 1510K, committed 1536K, reserved 1048576K
Event: 12.392 GC heap after
Heap after GC invocations=49 (full 15):
 PSYoungGen      total 201216K, used 0K [0x00000000f1b00000, 0x00000000fe400000, 0x0000000100000000)
  eden space 198656K, 0% used [0x00000000f1b00000,0x00000000f1b00000,0x00000000fdd00000)
  from space 2560K, 0% used [0x00000000fe180000,0x00000000fe180000,0x00000000fe400000)
  to   space 3584K, 0% used [0x00000000fdd00000,0x00000000fdd00000,0x00000000fe080000)
 ParOldGen       total 470016K, used 273934K [0x00000000d5000000, 0x00000000f1b00000, 0x00000000f1b00000)
  object space 470016K, 58% used [0x00000000d5000000,0x00000000e5b83900,0x00000000f1b00000)
 Metaspace       used 14815K, capacity 15018K, committed 15104K, reserved 1062912K
  class space    used 1418K, capacity 1510K, committed 1536K, reserved 1048576K
}
Event: 22.281 GC heap before
{Heap before GC invocations=50 (full 16):
 PSYoungGen      total 201216K, used 198656K [0x00000000f1b00000, 0x00000000fe400000, 0x0000000100000000)
  eden space 198656K, 100% used [0x00000000f1b00000,0x00000000fdd00000,0x00000000fdd00000)
  from space 2560K, 0% used [0x00000000fe180000,0x00000000fe180000,0x00000000fe400000)
  to   space 3584K, 0% used [0x00000000fdd00000,0x00000000fdd00000,0x00000000fe080000)
 ParOldGen       total 470016K, used 273934K [0x00000000d5000000, 0x00000000f1b00000, 0x00000000f1b00000)
  object space 470016K, 58% used [0x00000000d5000000,0x00000000e5b83900,0x00000000f1b00000)
 Metaspace       used 19075K, capacity 19294K, committed 19456K, reserved 1067008K
  class space    used 1839K, capacity 1930K, committed 2048K, reserved 1048576K
Event: 22.410 GC heap after
Heap after GC invocations=50 (full 16):
 PSYoungGen      total 201216K, used 0K [0x00000000f1b00000, 0x00000000fe400000, 0x0000000100000000)
  eden space 198656K, 0% used [0x00000000f1b00000,0x00000000f1b00000,0x00000000fdd00000)
  from space 2560K, 0% used [0x00000000fe180000,0x00000000fe180000,0x00000000fe400000)
  to   space 3584K, 0% used [0x00000000fdd00000,0x00000000fdd00000,0x00000000fe080000)
 ParOldGen       total 470016K, used 191068K [0x00000000d5000000, 0x00000000f1b00000, 0x00000000f1b00000)
  object space 470016K, 40% used [0x00000000d5000000,0x00000000e0a972a8,0x00000000f1b00000)
 Metaspace       used 19075K, capacity 19294K, committed 19456K, reserved 1067008K
  class space    used 1839K, capacity 1930K, committed 2048K, reserved 1048576K
}

Deoptimization events (10 events):
Event: 14.950 Thread 0x00007fcc0490e800 Uncommon trap: reason=unstable_if action=reinterpret pc=0x00007fcbf5448aa0 method=com.BitJunkies.RTS.src.Game$1.run()V @ 49
Event: 17.422 Thread 0x00007fcc0490a800 Uncommon trap: reason=unstable_if action=reinterpret pc=0x00007fcbf550b244 method=java.awt.Rectangle.intersects(Ljava/awt/Rectangle;)Z @ 115
Event: 20.193 Thread 0x00007fcc0490e800 Uncommon trap: reason=unstable_if action=reinterpret pc=0x00007fcbf55610c0 method=com.BitJunkies.RTS.src.Unit.maintainGuard(Lcom/BitJunkies/RTS/src/GridMap;)V @ 4
Event: 21.134 Thread 0x00007fcba1d1a800 Uncommon trap: reason=unstable_if action=reinterpret pc=0x00007fcbf559e388 method=com.esotericsoftware.kryo.util.ObjectMap.get(Ljava/lang/Object;)Ljava/lang/Object; @ 60
Event: 21.134 Thread 0x00007fcba1d1a800 Uncommon trap: reason=class_check action=maybe_recompile pc=0x00007fcbf55601d8 method=com.esotericsoftware.kryo.io.ByteBufferOutput.writeByte(I)V @ 23
Event: 21.149 Thread 0x00007fcba1cfb800 Uncommon trap: reason=class_check action=maybe_recompile pc=0x00007fcbf55601d8 method=com.esotericsoftware.kryo.io.ByteBufferOutput.writeByte(I)V @ 23
Event: 21.149 Thread 0x00007fcba1d1a800 Uncommon trap: reason=unstable_if action=reinterpret pc=0x00007fcbf5571f80 method=com.esotericsoftware.kryo.util.ObjectMap.get(Ljava/lang/Object;)Ljava/lang/Object; @ 60
Event: 21.719 Thread 0x00007fcc0490e800 Uncommon trap: reason=unstable_if action=reinterpret pc=0x00007fcbf579bca8 method=com.BitJunkies.RTS.src.GridMap.getBestRoute(Lcom/BitJunkies/RTS/src/Entity;Lcom/BitJunkies/RTS/src/Entity;Lmikera/vectorz/Vector2;)Lmikera/vectorz/Vector2; @ 500
Event: 22.057 Thread 0x00007fcc0490e800 Uncommon trap: reason=unstable_if action=reinterpret pc=0x00007fcbf57831b0 method=com.BitJunkies.RTS.src.GridMap.getBestRoute(Lcom/BitJunkies/RTS/src/Entity;Lcom/BitJunkies/RTS/src/Entity;Lmikera/vectorz/Vector2;)Lmikera/vectorz/Vector2; @ 525
Event: 22.128 Thread 0x00007fcc0490e800 Uncommon trap: reason=unstable_if action=reinterpret pc=0x00007fcbf5813048 method=com.BitJunkies.RTS.src.GridMap.getBestRoute(Lcom/BitJunkies/RTS/src/Entity;Lcom/BitJunkies/RTS/src/Entity;Lmikera/vectorz/Vector2;)Lmikera/vectorz/Vector2; @ 489

Classes redefined (0 events):
No events

Internal exceptions (10 events):
Event: 0.567 Thread 0x00007fcc0400c800 Exception <a 'java/io/FileNotFoundException'> (0x00000000f2276640) thrown at [/build/openjdk-8-6jqSe7/openjdk-8-8u191-b12/src/hotspot/src/share/vm/prims/jni.cpp, line 709]
Event: 0.567 Thread 0x00007fcc0400c800 Exception <a 'java/io/FileNotFoundException'> (0x00000000f2277028) thrown at [/build/openjdk-8-6jqSe7/openjdk-8-8u191-b12/src/hotspot/src/share/vm/prims/jni.cpp, line 709]
Event: 0.583 Thread 0x00007fcc0400c800 Exception <a 'java/lang/ClassNotFoundException': sun/dc/DuctusRenderingEngine> (0x00000000f2281638) thrown at [/build/openjdk-8-6jqSe7/openjdk-8-8u191-b12/src/hotspot/src/share/vm/classfile/systemDictionary.cpp, line 210]
Event: 2.238 Thread 0x00007fcc0490a800 Implicit null exception at 0x00007fcbf535e306 to 0x00007fcbf535e985
Event: 2.254 Thread 0x00007fcc0490a800 Implicit null exception at 0x00007fcbf53484e3 to 0x00007fcbf534874d
Event: 13.009 Thread 0x00007fcc0490a800 Exception <a 'java/lang/ArrayIndexOutOfBoundsException': 18> (0x00000000f60f7598) thrown at [/build/openjdk-8-6jqSe7/openjdk-8-8u191-b12/src/hotspot/src/share/vm/interpreter/interpreterRuntime.cpp, line 366]
Event: 13.046 Thread 0x00007fcc0490a800 Exception <a 'java/lang/ArrayIndexOutOfBoundsException': 139> (0x00000000f61f7c08) thrown at [/build/openjdk-8-6jqSe7/openjdk-8-8u191-b12/src/hotspot/src/share/vm/interpreter/interpreterRuntime.cpp, line 366]
Event: 13.051 Thread 0x00007fcc0490a800 Exception <a 'java/lang/ArrayIndexOutOfBoundsException'> (0x00000000f6208130) thrown at [/build/openjdk-8-6jqSe7/openjdk-8-8u191-b12/src/hotspot/src/share/vm/runtime/sharedRuntime.cpp, line 605]
Event: 21.719 Thread 0x00007fcc0490e800 Implicit null exception at 0x00007fcbf579a780 to 0x00007fcbf579bc95
Event: 22.128 Thread 0x00007fcc0490e800 Implicit null exception at 0x00007fcbf5811b4c to 0x00007fcbf5813035

Events (10 events):
Event: 26.480 Thread 0x00007fcc040ba800 flushing nmethod 0x00007fcbf537fad0
Event: 26.480 Thread 0x00007fcc040ba800 flushing nmethod 0x00007fcbf5384150
Event: 26.503 Thread 0x00007fcc040ba800 flushing nmethod 0x00007fcbf538ab10
Event: 26.503 Thread 0x00007fcc040ba800 flushing nmethod 0x00007fcbf538b1d0
Event: 26.503 Thread 0x00007fcc040ba800 flushing nmethod 0x00007fcbf53947d0
Event: 26.503 Thread 0x00007fcc040ba800 flushing nmethod 0x00007fcbf5395950
Event: 26.503 Thread 0x00007fcc040ba800 flushing nmethod 0x00007fcbf5396390
Event: 26.503 Thread 0x00007fcc040ba800 flushing nmethod 0x00007fcbf5397e50
Event: 28.223 loading class jogamp/newt/DisplayImpl$5
Event: 28.223 loading class jogamp/newt/DisplayImpl$5 done


Dynamic libraries:
00400000-00401000 r-xp 00000000 fc:00 13893941                           /usr/lib/jvm/java-8-openjdk-amd64/jre/bin/java
00600000-00601000 r--p 00000000 fc:00 13893941                           /usr/lib/jvm/java-8-openjdk-amd64/jre/bin/java
00601000-00602000 rw-p 00001000 fc:00 13893941                           /usr/lib/jvm/java-8-openjdk-amd64/jre/bin/java
0142d000-0144e000 rw-p 00000000 00:00 0                                  [heap]
d5000000-f1b00000 rw-p 00000000 00:00 0 
f1b00000-fe400000 rw-p 00000000 00:00 0 
fe400000-100000000 ---p 00000000 00:00 0 
100000000-100200000 rw-p 00000000 00:00 0 
100200000-140000000 ---p 00000000 00:00 0 
7fcb74000000-7fcb745ab000 rw-p 00000000 00:00 0 
7fcb745ab000-7fcb78000000 ---p 00000000 00:00 0 
7fcb7c000000-7fcb7c08e000 rw-p 00000000 00:00 0 
7fcb7c08e000-7fcb80000000 ---p 00000000 00:00 0 
7fcb8023c000-7fcb8023f000 ---p 00000000 00:00 0 
7fcb8023f000-7fcb8033d000 rw-p 00000000 00:00 0 
7fcb8034d000-7fcb8044d000 rw-p 00000000 00:00 0 
7fcb8044d000-7fcb8054d000 ---p 00000000 00:00 0 
7fcb80700000-7fcb80900000 rw-p 00000000 00:00 0 
7fcb94000000-7fcb941b6000 rw-p 00000000 00:00 0 
7fcb941b6000-7fcb98000000 ---p 00000000 00:00 0 
7fcb980fd000-7fcb98100000 ---p 00000000 00:00 0 
7fcb98100000-7fcb981fe000 rw-p 00000000 00:00 0 
7fcb99cfe000-7fcb99d55000 r-xp 00000000 fc:00 9437732                    /usr/lib/x86_64-linux-gnu/libjpeg.so.8.0.2
7fcb99d55000-7fcb99f55000 ---p 00057000 fc:00 9437732                    /usr/lib/x86_64-linux-gnu/libjpeg.so.8.0.2
7fcb99f55000-7fcb99f56000 r--p 00057000 fc:00 9437732                    /usr/lib/x86_64-linux-gnu/libjpeg.so.8.0.2
7fcb99f56000-7fcb99f57000 rw-p 00058000 fc:00 9437732                    /usr/lib/x86_64-linux-gnu/libjpeg.so.8.0.2
7fcb99f57000-7fcb99f61000 r-xp 00000000 fc:00 13893908                   /usr/lib/jvm/java-8-openjdk-amd64/jre/lib/amd64/libjavajpeg.so
7fcb99f61000-7fcb9a160000 ---p 0000a000 fc:00 13893908                   /usr/lib/jvm/java-8-openjdk-amd64/jre/lib/amd64/libjavajpeg.so
7fcb9a160000-7fcb9a161000 r--p 00009000 fc:00 13893908                   /usr/lib/jvm/java-8-openjdk-amd64/jre/lib/amd64/libjavajpeg.so
7fcb9a161000-7fcb9a162000 rw-p 0000a000 fc:00 13893908                   /usr/lib/jvm/java-8-openjdk-amd64/jre/lib/amd64/libjavajpeg.so
7fcb9a162000-7fcb9a362000 rw-p 00000000 00:00 0 
7fcb9a362000-7fcb9a36c000 r-xp 00000000 fc:00 9442539                    /usr/lib/x86_64-linux-gnu/libXrandr.so.2.2.0
7fcb9a36c000-7fcb9a56b000 ---p 0000a000 fc:00 9442539                    /usr/lib/x86_64-linux-gnu/libXrandr.so.2.2.0
7fcb9a56b000-7fcb9a56c000 r--p 00009000 fc:00 9442539                    /usr/lib/x86_64-linux-gnu/libXrandr.so.2.2.0
7fcb9a56c000-7fcb9a56d000 rw-p 0000a000 fc:00 9442539                    /usr/lib/x86_64-linux-gnu/libXrandr.so.2.2.0
7fcb9a56d000-7fcb9a57e000 r-xp 00000000 fc:00 6423378                    /tmp/jogamp_0000/file_cache/jln4605405411699424506/jln8951459417606128755/natives/linux-amd64/libnewt.so
7fcb9a57e000-7fcb9a77d000 ---p 00011000 fc:00 6423378                    /tmp/jogamp_0000/file_cache/jln4605405411699424506/jln8951459417606128755/natives/linux-amd64/libnewt.so
7fcb9a77d000-7fcb9a77e000 rw-p 00010000 fc:00 6423378                    /tmp/jogamp_0000/file_cache/jln4605405411699424506/jln8951459417606128755/natives/linux-amd64/libnewt.so
7fcb9a77e000-7fcb9a780000 r-xp 00000000 fc:00 9442531                    /usr/lib/x86_64-linux-gnu/libXinerama.so.1.0.0
7fcb9a780000-7fcb9a97f000 ---p 00002000 fc:00 9442531                    /usr/lib/x86_64-linux-gnu/libXinerama.so.1.0.0
7fcb9a97f000-7fcb9a980000 r--p 00001000 fc:00 9442531                    /usr/lib/x86_64-linux-gnu/libXinerama.so.1.0.0
7fcb9a980000-7fcb9a981000 rw-p 00002000 fc:00 9442531                    /usr/lib/x86_64-linux-gnu/libXinerama.so.1.0.0
7fcb9a981000-7fcb9a989000 r-xp 00000000 fc:00 9443170                    /usr/lib/x86_64-linux-gnu/libpciaccess.so.0.11.1
7fcb9a989000-7fcb9ab89000 ---p 00008000 fc:00 9443170                    /usr/lib/x86_64-linux-gnu/libpciaccess.so.0.11.1
7fcb9ab89000-7fcb9ab8a000 r--p 00008000 fc:00 9443170                    /usr/lib/x86_64-linux-gnu/libpciaccess.so.0.11.1
7fcb9ab8a000-7fcb9ab8b000 rw-p 00009000 fc:00 9443170                    /usr/lib/x86_64-linux-gnu/libpciaccess.so.0.11.1
7fcb9ab8b000-7fcb9ab96000 r-xp 00000000 fc:00 9437700                    /usr/lib/x86_64-linux-gnu/libdrm_radeon.so.1.0.1
7fcb9ab96000-7fcb9ad95000 ---p 0000b000 fc:00 9437700                    /usr/lib/x86_64-linux-gnu/libdrm_radeon.so.1.0.1
7fcb9ad95000-7fcb9ad96000 r--p 0000a000 fc:00 9437700                    /usr/lib/x86_64-linux-gnu/libdrm_radeon.so.1.0.1
7fcb9ad96000-7fcb9ad97000 rw-p 0000b000 fc:00 9437700                    /usr/lib/x86_64-linux-gnu/libdrm_radeon.so.1.0.1
7fcb9ad97000-7fcb9ad9e000 r-xp 00000000 fc:00 9441095                    /usr/lib/x86_64-linux-gnu/libdrm_nouveau.so.2.0.0
7fcb9ad9e000-7fcb9af9d000 ---p 00007000 fc:00 9441095                    /usr/lib/x86_64-linux-gnu/libdrm_nouveau.so.2.0.0
7fcb9af9d000-7fcb9af9e000 r--p 00006000 fc:00 9441095                    /usr/lib/x86_64-linux-gnu/libdrm_nouveau.so.2.0.0
7fcb9af9e000-7fcb9af9f000 rw-p 00007000 fc:00 9441095                    /usr/lib/x86_64-linux-gnu/libdrm_nouveau.so.2.0.0
7fcb9af9f000-7fcb9afc1000 r-xp 00000000 fc:00 9438156                    /usr/lib/x86_64-linux-gnu/libdrm_intel.so.1.0.0
7fcb9afc1000-7fcb9b1c1000 ---p 00022000 fc:00 9438156                    /usr/lib/x86_64-linux-gnu/libdrm_intel.so.1.0.0
7fcb9b1c1000-7fcb9b1c2000 r--p 00022000 fc:00 9438156                    /usr/lib/x86_64-linux-gnu/libdrm_intel.so.1.0.0
7fcb9b1c2000-7fcb9b1c3000 rw-p 00023000 fc:00 9438156                    /usr/lib/x86_64-linux-gnu/libdrm_intel.so.1.0.0
7fcb9b1c3000-7fcb9baa3000 r-xp 00000000 fc:00 9569389                    /usr/lib/x86_64-linux-gnu/dri/i965_dri.so
7fcb9baa3000-7fcb9bca3000 ---p 008e0000 fc:00 9569389                    /usr/lib/x86_64-linux-gnu/dri/i965_dri.so
7fcb9bca3000-7fcb9bcf3000 r--p 008e0000 fc:00 9569389                    /usr/lib/x86_64-linux-gnu/dri/i965_dri.so
7fcb9bcf3000-7fcb9bcfe000 rw-p 00930000 fc:00 9569389                    /usr/lib/x86_64-linux-gnu/dri/i965_dri.so
7fcb9bcfe000-7fcb9bda3000 rw-p 00000000 00:00 0 
7fcb9bda3000-7fcb9bdff000 r-xp 00000000 fc:00 6423370                    /tmp/jogamp_0000/file_cache/jln4605405411699424506/jln8951459417606128755/natives/linux-amd64/libjogl_mobile.so
7fcb9bdff000-7fcb9bfff000 ---p 0005c000 fc:00 6423370                    /tmp/jogamp_0000/file_cache/jln4605405411699424506/jln8951459417606128755/natives/linux-amd64/libjogl_mobile.so
7fcb9bfff000-7fcb9c000000 rw-p 0005c000 fc:00 6423370                    /tmp/jogamp_0000/file_cache/jln4605405411699424506/jln8951459417606128755/natives/linux-amd64/libjogl_mobile.so
7fcb9c000000-7fcb9d954000 rw-p 00000000 00:00 0 
7fcb9d954000-7fcba0000000 ---p 00000000 00:00 0 
7fcba0000000-7fcba1ef2000 rw-p 00000000 00:00 0 
7fcba1ef2000-7fcba4000000 ---p 00000000 00:00 0 
7fcba4116000-7fcba4119000 ---p 00000000 00:00 0 
7fcba4119000-7fcba4217000 rw-p 00000000 00:00 0 
7fcba4217000-7fcba423e000 r-xp 00000000 fc:00 9441073                    /usr/lib/x86_64-linux-gnu/libkj-0.5.3.so
7fcba423e000-7fcba443e000 ---p 00027000 fc:00 9441073                    /usr/lib/x86_64-linux-gnu/libkj-0.5.3.so
7fcba443e000-7fcba443f000 r--p 00027000 fc:00 9441073                    /usr/lib/x86_64-linux-gnu/libkj-0.5.3.so
7fcba443f000-7fcba4440000 rw-p 00028000 fc:00 9441073                    /usr/lib/x86_64-linux-gnu/libkj-0.5.3.so
7fcba4440000-7fcba4457000 r-xp 00000000 fc:00 9441081                    /usr/lib/x86_64-linux-gnu/libboost_filesystem.so.1.58.0
7fcba4457000-7fcba4656000 ---p 00017000 fc:00 9441081                    /usr/lib/x86_64-linux-gnu/libboost_filesystem.so.1.58.0
7fcba4656000-7fcba4657000 r--p 00016000 fc:00 9441081                    /usr/lib/x86_64-linux-gnu/libboost_filesystem.so.1.58.0
7fcba4657000-7fcba4658000 rw-p 00017000 fc:00 9441081                    /usr/lib/x86_64-linux-gnu/libboost_filesystem.so.1.58.0
7fcba4658000-7fcba4688000 r-xp 00000000 fc:00 9441083                    /usr/lib/x86_64-linux-gnu/libprotobuf-lite.so.9.0.1
7fcba4688000-7fcba4887000 ---p 00030000 fc:00 9441083                    /usr/lib/x86_64-linux-gnu/libprotobuf-lite.so.9.0.1
7fcba4887000-7fcba4888000 r--p 0002f000 fc:00 9441083                    /usr/lib/x86_64-linux-gnu/libprotobuf-lite.so.9.0.1
7fcba4888000-7fcba4889000 rw-p 00030000 fc:00 9441083                    /usr/lib/x86_64-linux-gnu/libprotobuf-lite.so.9.0.1
7fcba4889000-7fcba488c000 r-xp 00000000 fc:00 9441080                    /usr/lib/x86_64-linux-gnu/libboost_system.so.1.58.0
7fcba488c000-7fcba4a8b000 ---p 00003000 fc:00 9441080                    /usr/lib/x86_64-linux-gnu/libboost_system.so.1.58.0
7fcba4a8b000-7fcba4a8c000 r--p 00002000 fc:00 9441080                    /usr/lib/x86_64-linux-gnu/libboost_system.so.1.58.0
7fcba4a8c000-7fcba4a8d000 rw-p 00003000 fc:00 9441080                    /usr/lib/x86_64-linux-gnu/libboost_system.so.1.58.0
7fcba4a8d000-7fcba4a94000 r-xp 00000000 fc:00 9441079                    /usr/lib/x86_64-linux-gnu/libmircore.so.1
7fcba4a94000-7fcba4c94000 ---p 00007000 fc:00 9441079                    /usr/lib/x86_64-linux-gnu/libmircore.so.1
7fcba4c94000-7fcba4c95000 r--p 00007000 fc:00 9441079                    /usr/lib/x86_64-linux-gnu/libmircore.so.1
7fcba4c95000-7fcba4c96000 rw-p 00008000 fc:00 9441079                    /usr/lib/x86_64-linux-gnu/libmircore.so.1
7fcba4c96000-7fcba4d1b000 r-xp 00000000 fc:00 9441072                    /usr/lib/x86_64-linux-gnu/libcapnp-0.5.3.so
7fcba4d1b000-7fcba4f1a000 ---p 00085000 fc:00 9441072                    /usr/lib/x86_64-linux-gnu/libcapnp-0.5.3.so
7fcba4f1a000-7fcba4f1d000 r--p 00084000 fc:00 9441072                    /usr/lib/x86_64-linux-gnu/libcapnp-0.5.3.so
7fcba4f1d000-7fcba4f1e000 rw-p 00087000 fc:00 9441072                    /usr/lib/x86_64-linux-gnu/libcapnp-0.5.3.so
7fcba4f1e000-7fcba4f8d000 r-xp 00000000 fc:00 9441085                    /usr/lib/x86_64-linux-gnu/libmirprotobuf.so.3
7fcba4f8d000-7fcba518c000 ---p 0006f000 fc:00 9441085                    /usr/lib/x86_64-linux-gnu/libmirprotobuf.so.3
7fcba518c000-7fcba518f000 r--p 0006e000 fc:00 9441085                    /usr/lib/x86_64-linux-gnu/libmirprotobuf.so.3
7fcba518f000-7fcba5190000 rw-p 00071000 fc:00 9441085                    /usr/lib/x86_64-linux-gnu/libmirprotobuf.so.3
7fcba5190000-7fcba51d4000 r-xp 00000000 fc:00 9441082                    /usr/lib/x86_64-linux-gnu/libmircommon.so.7
7fcba51d4000-7fcba53d4000 ---p 00044000 fc:00 9441082                    /usr/lib/x86_64-linux-gnu/libmircommon.so.7
7fcba53d4000-7fcba53d6000 r--p 00044000 fc:00 9441082                    /usr/lib/x86_64-linux-gnu/libmircommon.so.7
7fcba53d6000-7fcba53d7000 rw-p 00046000 fc:00 9441082                    /usr/lib/x86_64-linux-gnu/libmircommon.so.7
7fcba53d7000-7fcba5414000 r-xp 00000000 fc:00 9441090                    /usr/lib/x86_64-linux-gnu/libxkbcommon.so.0.0.0
7fcba5414000-7fcba5613000 ---p 0003d000 fc:00 9441090                    /usr/lib/x86_64-linux-gnu/libxkbcommon.so.0.0.0
7fcba5613000-7fcba5615000 r--p 0003c000 fc:00 9441090                    /usr/lib/x86_64-linux-gnu/libxkbcommon.so.0.0.0
7fcba5615000-7fcba5616000 rw-p 0003e000 fc:00 9441090                    /usr/lib/x86_64-linux-gnu/libxkbcommon.so.0.0.0
7fcba5616000-7fcba561d000 r-xp 00000000 fc:00 9440286                    /usr/lib/x86_64-linux-gnu/libffi.so.6.0.4
7fcba561d000-7fcba581c000 ---p 00007000 fc:00 9440286                    /usr/lib/x86_64-linux-gnu/libffi.so.6.0.4
7fcba581c000-7fcba581d000 r--p 00006000 fc:00 9440286                    /usr/lib/x86_64-linux-gnu/libffi.so.6.0.4
7fcba581d000-7fcba581e000 rw-p 00007000 fc:00 9440286                    /usr/lib/x86_64-linux-gnu/libffi.so.6.0.4
7fcba581e000-7fcba58be000 r-xp 00000000 fc:00 9441092                    /usr/lib/x86_64-linux-gnu/libmirclient.so.9
7fcba58be000-7fcba5abd000 ---p 000a0000 fc:00 9441092                    /usr/lib/x86_64-linux-gnu/libmirclient.so.9
7fcba5abd000-7fcba5ac3000 r--p 0009f000 fc:00 9441092                    /usr/lib/x86_64-linux-gnu/libmirclient.so.9
7fcba5ac3000-7fcba5ac5000 rw-p 000a5000 fc:00 9441092                    /usr/lib/x86_64-linux-gnu/libmirclient.so.9
7fcba5ac5000-7fcba5ad5000 r-xp 00000000 fc:00 9441066                    /usr/lib/x86_64-linux-gnu/libwayland-server.so.0.1.0
7fcba5ad5000-7fcba5cd4000 ---p 00010000 fc:00 9441066                    /usr/lib/x86_64-linux-gnu/libwayland-server.so.0.1.0
7fcba5cd4000-7fcba5cd6000 r--p 0000f000 fc:00 9441066                    /usr/lib/x86_64-linux-gnu/libwayland-server.so.0.1.0
7fcba5cd6000-7fcba5cd7000 rw-p 00011000 fc:00 9441066                    /usr/lib/x86_64-linux-gnu/libwayland-server.so.0.1.0
7fcba5cd7000-7fcba5ce3000 r-xp 00000000 fc:00 9441068                    /usr/lib/x86_64-linux-gnu/libgbm.so.1.0.0
7fcba5ce3000-7fcba5ee3000 ---p 0000c000 fc:00 9441068                    /usr/lib/x86_64-linux-gnu/libgbm.so.1.0.0
7fcba5ee3000-7fcba5ee4000 r--p 0000c000 fc:00 9441068                    /usr/lib/x86_64-linux-gnu/libgbm.so.1.0.0
7fcba5ee4000-7fcba5ee5000 rw-p 0000d000 fc:00 9441068                    /usr/lib/x86_64-linux-gnu/libgbm.so.1.0.0
7fcba5ee5000-7fcba5ef1000 r-xp 00000000 fc:00 9441054                    /usr/lib/x86_64-linux-gnu/libwayland-client.so.0.3.0
7fcba5ef1000-7fcba60f1000 ---p 0000c000 fc:00 9441054                    /usr/lib/x86_64-linux-gnu/libwayland-client.so.0.3.0
7fcba60f1000-7fcba60f3000 r--p 0000c000 fc:00 9441054                    /usr/lib/x86_64-linux-gnu/libwayland-client.so.0.3.0
7fcba60f3000-7fcba60f4000 rw-p 0000e000 fc:00 9441054                    /usr/lib/x86_64-linux-gnu/libwayland-client.so.0.3.0
7fcba60f4000-7fcba60fa000 r-xp 00000000 fc:00 9441714                    /usr/lib/x86_64-linux-gnu/libxcb-xfixes.so.0.0.0
7fcba60fa000-7fcba62fa000 ---p 00006000 fc:00 9441714                    /usr/lib/x86_64-linux-gnu/libxcb-xfixes.so.0.0.0
7fcba62fa000-7fcba62fb000 r--p 00006000 fc:00 9441714                    /usr/lib/x86_64-linux-gnu/libxcb-xfixes.so.0.0.0
7fcba62fb000-7fcba62fc000 rw-p 00007000 fc:00 9441714                    /usr/lib/x86_64-linux-gnu/libxcb-xfixes.so.0.0.0
7fcba62fc000-7fcba6334000 r-xp 00000000 fc:00 9569378                    /usr/lib/x86_64-linux-gnu/mesa-egl/libEGL.so.1.0.0
7fcba6334000-7fcba6533000 ---p 00038000 fc:00 9569378                    /usr/lib/x86_64-linux-gnu/mesa-egl/libEGL.so.1.0.0
7fcba6533000-7fcba6535000 r--p 00037000 fc:00 9569378                    /usr/lib/x86_64-linux-gnu/mesa-egl/libEGL.so.1.0.0
7fcba6535000-7fcba6536000 rw-p 00039000 fc:00 9569378                    /usr/lib/x86_64-linux-gnu/mesa-egl/libEGL.so.1.0.0
7fcba6536000-7fcba6539000 ---p 00000000 00:00 0 
7fcba6539000-7fcba6637000 rw-p 00000000 00:00 0 
7fcba6637000-7fcba66ef000 r-xp 00000000 fc:00 6423369                    /tmp/jogamp_0000/file_cache/jln4605405411699424506/jln8951459417606128755/natives/linux-amd64/libjogl_desktop.so
7fcba66ef000-7fcba68ef000 ---p 000b8000 fc:00 6423369                    /tmp/jogamp_0000/file_cache/jln4605405411699424506/jln8951459417606128755/natives/linux-amd64/libjogl_desktop.so
7fcba68ef000-7fcba68f0000 rw-p 000b8000 fc:00 6423369                    /tmp/jogamp_0000/file_cache/jln4605405411699424506/jln8951459417606128755/natives/linux-amd64/libjogl_desktop.so
7fcba68f0000-7fcba6900000 r-xp 00000000 fc:00 9441064                    /usr/lib/x86_64-linux-gnu/libdrm.so.2.4.0
7fcba6900000-7fcba6b00000 ---p 00010000 fc:00 9441064                    /usr/lib/x86_64-linux-gnu/libdrm.so.2.4.0
7fcba6b00000-7fcba6b01000 r--p 00010000 fc:00 9441064                    /usr/lib/x86_64-linux-gnu/libdrm.so.2.4.0
7fcba6b01000-7fcba6b02000 rw-p 00011000 fc:00 9441064                    /usr/lib/x86_64-linux-gnu/libdrm.so.2.4.0
7fcba6b02000-7fcba6b06000 r-xp 00000000 fc:00 9441632                    /usr/lib/x86_64-linux-gnu/libxcb-dri2.so.0.0.0
7fcba6b06000-7fcba6d05000 ---p 00004000 fc:00 9441632                    /usr/lib/x86_64-linux-gnu/libxcb-dri2.so.0.0.0
7fcba6d05000-7fcba6d06000 r--p 00003000 fc:00 9441632                    /usr/lib/x86_64-linux-gnu/libxcb-dri2.so.0.0.0
7fcba6d06000-7fcba6d07000 rw-p 00004000 fc:00 9441632                    /usr/lib/x86_64-linux-gnu/libxcb-dri2.so.0.0.0
7fcba6d07000-7fcba6d1e000 r-xp 00000000 fc:00 9441638                    /usr/lib/x86_64-linux-gnu/libxcb-glx.so.0.0.0
7fcba6d1e000-7fcba6f1d000 ---p 00017000 fc:00 9441638                    /usr/lib/x86_64-linux-gnu/libxcb-glx.so.0.0.0
7fcba6f1d000-7fcba6f1f000 r--p 00016000 fc:00 9441638                    /usr/lib/x86_64-linux-gnu/libxcb-glx.so.0.0.0
7fcba6f1f000-7fcba6f20000 rw-p 00018000 fc:00 9441638                    /usr/lib/x86_64-linux-gnu/libxcb-glx.so.0.0.0
7fcba6f20000-7fcba6f21000 r-xp 00000000 fc:00 9438241                    /usr/lib/x86_64-linux-gnu/libX11-xcb.so.1.0.0
7fcba6f21000-7fcba7120000 ---p 00001000 fc:00 9438241                    /usr/lib/x86_64-linux-gnu/libX11-xcb.so.1.0.0
7fcba7120000-7fcba7121000 r--p 00000000 fc:00 9438241                    /usr/lib/x86_64-linux-gnu/libX11-xcb.so.1.0.0
7fcba7121000-7fcba7122000 rw-p 00001000 fc:00 9438241                    /usr/lib/x86_64-linux-gnu/libX11-xcb.so.1.0.0
7fcba7122000-7fcba7124000 r-xp 00000000 fc:00 9442517                    /usr/lib/x86_64-linux-gnu/libXdamage.so.1.1.0
7fcba7124000-7fcba7323000 ---p 00002000 fc:00 9442517                    /usr/lib/x86_64-linux-gnu/libXdamage.so.1.1.0
7fcba7323000-7fcba7324000 r--p 00001000 fc:00 9442517                    /usr/lib/x86_64-linux-gnu/libXdamage.so.1.1.0
7fcba7324000-7fcba7325000 rw-p 00002000 fc:00 9442517                    /usr/lib/x86_64-linux-gnu/libXdamage.so.1.1.0
7fcba7325000-7fcba7351000 r-xp 00000000 fc:00 9438091                    /usr/lib/x86_64-linux-gnu/libglapi.so.0.0.0
7fcba7351000-7fcba7550000 ---p 0002c000 fc:00 9438091                    /usr/lib/x86_64-linux-gnu/libglapi.so.0.0.0
7fcba7550000-7fcba7554000 r--p 0002b000 fc:00 9438091                    /usr/lib/x86_64-linux-gnu/libglapi.so.0.0.0
7fcba7554000-7fcba7555000 rw-p 0002f000 fc:00 9438091                    /usr/lib/x86_64-linux-gnu/libglapi.so.0.0.0
7fcba7555000-7fcba7556000 rw-p 00000000 00:00 0 
7fcba7556000-7fcba7557000 r-xp 00000000 fc:00 9443470                    /usr/lib/x86_64-linux-gnu/libxshmfence.so.1.0.0
7fcba7557000-7fcba7757000 ---p 00001000 fc:00 9443470                    /usr/lib/x86_64-linux-gnu/libxshmfence.so.1.0.0
7fcba7757000-7fcba7758000 r--p 00001000 fc:00 9443470                    /usr/lib/x86_64-linux-gnu/libxshmfence.so.1.0.0
7fcba7758000-7fcba7759000 rw-p 00002000 fc:00 9443470                    /usr/lib/x86_64-linux-gnu/libxshmfence.so.1.0.0
7fcba7759000-7fcba775e000 r-xp 00000000 fc:00 9441642                    /usr/lib/x86_64-linux-gnu/libxcb-sync.so.1.0.0
7fcba775e000-7fcba795e000 ---p 00005000 fc:00 9441642                    /usr/lib/x86_64-linux-gnu/libxcb-sync.so.1.0.0
7fcba795e000-7fcba795f000 r--p 00005000 fc:00 9441642                    /usr/lib/x86_64-linux-gnu/libxcb-sync.so.1.0.0
7fcba795f000-7fcba7960000 rw-p 00006000 fc:00 9441642                    /usr/lib/x86_64-linux-gnu/libxcb-sync.so.1.0.0
7fcba7960000-7fcba7962000 r-xp 00000000 fc:00 9441640                    /usr/lib/x86_64-linux-gnu/libxcb-present.so.0.0.0
7fcba7962000-7fcba7b61000 ---p 00002000 fc:00 9441640                    /usr/lib/x86_64-linux-gnu/libxcb-present.so.0.0.0
7fcba7b61000-7fcba7b62000 r--p 00001000 fc:00 9441640                    /usr/lib/x86_64-linux-gnu/libxcb-present.so.0.0.0
7fcba7b62000-7fcba7b63000 rw-p 00002000 fc:00 9441640                    /usr/lib/x86_64-linux-gnu/libxcb-present.so.0.0.0
7fcba7b63000-7fcba7b89000 r-xp 00000000 fc:00 8257565                    /lib/x86_64-linux-gnu/libexpat.so.1.6.0
7fcba7b89000-7fcba7d89000 ---p 00026000 fc:00 8257565                    /lib/x86_64-linux-gnu/libexpat.so.1.6.0
7fcba7d89000-7fcba7d8b000 r--p 00026000 fc:00 8257565                    /lib/x86_64-linux-gnu/libexpat.so.1.6.0
7fcba7d8b000-7fcba7d8c000 rw-p 00028000 fc:00 8257565                    /lib/x86_64-linux-gnu/libexpat.so.1.6.0
7fcba7d8c000-7fcba7dfc000 r-xp 00000000 fc:00 9569071                    /usr/lib/x86_64-linux-gnu/mesa/libGL.so.1.2.0
7fcba7dfc000-7fcba7ffb000 ---p 00070000 fc:00 9569071                    /usr/lib/x86_64-linux-gnu/mesa/libGL.so.1.2.0
7fcba7ffb000-7fcba7ffe000 r--p 0006f000 fc:00 9569071                    /usr/lib/x86_64-linux-gnu/mesa/libGL.so.1.2.0
7fcba7ffe000-7fcba7fff000 rw-p 00072000 fc:00 9569071                    /usr/lib/x86_64-linux-gnu/mesa/libGL.so.1.2.0
7fcba7fff000-7fcba8000000 rw-p 00000000 00:00 0 
7fcba8000000-7fcba8021000 rw-p 00000000 00:00 0 
7fcba8021000-7fcbac000000 ---p 00000000 00:00 0 
7fcbac000000-7fcbac021000 rw-p 00000000 00:00 0 
7fcbac021000-7fcbb0000000 ---p 00000000 00:00 0 
7fcbb0000000-7fcbb0021000 rw-p 00000000 00:00 0 
7fcbb0021000-7fcbb4000000 ---p 00000000 00:00 0 
7fcbb4014000-7fcbb401f000 r--s 00000000 fc:00 1573513                    /var/cache/fontconfig/945677eb7aeaf62f1d50efc3fb3ec7d8-le64.cache-6
7fcbb401f000-7fcbb4021000 r-xp 00000000 fc:00 9441634                    /usr/lib/x86_64-linux-gnu/libxcb-dri3.so.0.0.0
7fcbb4021000-7fcbb4220000 ---p 00002000 fc:00 9441634                    /usr/lib/x86_64-linux-gnu/libxcb-dri3.so.0.0.0
7fcbb4220000-7fcbb4221000 r--p 00001000 fc:00 9441634                    /usr/lib/x86_64-linux-gnu/libxcb-dri3.so.0.0.0
7fcbb4221000-7fcbb4222000 rw-p 00002000 fc:00 9441634                    /usr/lib/x86_64-linux-gnu/libxcb-dri3.so.0.0.0
7fcbb4222000-7fcbb4422000 rw-p 00000000 00:00 0 
7fcbb4422000-7fcbb4622000 rw-p 00000000 00:00 0 
7fcbb4629000-7fcbb462f000 r--s 00000000 fc:00 1574722                    /var/cache/fontconfig/2cd17615ca594fa2959ae173292e504c-le64.cache-6
7fcbb462f000-7fcbb4637000 r--s 00000000 fc:00 1574615                    /var/cache/fontconfig/bf3b770c553c462765856025a94f1ce6-le64.cache-6
7fcbb4637000-7fcbb464a000 r--s 00000000 fc:00 1574614                    /var/cache/fontconfig/d52a8644073d54c13679302ca1180695-le64.cache-6
7fcbb464a000-7fcbb465c000 r--s 00000000 fc:00 1573438                    /var/cache/fontconfig/9b89f8e3dae116d678bbf48e5f21f69b-le64.cache-6
7fcbb46ed000-7fcbb46f4000 r-xp 00000000 fc:00 6423377                    /tmp/jogamp_0000/file_cache/jln4605405411699424506/jln8951459417606128755/natives/linux-amd64/libnativewindow_x11.so
7fcbb46f4000-7fcbb48f3000 ---p 00007000 fc:00 6423377                    /tmp/jogamp_0000/file_cache/jln4605405411699424506/jln8951459417606128755/natives/linux-amd64/libnativewindow_x11.so
7fcbb48f3000-7fcbb48f4000 rw-p 00006000 fc:00 6423377                    /tmp/jogamp_0000/file_cache/jln4605405411699424506/jln8951459417606128755/natives/linux-amd64/libnativewindow_x11.so
7fcbb48f4000-7fcbb48f7000 ---p 00000000 00:00 0 
7fcbb48f7000-7fcbb49f5000 rw-p 00000000 00:00 0 
7fcbb49f5000-7fcbb49fa000 r-xp 00000000 fc:00 9442557                    /usr/lib/x86_64-linux-gnu/libXxf86vm.so.1.0.0
7fcbb49fa000-7fcbb4bf9000 ---p 00005000 fc:00 9442557                    /usr/lib/x86_64-linux-gnu/libXxf86vm.so.1.0.0
7fcbb4bf9000-7fcbb4bfa000 r--p 00004000 fc:00 9442557                    /usr/lib/x86_64-linux-gnu/libXxf86vm.so.1.0.0
7fcbb4bfa000-7fcbb4bfb000 rw-p 00005000 fc:00 9442557                    /usr/lib/x86_64-linux-gnu/libXxf86vm.so.1.0.0
7fcbb4bfb000-7fcbb4bfd000 r-xp 00000000 fc:00 6423376                    /tmp/jogamp_0000/file_cache/jln4605405411699424506/jln8951459417606128755/natives/linux-amd64/libnativewindow_awt.so
7fcbb4bfd000-7fcbb4dfc000 ---p 00002000 fc:00 6423376                    /tmp/jogamp_0000/file_cache/jln4605405411699424506/jln8951459417606128755/natives/linux-amd64/libnativewindow_awt.so
7fcbb4dfc000-7fcbb4dfd000 rw-p 00001000 fc:00 6423376                    /tmp/jogamp_0000/file_cache/jln4605405411699424506/jln8951459417606128755/natives/linux-amd64/libnativewindow_awt.so
7fcbb4dfd000-7fcbb4dfe000 r-xp 00000000 fc:00 13893896                   /usr/lib/jvm/java-8-openjdk-amd64/jre/lib/amd64/libjawt.so
7fcbb4dfe000-7fcbb4ffd000 ---p 00001000 fc:00 13893896                   /usr/lib/jvm/java-8-openjdk-amd64/jre/lib/amd64/libjawt.so
7fcbb4ffd000-7fcbb4ffe000 r--p 00000000 fc:00 13893896                   /usr/lib/jvm/java-8-openjdk-amd64/jre/lib/amd64/libjawt.so
7fcbb4ffe000-7fcbb4fff000 rw-p 00001000 fc:00 13893896                   /usr/lib/jvm/java-8-openjdk-amd64/jre/lib/amd64/libjawt.so
7fcbb4fff000-7fcbb8000000 rw-p 00000000 00:00 0 
7fcbb8000000-7fcbb8021000 rw-p 00000000 00:00 0 
7fcbb8021000-7fcbbc000000 ---p 00000000 00:00 0 
7fcbbc000000-7fcbbc021000 rw-p 00000000 00:00 0 
7fcbbc021000-7fcbc0000000 ---p 00000000 00:00 0 
7fcbc0000000-7fcbc077f000 rw-p 00000000 00:00 0 
7fcbc077f000-7fcbc4000000 ---p 00000000 00:00 0 
7fcbc4000000-7fcbc4021000 rw-p 00000000 00:00 0 
7fcbc4021000-7fcbc8000000 ---p 00000000 00:00 0 
7fcbc8000000-7fcbc9291000 rw-p 00000000 00:00 0 
7fcbc9291000-7fcbcc000000 ---p 00000000 00:00 0 
7fcbcc000000-7fcbcd0ee000 rw-p 00000000 00:00 0 
7fcbcd0ee000-7fcbd0000000 ---p 00000000 00:00 0 
7fcbd0000000-7fcbd0021000 rw-p 00000000 00:00 0 
7fcbd0021000-7fcbd4000000 ---p 00000000 00:00 0 
7fcbd4000000-7fcbd4021000 rw-p 00000000 00:00 0 
7fcbd4021000-7fcbd8000000 ---p 00000000 00:00 0 
7fcbd8000000-7fcbd8021000 rw-p 00000000 00:00 0 
7fcbd8021000-7fcbdc000000 ---p 00000000 00:00 0 
7fcbdc000000-7fcbdc021000 rw-p 00000000 00:00 0 
7fcbdc021000-7fcbe0000000 ---p 00000000 00:00 0 
7fcbe0000000-7fcbe0021000 rw-p 00000000 00:00 0 
7fcbe0021000-7fcbe4000000 ---p 00000000 00:00 0 
7fcbe4000000-7fcbe4021000 rw-p 00000000 00:00 0 
7fcbe4021000-7fcbe8000000 ---p 00000000 00:00 0 
7fcbe8000000-7fcbe8021000 rw-p 00000000 00:00 0 
7fcbe8021000-7fcbec000000 ---p 00000000 00:00 0 
7fcbec000000-7fcbec007000 r--s 00000000 fc:00 1574379                    /var/cache/fontconfig/3047814df9a2f067bd2d96a2b9c36e5a-le64.cache-6
7fcbec007000-7fcbec011000 r--s 00000000 fc:00 1574613                    /var/cache/fontconfig/3f7329c5293ffd510edef78f73874cfd-le64.cache-6
7fcbec01f000-7fcbec02a000 r--s 00000000 fc:00 1573565                    /var/cache/fontconfig/d589a48862398ed80a3d6066f4f56f4c-le64.cache-6
7fcbec0a8000-7fcbec0ad000 r--s 00000000 fc:00 1574642                    /var/cache/fontconfig/8801497958630a81b71ace7c5f9b32a8-le64.cache-6
7fcbec0c1000-7fcbec0c4000 ---p 00000000 00:00 0 
7fcbec0c4000-7fcbec1c2000 rw-p 00000000 00:00 0 
7fcbec1c2000-7fcbec1c5000 ---p 00000000 00:00 0 
7fcbec1c5000-7fcbec2c3000 rw-p 00000000 00:00 0 
7fcbec2c3000-7fcbec2c8000 r-xp 00000000 fc:00 9442523                    /usr/lib/x86_64-linux-gnu/libXfixes.so.3.1.0
7fcbec2c8000-7fcbec4c7000 ---p 00005000 fc:00 9442523                    /usr/lib/x86_64-linux-gnu/libXfixes.so.3.1.0
7fcbec4c7000-7fcbec4c8000 r--p 00004000 fc:00 9442523                    /usr/lib/x86_64-linux-gnu/libXfixes.so.3.1.0
7fcbec4c8000-7fcbec4c9000 rw-p 00005000 fc:00 9442523                    /usr/lib/x86_64-linux-gnu/libXfixes.so.3.1.0
7fcbec4c9000-7fcbec4d2000 r-xp 00000000 fc:00 9440610                    /usr/lib/x86_64-linux-gnu/libXcursor.so.1.0.2
7fcbec4d2000-7fcbec6d1000 ---p 00009000 fc:00 9440610                    /usr/lib/x86_64-linux-gnu/libXcursor.so.1.0.2
7fcbec6d1000-7fcbec6d2000 r--p 00008000 fc:00 9440610                    /usr/lib/x86_64-linux-gnu/libXcursor.so.1.0.2
7fcbec6d2000-7fcbec6d3000 rw-p 00009000 fc:00 9440610                    /usr/lib/x86_64-linux-gnu/libXcursor.so.1.0.2
7fcbec6d3000-7fcbec6f7000 r-xp 00000000 fc:00 8258033                    /lib/x86_64-linux-gnu/libpng12.so.0.54.0
7fcbec6f7000-7fcbec8f6000 ---p 00024000 fc:00 8258033                    /lib/x86_64-linux-gnu/libpng12.so.0.54.0
7fcbec8f6000-7fcbec8f7000 r--p 00023000 fc:00 8258033                    /lib/x86_64-linux-gnu/libpng12.so.0.54.0
7fcbec8f7000-7fcbec8f8000 rw-p 00024000 fc:00 8258033                    /lib/x86_64-linux-gnu/libpng12.so.0.54.0
7fcbec8f8000-7fcbec99c000 r-xp 00000000 fc:00 9441225                    /usr/lib/x86_64-linux-gnu/libfreetype.so.6.12.1
7fcbec99c000-7fcbecb9b000 ---p 000a4000 fc:00 9441225                    /usr/lib/x86_64-linux-gnu/libfreetype.so.6.12.1
7fcbecb9b000-7fcbecba1000 r--p 000a3000 fc:00 9441225                    /usr/lib/x86_64-linux-gnu/libfreetype.so.6.12.1
7fcbecba1000-7fcbecba2000 rw-p 000a9000 fc:00 9441225                    /usr/lib/x86_64-linux-gnu/libfreetype.so.6.12.1
7fcbecba2000-7fcbecbf4000 r-xp 00000000 fc:00 13893922                   /usr/lib/jvm/java-8-openjdk-amd64/jre/lib/amd64/libfontmanager.so
7fcbecbf4000-7fcbecdf4000 ---p 00052000 fc:00 13893922                   /usr/lib/jvm/java-8-openjdk-amd64/jre/lib/amd64/libfontmanager.so
7fcbecdf4000-7fcbecdf6000 r--p 00052000 fc:00 13893922                   /usr/lib/jvm/java-8-openjdk-amd64/jre/lib/amd64/libfontmanager.so
7fcbecdf6000-7fcbecdf7000 rw-p 00054000 fc:00 13893922                   /usr/lib/jvm/java-8-openjdk-amd64/jre/lib/amd64/libfontmanager.so
7fcbecdf7000-7fcbecdfc000 r-xp 00000000 fc:00 9437334                    /usr/lib/x86_64-linux-gnu/libXdmcp.so.6.0.0
7fcbecdfc000-7fcbecffb000 ---p 00005000 fc:00 9437334                    /usr/lib/x86_64-linux-gnu/libXdmcp.so.6.0.0
7fcbecffb000-7fcbecffc000 r--p 00004000 fc:00 9437334                    /usr/lib/x86_64-linux-gnu/libXdmcp.so.6.0.0
7fcbecffc000-7fcbecffd000 rw-p 00005000 fc:00 9437334                    /usr/lib/x86_64-linux-gnu/libXdmcp.so.6.0.0
7fcbecffd000-7fcbecfff000 r-xp 00000000 fc:00 9442508                    /usr/lib/x86_64-linux-gnu/libXau.so.6.0.0
7fcbecfff000-7fcbed1ff000 ---p 00002000 fc:00 9442508                    /usr/lib/x86_64-linux-gnu/libXau.so.6.0.0
7fcbed1ff000-7fcbed200000 r--p 00002000 fc:00 9442508                    /usr/lib/x86_64-linux-gnu/libXau.so.6.0.0
7fcbed200000-7fcbed201000 rw-p 00003000 fc:00 9442508                    /usr/lib/x86_64-linux-gnu/libXau.so.6.0.0
7fcbed201000-7fcbed222000 r-xp 00000000 fc:00 9445987                    /usr/lib/x86_64-linux-gnu/libxcb.so.1.1.0
7fcbed222000-7fcbed421000 ---p 00021000 fc:00 9445987                    /usr/lib/x86_64-linux-gnu/libxcb.so.1.1.0
7fcbed421000-7fcbed422000 r--p 00020000 fc:00 9445987                    /usr/lib/x86_64-linux-gnu/libxcb.so.1.1.0
7fcbed422000-7fcbed423000 rw-p 00021000 fc:00 9445987                    /usr/lib/x86_64-linux-gnu/libxcb.so.1.1.0
7fcbed423000-7fcbed432000 r-xp 00000000 fc:00 9440612                    /usr/lib/x86_64-linux-gnu/libXi.so.6.1.0
7fcbed432000-7fcbed631000 ---p 0000f000 fc:00 9440612                    /usr/lib/x86_64-linux-gnu/libXi.so.6.1.0
7fcbed631000-7fcbed632000 r--p 0000e000 fc:00 9440612                    /usr/lib/x86_64-linux-gnu/libXi.so.6.1.0
7fcbed632000-7fcbed633000 rw-p 0000f000 fc:00 9440612                    /usr/lib/x86_64-linux-gnu/libXi.so.6.1.0
7fcbed633000-7fcbed638000 r-xp 00000000 fc:00 9442547                    /usr/lib/x86_64-linux-gnu/libXtst.so.6.1.0
7fcbed638000-7fcbed837000 ---p 00005000 fc:00 9442547                    /usr/lib/x86_64-linux-gnu/libXtst.so.6.1.0
7fcbed837000-7fcbed838000 r--p 00004000 fc:00 9442547                    /usr/lib/x86_64-linux-gnu/libXtst.so.6.1.0
7fcbed838000-7fcbed839000 rw-p 00005000 fc:00 9442547                    /usr/lib/x86_64-linux-gnu/libXtst.so.6.1.0
7fcbed839000-7fcbed842000 r-xp 00000000 fc:00 9442541                    /usr/lib/x86_64-linux-gnu/libXrender.so.1.3.0
7fcbed842000-7fcbeda41000 ---p 00009000 fc:00 9442541                    /usr/lib/x86_64-linux-gnu/libXrender.so.1.3.0
7fcbeda41000-7fcbeda42000 r--p 00008000 fc:00 9442541                    /usr/lib/x86_64-linux-gnu/libXrender.so.1.3.0
7fcbeda42000-7fcbeda43000 rw-p 00009000 fc:00 9442541                    /usr/lib/x86_64-linux-gnu/libXrender.so.1.3.0
7fcbeda43000-7fcbedb78000 r-xp 00000000 fc:00 9446001                    /usr/lib/x86_64-linux-gnu/libX11.so.6.3.0
7fcbedb78000-7fcbedd78000 ---p 00135000 fc:00 9446001                    /usr/lib/x86_64-linux-gnu/libX11.so.6.3.0
7fcbedd78000-7fcbedd79000 r--p 00135000 fc:00 9446001                    /usr/lib/x86_64-linux-gnu/libX11.so.6.3.0
7fcbedd79000-7fcbedd7d000 rw-p 00136000 fc:00 9446001                    /usr/lib/x86_64-linux-gnu/libX11.so.6.3.0
7fcbedd7d000-7fcbedd8e000 r-xp 00000000 fc:00 9442521                    /usr/lib/x86_64-linux-gnu/libXext.so.6.4.0
7fcbedd8e000-7fcbedf8d000 ---p 00011000 fc:00 9442521                    /usr/lib/x86_64-linux-gnu/libXext.so.6.4.0
7fcbedf8d000-7fcbedf8e000 r--p 00010000 fc:00 9442521                    /usr/lib/x86_64-linux-gnu/libXext.so.6.4.0
7fcbedf8e000-7fcbedf8f000 rw-p 00011000 fc:00 9442521                    /usr/lib/x86_64-linux-gnu/libXext.so.6.4.0
7fcbedf8f000-7fcbedfe4000 r-xp 00000000 fc:00 13893907                   /usr/lib/jvm/java-8-openjdk-amd64/jre/lib/amd64/libawt_xawt.so
7fcbedfe4000-7fcbee1e3000 ---p 00055000 fc:00 13893907                   /usr/lib/jvm/java-8-openjdk-amd64/jre/lib/amd64/libawt_xawt.so
7fcbee1e3000-7fcbee1e4000 r--p 00054000 fc:00 13893907                   /usr/lib/jvm/java-8-openjdk-amd64/jre/lib/amd64/libawt_xawt.so
7fcbee1e4000-7fcbee1e7000 rw-p 00055000 fc:00 13893907                   /usr/lib/jvm/java-8-openjdk-amd64/jre/lib/amd64/libawt_xawt.so
7fcbee1e7000-7fcbee1e8000 rw-p 00000000 00:00 0 
7fcbee1e8000-7fcbee288000 r-xp 00000000 fc:00 13893897                   /usr/lib/jvm/java-8-openjdk-amd64/jre/lib/amd64/libawt.so
7fcbee288000-7fcbee488000 ---p 000a0000 fc:00 13893897                   /usr/lib/jvm/java-8-openjdk-amd64/jre/lib/amd64/libawt.so
7fcbee488000-7fcbee489000 r--p 000a0000 fc:00 13893897                   /usr/lib/jvm/java-8-openjdk-amd64/jre/lib/amd64/libawt.so
7fcbee489000-7fcbee494000 rw-p 000a1000 fc:00 13893897                   /usr/lib/jvm/java-8-openjdk-amd64/jre/lib/amd64/libawt.so
7fcbee494000-7fcbee4b9000 rw-p 00000000 00:00 0 
7fcbee4b9000-7fcbee4bb000 r-xp 00000000 fc:00 6423415                    /tmp/jogamp_0000/file_cache/jln4605405411699424506/jln8951459417606128755/natives/linux-amd64/libgluegen-rt.so
7fcbee4bb000-7fcbee6ba000 ---p 00002000 fc:00 6423415                    /tmp/jogamp_0000/file_cache/jln4605405411699424506/jln8951459417606128755/natives/linux-amd64/libgluegen-rt.so
7fcbee6ba000-7fcbee6bb000 rw-p 00001000 fc:00 6423415                    /tmp/jogamp_0000/file_cache/jln4605405411699424506/jln8951459417606128755/natives/linux-amd64/libgluegen-rt.so
7fcbee6bb000-7fcbee6be000 ---p 00000000 00:00 0 
7fcbee6be000-7fcbee7bc000 rw-p 00000000 00:00 0 
7fcbee7bc000-7fcbee7cd000 r-xp 00000000 fc:00 13893931                   /usr/lib/jvm/java-8-openjdk-amd64/jre/lib/amd64/libnio.so
7fcbee7cd000-7fcbee9cd000 ---p 00011000 fc:00 13893931                   /usr/lib/jvm/java-8-openjdk-amd64/jre/lib/amd64/libnio.so
7fcbee9cd000-7fcbee9ce000 r--p 00011000 fc:00 13893931                   /usr/lib/jvm/java-8-openjdk-amd64/jre/lib/amd64/libnio.so
7fcbee9ce000-7fcbee9cf000 rw-p 00012000 fc:00 13893931                   /usr/lib/jvm/java-8-openjdk-amd64/jre/lib/amd64/libnio.so
7fcbee9cf000-7fcbee9e6000 r-xp 00000000 fc:00 13893900                   /usr/lib/jvm/java-8-openjdk-amd64/jre/lib/amd64/libnet.so
7fcbee9e6000-7fcbeebe5000 ---p 00017000 fc:00 13893900                   /usr/lib/jvm/java-8-openjdk-amd64/jre/lib/amd64/libnet.so
7fcbeebe5000-7fcbeebe6000 r--p 00016000 fc:00 13893900                   /usr/lib/jvm/java-8-openjdk-amd64/jre/lib/amd64/libnet.so
7fcbeebe6000-7fcbeebe7000 rw-p 00017000 fc:00 13893900                   /usr/lib/jvm/java-8-openjdk-amd64/jre/lib/amd64/libnet.so
7fcbeebe7000-7fcbeebe8000 ---p 00000000 00:00 0 
7fcbeebe8000-7fcbeece8000 rw-p 00000000 00:00 0 
7fcbeece8000-7fcbeeceb000 ---p 00000000 00:00 0 
7fcbeeceb000-7fcbeede9000 rw-p 00000000 00:00 0 
7fcbeede9000-7fcbeedec000 ---p 00000000 00:00 0 
7fcbeedec000-7fcbeeeea000 rw-p 00000000 00:00 0 
7fcbeeeea000-7fcbeeeed000 ---p 00000000 00:00 0 
7fcbeeeed000-7fcbeefeb000 rw-p 00000000 00:00 0 
7fcbeefeb000-7fcbeefee000 ---p 00000000 00:00 0 
7fcbeefee000-7fcbef0ec000 rw-p 00000000 00:00 0 
7fcbef0ec000-7fcbef0ef000 ---p 00000000 00:00 0 
7fcbef0ef000-7fcbef1ed000 rw-p 00000000 00:00 0 
7fcbef1ed000-7fcbef5f6000 r--p 00000000 fc:00 9445250                    /usr/lib/locale/locale-archive
7fcbef5f6000-7fcbef5f9000 ---p 00000000 00:00 0 
7fcbef5f9000-7fcbef6f7000 rw-p 00000000 00:00 0 
7fcbef6f7000-7fcbef6fa000 ---p 00000000 00:00 0 
7fcbef6fa000-7fcbef7f8000 rw-p 00000000 00:00 0 
7fcbef7f8000-7fcbef7f9000 ---p 00000000 00:00 0 
7fcbef7f9000-7fcbf0000000 rw-p 00000000 00:00 0 
7fcbf0000000-7fcbf0021000 rw-p 00000000 00:00 0 
7fcbf0021000-7fcbf4000000 ---p 00000000 00:00 0 
7fcbf4020000-7fcbf4024000 rw-s 00000000 00:05 407855                     /drm mm object (deleted)
7fcbf4024000-7fcbf4025000 rwxp 00000000 00:00 0 
7fcbf4029000-7fcbf403c000 r--s 00346000 fc:00 13893934                   /usr/lib/jvm/java-8-openjdk-amd64/jre/lib/resources.jar
7fcbf403c000-7fcbf403f000 ---p 00000000 00:00 0 
7fcbf403f000-7fcbf4075000 rw-p 00000000 00:00 0 
7fcbf4075000-7fcbf4076000 r--p 00000000 00:00 0 
7fcbf4076000-7fcbf407b000 r--s 000a0000 fc:00 13893935                   /usr/lib/jvm/java-8-openjdk-amd64/jre/lib/jsse.jar
7fcbf407b000-7fcbf4081000 r--s 00081000 fc:00 17695093                   /home/brobz/.m2/repository/postgresql/postgresql/9.1-901-1.jdbc4/postgresql-9.1-901-1.jdbc4.jar
7fcbf4081000-7fcbf4083000 r--s 00001000 fc:00 17695088                   /home/brobz/.m2/repository/net/mikera/mathz/0.3.0/mathz-0.3.0.jar
7fcbf4083000-7fcbf4084000 r--s 00003000 fc:00 17695087                   /home/brobz/.m2/repository/net/mikera/randomz/0.3.0/randomz-0.3.0.jar
7fcbf4084000-7fcbf4087000 r--s 00013000 fc:00 17695089                   /home/brobz/.m2/repository/us/bpsm/edn-java/0.4.7/edn-java-0.4.7.jar
7fcbf4087000-7fcbf408f000 r--s 000a9000 fc:00 17695092                   /home/brobz/.m2/repository/net/mikera/vectorz/0.66.0/vectorz-0.66.0.jar
7fcbf408f000-7fcbf4090000 r--s 00001000 fc:00 17695082                   /home/brobz/.m2/repository/org/jogamp/gluegen/gluegen-rt/2.3.2/gluegen-rt-2.3.2-natives-windows-i586.jar
7fcbf4090000-7fcbf4091000 r--s 00001000 fc:00 17695081                   /home/brobz/.m2/repository/org/jogamp/gluegen/gluegen-rt/2.3.2/gluegen-rt-2.3.2-natives-windows-amd64.jar
7fcbf4091000-7fcbf4092000 r--s 00000000 fc:00 17695080                   /home/brobz/.m2/repository/org/jogamp/gluegen/gluegen-rt/2.3.2/gluegen-rt-2.3.2-natives-solaris-i586.jar
7fcbf4092000-7fcbf4093000 r--s 00001000 fc:00 17695076                   /home/brobz/.m2/repository/org/jogamp/gluegen/gluegen-rt/2.3.2/gluegen-rt-2.3.2-natives-solaris-amd64.jar
7fcbf4093000-7fcbf4094000 r--s 00001000 fc:00 17695075                   /home/brobz/.m2/repository/org/jogamp/gluegen/gluegen-rt/2.3.2/gluegen-rt-2.3.2-natives-macosx-universal.jar
7fcbf4094000-7fcbf4096000 r--s 00000000 fc:00 17695074                   /home/brobz/.m2/repository/org/jogamp/gluegen/gluegen-rt/2.3.2/gluegen-rt-2.3.2-natives-linux-i586.jar
7fcbf4096000-7fcbf4097000 r--s 00000000 fc:00 17695070                   /home/brobz/.m2/repository/org/jogamp/gluegen/gluegen-rt/2.3.2/gluegen-rt-2.3.2-natives-linux-armv6hf.jar
7fcbf4097000-7fcbf4098000 r--s 00000000 fc:00 17695069                   /home/brobz/.m2/repository/org/jogamp/gluegen/gluegen-rt/2.3.2/gluegen-rt-2.3.2-natives-linux-armv6.jar
7fcbf4098000-7fcbf409a000 r--s 00000000 fc:00 17695063                   /home/brobz/.m2/repository/org/jogamp/gluegen/gluegen-rt/2.3.2/gluegen-rt-2.3.2-natives-linux-amd64.jar
7fcbf409a000-7fcbf409b000 r--s 00001000 fc:00 17695065                   /home/brobz/.m2/repository/org/jogamp/gluegen/gluegen-rt/2.3.2/gluegen-rt-2.3.2-natives-android-armv6.jar
7fcbf409b000-7fcbf409c000 r--s 00000000 fc:00 17695064                   /home/brobz/.m2/repository/org/jogamp/gluegen/gluegen-rt/2.3.2/gluegen-rt-2.3.2-natives-android-aarch64.jar
7fcbf409c000-7fcbf40a2000 r--s 0004f000 fc:00 17695073                   /home/brobz/.m2/repository/org/jogamp/gluegen/gluegen-rt/2.3.2/gluegen-rt-2.3.2.jar
7fcbf40a2000-7fcbf40a3000 r--s 00000000 fc:00 17694964                   /home/brobz/.m2/repository/org/jogamp/gluegen/gluegen-rt-main/2.3.2/gluegen-rt-main-2.3.2.jar
7fcbf40a3000-7fcbf40a5000 r--s 0000c000 fc:00 17694962                   /home/brobz/.m2/repository/com/esotericsoftware/jsonbeans/0.7/jsonbeans-0.7.jar
7fcbf40a5000-7fcbf40a7000 r--s 00009000 fc:00 17694960                   /home/brobz/.m2/repository/org/objenesis/objenesis/2.1/objenesis-2.1.jar
7fcbf40a7000-7fcbf40a9000 r--s 00000000 fc:00 17694958                   /home/brobz/.m2/repository/com/esotericsoftware/minlog/minlog/1.2/minlog-1.2.jar
7fcbf40a9000-7fcbf40af000 r--s 0004d000 fc:00 17694956                   /home/brobz/.m2/repository/com/esotericsoftware/kryo/kryo/2.24.0/kryo-2.24.0.jar
7fcbf40af000-7fcbf40b1000 r--s 00011000 fc:00 17694954                   /home/brobz/.m2/repository/com/esotericsoftware/kryonet/2.22.0-RC1/kryonet-2.22.0-RC1.jar
7fcbf40b1000-7fcbf40b3000 r--s 00032000 fc:00 17694953                   /home/brobz/.m2/repository/org/jogamp/jogl/jogl-all/2.3.2/jogl-all-2.3.2-natives-windows-i586.jar
7fcbf40b3000-7fcbf40b4000 r--s 0003a000 fc:00 17694951                   /home/brobz/.m2/repository/org/jogamp/jogl/jogl-all/2.3.2/jogl-all-2.3.2-natives-windows-amd64.jar
7fcbf40b4000-7fcbf40b5000 r--s 00027000 fc:00 17694948                   /home/brobz/.m2/repository/org/jogamp/jogl/jogl-all/2.3.2/jogl-all-2.3.2-natives-solaris-i586.jar
7fcbf40b5000-7fcbf40b6000 r--s 00035000 fc:00 17694945                   /home/brobz/.m2/repository/org/jogamp/jogl/jogl-all/2.3.2/jogl-all-2.3.2-natives-solaris-amd64.jar
7fcbf40b6000-7fcbf40b7000 r--s 0006c000 fc:00 17694946                   /home/brobz/.m2/repository/org/jogamp/jogl/jogl-all/2.3.2/jogl-all-2.3.2-natives-macosx-universal.jar
7fcbf40b7000-7fcbf40b9000 r--s 00034000 fc:00 17694941                   /home/brobz/.m2/repository/org/jogamp/jogl/jogl-all/2.3.2/jogl-all-2.3.2-natives-linux-i586.jar
7fcbf40b9000-7fcbf40ba000 r--s 00028000 fc:00 17694943                   /home/brobz/.m2/repository/org/jogamp/jogl/jogl-all/2.3.2/jogl-all-2.3.2-natives-linux-armv6hf.jar
7fcbf40ba000-7fcbf40de000 r--s 0031e000 fc:00 17695059                   /home/brobz/.m2/repository/org/jogamp/jogl/jogl-all/2.3.2/jogl-all-2.3.2.jar
7fcbf40de000-7fcbf40f9000 r--s 001d6000 fc:00 13893872                   /usr/lib/jvm/java-8-openjdk-amd64/jre/lib/ext/nashorn.jar
7fcbf40f9000-7fcbf5000000 rw-p 00000000 00:00 0 
7fcbf5000000-7fcbf5880000 rwxp 00000000 00:00 0 
7fcbf5880000-7fcc04000000 ---p 00000000 00:00 0 
7fcc04000000-7fcc04913000 rw-p 00000000 00:00 0 
7fcc04913000-7fcc08000000 ---p 00000000 00:00 0 
7fcc08000000-7fcc08001000 r--s 00027000 fc:00 17694938                   /home/brobz/.m2/repository/org/jogamp/jogl/jogl-all/2.3.2/jogl-all-2.3.2-natives-linux-armv6.jar
7fcc08001000-7fcc08007000 r--s 0003b000 fc:00 13893879                   /usr/lib/jvm/java-8-openjdk-amd64/jre/lib/ext/sunjce_provider.jar
7fcc08007000-7fcc08011000 r--s 00116000 fc:00 13893881                   /usr/lib/jvm/java-8-openjdk-amd64/jre/lib/ext/localedata.jar
7fcc08011000-7fcc0802c000 r--s 00394000 fc:00 13893878                   /usr/lib/jvm/java-8-openjdk-amd64/jre/lib/ext/cldrdata.jar
7fcc0802c000-7fcc081d2000 rw-p 00000000 00:00 0 
7fcc081d2000-7fcc083a1000 r--s 03c33000 fc:00 13893892                   /usr/lib/jvm/java-8-openjdk-amd64/jre/lib/rt.jar
7fcc083a1000-7fcc09aef000 rw-p 00000000 00:00 0 
7fcc09aef000-7fcc09af0000 ---p 00000000 00:00 0 
7fcc09af0000-7fcc09bf0000 rw-p 00000000 00:00 0 
7fcc09bf0000-7fcc09bf1000 ---p 00000000 00:00 0 
7fcc09bf1000-7fcc09cf1000 rw-p 00000000 00:00 0 
7fcc09cf1000-7fcc09cf2000 ---p 00000000 00:00 0 
7fcc09cf2000-7fcc09df2000 rw-p 00000000 00:00 0 
7fcc09df2000-7fcc09df3000 ---p 00000000 00:00 0 
7fcc09df3000-7fcc09fd9000 rw-p 00000000 00:00 0 
7fcc09fd9000-7fcc0a0be000 rw-p 00000000 00:00 0 
7fcc0a0be000-7fcc0a123000 rw-p 00000000 00:00 0 
7fcc0a123000-7fcc0a131000 ---p 00000000 00:00 0 
7fcc0a131000-7fcc0a154000 rw-p 00000000 00:00 0 
7fcc0a154000-7fcc0a4f2000 ---p 00000000 00:00 0 
7fcc0a4f2000-7fcc0a4fa000 r-xp 00000000 fc:00 13893910                   /usr/lib/jvm/java-8-openjdk-amd64/jre/lib/amd64/libzip.so
7fcc0a4fa000-7fcc0a6f9000 ---p 00008000 fc:00 13893910                   /usr/lib/jvm/java-8-openjdk-amd64/jre/lib/amd64/libzip.so
7fcc0a6f9000-7fcc0a6fa000 r--p 00007000 fc:00 13893910                   /usr/lib/jvm/java-8-openjdk-amd64/jre/lib/amd64/libzip.so
7fcc0a6fa000-7fcc0a6fb000 rw-p 00008000 fc:00 13893910                   /usr/lib/jvm/java-8-openjdk-amd64/jre/lib/amd64/libzip.so
7fcc0a6fb000-7fcc0a706000 r-xp 00000000 fc:00 8257717                    /lib/x86_64-linux-gnu/libnss_files-2.23.so
7fcc0a706000-7fcc0a905000 ---p 0000b000 fc:00 8257717                    /lib/x86_64-linux-gnu/libnss_files-2.23.so
7fcc0a905000-7fcc0a906000 r--p 0000a000 fc:00 8257717                    /lib/x86_64-linux-gnu/libnss_files-2.23.so
7fcc0a906000-7fcc0a907000 rw-p 0000b000 fc:00 8257717                    /lib/x86_64-linux-gnu/libnss_files-2.23.so
7fcc0a907000-7fcc0a90d000 rw-p 00000000 00:00 0 
7fcc0a90d000-7fcc0a918000 r-xp 00000000 fc:00 8257710                    /lib/x86_64-linux-gnu/libnss_nis-2.23.so
7fcc0a918000-7fcc0ab17000 ---p 0000b000 fc:00 8257710                    /lib/x86_64-linux-gnu/libnss_nis-2.23.so
7fcc0ab17000-7fcc0ab18000 r--p 0000a000 fc:00 8257710                    /lib/x86_64-linux-gnu/libnss_nis-2.23.so
7fcc0ab18000-7fcc0ab19000 rw-p 0000b000 fc:00 8257710                    /lib/x86_64-linux-gnu/libnss_nis-2.23.so
7fcc0ab19000-7fcc0ab2f000 r-xp 00000000 fc:00 8257715                    /lib/x86_64-linux-gnu/libnsl-2.23.so
7fcc0ab2f000-7fcc0ad2e000 ---p 00016000 fc:00 8257715                    /lib/x86_64-linux-gnu/libnsl-2.23.so
7fcc0ad2e000-7fcc0ad2f000 r--p 00015000 fc:00 8257715                    /lib/x86_64-linux-gnu/libnsl-2.23.so
7fcc0ad2f000-7fcc0ad30000 rw-p 00016000 fc:00 8257715                    /lib/x86_64-linux-gnu/libnsl-2.23.so
7fcc0ad30000-7fcc0ad32000 rw-p 00000000 00:00 0 
7fcc0ad32000-7fcc0ad3a000 r-xp 00000000 fc:00 8257721                    /lib/x86_64-linux-gnu/libnss_compat-2.23.so
7fcc0ad3a000-7fcc0af39000 ---p 00008000 fc:00 8257721                    /lib/x86_64-linux-gnu/libnss_compat-2.23.so
7fcc0af39000-7fcc0af3a000 r--p 00007000 fc:00 8257721                    /lib/x86_64-linux-gnu/libnss_compat-2.23.so
7fcc0af3a000-7fcc0af3b000 rw-p 00008000 fc:00 8257721                    /lib/x86_64-linux-gnu/libnss_compat-2.23.so
7fcc0af3b000-7fcc0af68000 r-xp 00000000 fc:00 13893914                   /usr/lib/jvm/java-8-openjdk-amd64/jre/lib/amd64/libjava.so
7fcc0af68000-7fcc0b167000 ---p 0002d000 fc:00 13893914                   /usr/lib/jvm/java-8-openjdk-amd64/jre/lib/amd64/libjava.so
7fcc0b167000-7fcc0b168000 r--p 0002c000 fc:00 13893914                   /usr/lib/jvm/java-8-openjdk-amd64/jre/lib/amd64/libjava.so
7fcc0b168000-7fcc0b16a000 rw-p 0002d000 fc:00 13893914                   /usr/lib/jvm/java-8-openjdk-amd64/jre/lib/amd64/libjava.so
7fcc0b16a000-7fcc0b179000 r-xp 00000000 fc:00 13893919                   /usr/lib/jvm/java-8-openjdk-amd64/jre/lib/amd64/libverify.so
7fcc0b179000-7fcc0b378000 ---p 0000f000 fc:00 13893919                   /usr/lib/jvm/java-8-openjdk-amd64/jre/lib/amd64/libverify.so
7fcc0b378000-7fcc0b37a000 r--p 0000e000 fc:00 13893919                   /usr/lib/jvm/java-8-openjdk-amd64/jre/lib/amd64/libverify.so
7fcc0b37a000-7fcc0b37b000 rw-p 00010000 fc:00 13893919                   /usr/lib/jvm/java-8-openjdk-amd64/jre/lib/amd64/libverify.so
7fcc0b37b000-7fcc0b382000 r-xp 00000000 fc:00 8257703                    /lib/x86_64-linux-gnu/librt-2.23.so
7fcc0b382000-7fcc0b581000 ---p 00007000 fc:00 8257703                    /lib/x86_64-linux-gnu/librt-2.23.so
7fcc0b581000-7fcc0b582000 r--p 00006000 fc:00 8257703                    /lib/x86_64-linux-gnu/librt-2.23.so
7fcc0b582000-7fcc0b583000 rw-p 00007000 fc:00 8257703                    /lib/x86_64-linux-gnu/librt-2.23.so
7fcc0b583000-7fcc0b599000 r-xp 00000000 fc:00 8257739                    /lib/x86_64-linux-gnu/libgcc_s.so.1
7fcc0b599000-7fcc0b798000 ---p 00016000 fc:00 8257739                    /lib/x86_64-linux-gnu/libgcc_s.so.1
7fcc0b798000-7fcc0b799000 rw-p 00015000 fc:00 8257739                    /lib/x86_64-linux-gnu/libgcc_s.so.1
7fcc0b799000-7fcc0b8a1000 r-xp 00000000 fc:00 8257723                    /lib/x86_64-linux-gnu/libm-2.23.so
7fcc0b8a1000-7fcc0baa0000 ---p 00108000 fc:00 8257723                    /lib/x86_64-linux-gnu/libm-2.23.so
7fcc0baa0000-7fcc0baa1000 r--p 00107000 fc:00 8257723                    /lib/x86_64-linux-gnu/libm-2.23.so
7fcc0baa1000-7fcc0baa2000 rw-p 00108000 fc:00 8257723                    /lib/x86_64-linux-gnu/libm-2.23.so
7fcc0baa2000-7fcc0bc14000 r-xp 00000000 fc:00 9439213                    /usr/lib/x86_64-linux-gnu/libstdc++.so.6.0.21
7fcc0bc14000-7fcc0be14000 ---p 00172000 fc:00 9439213                    /usr/lib/x86_64-linux-gnu/libstdc++.so.6.0.21
7fcc0be14000-7fcc0be1e000 r--p 00172000 fc:00 9439213                    /usr/lib/x86_64-linux-gnu/libstdc++.so.6.0.21
7fcc0be1e000-7fcc0be20000 rw-p 0017c000 fc:00 9439213                    /usr/lib/x86_64-linux-gnu/libstdc++.so.6.0.21
7fcc0be20000-7fcc0be24000 rw-p 00000000 00:00 0 
7fcc0be24000-7fcc0ca85000 r-xp 00000000 fc:00 13893925                   /usr/lib/jvm/java-8-openjdk-amd64/jre/lib/amd64/server/libjvm.so
7fcc0ca85000-7fcc0cc85000 ---p 00c61000 fc:00 13893925                   /usr/lib/jvm/java-8-openjdk-amd64/jre/lib/amd64/server/libjvm.so
7fcc0cc85000-7fcc0cd19000 r--p 00c61000 fc:00 13893925                   /usr/lib/jvm/java-8-openjdk-amd64/jre/lib/amd64/server/libjvm.so
7fcc0cd19000-7fcc0cd42000 rw-p 00cf5000 fc:00 13893925                   /usr/lib/jvm/java-8-openjdk-amd64/jre/lib/amd64/server/libjvm.so
7fcc0cd42000-7fcc0cd72000 rw-p 00000000 00:00 0 
7fcc0cd72000-7fcc0cd8a000 r-xp 00000000 fc:00 8257707                    /lib/x86_64-linux-gnu/libpthread-2.23.so
7fcc0cd8a000-7fcc0cf89000 ---p 00018000 fc:00 8257707                    /lib/x86_64-linux-gnu/libpthread-2.23.so
7fcc0cf89000-7fcc0cf8a000 r--p 00017000 fc:00 8257707                    /lib/x86_64-linux-gnu/libpthread-2.23.so
7fcc0cf8a000-7fcc0cf8b000 rw-p 00018000 fc:00 8257707                    /lib/x86_64-linux-gnu/libpthread-2.23.so
7fcc0cf8b000-7fcc0cf8f000 rw-p 00000000 00:00 0 
7fcc0cf8f000-7fcc0cf92000 r-xp 00000000 fc:00 8257705                    /lib/x86_64-linux-gnu/libdl-2.23.so
7fcc0cf92000-7fcc0d191000 ---p 00003000 fc:00 8257705                    /lib/x86_64-linux-gnu/libdl-2.23.so
7fcc0d191000-7fcc0d192000 r--p 00002000 fc:00 8257705                    /lib/x86_64-linux-gnu/libdl-2.23.so
7fcc0d192000-7fcc0d193000 rw-p 00003000 fc:00 8257705                    /lib/x86_64-linux-gnu/libdl-2.23.so
7fcc0d193000-7fcc0d1ac000 r-xp 00000000 fc:00 8257743                    /lib/x86_64-linux-gnu/libz.so.1.2.8
7fcc0d1ac000-7fcc0d3ab000 ---p 00019000 fc:00 8257743                    /lib/x86_64-linux-gnu/libz.so.1.2.8
7fcc0d3ab000-7fcc0d3ac000 r--p 00018000 fc:00 8257743                    /lib/x86_64-linux-gnu/libz.so.1.2.8
7fcc0d3ac000-7fcc0d3ad000 rw-p 00019000 fc:00 8257743                    /lib/x86_64-linux-gnu/libz.so.1.2.8
7fcc0d3ad000-7fcc0d56d000 r-xp 00000000 fc:00 8257720                    /lib/x86_64-linux-gnu/libc-2.23.so
7fcc0d56d000-7fcc0d76d000 ---p 001c0000 fc:00 8257720                    /lib/x86_64-linux-gnu/libc-2.23.so
7fcc0d76d000-7fcc0d771000 r--p 001c0000 fc:00 8257720                    /lib/x86_64-linux-gnu/libc-2.23.so
7fcc0d771000-7fcc0d773000 rw-p 001c4000 fc:00 8257720                    /lib/x86_64-linux-gnu/libc-2.23.so
7fcc0d773000-7fcc0d777000 rw-p 00000000 00:00 0 
7fcc0d777000-7fcc0d784000 r-xp 00000000 fc:00 13893916                   /usr/lib/jvm/java-8-openjdk-amd64/jre/lib/amd64/jli/libjli.so
7fcc0d784000-7fcc0d984000 ---p 0000d000 fc:00 13893916                   /usr/lib/jvm/java-8-openjdk-amd64/jre/lib/amd64/jli/libjli.so
7fcc0d984000-7fcc0d985000 r--p 0000d000 fc:00 13893916                   /usr/lib/jvm/java-8-openjdk-amd64/jre/lib/amd64/jli/libjli.so
7fcc0d985000-7fcc0d986000 rw-p 0000e000 fc:00 13893916                   /usr/lib/jvm/java-8-openjdk-amd64/jre/lib/amd64/jli/libjli.so
7fcc0d986000-7fcc0d9ac000 r-xp 00000000 fc:00 8257706                    /lib/x86_64-linux-gnu/ld-2.23.so
7fcc0d9ac000-7fcc0d9ad000 r--s 00036000 fc:00 17694937                   /home/brobz/.m2/repository/org/jogamp/jogl/jogl-all/2.3.2/jogl-all-2.3.2-natives-linux-amd64.jar
7fcc0d9ad000-7fcc0d9ae000 r--s 0000f000 fc:00 17694934                   /home/brobz/.m2/repository/org/jogamp/jogl/jogl-all/2.3.2/jogl-all-2.3.2-natives-android-armv6.jar
7fcc0d9ae000-7fcc0d9af000 r--s 0000f000 fc:00 17694936                   /home/brobz/.m2/repository/org/jogamp/jogl/jogl-all/2.3.2/jogl-all-2.3.2-natives-android-aarch64.jar
7fcc0d9af000-7fcc0da8e000 rw-p 00000000 00:00 0 
7fcc0da8e000-7fcc0da91000 ---p 00000000 00:00 0 
7fcc0da91000-7fcc0db93000 rw-p 00000000 00:00 0 
7fcc0db93000-7fcc0db94000 r--s 00000000 fc:00 17694933                   /home/brobz/.m2/repository/org/jogamp/jogl/jogl-all-main/2.3.2/jogl-all-main-2.3.2.jar
7fcc0db94000-7fcc0db95000 r--s 0000a000 fc:00 13893877                   /usr/lib/jvm/java-8-openjdk-amd64/jre/lib/ext/jaccess.jar
7fcc0db95000-7fcc0db97000 r--s 00001000 fc:00 13893876                   /usr/lib/jvm/java-8-openjdk-amd64/jre/lib/ext/dnsns.jar
7fcc0db97000-7fcc0db9a000 r--s 00038000 fc:00 13893873                   /usr/lib/jvm/java-8-openjdk-amd64/jre/lib/ext/sunpkcs11.jar
7fcc0db9a000-7fcc0db9d000 r--s 0000f000 fc:00 13893880                   /usr/lib/jvm/java-8-openjdk-amd64/jre/lib/ext/icedtea-sound.jar
7fcc0db9d000-7fcc0db9f000 r--s 00008000 fc:00 13893874                   /usr/lib/jvm/java-8-openjdk-amd64/jre/lib/ext/sunec.jar
7fcc0db9f000-7fcc0dba0000 r--s 00010000 fc:00 13893875                   /usr/lib/jvm/java-8-openjdk-amd64/jre/lib/ext/zipfs.jar
7fcc0dba0000-7fcc0dba8000 rw-s 00000000 fc:00 6423379                    /tmp/hsperfdata_brobz/15754
7fcc0dba8000-7fcc0dba9000 rw-p 00000000 00:00 0 
7fcc0dba9000-7fcc0dbaa000 r--p 00000000 00:00 0 
7fcc0dbaa000-7fcc0dbab000 rw-p 00000000 00:00 0 
7fcc0dbab000-7fcc0dbac000 r--p 00025000 fc:00 8257706                    /lib/x86_64-linux-gnu/ld-2.23.so
7fcc0dbac000-7fcc0dbad000 rw-p 00026000 fc:00 8257706                    /lib/x86_64-linux-gnu/ld-2.23.so
7fcc0dbad000-7fcc0dbae000 rw-p 00000000 00:00 0 
7ffea473d000-7ffea475f000 rw-p 00000000 00:00 0                          [stack]
7ffea4765000-7ffea4768000 r--p 00000000 00:00 0                          [vvar]
7ffea4768000-7ffea476a000 r-xp 00000000 00:00 0                          [vdso]
ffffffffff600000-ffffffffff601000 r-xp 00000000 00:00 0                  [vsyscall]

VM Arguments:
java_command: com.BitJunkies.RTS.src.Game
java_class_path (initial): /home/brobz/Desktop/rts/target/classes:/home/brobz/.m2/repository/org/jogamp/jogl/jogl-all-main/2.3.2/jogl-all-main-2.3.2.jar:/home/brobz/.m2/repository/org/jogamp/jogl/jogl-all/2.3.2/jogl-all-2.3.2.jar:/home/brobz/.m2/repository/org/jogamp/jogl/jogl-all/2.3.2/jogl-all-2.3.2-natives-android-aarch64.jar:/home/brobz/.m2/repository/org/jogamp/jogl/jogl-all/2.3.2/jogl-all-2.3.2-natives-android-armv6.jar:/home/brobz/.m2/repository/org/jogamp/jogl/jogl-all/2.3.2/jogl-all-2.3.2-natives-linux-amd64.jar:/home/brobz/.m2/repository/org/jogamp/jogl/jogl-all/2.3.2/jogl-all-2.3.2-natives-linux-armv6.jar:/home/brobz/.m2/repository/org/jogamp/jogl/jogl-all/2.3.2/jogl-all-2.3.2-natives-linux-armv6hf.jar:/home/brobz/.m2/repository/org/jogamp/jogl/jogl-all/2.3.2/jogl-all-2.3.2-natives-linux-i586.jar:/home/brobz/.m2/repository/org/jogamp/jogl/jogl-all/2.3.2/jogl-all-2.3.2-natives-macosx-universal.jar:/home/brobz/.m2/repository/org/jogamp/jogl/jogl-all/2.3.2/jogl-all-2.3.2-natives-solaris-amd64.jar:/home/brobz/.m2/repository/org/jogamp/jogl/jogl-all/2.3.2/jogl-all-2.3.2-natives-solaris-i586.jar:/home/brobz/.m2/repository/org/jogamp/jogl/jogl-all/2.3.2/jogl-all-2.3.2-natives-windows-amd64.jar:/home/brobz/.m2/repository/org/jogamp/jogl/jogl-all/2.3.2/jogl-all-2.3.2-natives-windows-i586.jar:/home/brobz/.m2/repository/com/esotericsoftware/kryonet/2.22.0-RC1/kryonet-2.22.0-RC1.jar:/home/brobz/.m2/repository/com/esotericsoftware/kryo/kryo/2.24.0/kryo-2.24.0.jar:/home/brobz/.m2/repository/com/esotericsoftware/minlog/minlog/1.2/minlog-1.2.jar:/home/brobz/.m2/repository/org/objenesis/objenesis/2.1/objenesis-2.1.jar:/home/brobz/.m2/repository/com/esotericsoftware/jsonbeans/0.7/jsonbeans-0.7.jar:/home/brobz/.m2/repository/org/jogamp/gluegen/gluegen-rt-main/2.3.2/gluegen-rt-main-2.3.2.jar:/home/brobz/.m2/repository/org/jogamp/gluegen/gluegen-rt/2.3.2/gluegen-rt-2.3.2.jar:/home/brobz/.m2/repository/org/jogamp/gluegen/gluegen-rt/2.3.2/gluegen-rt-2.3.2-natives-android-aarc
Launcher Type: SUN_STANDARD

Environment Variables:
JAVA_HOME=/usr/lib/jvm/java-8-openjdk-amd64
PATH=/usr/local/sbin:/usr/local/bin:/usr/sbin:/usr/bin:/sbin:/bin:/usr/games:/usr/local/games:/snap/bin
LD_LIBRARY_PATH=/usr/lib/jvm/java-8-openjdk-amd64/jre/lib/amd64:/usr/lib/jvm/java-8-openjdk-amd64/jre/lib/i386:
SHELL=/usr/bin/zsh
DISPLAY=:0.0

Signal Handlers:
SIGSEGV: [libjvm.so+0xa74ca0], sa_mask[0]=11111111011111111101111111111110, sa_flags=SA_RESTART|SA_SIGINFO
SIGBUS: [libjvm.so+0xa74ca0], sa_mask[0]=11111111011111111101111111111110, sa_flags=SA_RESTART|SA_SIGINFO
SIGFPE: [libjvm.so+0x8bbcf0], sa_mask[0]=11111111011111111101111111111110, sa_flags=SA_RESTART|SA_SIGINFO
SIGPIPE: [libjvm.so+0x8bbcf0], sa_mask[0]=11111111011111111101111111111110, sa_flags=SA_RESTART|SA_SIGINFO
SIGXFSZ: [libjvm.so+0x8bbcf0], sa_mask[0]=11111111011111111101111111111110, sa_flags=SA_RESTART|SA_SIGINFO
SIGILL: [libjvm.so+0x8bbcf0], sa_mask[0]=11111111011111111101111111111110, sa_flags=SA_RESTART|SA_SIGINFO
SIGUSR1: SIG_DFL, sa_mask[0]=00000000000000000000000000000000, sa_flags=none
SIGUSR2: [libjvm.so+0x8bbba0], sa_mask[0]=00100000000000000000000000000000, sa_flags=SA_RESTART|SA_SIGINFO
SIGHUP: [libjvm.so+0x8bc230], sa_mask[0]=11111111011111111101111111111110, sa_flags=SA_RESTART|SA_SIGINFO
SIGINT: SIG_IGN, sa_mask[0]=00000000000000000000000000000000, sa_flags=none
SIGTERM: [libjvm.so+0x8bc230], sa_mask[0]=11111111011111111101111111111110, sa_flags=SA_RESTART|SA_SIGINFO
SIGQUIT: [libjvm.so+0x8bc230], sa_mask[0]=11111111011111111101111111111110, sa_flags=SA_RESTART|SA_SIGINFO


---------------  S Y S T E M  ---------------

OS:DISTRIB_ID=Ubuntu
DISTRIB_RELEASE=16.04
DISTRIB_CODENAME=xenial
DISTRIB_DESCRIPTION="Ubuntu 16.04.6 LTS"

uname:Linux 4.4.0-146-generic #172-Ubuntu SMP Wed Apr 3 09:00:08 UTC 2019 x86_64
libc:glibc 2.23 NPTL 2.23 
rlimit: STACK 8192k, CORE 0k, NPROC 10815, NOFILE 1048576, AS infinity
load average:3.42 4.07 3.24

/proc/meminfo:
MemTotal:        2812364 kB
MemFree:          591056 kB
MemAvailable:     697204 kB
Buffers:           11232 kB
Cached:           241356 kB
SwapCached:        19072 kB
Active:          1883948 kB
Inactive:         178420 kB
Active(anon):    1767756 kB
Inactive(anon):    73968 kB
Active(file):     116192 kB
Inactive(file):   104452 kB
Unevictable:          64 kB
Mlocked:              64 kB
SwapTotal:       2871292 kB
SwapFree:        2547288 kB
Dirty:              1560 kB
Writeback:             0 kB
AnonPages:       1808764 kB
Mapped:           147504 kB
Shmem:             31764 kB
Slab:              74156 kB
SReclaimable:      40284 kB
SUnreclaim:        33872 kB
KernelStack:        7904 kB
PageTables:        32624 kB
NFS_Unstable:          0 kB
Bounce:                0 kB
WritebackTmp:          0 kB
CommitLimit:     4277472 kB
Committed_AS:    6708624 kB
VmallocTotal:   34359738367 kB
VmallocUsed:           0 kB
VmallocChunk:          0 kB
HardwareCorrupted:     0 kB
AnonHugePages:         0 kB
CmaTotal:              0 kB
CmaFree:               0 kB
HugePages_Total:       0
HugePages_Free:        0
HugePages_Rsvd:        0
HugePages_Surp:        0
Hugepagesize:       2048 kB
DirectMap4k:      279760 kB
DirectMap2M:     2594816 kB

container (cgroup) information:
container_type: cgroupv1
cpu_cpuset_cpus: 0-3
cpu_memory_nodes: 0
active_processor_count: 4
cpu_quota: -1
cpu_period: 100000
cpu_shares: -1
memory_limit_in_bytes: -1
memory_and_swap_limit_in_bytes: -2
memory_soft_limit_in_bytes: -1
memory_usage_in_bytes: 2112122880
memory_max_usage_in_bytes: 0


CPU:total 4 (initial active 4) (2 cores per cpu, 2 threads per core) family 6 model 37 stepping 5, cmov, cx8, fxsr, mmx, sse, sse2, sse3, ssse3, sse4.1, sse4.2, popcnt, ht, tsc, tscinvbit

/proc/cpuinfo:
processor	: 0
vendor_id	: GenuineIntel
cpu family	: 6
model		: 37
model name	: Intel(R) Core(TM) i3 CPU       M 380  @ 2.53GHz
stepping	: 5
microcode	: 0x7
cpu MHz		: 2533.000
cache size	: 3072 KB
physical id	: 0
siblings	: 4
core id		: 0
cpu cores	: 2
apicid		: 0
initial apicid	: 0
fpu		: yes
fpu_exception	: yes
cpuid level	: 11
wp		: yes
flags		: fpu vme de pse tsc msr pae mce cx8 apic sep mtrr pge mca cmov pat pse36 clflush dts acpi mmx fxsr sse sse2 ss ht tm pbe syscall nx rdtscp lm constant_tsc arch_perfmon pebs bts rep_good nopl xtopology nonstop_tsc aperfmperf pni dtes64 monitor ds_cpl vmx est tm2 ssse3 cx16 xtpr pdcm pcid sse4_1 sse4_2 popcnt lahf_lm ssbd ibrs ibpb stibp kaiser tpr_shadow vnmi flexpriority ept vpid dtherm arat flush_l1d
bugs		: cpu_meltdown spectre_v1 spectre_v2 spec_store_bypass l1tf
bogomips	: 5053.77
clflush size	: 64
cache_alignment	: 64
address sizes	: 36 bits physical, 48 bits virtual
power management:

processor	: 1
vendor_id	: GenuineIntel
cpu family	: 6
model		: 37
model name	: Intel(R) Core(TM) i3 CPU       M 380  @ 2.53GHz
stepping	: 5
microcode	: 0x7
cpu MHz		: 1199.000
cache size	: 3072 KB
physical id	: 0
siblings	: 4
core id		: 0
cpu cores	: 2
apicid		: 1
initial apicid	: 1
fpu		: yes
fpu_exception	: yes
cpuid level	: 11
wp		: yes
flags		: fpu vme de pse tsc msr pae mce cx8 apic sep mtrr pge mca cmov pat pse36 clflush dts acpi mmx fxsr sse sse2 ss ht tm pbe syscall nx rdtscp lm constant_tsc arch_perfmon pebs bts rep_good nopl xtopology nonstop_tsc aperfmperf pni dtes64 monitor ds_cpl vmx est tm2 ssse3 cx16 xtpr pdcm pcid sse4_1 sse4_2 popcnt lahf_lm ssbd ibrs ibpb stibp kaiser tpr_shadow vnmi flexpriority ept vpid dtherm arat flush_l1d
bugs		: cpu_meltdown spectre_v1 spectre_v2 spec_store_bypass l1tf
bogomips	: 5053.77
clflush size	: 64
cache_alignment	: 64
address sizes	: 36 bits physical, 48 bits virtual
power management:

processor	: 2
vendor_id	: GenuineIntel
cpu family	: 6
model		: 37
model name	: Intel(R) Core(TM) i3 CPU       M 380  @ 2.53GHz
stepping	: 5
microcode	: 0x7
cpu MHz		: 1733.000
cache size	: 3072 KB
physical id	: 0
siblings	: 4
core id		: 2
cpu cores	: 2
apicid		: 4
initial apicid	: 4
fpu		: yes
fpu_exception	: yes
cpuid level	: 11
wp		: yes
flags		: fpu vme de pse tsc msr pae mce cx8 apic sep mtrr pge mca cmov pat pse36 clflush dts acpi mmx fxsr sse sse2 ss ht tm pbe syscall nx rdtscp lm constant_tsc arch_perfmon pebs bts rep_good nopl xtopology nonstop_tsc aperfmperf pni dtes64 monitor ds_cpl vmx est tm2 ssse3 cx16 xtpr pdcm pcid sse4_1 sse4_2 popcnt lahf_lm ssbd ibrs ibpb stibp kaiser tpr_shadow vnmi flexpriority ept vpid dtherm arat flush_l1d
bugs		: cpu_meltdown spectre_v1 spectre_v2 spec_store_bypass l1tf
bogomips	: 5053.77
clflush size	: 64
cache_alignment	: 64
address sizes	: 36 bits physical, 48 bits virtual
power management:

processor	: 3
vendor_id	: GenuineIntel
cpu family	: 6
model		: 37
model name	: Intel(R) Core(TM) i3 CPU       M 380  @ 2.53GHz
stepping	: 5
microcode	: 0x7
cpu MHz		: 2533.000
cache size	: 3072 KB
physical id	: 0
siblings	: 4
core id		: 2
cpu cores	: 2
apicid		: 5
initial apicid	: 5
fpu		: yes
fpu_exception	: yes
cpuid level	: 11
wp		: yes
flags		: fpu vme de pse tsc msr pae mce cx8 apic sep mtrr pge mca cmov pat pse36 clflush dts acpi mmx fxsr sse sse2 ss ht tm pbe syscall nx rdtscp lm constant_tsc arch_perfmon pebs bts rep_good nopl xtopology nonstop_tsc aperfmperf pni dtes64 monitor ds_cpl vmx est tm2 ssse3 cx16 xtpr pdcm pcid sse4_1 sse4_2 popcnt lahf_lm ssbd ibrs ibpb stibp kaiser tpr_shadow vnmi flexpriority ept vpid dtherm arat flush_l1d
bugs		: cpu_meltdown spectre_v1 spectre_v2 spec_store_bypass l1tf
bogomips	: 5053.77
clflush size	: 64
cache_alignment	: 64
address sizes	: 36 bits physical, 48 bits virtual
power management:



Memory: 4k page, physical 2812364k(591056k free), swap 2871292k(2547288k free)

vm_info: OpenJDK 64-Bit Server VM (25.191-b12) for linux-amd64 JRE (1.8.0_191-8u191-b12-2ubuntu0.16.04.1-b12), built on Jan 14 2019 21:59:52 by "buildd" with gcc 5.4.0 20160609

time: Tue May  7 15:32:56 2019
elapsed time: 28 seconds (0d 0h 0m 28s)

