#
# A fatal error has been detected by the Java Runtime Environment:
#
#  SIGSEGV (0xb) at pc=0x00007f0a0f279e88, pid=2242, tid=0x00007f0a0d7ef700
#
# JRE version: OpenJDK Runtime Environment (8.0_191-b12) (build 1.8.0_191-8u191-b12-2ubuntu0.18.04.1-b12)
# Java VM: OpenJDK 64-Bit Server VM (25.191-b12 mixed mode linux-amd64 compressed oops)
# Problematic frame:
# C  [libxcb.so.1+0xbe88]  xcb_writev+0x8
#
# Failed to write core dump. Core dumps have been disabled. To enable core dumping, try "ulimit -c unlimited" before starting Java again
#
# If you would like to submit a bug report, please visit:
#   http://bugreport.java.com/bugreport/crash.jsp
# The crash happened outside the Java Virtual Machine in native code.
# See problematic frame for where to report the bug.
#

---------------  T H R E A D  ---------------

Current thread (0x00007f0a30945800):  JavaThread "main-Display-.x11_:0.0-1-EDT-1" daemon [_thread_in_native, id=2275, stack(0x00007f0a0d6ef000,0x00007f0a0d7f0000)]

siginfo: si_signo: 11 (SIGSEGV), si_code: 1 (SEGV_MAPERR), si_addr: 0x0000000000000000

Registers:
RAX=0x00007f0a0fded6e4, RBX=0x00007f09d4001f70, RCX=0x0000000000000003, RDX=0x0000000000000003
RSP=0x00007f0a0d7ed8a0, RBP=0x0000000000000000, RSI=0x00007f0a0d7ed8e0, RDI=0x0000000000000000
R8 =0x00007f09bead2720, R9 =0x0000000000000009, R10=0x00007f0a35fc9880, R11=0x00007f0a20c93820
R12=0x00007f0a0d7ed910, R13=0x00007f0a0d7ed8e0, R14=0x0000000000000000, R15=0x0000000000000000
RIP=0x00007f0a0f279e88, EFLAGS=0x0000000000010246, CSGSFS=0x002b000000000033, ERR=0x0000000000000004
  TRAPNO=0x000000000000000e

Top of Stack: (sp=0x00007f0a0d7ed8a0)
0x00007f0a0d7ed8a0:   00007f09d4001f70 0000000000000000
0x00007f0a0d7ed8b0:   00007f0a0d7ed910 00007f0a0d7ed8e0
0x00007f0a0d7ed8c0:   0000000000000000 00007f0a0faf4146
0x00007f0a0d7ed8d0:   0000000000000000 0000000000000003
0x00007f0a0d7ed8e0:   00007f09d40089c0 0000000000000014
0x00007f0a0d7ed8f0:   0000000000000000 0000000000000000
0x00007f0a0d7ed900:   00007f0a0fded6e4 0000000000000000
0x00007f0a0d7ed910:   0000000000000000 ddf4088058ec0e00
0x00007f0a0d7ed920:   00000000415a740e 00007f09d4001f70
0x00007f0a0d7ed930:   0000000000000001 0000000000000000
0x00007f0a0d7ed940:   00007f09beabcde8 0000000000000000
0x00007f0a0d7ed950:   00007f09d4001f70 00007f0a0faf466c
0x00007f0a0d7ed960:   00007f0a0d7ed9c0 0000000100000000
0x00007f0a0d7ed970:   0000008000000080 ddf4088058ec0e00
0x00007f0a0d7ed980:   00007f09d4023fb0 00007f09d4001f70
0x00007f0a0d7ed990:   0000000000000001 0000000000000000
0x00007f0a0d7ed9a0:   00007f09beabcde8 00007f0a0d7edbb8
0x00007f0a0d7ed9b0:   00007f0a30945800 00007f0a0faf01cd
0x00007f0a0d7ed9c0:   0000000009a30101 00007f09beabcde8
0x00007f0a0d7ed9d0:   00007f09d4001f70 0000000002e00001
0x00007f0a0d7ed9e0:   0000000000000000 ddf4088058ec0e00
0x00007f0a0d7ed9f0:   00007f0a0d7edae0 00007f09beabcde8
0x00007f0a0d7eda00:   00007f0a0d7edae0 00007f09be89881d
0x00007f0a0d7eda10:   00007f09beabcd00 0000005900000093
0x00007f0a0d7eda20:   00007f09d4023fb0 00007f09d4001f70
0x00007f0a0d7eda30:   00007f0a0d7edbb8 00007f0a309459e0
0x00007f0a0d7eda40:   0000001800000001 000002bc000004b0
0x00007f0a0d7eda50:   0000001800000000 00007f09d400cd68
0x00007f0a0d7eda60:   0000000000000102 0000000000000001
0x00007f0a0d7eda70:   0000000000000001 0000000000000000
0x00007f0a0d7eda80:   0000000000000000 0000000000000000
0x00007f0a0d7eda90:   0000000002e00001 0000000200000000 

Instructions: (pc=0x00007f0a0f279e88)
0x00007f0a0f279e68:   5d 41 5e c3 0f 1f 40 00 bb 01 00 00 00 eb c8 66
0x00007f0a0f279e78:   0f 1f 84 00 00 00 00 00 41 56 41 55 41 54 55 53
0x00007f0a0f279e88:   8b 07 31 db 85 c0 75 37 4c 8d 77 18 48 89 fb 49
0x00007f0a0f279e98:   89 cd 41 89 d4 48 89 f5 4c 89 f7 e8 68 f2 ff ff 

Register to memory mapping:

RAX=0x00007f0a0fded6e4: <offset 0x3376e4> in /usr/lib/x86_64-linux-gnu/libX11.so.6 at 0x00007f0a0fab6000
RBX=0x00007f09d4001f70 is an unknown value
RCX=0x0000000000000003 is an unknown value
RDX=0x0000000000000003 is an unknown value
RSP=0x00007f0a0d7ed8a0 is pointing into the stack for thread: 0x00007f0a30945800
RBP=0x0000000000000000 is an unknown value
RSI=0x00007f0a0d7ed8e0 is pointing into the stack for thread: 0x00007f0a30945800
RDI=0x0000000000000000 is an unknown value
R8 ={method} {0x00007f09bead2720} 'windowDestroyNotify' '(Z)Z' in 'jogamp/newt/WindowImpl'
R9 =0x0000000000000009 is an unknown value
R10=0x00007f0a35fc9880: <offset 0xf77880> in /usr/lib/jvm/java-8-openjdk-amd64/jre/lib/amd64/server/libjvm.so at 0x00007f0a35052000
R11=0x00007f0a20c93820 is at entry_point+32 in (nmethod*)0x00007f0a20c93690
R12=0x00007f0a0d7ed910 is pointing into the stack for thread: 0x00007f0a30945800
R13=0x00007f0a0d7ed8e0 is pointing into the stack for thread: 0x00007f0a30945800
R14=0x0000000000000000 is an unknown value
R15=0x0000000000000000 is an unknown value


Stack: [0x00007f0a0d6ef000,0x00007f0a0d7f0000],  sp=0x00007f0a0d7ed8a0,  free space=1018k
Native frames: (J=compiled Java code, j=interpreted, Vv=VM code, C=native code)
C  [libxcb.so.1+0xbe88]  xcb_writev+0x8

Java frames: (J=compiled Java code, j=interpreted, Vv=VM code)
j  jogamp.newt.driver.x11.WindowDriver.CloseWindow0(JJII)V+0
j  jogamp.newt.driver.x11.WindowDriver.closeNativeImpl()V+58
j  jogamp.newt.WindowImpl$1.run()V+311
j  jogamp.newt.DisplayImpl.runOnEDTIfAvail(ZLjava/lang/Runnable;)V+172
j  jogamp.newt.WindowImpl.runOnEDTIfAvail(ZLjava/lang/Runnable;)V+36
j  jogamp.newt.WindowImpl.destroy()V+16
j  com.jogamp.newt.opengl.GLWindow.destroy()V+4
j  jogamp.opengl.GLAutoDrawableBase.destroyAvoidAwareOfLocking()V+71
j  jogamp.opengl.GLAutoDrawableBase.defaultWindowDestroyNotifyOp()V+43
j  com.jogamp.newt.opengl.GLWindow.access$000(Lcom/jogamp/newt/opengl/GLWindow;)V+1
j  com.jogamp.newt.opengl.GLWindow$1.run()V+4
j  jogamp.newt.WindowImpl.windowDestroyNotify(Z)Z+147
v  ~StubRoutines::call_stub
J 2168  jogamp.newt.driver.x11.DisplayDriver.DispatchMessages0(JJJII)V (0 bytes) @ 0x00007f0a20c7ad7f [0x00007f0a20c7ad40+0x3f]
J 2866 C2 jogamp.newt.DisplayImpl$7.run()V (8 bytes) @ 0x00007f0a20a3fa4c [0x00007f0a20a3f8e0+0x16c]
j  jogamp.newt.DefaultEDTUtil$NEDT.run()V+67
v  ~StubRoutines::call_stub

---------------  P R O C E S S  ---------------

Java Threads: ( => current thread )
  0x00007f0a3000d000 JavaThread "DestroyJavaVM" [_thread_blocked, id=2246, stack(0x00007f0a36d21000,0x00007f0a36e21000)]
  0x00007f0a3013d800 JavaThread "GameLoop" [_thread_blocked, id=2279, stack(0x00007f09a4aff000,0x00007f09a4c00000)]
  0x00007f09d5823800 JavaThread "Thread-3" daemon [_thread_in_native, id=2278, stack(0x00007f09b580f000,0x00007f09b5910000)]
  0x00007f09d5827000 JavaThread "Server" daemon [_thread_in_native, id=2277, stack(0x00007f0a0d7f0000,0x00007f0a0d8f1000)]
=>0x00007f0a30945800 JavaThread "main-Display-.x11_:0.0-1-EDT-1" daemon [_thread_in_native, id=2275, stack(0x00007f0a0d6ef000,0x00007f0a0d7f0000)]
  0x00007f0a30721800 JavaThread "main-SharedResourceRunner" daemon [_thread_blocked, id=2272, stack(0x00007f09c5d92000,0x00007f09c5e93000)]
  0x00007f0a305c9000 JavaThread "main-SharedResourceRunner" daemon [_thread_blocked, id=2271, stack(0x00007f0a0c4f0000,0x00007f0a0c5f1000)]
  0x00007f0a304a0800 JavaThread "AWT-XAWT" daemon [_thread_in_native, id=2267, stack(0x00007f0a1404f000,0x00007f0a14150000)]
  0x00007f0a3047f800 JavaThread "Java2D Disposer" daemon [_thread_blocked, id=2266, stack(0x00007f0a1488d000,0x00007f0a1498e000)]
  0x00007f0a300cb000 JavaThread "Service Thread" daemon [_thread_blocked, id=2258, stack(0x00007f0a17eff000,0x00007f0a18000000)]
  0x00007f0a300c0000 JavaThread "C1 CompilerThread2" daemon [_thread_blocked, id=2257, stack(0x00007f0a1c097000,0x00007f0a1c197000)]
  0x00007f0a300be800 JavaThread "C2 CompilerThread1" daemon [_thread_blocked, id=2256, stack(0x00007f0a1c198000,0x00007f0a1c298000)]
  0x00007f0a300bb800 JavaThread "C2 CompilerThread0" daemon [_thread_blocked, id=2255, stack(0x00007f0a1c299000,0x00007f0a1c399000)]
  0x00007f0a300ba000 JavaThread "Signal Dispatcher" daemon [_thread_blocked, id=2254, stack(0x00007f0a1c399000,0x00007f0a1c49a000)]
  0x00007f0a30086800 JavaThread "Finalizer" daemon [_thread_blocked, id=2253, stack(0x00007f0a1c8a9000,0x00007f0a1c9aa000)]
  0x00007f0a30084000 JavaThread "Reference Handler" daemon [_thread_blocked, id=2252, stack(0x00007f0a1c9aa000,0x00007f0a1caab000)]

Other Threads:
  0x00007f0a3007a800 VMThread [stack: 0x00007f0a1caac000,0x00007f0a1cbac000] [id=2251]
  0x00007f0a300ce000 WatcherThread [stack: 0x00007f0a17dff000,0x00007f0a17eff000] [id=2259]

VM state:not at safepoint (normal execution)

VM Mutex/Monitor currently owned by a thread: None

Heap:
 PSYoungGen      total 224256K, used 117335K [0x00000000f1b80000, 0x0000000100000000, 0x0000000100000000)
  eden space 215552K, 52% used [0x00000000f1b80000,0x00000000f896fa50,0x00000000fee00000)
  from space 8704K, 54% used [0x00000000ff780000,0x00000000ffc261e0,0x0000000100000000)
  to   space 9216K, 0% used [0x00000000fee00000,0x00000000fee00000,0x00000000ff700000)
 ParOldGen       total 468480K, used 197017K [0x00000000d5200000, 0x00000000f1b80000, 0x00000000f1b80000)
  object space 468480K, 42% used [0x00000000d5200000,0x00000000e1266768,0x00000000f1b80000)
 Metaspace       used 19818K, capacity 20082K, committed 20224K, reserved 1067008K
  class space    used 1929K, capacity 1999K, committed 2048K, reserved 1048576K

Card table byte_map: [0x00007f0a2009d000,0x00007f0a201f5000] byte_map_base: 0x00007f0a1f9f4000

Marking Bits: (ParMarkBitMap*) 0x00007f0a35fbb340
 Begin Bits: [0x00007f0a1e644000, 0x00007f0a1f0fc000)
 End Bits:   [0x00007f0a1f0fc000, 0x00007f0a1fbb4000)

Polling page: 0x00007f0a36e3c000

CodeCache: size=245760Kb used=10807Kb max_used=10818Kb free=234952Kb
 bounds [0x00007f0a205b5000, 0x00007f0a21105000, 0x00007f0a2f5b5000]
 total_blobs=3437 nmethods=2449 adapters=903
 compilation: enabled

Compilation events (10 events):
Event: 83.159 Thread 0x00007f0a300bb800 2911       4       com.BitJunkies.RTS.src.server.UnitInfoObjectConstructorAccess::newInstance (8 bytes)
Event: 83.161 Thread 0x00007f0a300bb800 nmethod 2911 0x00007f0a20a6b210 code [0x00007f0a20a6b360, 0x00007f0a20a6b438]
Event: 83.624 Thread 0x00007f0a300c0000 2912       3       com.BitJunkies.RTS.src.Unit::stopMoving (33 bytes)
Event: 83.625 Thread 0x00007f0a300c0000 nmethod 2912 0x00007f0a20a96510 code [0x00007f0a20a966a0, 0x00007f0a20a96af0]
Event: 84.392 Thread 0x00007f0a300be800 2913       4       com.BitJunkies.RTS.src.server.PlayerInfoObjectConstructorAccess::newInstance (8 bytes)
Event: 84.394 Thread 0x00007f0a300be800 nmethod 2913 0x00007f0a20a78ed0 code [0x00007f0a20a79020, 0x00007f0a20a790f8]
Event: 84.559 Thread 0x00007f0a300c0000 2914       3       jogamp.common.util.locks.RecursiveLockImpl01Unfairish$SingleThreadSync::getOwner (5 bytes)
Event: 84.560 Thread 0x00007f0a300c0000 nmethod 2914 0x00007f0a20af8710 code [0x00007f0a20af8880, 0x00007f0a20af8a70]
Event: 84.694 Thread 0x00007f0a300c0000 2915   !   3       jogamp.common.util.locks.RecursiveLockImpl01Unfairish::tryLock (582 bytes)
Event: 84.696 Thread 0x00007f0a300c0000 nmethod 2915 0x00007f0a20adc5d0 code [0x00007f0a20adc820, 0x00007f0a20addcd8]

GC Heap History (10 events):
Event: 59.951 GC heap before
{Heap before GC invocations=48 (full 14):
 PSYoungGen      total 203264K, used 202257K [0x00000000f1b80000, 0x00000000ff700000, 0x0000000100000000)
  eden space 197120K, 100% used [0x00000000f1b80000,0x00000000fdc00000,0x00000000fdc00000)
  from space 6144K, 83% used [0x00000000fdc00000,0x00000000fe1044f0,0x00000000fe200000)
  to   space 7168K, 0% used [0x00000000ff000000,0x00000000ff000000,0x00000000ff700000)
 ParOldGen       total 468480K, used 196993K [0x00000000d5200000, 0x00000000f1b80000, 0x00000000f1b80000)
  object space 468480K, 42% used [0x00000000d5200000,0x00000000e1260768,0x00000000f1b80000)
 Metaspace       used 19806K, capacity 20082K, committed 20224K, reserved 1067008K
  class space    used 1928K, capacity 1999K, committed 2048K, reserved 1048576K
Event: 59.973 GC heap after
Heap after GC invocations=48 (full 14):
 PSYoungGen      total 213504K, used 4880K [0x00000000f1b80000, 0x00000000ff580000, 0x0000000100000000)
  eden space 207872K, 0% used [0x00000000f1b80000,0x00000000f1b80000,0x00000000fe680000)
  from space 5632K, 86% used [0x00000000ff000000,0x00000000ff4c4110,0x00000000ff580000)
  to   space 7680K, 0% used [0x00000000fe680000,0x00000000fe680000,0x00000000fee00000)
 ParOldGen       total 468480K, used 197001K [0x00000000d5200000, 0x00000000f1b80000, 0x00000000f1b80000)
  object space 468480K, 42% used [0x00000000d5200000,0x00000000e1262768,0x00000000f1b80000)
 Metaspace       used 19806K, capacity 20082K, committed 20224K, reserved 1067008K
  class space    used 1928K, capacity 1999K, committed 2048K, reserved 1048576K
}
Event: 70.078 GC heap before
{Heap before GC invocations=49 (full 14):
 PSYoungGen      total 213504K, used 212752K [0x00000000f1b80000, 0x00000000ff580000, 0x0000000100000000)
  eden space 207872K, 100% used [0x00000000f1b80000,0x00000000fe680000,0x00000000fe680000)
  from space 5632K, 86% used [0x00000000ff000000,0x00000000ff4c4110,0x00000000ff580000)
  to   space 7680K, 0% used [0x00000000fe680000,0x00000000fe680000,0x00000000fee00000)
 ParOldGen       total 468480K, used 197001K [0x00000000d5200000, 0x00000000f1b80000, 0x00000000f1b80000)
  object space 468480K, 42% used [0x00000000d5200000,0x00000000e1262768,0x00000000f1b80000)
 Metaspace       used 19813K, capacity 20082K, committed 20224K, reserved 1067008K
  class space    used 1929K, capacity 1999K, committed 2048K, reserved 1048576K
Event: 70.220 GC heap after
Heap after GC invocations=49 (full 14):
 PSYoungGen      total 215552K, used 4768K [0x00000000f1b80000, 0x0000000100000000, 0x0000000100000000)
  eden space 207872K, 0% used [0x00000000f1b80000,0x00000000f1b80000,0x00000000fe680000)
  from space 7680K, 62% used [0x00000000fe680000,0x00000000feb28100,0x00000000fee00000)
  to   space 8192K, 0% used [0x00000000ff800000,0x00000000ff800000,0x0000000100000000)
 ParOldGen       total 468480K, used 197009K [0x00000000d5200000, 0x00000000f1b80000, 0x00000000f1b80000)
  object space 468480K, 42% used [0x00000000d5200000,0x00000000e1264768,0x00000000f1b80000)
 Metaspace       used 19813K, capacity 20082K, committed 20224K, reserved 1067008K
  class space    used 1929K, capacity 1999K, committed 2048K, reserved 1048576K
}
Event: 74.732 GC heap before
{Heap before GC invocations=50 (full 14):
 PSYoungGen      total 215552K, used 212640K [0x00000000f1b80000, 0x0000000100000000, 0x0000000100000000)
  eden space 207872K, 100% used [0x00000000f1b80000,0x00000000fe680000,0x00000000fe680000)
  from space 7680K, 62% used [0x00000000fe680000,0x00000000feb28100,0x00000000fee00000)
  to   space 8192K, 0% used [0x00000000ff800000,0x00000000ff800000,0x0000000100000000)
 ParOldGen       total 468480K, used 197009K [0x00000000d5200000, 0x00000000f1b80000, 0x00000000f1b80000)
  object space 468480K, 42% used [0x00000000d5200000,0x00000000e1264768,0x00000000f1b80000)
 Metaspace       used 19814K, capacity 20082K, committed 20224K, reserved 1067008K
  class space    used 1929K, capacity 1999K, committed 2048K, reserved 1048576K
Event: 74.740 GC heap after
Heap after GC invocations=50 (full 14):
 PSYoungGen      total 223744K, used 4632K [0x00000000f1b80000, 0x00000000fff80000, 0x0000000100000000)
  eden space 216064K, 0% used [0x00000000f1b80000,0x00000000f1b80000,0x00000000fee80000)
  from space 7680K, 60% used [0x00000000ff800000,0x00000000ffc861e0,0x00000000fff80000)
  to   space 8704K, 0% used [0x00000000fee80000,0x00000000fee80000,0x00000000ff700000)
 ParOldGen       total 468480K, used 197009K [0x00000000d5200000, 0x00000000f1b80000, 0x00000000f1b80000)
  object space 468480K, 42% used [0x00000000d5200000,0x00000000e1264768,0x00000000f1b80000)
 Metaspace       used 19814K, capacity 20082K, committed 20224K, reserved 1067008K
  class space    used 1929K, capacity 1999K, committed 2048K, reserved 1048576K
}
Event: 79.617 GC heap before
{Heap before GC invocations=51 (full 14):
 PSYoungGen      total 223744K, used 220696K [0x00000000f1b80000, 0x00000000fff80000, 0x0000000100000000)
  eden space 216064K, 100% used [0x00000000f1b80000,0x00000000fee80000,0x00000000fee80000)
  from space 7680K, 60% used [0x00000000ff800000,0x00000000ffc861e0,0x00000000fff80000)
  to   space 8704K, 0% used [0x00000000fee80000,0x00000000fee80000,0x00000000ff700000)
 ParOldGen       total 468480K, used 197009K [0x00000000d5200000, 0x00000000f1b80000, 0x00000000f1b80000)
  object space 468480K, 42% used [0x00000000d5200000,0x00000000e1264768,0x00000000f1b80000)
 Metaspace       used 19814K, capacity 20082K, committed 20224K, reserved 1067008K
  class space    used 1929K, capacity 1999K, committed 2048K, reserved 1048576K
Event: 79.628 GC heap after
Heap after GC invocations=51 (full 14):
 PSYoungGen      total 224768K, used 4672K [0x00000000f1b80000, 0x0000000100000000, 0x0000000100000000)
  eden space 216064K, 0% used [0x00000000f1b80000,0x00000000f1b80000,0x00000000fee80000)
  from space 8704K, 53% used [0x00000000fee80000,0x00000000ff310100,0x00000000ff700000)
  to   space 8704K, 0% used [0x00000000ff780000,0x00000000ff780000,0x0000000100000000)
 ParOldGen       total 468480K, used 197017K [0x00000000d5200000, 0x00000000f1b80000, 0x00000000f1b80000)
  object space 468480K, 42% used [0x00000000d5200000,0x00000000e1266768,0x00000000f1b80000)
 Metaspace       used 19814K, capacity 20082K, committed 20224K, reserved 1067008K
  class space    used 1929K, capacity 1999K, committed 2048K, reserved 1048576K
}
Event: 84.031 GC heap before
{Heap before GC invocations=52 (full 14):
 PSYoungGen      total 224768K, used 220736K [0x00000000f1b80000, 0x0000000100000000, 0x0000000100000000)
  eden space 216064K, 100% used [0x00000000f1b80000,0x00000000fee80000,0x00000000fee80000)
  from space 8704K, 53% used [0x00000000fee80000,0x00000000ff310100,0x00000000ff700000)
  to   space 8704K, 0% used [0x00000000ff780000,0x00000000ff780000,0x0000000100000000)
 ParOldGen       total 468480K, used 197017K [0x00000000d5200000, 0x00000000f1b80000, 0x00000000f1b80000)
  object space 468480K, 42% used [0x00000000d5200000,0x00000000e1266768,0x00000000f1b80000)
 Metaspace       used 19814K, capacity 20082K, committed 20224K, reserved 1067008K
  class space    used 1929K, capacity 1999K, committed 2048K, reserved 1048576K
Event: 84.039 GC heap after
Heap after GC invocations=52 (full 14):
 PSYoungGen      total 224256K, used 4760K [0x00000000f1b80000, 0x0000000100000000, 0x0000000100000000)
  eden space 215552K, 0% used [0x00000000f1b80000,0x00000000f1b80000,0x00000000fee00000)
  from space 8704K, 54% used [0x00000000ff780000,0x00000000ffc261e0,0x0000000100000000)
  to   space 9216K, 0% used [0x00000000fee00000,0x00000000fee00000,0x00000000ff700000)
 ParOldGen       total 468480K, used 197017K [0x00000000d5200000, 0x00000000f1b80000, 0x00000000f1b80000)
  object space 468480K, 42% used [0x00000000d5200000,0x00000000e1266768,0x00000000f1b80000)
 Metaspace       used 19814K, capacity 20082K, committed 20224K, reserved 1067008K
  class space    used 1929K, capacity 1999K, committed 2048K, reserved 1048576K
}

Deoptimization events (10 events):
Event: 69.972 Thread 0x00007f09d5827000 Uncommon trap: reason=unstable_if action=reinterpret pc=0x00007f0a20e9ab70 method=java.util.HashMap.isEmpty()Z @ 4
Event: 70.765 Thread 0x00007f0a3013d800 Uncommon trap: reason=unstable_if action=reinterpret pc=0x00007f0a2109eba4 method=com.BitJunkies.RTS.src.Game.tick()V @ 480
Event: 72.738 Thread 0x00007f0a3013d800 Uncommon trap: reason=unstable_if action=reinterpret pc=0x00007f0a20e67838 method=sun.font.CompositeGlyphMapper.charsToGlyphs(I[C[I)V @ 136
Event: 72.739 Thread 0x00007f0a3013d800 Uncommon trap: reason=unstable_if action=reinterpret pc=0x00007f0a20ca5b38 method=sun.font.FileFontStrike.getGlyphImagePtr(I)J @ 21
Event: 72.876 Thread 0x00007f0a3013d800 Uncommon trap: reason=null_check action=make_not_entrant pc=0x00007f0a20d581e8 method=sun.font.FileFontStrike.getGlyphOutlineBounds(I)Ljava/awt/geom/Rectangle2D$Float; @ 31
Event: 73.360 Thread 0x00007f0a3013d800 Uncommon trap: reason=unstable_if action=reinterpret pc=0x00007f0a20dddee8 method=sun.font.CompositeGlyphMapper.charsToGlyphs(I[C[I)V @ 136
Event: 81.079 Thread 0x00007f0a3013d800 Uncommon trap: reason=unstable_if action=reinterpret pc=0x00007f0a20aa0218 method=com.jogamp.opengl.util.awt.TextRenderer$GlyphProducer.getGlyphs(Ljava/lang/CharSequence;)Ljava/util/List; @ 173
Event: 81.079 Thread 0x00007f0a3013d800 Uncommon trap: reason=unstable_if action=reinterpret pc=0x00007f0a20e2c188 method=com.jogamp.opengl.util.awt.TextRenderer$GlyphProducer.getGlyph(Ljava/lang/CharSequence;Ljava/awt/font/GlyphMetrics;I)Lcom/jogamp/opengl/util/awt/TextRenderer$Glyph; @ 34
Event: 81.079 Thread 0x00007f0a3013d800 Uncommon trap: reason=unstable_if action=reinterpret pc=0x00007f0a20e30be4 method=com.jogamp.opengl.util.awt.TextRenderer$Glyph.draw3D(FFFF)F @ 99
Event: 84.353 Thread 0x00007f0a3013d800 Uncommon trap: reason=unstable_if action=reinterpret pc=0x00007f0a2083da7c method=jogamp.common.util.locks.RecursiveLockImpl01Unfairish.tryLock(J)Z @ 155

Classes redefined (0 events):
No events

Internal exceptions (10 events):
Event: 14.688 Thread 0x00007f0a30945800 Exception <a 'java/lang/ArrayIndexOutOfBoundsException'> (0x00000000fcb689b0) thrown at [/build/openjdk-8-5w_p1G/openjdk-8-8u191-b12/src/hotspot/src/share/vm/runtime/sharedRuntime.cpp, line 605]
Event: 14.977 Thread 0x00007f0a300cb000 Exception <a 'java/lang/UnsatisfiedLinkError': org.GNOME.Accessibility.AtkWrapper.GC()V> (0x00000000f1b84e68) thrown at [/build/openjdk-8-5w_p1G/openjdk-8-8u191-b12/src/hotspot/src/share/vm/prims/nativeLookup.cpp, line 378]
Event: 43.436 Thread 0x00007f0a300cb000 Exception <a 'java/lang/UnsatisfiedLinkError': org.GNOME.Accessibility.AtkWrapper.GC()V> (0x00000000f2047a78) thrown at [/build/openjdk-8-5w_p1G/openjdk-8-8u191-b12/src/hotspot/src/share/vm/prims/nativeLookup.cpp, line 378]
Event: 59.974 Thread 0x00007f0a300cb000 Exception <a 'java/lang/UnsatisfiedLinkError': org.GNOME.Accessibility.AtkWrapper.GC()V> (0x00000000f1e36590) thrown at [/build/openjdk-8-5w_p1G/openjdk-8-8u191-b12/src/hotspot/src/share/vm/prims/nativeLookup.cpp, line 378]
Event: 64.127 Thread 0x00007f0a3013d800 Implicit null exception at 0x00007f0a20f6af10 to 0x00007f0a20f6c3ad
Event: 69.944 Thread 0x00007f09d5827000 Exception <a 'java/io/IOException'> (0x00000000fbbd8bb0) thrown at [/build/openjdk-8-5w_p1G/openjdk-8-8u191-b12/src/hotspot/src/share/vm/prims/jni.cpp, line 709]
Event: 70.248 Thread 0x00007f0a300cb000 Exception <a 'java/lang/UnsatisfiedLinkError': org.GNOME.Accessibility.AtkWrapper.GC()V> (0x00000000f1ea4740) thrown at [/build/openjdk-8-5w_p1G/openjdk-8-8u191-b12/src/hotspot/src/share/vm/prims/nativeLookup.cpp, line 378]
Event: 74.741 Thread 0x00007f0a300cb000 Exception <a 'java/lang/UnsatisfiedLinkError': org.GNOME.Accessibility.AtkWrapper.GC()V> (0x00000000f1f1f808) thrown at [/build/openjdk-8-5w_p1G/openjdk-8-8u191-b12/src/hotspot/src/share/vm/prims/nativeLookup.cpp, line 378]
Event: 79.629 Thread 0x00007f0a300cb000 Exception <a 'java/lang/UnsatisfiedLinkError': org.GNOME.Accessibility.AtkWrapper.GC()V> (0x00000000f1fe55f0) thrown at [/build/openjdk-8-5w_p1G/openjdk-8-8u191-b12/src/hotspot/src/share/vm/prims/nativeLookup.cpp, line 378]
Event: 84.040 Thread 0x00007f0a300cb000 Exception <a 'java/lang/UnsatisfiedLinkError': org.GNOME.Accessibility.AtkWrapper.GC()V> (0x00000000f1f703b8) thrown at [/build/openjdk-8-5w_p1G/openjdk-8-8u191-b12/src/hotspot/src/share/vm/prims/nativeLookup.cpp, line 378]

Events (10 events):
Event: 81.718 Thread 0x00007f0a300c0000 flushing nmethod 0x00007f0a20c96090
Event: 81.763 Thread 0x00007f0a300c0000 flushing nmethod 0x00007f0a20d8a590
Event: 81.763 Thread 0x00007f0a300c0000 flushing nmethod 0x00007f0a20df8610
Event: 84.031 Executing VM operation: ParallelGCFailedAllocation
Event: 84.039 Executing VM operation: ParallelGCFailedAllocation done
Event: 84.353 Thread 0x00007f0a3013d800 Uncommon trap: trap_request=0xffffff65 fr.pc=0x00007f0a2083da7c
Event: 84.353 Thread 0x00007f0a3013d800 DEOPT PACKING pc=0x00007f0a2083da7c sp=0x00007f09a4bfe790
Event: 84.353 Thread 0x00007f0a3013d800 DEOPT UNPACKING pc=0x00007f0a205fa47a sp=0x00007f09a4bfe738 mode 2
Event: 91.227 loading class jogamp/newt/DisplayImpl$5
Event: 91.227 loading class jogamp/newt/DisplayImpl$5 done


Dynamic libraries:
d5200000-f1b80000 rw-p 00000000 00:00 0 
f1b80000-100000000 rw-p 00000000 00:00 0 
100000000-100200000 rw-p 00000000 00:00 0 
100200000-140000000 ---p 00000000 00:00 0 
563bf3cd0000-563bf3cd1000 r-xp 00000000 fd:00 13893830                   /usr/lib/jvm/java-8-openjdk-amd64/jre/bin/java
563bf3ed0000-563bf3ed1000 r--p 00000000 fd:00 13893830                   /usr/lib/jvm/java-8-openjdk-amd64/jre/bin/java
563bf3ed1000-563bf3ed2000 rw-p 00001000 fd:00 13893830                   /usr/lib/jvm/java-8-openjdk-amd64/jre/bin/java
563bf54de000-563bf54ff000 rw-p 00000000 00:00 0                          [heap]
7f098c000000-7f098c08d000 rw-p 00000000 00:00 0 
7f098c08d000-7f0990000000 ---p 00000000 00:00 0 
7f0990000000-7f0990e7a000 rw-p 00000000 00:00 0 
7f0990e7a000-7f0994000000 ---p 00000000 00:00 0 
7f0994000000-7f0994021000 rw-p 00000000 00:00 0 
7f0994021000-7f0998000000 ---p 00000000 00:00 0 
7f09a4aff000-7f09a4b02000 ---p 00000000 00:00 0 
7f09a4b02000-7f09a4c00000 rw-p 00000000 00:00 0 
7f09b0000000-7f09b0021000 rw-p 00000000 00:00 0 
7f09b0021000-7f09b4000000 ---p 00000000 00:00 0 
7f09b40d2000-7f09b40dd000 r--s 00000000 fd:00 1573423                    /var/cache/fontconfig/945677eb7aeaf62f1d50efc3fb3ec7d8-le64.cache-7
7f09b40dd000-7f09b40e2000 r--s 00000000 fd:00 1578452                    /var/cache/fontconfig/2300eef321c393bfd76478a5c0e95b23-le64.cache-7
7f09b40e2000-7f09b40e3000 r--s 00000000 fd:00 1578450                    /var/cache/fontconfig/0d8c3b2ac0904cb8a57a757ad11a4a08-le64.cache-7
7f09b40e3000-7f09b40f8000 r--s 00000000 fd:00 1578449                    /var/cache/fontconfig/04aabc0a78ac019cf9454389977116d2-le64.cache-7
7f09b40f8000-7f09b40f9000 r--s 00000000 fd:00 1578448                    /var/cache/fontconfig/1ac9eb803944fde146138c791f5cc56a-le64.cache-7
7f09b40f9000-7f09b40fa000 r--s 00000000 fd:00 1578422                    /var/cache/fontconfig/dc05db6664285cc2f12bf69c139ae4c3-le64.cache-7
7f09b40fa000-7f09b40fc000 r--s 00000000 fd:00 1578421                    /var/cache/fontconfig/14a5e22175779b556eaa434240950366-le64.cache-7
7f09b40fc000-7f09b40fd000 r--s 00000000 fd:00 1578365                    /var/cache/fontconfig/660208299946a285a940457d1287da33-le64.cache-7
7f09b40fd000-7f09b40ff000 r--s 00000000 fd:00 1578364                    /var/cache/fontconfig/4f3e3037c9980c83b53a9351efadef62-le64.cache-7
7f09b40ff000-7f09b4101000 r--s 00000000 fd:00 1578363                    /var/cache/fontconfig/767a8244fc0220cfb567a839d0392e0b-le64.cache-7
7f09b4101000-7f09b4103000 r--s 00000000 fd:00 1578360                    /var/cache/fontconfig/0bd3dc0958fa2205aaaa8ebb13e2872b-le64.cache-7
7f09b4103000-7f09b410a000 r--s 00000000 fd:00 1578359                    /var/cache/fontconfig/8801497958630a81b71ace7c5f9b32a8-le64.cache-7
7f09b410a000-7f09b410f000 r--s 00000000 fd:00 1578358                    /var/cache/fontconfig/def309198bfa603429122923fa2bb2d4-le64.cache-7
7f09b410f000-7f09b4110000 r--s 00000000 fd:00 1578339                    /var/cache/fontconfig/b872e6e592da6075ffa4ab0a1fcc0c75-le64.cache-7
7f09b4110000-7f09b4111000 r--s 00000000 fd:00 1578338                    /var/cache/fontconfig/f6d4eedfaab2589bde49f7a3ff831d22-le64.cache-7
7f09b4111000-7f09b4112000 r--s 00000000 fd:00 1578335                    /var/cache/fontconfig/589f83ef4c36d296ce6e1c846f468f08-le64.cache-7
7f09b4112000-7f09b4113000 r--s 00000000 fd:00 1578309                    /var/cache/fontconfig/bab58bb527bb656aaa9f116d68a48d89-le64.cache-7
7f09b4113000-7f09b4114000 r--s 00000000 fd:00 1578308                    /var/cache/fontconfig/2171a34dccabdb6bcbbc728186263178-le64.cache-7
7f09b4114000-7f09b4115000 r--s 00000000 fd:00 1578307                    /var/cache/fontconfig/c5c45a61289222e0d30b1a26ef4effbe-le64.cache-7
7f09b4115000-7f09b4116000 r--s 00000000 fd:00 1578306                    /var/cache/fontconfig/aec30016f93e1b46d1a973dce0d74068-le64.cache-7
7f09b4116000-7f09b4117000 r--s 00000000 fd:00 1578305                    /var/cache/fontconfig/3f589640d34b7dc9042c8d453f7c8b9c-le64.cache-7
7f09b4117000-7f09b4118000 r--s 00000000 fd:00 1578280                    /var/cache/fontconfig/16c2fda60d1b4b719f4b3d06fd951d25-le64.cache-7
7f09b4118000-7f09b4119000 r--s 00000000 fd:00 1578186                    /var/cache/fontconfig/a48eab177a16e4f3713381162db2f3e9-le64.cache-7
7f09b4119000-7f09b411a000 r--s 00000000 fd:00 1578185                    /var/cache/fontconfig/564b2e68ac9bc4e36a6f7f6d6125ec1c-le64.cache-7
7f09b411a000-7f09b4120000 r--s 00000000 fd:00 1577530                    /var/cache/fontconfig/3047814df9a2f067bd2d96a2b9c36e5a-le64.cache-7
7f09b4120000-7f09b4128000 r--s 00000000 fd:00 1577529                    /var/cache/fontconfig/bf3b770c553c462765856025a94f1ce6-le64.cache-7
7f09b4128000-7f09b4129000 r--s 00000000 fd:00 1577528                    /var/cache/fontconfig/56cf4f4769d0f4abc89a4895d7bd3ae1-le64.cache-7
7f09b4129000-7f09b412a000 r--s 00000000 fd:00 1577524                    /var/cache/fontconfig/b9d506c9ac06c20b433354fa67a72993-le64.cache-7
7f09b412a000-7f09b4130000 r--s 00000000 fd:00 1577316                    /var/cache/fontconfig/b47c4e1ecd0709278f4910c18777a504-le64.cache-7
7f09b4130000-7f09b4143000 r--s 00000000 fd:00 1577314                    /var/cache/fontconfig/d52a8644073d54c13679302ca1180695-le64.cache-7
7f09b4143000-7f09b4144000 r--s 00000000 fd:00 1577313                    /var/cache/fontconfig/370e5b74bf5dafc30834de68e24a87a4-le64.cache-7
7f09b4144000-7f09b4145000 r--s 00000000 fd:00 1577241                    /var/cache/fontconfig/6b2c5944714ca7831b25bed9e85cb5c8-le64.cache-7
7f09b4145000-7f09b4146000 r--s 00000000 fd:00 1577188                    /var/cache/fontconfig/d5178ab6d91b49bf20a416737dcea9e8-le64.cache-7
7f09b4146000-7f09b4149000 r--s 00000000 fd:00 1577167                    /var/cache/fontconfig/f259c2cffa685e28062317905db73c4a-le64.cache-7
7f09b4149000-7f09b414b000 r--s 00000000 fd:00 1577040                    /var/cache/fontconfig/550f3886151c940c12a5ed35f6a00586-le64.cache-7
7f09b414b000-7f09b4157000 r--s 00000000 fd:00 1576677                    /var/cache/fontconfig/d589a48862398ed80a3d6066f4f56f4c-le64.cache-7
7f09b439c000-7f09b439d000 r--s 00000000 fd:00 1577170                    /var/cache/fontconfig/551ecf3b0e8b0bca0f25c0944f561853-le64.cache-7
7f09b439d000-7f09b43a0000 r--s 00000000 fd:00 1577002                    /var/cache/fontconfig/674d1711f2d1d2a09646eb0bdcadee49-le64.cache-7
7f09b43a0000-7f09b43a1000 r--s 00000000 fd:00 1576838                    /var/cache/fontconfig/3f7329c5293ffd510edef78f73874cfd-le64.cache-7
7f09b43a1000-7f09b43a2000 r--s 00000000 fd:00 1576415                    /var/cache/fontconfig/0c9eb80ebd1c36541ebe2852d3bb0c49-le64.cache-7
7f09b43a2000-7f09b43a3000 r--s 00000000 fd:00 1576304                    /var/cache/fontconfig/22368d551a680bfe5a62c02760edf4ea-le64.cache-7
7f09b43a3000-7f09b43a4000 r--s 00000000 fd:00 1576254                    /var/cache/fontconfig/4d9c95eba1cb85bbcf2878543262124a-le64.cache-7
7f09b43a4000-7f09b43a5000 r--s 00000000 fd:00 1576214                    /var/cache/fontconfig/85e0a52ce643a7ba2ae53e5d6949cead-le64.cache-7
7f09b43a5000-7f09b43a6000 r--s 00000000 fd:00 1576213                    /var/cache/fontconfig/49f0de54bdd920fe4f0dfd4cbac43e6b-le64.cache-7
7f09b43a6000-7f09b43b4000 r--s 00000000 fd:00 1575795                    /var/cache/fontconfig/9b89f8e3dae116d678bbf48e5f21f69b-le64.cache-7
7f09b43b4000-7f09b43b6000 r--s 00000000 fd:00 1575718                    /var/cache/fontconfig/6afa1bb216ce958c1589e297e8008489-le64.cache-7
7f09b43ce000-7f09b458e000 rw-p 00000000 00:00 0 
7f09b458e000-7f09b45ce000 ---p 00000000 00:00 0 
7f09b580f000-7f09b5812000 ---p 00000000 00:00 0 
7f09b5812000-7f09b5910000 rw-p 00000000 00:00 0 
7f09b6400000-7f09b6600000 rw-p 00000000 00:00 0 
7f09b8000000-7f09b8021000 rw-p 00000000 00:00 0 
7f09b8021000-7f09bc000000 ---p 00000000 00:00 0 
7f09bd8d0000-7f09bd937000 r-xp 00000000 fd:00 9438980                    /usr/lib/x86_64-linux-gnu/libjpeg.so.8.1.2
7f09bd937000-7f09bdb36000 ---p 00067000 fd:00 9438980                    /usr/lib/x86_64-linux-gnu/libjpeg.so.8.1.2
7f09bdb36000-7f09bdb37000 r--p 00066000 fd:00 9438980                    /usr/lib/x86_64-linux-gnu/libjpeg.so.8.1.2
7f09bdb37000-7f09bdb38000 rw-p 00067000 fd:00 9438980                    /usr/lib/x86_64-linux-gnu/libjpeg.so.8.1.2
7f09bdb38000-7f09bdb42000 r-xp 00000000 fd:00 13894059                   /usr/lib/jvm/java-8-openjdk-amd64/jre/lib/amd64/libjavajpeg.so
7f09bdb42000-7f09bdd42000 ---p 0000a000 fd:00 13894059                   /usr/lib/jvm/java-8-openjdk-amd64/jre/lib/amd64/libjavajpeg.so
7f09bdd42000-7f09bdd43000 r--p 0000a000 fd:00 13894059                   /usr/lib/jvm/java-8-openjdk-amd64/jre/lib/amd64/libjavajpeg.so
7f09bdd43000-7f09bdd44000 rw-p 0000b000 fd:00 13894059                   /usr/lib/jvm/java-8-openjdk-amd64/jre/lib/amd64/libjavajpeg.so
7f09bdd44000-7f09bdd45000 ---p 00000000 00:00 0 
7f09bdd45000-7f09be545000 rw-p 00000000 00:00 0 
7f09be686000-7f09be690000 r-xp 00000000 fd:00 9440611                    /usr/lib/x86_64-linux-gnu/libXrandr.so.2.2.0
7f09be690000-7f09be88f000 ---p 0000a000 fd:00 9440611                    /usr/lib/x86_64-linux-gnu/libXrandr.so.2.2.0
7f09be88f000-7f09be890000 r--p 00009000 fd:00 9440611                    /usr/lib/x86_64-linux-gnu/libXrandr.so.2.2.0
7f09be890000-7f09be891000 rw-p 0000a000 fd:00 9440611                    /usr/lib/x86_64-linux-gnu/libXrandr.so.2.2.0
7f09be891000-7f09be8a2000 r-xp 00000000 fd:00 6423385                    /tmp/jogamp_0000/file_cache/jln3543298313949866122/jln4002067863013589068/natives/linux-amd64/libnewt.so
7f09be8a2000-7f09beaa1000 ---p 00011000 fd:00 6423385                    /tmp/jogamp_0000/file_cache/jln3543298313949866122/jln4002067863013589068/natives/linux-amd64/libnewt.so
7f09beaa1000-7f09beaa2000 rw-p 00010000 fd:00 6423385                    /tmp/jogamp_0000/file_cache/jln3543298313949866122/jln4002067863013589068/natives/linux-amd64/libnewt.so
7f09beaa2000-7f09beca2000 rw-p 00000000 00:00 0 
7f09beca2000-7f09beca3000 ---p 00000000 00:00 0 
7f09beca3000-7f09bf4a3000 rw-p 00000000 00:00 0 
7f09bf4a3000-7f09bf5e4000 rw-s 00000000 fd:00 17438713                   /home/brobz/.cache/mesa_shader_cache/index
7f09bf5e4000-7f09bf5fc000 r-xp 00000000 fd:00 9443343                    /usr/lib/x86_64-linux-gnu/libxcb-glx.so.0.0.0
7f09bf5fc000-7f09bf7fc000 ---p 00018000 fd:00 9443343                    /usr/lib/x86_64-linux-gnu/libxcb-glx.so.0.0.0
7f09bf7fc000-7f09bf7fe000 r--p 00018000 fd:00 9443343                    /usr/lib/x86_64-linux-gnu/libxcb-glx.so.0.0.0
7f09bf7fe000-7f09bf7ff000 rw-p 0001a000 fd:00 9443343                    /usr/lib/x86_64-linux-gnu/libxcb-glx.so.0.0.0
7f09bf7ff000-7f09bf800000 ---p 00000000 00:00 0 
7f09bf800000-7f09c0000000 rw-p 00000000 00:00 0 
7f09c0000000-7f09c0577000 rw-p 00000000 00:00 0 
7f09c0577000-7f09c4000000 ---p 00000000 00:00 0 
7f09c4000000-7f09c4002000 r--s 00000000 fd:00 1575699                    /var/cache/fontconfig/62f91419b9ebdb6975e7e41ab6412357-le64.cache-7
7f09c4002000-7f09c4004000 r-xp 00000000 fd:00 9443469                    /usr/lib/x86_64-linux-gnu/libXdamage.so.1.1.0
7f09c4004000-7f09c4203000 ---p 00002000 fd:00 9443469                    /usr/lib/x86_64-linux-gnu/libXdamage.so.1.1.0
7f09c4203000-7f09c4204000 r--p 00001000 fd:00 9443469                    /usr/lib/x86_64-linux-gnu/libXdamage.so.1.1.0
7f09c4204000-7f09c4205000 rw-p 00002000 fd:00 9443469                    /usr/lib/x86_64-linux-gnu/libXdamage.so.1.1.0
7f09c4205000-7f09c427b000 r-xp 00000000 fd:00 9437636                    /usr/lib/x86_64-linux-gnu/libGLX_mesa.so.0.0.0
7f09c427b000-7f09c447a000 ---p 00076000 fd:00 9437636                    /usr/lib/x86_64-linux-gnu/libGLX_mesa.so.0.0.0
7f09c447a000-7f09c447d000 r--p 00075000 fd:00 9437636                    /usr/lib/x86_64-linux-gnu/libGLX_mesa.so.0.0.0
7f09c447d000-7f09c447e000 rw-p 00078000 fd:00 9437636                    /usr/lib/x86_64-linux-gnu/libGLX_mesa.so.0.0.0
7f09c447e000-7f09c447f000 rw-p 00000000 00:00 0 
7f09c447f000-7f09c4481000 r-xp 00000000 fd:00 9442531                    /usr/lib/x86_64-linux-gnu/libXinerama.so.1.0.0
7f09c4481000-7f09c4680000 ---p 00002000 fd:00 9442531                    /usr/lib/x86_64-linux-gnu/libXinerama.so.1.0.0
7f09c4680000-7f09c4681000 r--p 00001000 fd:00 9442531                    /usr/lib/x86_64-linux-gnu/libXinerama.so.1.0.0
7f09c4681000-7f09c4682000 rw-p 00002000 fd:00 9442531                    /usr/lib/x86_64-linux-gnu/libXinerama.so.1.0.0
7f09c4682000-7f09c47c3000 rw-s 00000000 fd:00 17438713                   /home/brobz/.cache/mesa_shader_cache/index
7f09c47c3000-7f09c47cb000 r-xp 00000000 fd:00 9437842                    /usr/lib/x86_64-linux-gnu/libpciaccess.so.0.11.1
7f09c47cb000-7f09c49ca000 ---p 00008000 fd:00 9437842                    /usr/lib/x86_64-linux-gnu/libpciaccess.so.0.11.1
7f09c49ca000-7f09c49cb000 r--p 00007000 fd:00 9437842                    /usr/lib/x86_64-linux-gnu/libpciaccess.so.0.11.1
7f09c49cb000-7f09c49cc000 rw-p 00008000 fd:00 9437842                    /usr/lib/x86_64-linux-gnu/libpciaccess.so.0.11.1
7f09c49cc000-7f09c49d3000 r-xp 00000000 fd:00 9437553                    /usr/lib/x86_64-linux-gnu/libdrm_nouveau.so.2.0.0
7f09c49d3000-7f09c4bd2000 ---p 00007000 fd:00 9437553                    /usr/lib/x86_64-linux-gnu/libdrm_nouveau.so.2.0.0
7f09c4bd2000-7f09c4bd3000 r--p 00006000 fd:00 9437553                    /usr/lib/x86_64-linux-gnu/libdrm_nouveau.so.2.0.0
7f09c4bd3000-7f09c4bd4000 rw-p 00007000 fd:00 9437553                    /usr/lib/x86_64-linux-gnu/libdrm_nouveau.so.2.0.0
7f09c4bd4000-7f09c4bdf000 r-xp 00000000 fd:00 9437548                    /usr/lib/x86_64-linux-gnu/libdrm_radeon.so.1.0.1
7f09c4bdf000-7f09c4dde000 ---p 0000b000 fd:00 9437548                    /usr/lib/x86_64-linux-gnu/libdrm_radeon.so.1.0.1
7f09c4dde000-7f09c4ddf000 r--p 0000a000 fd:00 9437548                    /usr/lib/x86_64-linux-gnu/libdrm_radeon.so.1.0.1
7f09c4ddf000-7f09c4de0000 rw-p 0000b000 fd:00 9437548                    /usr/lib/x86_64-linux-gnu/libdrm_radeon.so.1.0.1
7f09c4de0000-7f09c4e02000 r-xp 00000000 fd:00 9437519                    /usr/lib/x86_64-linux-gnu/libdrm_intel.so.1.0.0
7f09c4e02000-7f09c5001000 ---p 00022000 fd:00 9437519                    /usr/lib/x86_64-linux-gnu/libdrm_intel.so.1.0.0
7f09c5001000-7f09c5002000 r--p 00021000 fd:00 9437519                    /usr/lib/x86_64-linux-gnu/libdrm_intel.so.1.0.0
7f09c5002000-7f09c5003000 rw-p 00022000 fd:00 9437519                    /usr/lib/x86_64-linux-gnu/libdrm_intel.so.1.0.0
7f09c5003000-7f09c5a6d000 r-xp 00000000 fd:00 9568417                    /usr/lib/x86_64-linux-gnu/dri/i965_dri.so
7f09c5a6d000-7f09c5c6d000 ---p 00a6a000 fd:00 9568417                    /usr/lib/x86_64-linux-gnu/dri/i965_dri.so
7f09c5c6d000-7f09c5cd4000 r--p 00a6a000 fd:00 9568417                    /usr/lib/x86_64-linux-gnu/dri/i965_dri.so
7f09c5cd4000-7f09c5ce0000 rw-p 00ad1000 fd:00 9568417                    /usr/lib/x86_64-linux-gnu/dri/i965_dri.so
7f09c5ce0000-7f09c5d92000 rw-p 00000000 00:00 0 
7f09c5d92000-7f09c5d95000 ---p 00000000 00:00 0 
7f09c5d95000-7f09c5e93000 rw-p 00000000 00:00 0 
7f09c5e93000-7f09c5e9a000 r-xp 00000000 fd:00 9437284                    /usr/lib/x86_64-linux-gnu/libffi.so.6.0.4
7f09c5e9a000-7f09c6099000 ---p 00007000 fd:00 9437284                    /usr/lib/x86_64-linux-gnu/libffi.so.6.0.4
7f09c6099000-7f09c609a000 r--p 00006000 fd:00 9437284                    /usr/lib/x86_64-linux-gnu/libffi.so.6.0.4
7f09c609a000-7f09c609b000 rw-p 00007000 fd:00 9437284                    /usr/lib/x86_64-linux-gnu/libffi.so.6.0.4
7f09c609b000-7f09c609c000 r-xp 00000000 fd:00 9443261                    /usr/lib/x86_64-linux-gnu/libxshmfence.so.1.0.0
7f09c609c000-7f09c629b000 ---p 00001000 fd:00 9443261                    /usr/lib/x86_64-linux-gnu/libxshmfence.so.1.0.0
7f09c629b000-7f09c629c000 r--p 00000000 fd:00 9443261                    /usr/lib/x86_64-linux-gnu/libxshmfence.so.1.0.0
7f09c629c000-7f09c629d000 rw-p 00001000 fd:00 9443261                    /usr/lib/x86_64-linux-gnu/libxshmfence.so.1.0.0
7f09c629d000-7f09c62a2000 r-xp 00000000 fd:00 9443183                    /usr/lib/x86_64-linux-gnu/libxcb-sync.so.1.0.0
7f09c62a2000-7f09c64a2000 ---p 00005000 fd:00 9443183                    /usr/lib/x86_64-linux-gnu/libxcb-sync.so.1.0.0
7f09c64a2000-7f09c64a3000 r--p 00005000 fd:00 9443183                    /usr/lib/x86_64-linux-gnu/libxcb-sync.so.1.0.0
7f09c64a3000-7f09c64a4000 rw-p 00006000 fd:00 9443183                    /usr/lib/x86_64-linux-gnu/libxcb-sync.so.1.0.0
7f09c64a4000-7f09c64a6000 r-xp 00000000 fd:00 9443155                    /usr/lib/x86_64-linux-gnu/libxcb-present.so.0.0.0
7f09c64a6000-7f09c66a5000 ---p 00002000 fd:00 9443155                    /usr/lib/x86_64-linux-gnu/libxcb-present.so.0.0.0
7f09c66a5000-7f09c66a6000 r--p 00001000 fd:00 9443155                    /usr/lib/x86_64-linux-gnu/libxcb-present.so.0.0.0
7f09c66a6000-7f09c66a7000 rw-p 00002000 fd:00 9443155                    /usr/lib/x86_64-linux-gnu/libxcb-present.so.0.0.0
7f09c66a7000-7f09c66aa000 r-xp 00000000 fd:00 9441756                    /usr/lib/x86_64-linux-gnu/libxcb-dri3.so.0.0.0
7f09c66aa000-7f09c68a9000 ---p 00003000 fd:00 9441756                    /usr/lib/x86_64-linux-gnu/libxcb-dri3.so.0.0.0
7f09c68a9000-7f09c68aa000 r--p 00002000 fd:00 9441756                    /usr/lib/x86_64-linux-gnu/libxcb-dri3.so.0.0.0
7f09c68aa000-7f09c68ab000 rw-p 00003000 fd:00 9441756                    /usr/lib/x86_64-linux-gnu/libxcb-dri3.so.0.0.0
7f09c68ab000-7f09c68da000 r-xp 00000000 fd:00 8257712                    /lib/x86_64-linux-gnu/libexpat.so.1.6.7
7f09c68da000-7f09c6ada000 ---p 0002f000 fd:00 8257712                    /lib/x86_64-linux-gnu/libexpat.so.1.6.7
7f09c6ada000-7f09c6adc000 r--p 0002f000 fd:00 8257712                    /lib/x86_64-linux-gnu/libexpat.so.1.6.7
7f09c6adc000-7f09c6add000 rw-p 00031000 fd:00 8257712                    /lib/x86_64-linux-gnu/libexpat.so.1.6.7
7f09c6add000-7f09c6aee000 r-xp 00000000 fd:00 9442987                    /usr/lib/x86_64-linux-gnu/libwayland-server.so.0.1.0
7f09c6aee000-7f09c6ced000 ---p 00011000 fd:00 9442987                    /usr/lib/x86_64-linux-gnu/libwayland-server.so.0.1.0
7f09c6ced000-7f09c6cef000 r--p 00010000 fd:00 9442987                    /usr/lib/x86_64-linux-gnu/libwayland-server.so.0.1.0
7f09c6cef000-7f09c6cf0000 rw-p 00012000 fd:00 9442987                    /usr/lib/x86_64-linux-gnu/libwayland-server.so.0.1.0
7f09c6cf0000-7f09c6cfd000 r-xp 00000000 fd:00 9441069                    /usr/lib/x86_64-linux-gnu/libwayland-client.so.0.3.0
7f09c6cfd000-7f09c6efc000 ---p 0000d000 fd:00 9441069                    /usr/lib/x86_64-linux-gnu/libwayland-client.so.0.3.0
7f09c6efc000-7f09c6efe000 r--p 0000c000 fd:00 9441069                    /usr/lib/x86_64-linux-gnu/libwayland-client.so.0.3.0
7f09c6efe000-7f09c6eff000 rw-p 0000e000 fd:00 9441069                    /usr/lib/x86_64-linux-gnu/libwayland-client.so.0.3.0
7f09c6eff000-7f09c6f0f000 r-xp 00000000 fd:00 9437479                    /usr/lib/x86_64-linux-gnu/libdrm.so.2.4.0
7f09c6f0f000-7f09c710e000 ---p 00010000 fd:00 9437479                    /usr/lib/x86_64-linux-gnu/libdrm.so.2.4.0
7f09c710e000-7f09c710f000 r--p 0000f000 fd:00 9437479                    /usr/lib/x86_64-linux-gnu/libdrm.so.2.4.0
7f09c710f000-7f09c7110000 rw-p 00010000 fd:00 9437479                    /usr/lib/x86_64-linux-gnu/libdrm.so.2.4.0
7f09c7110000-7f09c7117000 r-xp 00000000 fd:00 9443160                    /usr/lib/x86_64-linux-gnu/libxcb-xfixes.so.0.0.0
7f09c7117000-7f09c7316000 ---p 00007000 fd:00 9443160                    /usr/lib/x86_64-linux-gnu/libxcb-xfixes.so.0.0.0
7f09c7316000-7f09c7317000 r--p 00006000 fd:00 9443160                    /usr/lib/x86_64-linux-gnu/libxcb-xfixes.so.0.0.0
7f09c7317000-7f09c7318000 rw-p 00007000 fd:00 9443160                    /usr/lib/x86_64-linux-gnu/libxcb-xfixes.so.0.0.0
7f09c7318000-7f09c731c000 r-xp 00000000 fd:00 9443301                    /usr/lib/x86_64-linux-gnu/libxcb-dri2.so.0.0.0
7f09c731c000-7f09c751b000 ---p 00004000 fd:00 9443301                    /usr/lib/x86_64-linux-gnu/libxcb-dri2.so.0.0.0
7f09c751b000-7f09c751c000 r--p 00003000 fd:00 9443301                    /usr/lib/x86_64-linux-gnu/libxcb-dri2.so.0.0.0
7f09c751c000-7f09c751d000 rw-p 00004000 fd:00 9443301                    /usr/lib/x86_64-linux-gnu/libxcb-dri2.so.0.0.0
7f09c751d000-7f09c751e000 r-xp 00000000 fd:00 9443142                    /usr/lib/x86_64-linux-gnu/libX11-xcb.so.1.0.0
7f09c751e000-7f09c771d000 ---p 00001000 fd:00 9443142                    /usr/lib/x86_64-linux-gnu/libX11-xcb.so.1.0.0
7f09c771d000-7f09c771e000 r--p 00000000 fd:00 9443142                    /usr/lib/x86_64-linux-gnu/libX11-xcb.so.1.0.0
7f09c771e000-7f09c771f000 rw-p 00001000 fd:00 9443142                    /usr/lib/x86_64-linux-gnu/libX11-xcb.so.1.0.0
7f09c771f000-7f09c774c000 r-xp 00000000 fd:00 9437652                    /usr/lib/x86_64-linux-gnu/libglapi.so.0.0.0
7f09c774c000-7f09c794b000 ---p 0002d000 fd:00 9437652                    /usr/lib/x86_64-linux-gnu/libglapi.so.0.0.0
7f09c794b000-7f09c794f000 r--p 0002c000 fd:00 9437652                    /usr/lib/x86_64-linux-gnu/libglapi.so.0.0.0
7f09c794f000-7f09c7950000 rw-p 00030000 fd:00 9437652                    /usr/lib/x86_64-linux-gnu/libglapi.so.0.0.0
7f09c7950000-7f09c7951000 rw-p 00000000 00:00 0 
7f09c7951000-7f09c795f000 r-xp 00000000 fd:00 9437584                    /usr/lib/x86_64-linux-gnu/libgbm.so.1.0.0
7f09c795f000-7f09c7b5e000 ---p 0000e000 fd:00 9437584                    /usr/lib/x86_64-linux-gnu/libgbm.so.1.0.0
7f09c7b5e000-7f09c7b5f000 r--p 0000d000 fd:00 9437584                    /usr/lib/x86_64-linux-gnu/libgbm.so.1.0.0
7f09c7b5f000-7f09c7b60000 rw-p 0000e000 fd:00 9437584                    /usr/lib/x86_64-linux-gnu/libgbm.so.1.0.0
7f09c7b60000-7f09c7b9f000 r-xp 00000000 fd:00 9437573                    /usr/lib/x86_64-linux-gnu/libEGL_mesa.so.0.0.0
7f09c7b9f000-7f09c7d9f000 ---p 0003f000 fd:00 9437573                    /usr/lib/x86_64-linux-gnu/libEGL_mesa.so.0.0.0
7f09c7d9f000-7f09c7da1000 r--p 0003f000 fd:00 9437573                    /usr/lib/x86_64-linux-gnu/libEGL_mesa.so.0.0.0
7f09c7da1000-7f09c7da2000 rw-p 00041000 fd:00 9437573                    /usr/lib/x86_64-linux-gnu/libEGL_mesa.so.0.0.0
7f09c7da2000-7f09c7da3000 rw-p 00000000 00:00 0 
7f09c7da3000-7f09c7dff000 r-xp 00000000 fd:00 6423375                    /tmp/jogamp_0000/file_cache/jln3543298313949866122/jln4002067863013589068/natives/linux-amd64/libjogl_mobile.so
7f09c7dff000-7f09c7fff000 ---p 0005c000 fd:00 6423375                    /tmp/jogamp_0000/file_cache/jln3543298313949866122/jln4002067863013589068/natives/linux-amd64/libjogl_mobile.so
7f09c7fff000-7f09c8000000 rw-p 0005c000 fd:00 6423375                    /tmp/jogamp_0000/file_cache/jln3543298313949866122/jln4002067863013589068/natives/linux-amd64/libjogl_mobile.so
7f09c8000000-7f09c8021000 rw-p 00000000 00:00 0 
7f09c8021000-7f09cc000000 ---p 00000000 00:00 0 
7f09cc000000-7f09cefdf000 rw-p 00000000 00:00 0 
7f09cefdf000-7f09d0000000 ---p 00000000 00:00 0 
7f09d0000000-7f09d0021000 rw-p 00000000 00:00 0 
7f09d0021000-7f09d4000000 ---p 00000000 00:00 0 
7f09d4000000-7f09d62fe000 rw-p 00000000 00:00 0 
7f09d62fe000-7f09d8000000 ---p 00000000 00:00 0 
7f09d8000000-7f09d8021000 rw-p 00000000 00:00 0 
7f09d8021000-7f09dc000000 ---p 00000000 00:00 0 
7f09dc000000-7f09dc021000 rw-p 00000000 00:00 0 
7f09dc021000-7f09e0000000 ---p 00000000 00:00 0 
7f09e0000000-7f09e0021000 rw-p 00000000 00:00 0 
7f09e0021000-7f09e4000000 ---p 00000000 00:00 0 
7f09e4000000-7f09e4021000 rw-p 00000000 00:00 0 
7f09e4021000-7f09e8000000 ---p 00000000 00:00 0 
7f09e8000000-7f09e9a24000 rw-p 00000000 00:00 0 
7f09e9a24000-7f09ec000000 ---p 00000000 00:00 0 
7f09ec000000-7f09ec615000 rw-p 00000000 00:00 0 
7f09ec615000-7f09f0000000 ---p 00000000 00:00 0 
7f09f0000000-7f09f0021000 rw-p 00000000 00:00 0 
7f09f0021000-7f09f4000000 ---p 00000000 00:00 0 
7f09f4000000-7f09f6496000 rw-p 00000000 00:00 0 
7f09f6496000-7f09f8000000 ---p 00000000 00:00 0 
7f09f8000000-7f09f8021000 rw-p 00000000 00:00 0 
7f09f8021000-7f09fc000000 ---p 00000000 00:00 0 
7f09fc000000-7f09fc021000 rw-p 00000000 00:00 0 
7f09fc021000-7f0a00000000 ---p 00000000 00:00 0 
7f0a00000000-7f0a00021000 rw-p 00000000 00:00 0 
7f0a00021000-7f0a04000000 ---p 00000000 00:00 0 
7f0a04000000-7f0a04021000 rw-p 00000000 00:00 0 
7f0a04021000-7f0a08000000 ---p 00000000 00:00 0 
7f0a08000000-7f0a08021000 rw-p 00000000 00:00 0 
7f0a08021000-7f0a0c000000 ---p 00000000 00:00 0 
7f0a0c000000-7f0a0c001000 r--s 00000000 fd:00 1576212                    /var/cache/fontconfig/f6e6e0a5c3d2f6ae0c0c2e0ecd42a997-le64.cache-7
7f0a0c0ca000-7f0a0c0dc000 r-xp 00000000 fd:00 9441759                    /usr/lib/x86_64-linux-gnu/libEGL.so.1.0.0
7f0a0c0dc000-7f0a0c2dc000 ---p 00012000 fd:00 9441759                    /usr/lib/x86_64-linux-gnu/libEGL.so.1.0.0
7f0a0c2dc000-7f0a0c2dd000 r--p 00012000 fd:00 9441759                    /usr/lib/x86_64-linux-gnu/libEGL.so.1.0.0
7f0a0c2dd000-7f0a0c2de000 rw-p 00013000 fd:00 9441759                    /usr/lib/x86_64-linux-gnu/libEGL.so.1.0.0
7f0a0c2de000-7f0a0c2ed000 r-xp 00000000 fd:00 9443048                    /usr/lib/x86_64-linux-gnu/libGLESv2.so.2.0.0
7f0a0c2ed000-7f0a0c4ec000 ---p 0000f000 fd:00 9443048                    /usr/lib/x86_64-linux-gnu/libGLESv2.so.2.0.0
7f0a0c4ec000-7f0a0c4ef000 r--p 0000e000 fd:00 9443048                    /usr/lib/x86_64-linux-gnu/libGLESv2.so.2.0.0
7f0a0c4ef000-7f0a0c4f0000 rw-p 00011000 fd:00 9443048                    /usr/lib/x86_64-linux-gnu/libGLESv2.so.2.0.0
7f0a0c4f0000-7f0a0c4f3000 ---p 00000000 00:00 0 
7f0a0c4f3000-7f0a0c5f1000 rw-p 00000000 00:00 0 
7f0a0c5f1000-7f0a0c6a9000 r-xp 00000000 fd:00 6423374                    /tmp/jogamp_0000/file_cache/jln3543298313949866122/jln4002067863013589068/natives/linux-amd64/libjogl_desktop.so
7f0a0c6a9000-7f0a0c8a9000 ---p 000b8000 fd:00 6423374                    /tmp/jogamp_0000/file_cache/jln3543298313949866122/jln4002067863013589068/natives/linux-amd64/libjogl_desktop.so
7f0a0c8a9000-7f0a0c8aa000 rw-p 000b8000 fd:00 6423374                    /tmp/jogamp_0000/file_cache/jln3543298313949866122/jln4002067863013589068/natives/linux-amd64/libjogl_desktop.so
7f0a0c8aa000-7f0a0c918000 r-xp 00000000 fd:00 9437416                    /usr/lib/x86_64-linux-gnu/libGLdispatch.so.0.0.0
7f0a0c918000-7f0a0cb17000 ---p 0006e000 fd:00 9437416                    /usr/lib/x86_64-linux-gnu/libGLdispatch.so.0.0.0
7f0a0cb17000-7f0a0cb3f000 r--p 0006d000 fd:00 9437416                    /usr/lib/x86_64-linux-gnu/libGLdispatch.so.0.0.0
7f0a0cb3f000-7f0a0cb40000 rw-p 00095000 fd:00 9437416                    /usr/lib/x86_64-linux-gnu/libGLdispatch.so.0.0.0
7f0a0cb40000-7f0a0cb60000 rw-p 00000000 00:00 0 
7f0a0cb60000-7f0a0cb70000 r-xp 00000000 fd:00 9438512                    /usr/lib/x86_64-linux-gnu/libGLX.so.0.0.0
7f0a0cb70000-7f0a0cd6f000 ---p 00010000 fd:00 9438512                    /usr/lib/x86_64-linux-gnu/libGLX.so.0.0.0
7f0a0cd6f000-7f0a0cd70000 r--p 0000f000 fd:00 9438512                    /usr/lib/x86_64-linux-gnu/libGLX.so.0.0.0
7f0a0cd70000-7f0a0cd71000 rw-p 00010000 fd:00 9438512                    /usr/lib/x86_64-linux-gnu/libGLX.so.0.0.0
7f0a0cd71000-7f0a0cd91000 rw-p 00000000 00:00 0 
7f0a0cd91000-7f0a0ce02000 r-xp 00000000 fd:00 9438565                    /usr/lib/x86_64-linux-gnu/libGL.so.1.0.0
7f0a0ce02000-7f0a0d001000 ---p 00071000 fd:00 9438565                    /usr/lib/x86_64-linux-gnu/libGL.so.1.0.0
7f0a0d001000-7f0a0d01b000 r--p 00070000 fd:00 9438565                    /usr/lib/x86_64-linux-gnu/libGL.so.1.0.0
7f0a0d01b000-7f0a0d01c000 rw-p 0008a000 fd:00 9438565                    /usr/lib/x86_64-linux-gnu/libGL.so.1.0.0
7f0a0d01c000-7f0a0d21d000 rw-p 00000000 00:00 0 
7f0a0d21d000-7f0a0d41d000 rw-p 00000000 00:00 0 
7f0a0d41d000-7f0a0d41e000 r--s 00000000 fd:00 1576072                    /var/cache/fontconfig/4b2eda6bb976bda485cb2176619421d5-le64.cache-7
7f0a0d454000-7f0a0d458000 rw-s 00000000 00:2c 383                        /i915 (deleted)
7f0a0d458000-7f0a0d45c000 rw-s 00000000 00:2c 399                        /i915 (deleted)
7f0a0d45c000-7f0a0d460000 rw-s 00000000 00:2c 284                        /i915 (deleted)
7f0a0d460000-7f0a0d464000 rw-s 00000000 00:2c 155                        /i915 (deleted)
7f0a0d464000-7f0a0d468000 rw-s 00000000 00:2c 54                         /i915 (deleted)
7f0a0d468000-7f0a0d4a8000 rw-s 00000000 fd:00 17314993                   /home/brobz/#17314993 (deleted)
7f0a0d4a8000-7f0a0d4e8000 r-xs 00000000 fd:00 17314993                   /home/brobz/#17314993 (deleted)
7f0a0d4e8000-7f0a0d4ef000 r-xp 00000000 fd:00 6423384                    /tmp/jogamp_0000/file_cache/jln3543298313949866122/jln4002067863013589068/natives/linux-amd64/libnativewindow_x11.so
7f0a0d4ef000-7f0a0d6ee000 ---p 00007000 fd:00 6423384                    /tmp/jogamp_0000/file_cache/jln3543298313949866122/jln4002067863013589068/natives/linux-amd64/libnativewindow_x11.so
7f0a0d6ee000-7f0a0d6ef000 rw-p 00006000 fd:00 6423384                    /tmp/jogamp_0000/file_cache/jln3543298313949866122/jln4002067863013589068/natives/linux-amd64/libnativewindow_x11.so
7f0a0d6ef000-7f0a0d6f2000 ---p 00000000 00:00 0 
7f0a0d6f2000-7f0a0d7f0000 rw-p 00000000 00:00 0 
7f0a0d7f0000-7f0a0d7f3000 ---p 00000000 00:00 0 
7f0a0d7f3000-7f0a0d8f1000 rw-p 00000000 00:00 0 
7f0a0d8f1000-7f0a0d8f6000 r-xp 00000000 fd:00 9442557                    /usr/lib/x86_64-linux-gnu/libXxf86vm.so.1.0.0
7f0a0d8f6000-7f0a0daf5000 ---p 00005000 fd:00 9442557                    /usr/lib/x86_64-linux-gnu/libXxf86vm.so.1.0.0
7f0a0daf5000-7f0a0daf6000 r--p 00004000 fd:00 9442557                    /usr/lib/x86_64-linux-gnu/libXxf86vm.so.1.0.0
7f0a0daf6000-7f0a0daf7000 rw-p 00005000 fd:00 9442557                    /usr/lib/x86_64-linux-gnu/libXxf86vm.so.1.0.0
7f0a0daf7000-7f0a0daf9000 r-xp 00000000 fd:00 6423383                    /tmp/jogamp_0000/file_cache/jln3543298313949866122/jln4002067863013589068/natives/linux-amd64/libnativewindow_awt.so
7f0a0daf9000-7f0a0dcf8000 ---p 00002000 fd:00 6423383                    /tmp/jogamp_0000/file_cache/jln3543298313949866122/jln4002067863013589068/natives/linux-amd64/libnativewindow_awt.so
7f0a0dcf8000-7f0a0dcf9000 rw-p 00001000 fd:00 6423383                    /tmp/jogamp_0000/file_cache/jln3543298313949866122/jln4002067863013589068/natives/linux-amd64/libnativewindow_awt.so
7f0a0dcf9000-7f0a0dcfa000 r-xp 00000000 fd:00 13894061                   /usr/lib/jvm/java-8-openjdk-amd64/jre/lib/amd64/libjawt.so
7f0a0dcfa000-7f0a0def9000 ---p 00001000 fd:00 13894061                   /usr/lib/jvm/java-8-openjdk-amd64/jre/lib/amd64/libjawt.so
7f0a0def9000-7f0a0defa000 r--p 00000000 fd:00 13894061                   /usr/lib/jvm/java-8-openjdk-amd64/jre/lib/amd64/libjawt.so
7f0a0defa000-7f0a0defb000 rw-p 00001000 fd:00 13894061                   /usr/lib/jvm/java-8-openjdk-amd64/jre/lib/amd64/libjawt.so
7f0a0defb000-7f0a0df04000 r-xp 00000000 fd:00 13894066                   /usr/lib/jvm/java-8-openjdk-amd64/jre/lib/amd64/libmanagement.so
7f0a0df04000-7f0a0e103000 ---p 00009000 fd:00 13894066                   /usr/lib/jvm/java-8-openjdk-amd64/jre/lib/amd64/libmanagement.so
7f0a0e103000-7f0a0e104000 r--p 00008000 fd:00 13894066                   /usr/lib/jvm/java-8-openjdk-amd64/jre/lib/amd64/libmanagement.so
7f0a0e104000-7f0a0e105000 rw-p 00009000 fd:00 13894066                   /usr/lib/jvm/java-8-openjdk-amd64/jre/lib/amd64/libmanagement.so
7f0a0e105000-7f0a0e10a000 r-xp 00000000 fd:00 9443496                    /usr/lib/x86_64-linux-gnu/libXfixes.so.3.1.0
7f0a0e10a000-7f0a0e309000 ---p 00005000 fd:00 9443496                    /usr/lib/x86_64-linux-gnu/libXfixes.so.3.1.0
7f0a0e309000-7f0a0e30a000 r--p 00004000 fd:00 9443496                    /usr/lib/x86_64-linux-gnu/libXfixes.so.3.1.0
7f0a0e30a000-7f0a0e30b000 rw-p 00005000 fd:00 9443496                    /usr/lib/x86_64-linux-gnu/libXfixes.so.3.1.0
7f0a0e30b000-7f0a0e314000 r-xp 00000000 fd:00 9438601                    /usr/lib/x86_64-linux-gnu/libXcursor.so.1.0.2
7f0a0e314000-7f0a0e513000 ---p 00009000 fd:00 9438601                    /usr/lib/x86_64-linux-gnu/libXcursor.so.1.0.2
7f0a0e513000-7f0a0e514000 r--p 00008000 fd:00 9438601                    /usr/lib/x86_64-linux-gnu/libXcursor.so.1.0.2
7f0a0e514000-7f0a0e515000 rw-p 00009000 fd:00 9438601                    /usr/lib/x86_64-linux-gnu/libXcursor.so.1.0.2
7f0a0e515000-7f0a0e546000 r-xp 00000000 fd:00 9437249                    /usr/lib/x86_64-linux-gnu/libpng16.so.16.34.0
7f0a0e546000-7f0a0e745000 ---p 00031000 fd:00 9437249                    /usr/lib/x86_64-linux-gnu/libpng16.so.16.34.0
7f0a0e745000-7f0a0e746000 r--p 00030000 fd:00 9437249                    /usr/lib/x86_64-linux-gnu/libpng16.so.16.34.0
7f0a0e746000-7f0a0e747000 rw-p 00031000 fd:00 9437249                    /usr/lib/x86_64-linux-gnu/libpng16.so.16.34.0
7f0a0e747000-7f0a0e7f4000 r-xp 00000000 fd:00 9437610                    /usr/lib/x86_64-linux-gnu/libfreetype.so.6.15.0
7f0a0e7f4000-7f0a0e9f3000 ---p 000ad000 fd:00 9437610                    /usr/lib/x86_64-linux-gnu/libfreetype.so.6.15.0
7f0a0e9f3000-7f0a0e9fa000 r--p 000ac000 fd:00 9437610                    /usr/lib/x86_64-linux-gnu/libfreetype.so.6.15.0
7f0a0e9fa000-7f0a0e9fb000 rw-p 000b3000 fd:00 9437610                    /usr/lib/x86_64-linux-gnu/libfreetype.so.6.15.0
7f0a0e9fb000-7f0a0ea4c000 r-xp 00000000 fd:00 13894050                   /usr/lib/jvm/java-8-openjdk-amd64/jre/lib/amd64/libfontmanager.so
7f0a0ea4c000-7f0a0ec4c000 ---p 00051000 fd:00 13894050                   /usr/lib/jvm/java-8-openjdk-amd64/jre/lib/amd64/libfontmanager.so
7f0a0ec4c000-7f0a0ec4e000 r--p 00051000 fd:00 13894050                   /usr/lib/jvm/java-8-openjdk-amd64/jre/lib/amd64/libfontmanager.so
7f0a0ec4e000-7f0a0ec4f000 rw-p 00053000 fd:00 13894050                   /usr/lib/jvm/java-8-openjdk-amd64/jre/lib/amd64/libfontmanager.so
7f0a0ec4f000-7f0a0ec62000 r-xp 00000000 fd:00 8257700                    /lib/x86_64-linux-gnu/libbsd.so.0.8.7
7f0a0ec62000-7f0a0ee61000 ---p 00013000 fd:00 8257700                    /lib/x86_64-linux-gnu/libbsd.so.0.8.7
7f0a0ee61000-7f0a0ee62000 r--p 00012000 fd:00 8257700                    /lib/x86_64-linux-gnu/libbsd.so.0.8.7
7f0a0ee62000-7f0a0ee63000 rw-p 00013000 fd:00 8257700                    /lib/x86_64-linux-gnu/libbsd.so.0.8.7
7f0a0ee63000-7f0a0ee64000 rw-p 00000000 00:00 0 
7f0a0ee64000-7f0a0ee69000 r-xp 00000000 fd:00 9437329                    /usr/lib/x86_64-linux-gnu/libXdmcp.so.6.0.0
7f0a0ee69000-7f0a0f068000 ---p 00005000 fd:00 9437329                    /usr/lib/x86_64-linux-gnu/libXdmcp.so.6.0.0
7f0a0f068000-7f0a0f069000 r--p 00004000 fd:00 9437329                    /usr/lib/x86_64-linux-gnu/libXdmcp.so.6.0.0
7f0a0f069000-7f0a0f06a000 rw-p 00005000 fd:00 9437329                    /usr/lib/x86_64-linux-gnu/libXdmcp.so.6.0.0
7f0a0f06a000-7f0a0f06c000 r-xp 00000000 fd:00 9442508                    /usr/lib/x86_64-linux-gnu/libXau.so.6.0.0
7f0a0f06c000-7f0a0f26c000 ---p 00002000 fd:00 9442508                    /usr/lib/x86_64-linux-gnu/libXau.so.6.0.0
7f0a0f26c000-7f0a0f26d000 r--p 00002000 fd:00 9442508                    /usr/lib/x86_64-linux-gnu/libXau.so.6.0.0
7f0a0f26d000-7f0a0f26e000 rw-p 00003000 fd:00 9442508                    /usr/lib/x86_64-linux-gnu/libXau.so.6.0.0
7f0a0f26e000-7f0a0f294000 r-xp 00000000 fd:00 9441003                    /usr/lib/x86_64-linux-gnu/libxcb.so.1.1.0
7f0a0f294000-7f0a0f494000 ---p 00026000 fd:00 9441003                    /usr/lib/x86_64-linux-gnu/libxcb.so.1.1.0
7f0a0f494000-7f0a0f495000 r--p 00026000 fd:00 9441003                    /usr/lib/x86_64-linux-gnu/libxcb.so.1.1.0
7f0a0f495000-7f0a0f496000 rw-p 00027000 fd:00 9441003                    /usr/lib/x86_64-linux-gnu/libxcb.so.1.1.0
7f0a0f496000-7f0a0f4a5000 r-xp 00000000 fd:00 9442546                    /usr/lib/x86_64-linux-gnu/libXi.so.6.1.0
7f0a0f4a5000-7f0a0f6a4000 ---p 0000f000 fd:00 9442546                    /usr/lib/x86_64-linux-gnu/libXi.so.6.1.0
7f0a0f6a4000-7f0a0f6a5000 r--p 0000e000 fd:00 9442546                    /usr/lib/x86_64-linux-gnu/libXi.so.6.1.0
7f0a0f6a5000-7f0a0f6a6000 rw-p 0000f000 fd:00 9442546                    /usr/lib/x86_64-linux-gnu/libXi.so.6.1.0
7f0a0f6a6000-7f0a0f6ab000 r-xp 00000000 fd:00 9442538                    /usr/lib/x86_64-linux-gnu/libXtst.so.6.1.0
7f0a0f6ab000-7f0a0f8aa000 ---p 00005000 fd:00 9442538                    /usr/lib/x86_64-linux-gnu/libXtst.so.6.1.0
7f0a0f8aa000-7f0a0f8ab000 r--p 00004000 fd:00 9442538                    /usr/lib/x86_64-linux-gnu/libXtst.so.6.1.0
7f0a0f8ab000-7f0a0f8ac000 rw-p 00005000 fd:00 9442538                    /usr/lib/x86_64-linux-gnu/libXtst.so.6.1.0
7f0a0f8ac000-7f0a0f8b5000 r-xp 00000000 fd:00 9443178                    /usr/lib/x86_64-linux-gnu/libXrender.so.1.3.0
7f0a0f8b5000-7f0a0fab4000 ---p 00009000 fd:00 9443178                    /usr/lib/x86_64-linux-gnu/libXrender.so.1.3.0
7f0a0fab4000-7f0a0fab5000 r--p 00008000 fd:00 9443178                    /usr/lib/x86_64-linux-gnu/libXrender.so.1.3.0
7f0a0fab5000-7f0a0fab6000 rw-p 00009000 fd:00 9443178                    /usr/lib/x86_64-linux-gnu/libXrender.so.1.3.0
7f0a0fab6000-7f0a0fbe9000 r-xp 00000000 fd:00 9443453                    /usr/lib/x86_64-linux-gnu/libX11.so.6.3.0
7f0a0fbe9000-7f0a0fde9000 ---p 00133000 fd:00 9443453                    /usr/lib/x86_64-linux-gnu/libX11.so.6.3.0
7f0a0fde9000-7f0a0fdea000 r--p 00133000 fd:00 9443453                    /usr/lib/x86_64-linux-gnu/libX11.so.6.3.0
7f0a0fdea000-7f0a0fdee000 rw-p 00134000 fd:00 9443453                    /usr/lib/x86_64-linux-gnu/libX11.so.6.3.0
7f0a0fdee000-7f0a0fdff000 r-xp 00000000 fd:00 9442521                    /usr/lib/x86_64-linux-gnu/libXext.so.6.4.0
7f0a0fdff000-7f0a0fffe000 ---p 00011000 fd:00 9442521                    /usr/lib/x86_64-linux-gnu/libXext.so.6.4.0
7f0a0fffe000-7f0a0ffff000 r--p 00010000 fd:00 9442521                    /usr/lib/x86_64-linux-gnu/libXext.so.6.4.0
7f0a0ffff000-7f0a10000000 rw-p 00011000 fd:00 9442521                    /usr/lib/x86_64-linux-gnu/libXext.so.6.4.0
7f0a10000000-7f0a10021000 rw-p 00000000 00:00 0 
7f0a10021000-7f0a14000000 ---p 00000000 00:00 0 
7f0a14000000-7f0a14004000 rw-s 00000000 00:2c 259                        /i915 (deleted)
7f0a14004000-7f0a14008000 rw-s 00000000 00:2c 81                         /i915 (deleted)
7f0a14008000-7f0a1400f000 r--s 00000000 fd:00 9573270                    /usr/lib/x86_64-linux-gnu/gconv/gconv-modules.cache
7f0a1400f000-7f0a1402f000 rw-s 00000000 fd:00 17314978                   /home/brobz/#17314978 (deleted)
7f0a1402f000-7f0a1404f000 r-xs 00000000 fd:00 17314978                   /home/brobz/#17314978 (deleted)
7f0a1404f000-7f0a14052000 ---p 00000000 00:00 0 
7f0a14052000-7f0a14150000 rw-p 00000000 00:00 0 
7f0a14150000-7f0a14163000 r--s 00346000 fd:00 13894112                   /usr/lib/jvm/java-8-openjdk-amd64/jre/lib/resources.jar
7f0a14163000-7f0a141b7000 r-xp 00000000 fd:00 13894048                   /usr/lib/jvm/java-8-openjdk-amd64/jre/lib/amd64/libawt_xawt.so
7f0a141b7000-7f0a143b6000 ---p 00054000 fd:00 13894048                   /usr/lib/jvm/java-8-openjdk-amd64/jre/lib/amd64/libawt_xawt.so
7f0a143b6000-7f0a143b7000 r--p 00053000 fd:00 13894048                   /usr/lib/jvm/java-8-openjdk-amd64/jre/lib/amd64/libawt_xawt.so
7f0a143b7000-7f0a143ba000 rw-p 00054000 fd:00 13894048                   /usr/lib/jvm/java-8-openjdk-amd64/jre/lib/amd64/libawt_xawt.so
7f0a143ba000-7f0a143bb000 rw-p 00000000 00:00 0 
7f0a143bb000-7f0a1445b000 r-xp 00000000 fd:00 13894044                   /usr/lib/jvm/java-8-openjdk-amd64/jre/lib/amd64/libawt.so
7f0a1445b000-7f0a1465a000 ---p 000a0000 fd:00 13894044                   /usr/lib/jvm/java-8-openjdk-amd64/jre/lib/amd64/libawt.so
7f0a1465a000-7f0a1465b000 r--p 0009f000 fd:00 13894044                   /usr/lib/jvm/java-8-openjdk-amd64/jre/lib/amd64/libawt.so
7f0a1465b000-7f0a14666000 rw-p 000a0000 fd:00 13894044                   /usr/lib/jvm/java-8-openjdk-amd64/jre/lib/amd64/libawt.so
7f0a14666000-7f0a1468b000 rw-p 00000000 00:00 0 
7f0a1468b000-7f0a1468d000 r-xp 00000000 fd:00 6423373                    /tmp/jogamp_0000/file_cache/jln3543298313949866122/jln4002067863013589068/natives/linux-amd64/libgluegen-rt.so
7f0a1468d000-7f0a1488c000 ---p 00002000 fd:00 6423373                    /tmp/jogamp_0000/file_cache/jln3543298313949866122/jln4002067863013589068/natives/linux-amd64/libgluegen-rt.so
7f0a1488c000-7f0a1488d000 rw-p 00001000 fd:00 6423373                    /tmp/jogamp_0000/file_cache/jln3543298313949866122/jln4002067863013589068/natives/linux-amd64/libgluegen-rt.so
7f0a1488d000-7f0a14890000 ---p 00000000 00:00 0 
7f0a14890000-7f0a1498e000 rw-p 00000000 00:00 0 
7f0a1498e000-7f0a1499f000 r-xp 00000000 fd:00 13894069                   /usr/lib/jvm/java-8-openjdk-amd64/jre/lib/amd64/libnio.so
7f0a1499f000-7f0a14b9f000 ---p 00011000 fd:00 13894069                   /usr/lib/jvm/java-8-openjdk-amd64/jre/lib/amd64/libnio.so
7f0a14b9f000-7f0a14ba0000 r--p 00011000 fd:00 13894069                   /usr/lib/jvm/java-8-openjdk-amd64/jre/lib/amd64/libnio.so
7f0a14ba0000-7f0a14ba1000 rw-p 00012000 fd:00 13894069                   /usr/lib/jvm/java-8-openjdk-amd64/jre/lib/amd64/libnio.so
7f0a14ba1000-7f0a17ba2000 rw-p 00000000 00:00 0 
7f0a17ba2000-7f0a17bb9000 r-xp 00000000 fd:00 13894068                   /usr/lib/jvm/java-8-openjdk-amd64/jre/lib/amd64/libnet.so
7f0a17bb9000-7f0a17db8000 ---p 00017000 fd:00 13894068                   /usr/lib/jvm/java-8-openjdk-amd64/jre/lib/amd64/libnet.so
7f0a17db8000-7f0a17db9000 r--p 00016000 fd:00 13894068                   /usr/lib/jvm/java-8-openjdk-amd64/jre/lib/amd64/libnet.so
7f0a17db9000-7f0a17dba000 rw-p 00017000 fd:00 13894068                   /usr/lib/jvm/java-8-openjdk-amd64/jre/lib/amd64/libnet.so
7f0a17dba000-7f0a17dbd000 ---p 00000000 00:00 0 
7f0a17dbd000-7f0a17df3000 rw-p 00000000 00:00 0 
7f0a17df3000-7f0a17df8000 r--s 000a0000 fd:00 13894108                   /usr/lib/jvm/java-8-openjdk-amd64/jre/lib/jsse.jar
7f0a17df8000-7f0a17dfe000 r--s 00081000 fd:00 17695093                   /home/brobz/.m2/repository/postgresql/postgresql/9.1-901-1.jdbc4/postgresql-9.1-901-1.jdbc4.jar
7f0a17dfe000-7f0a17dff000 ---p 00000000 00:00 0 
7f0a17dff000-7f0a17eff000 rw-p 00000000 00:00 0 
7f0a17eff000-7f0a17f02000 ---p 00000000 00:00 0 
7f0a17f02000-7f0a18000000 rw-p 00000000 00:00 0 
7f0a18000000-7f0a18021000 rw-p 00000000 00:00 0 
7f0a18021000-7f0a1c000000 ---p 00000000 00:00 0 
7f0a1c000000-7f0a1c001000 rw-s 00000000 00:05 35121                      /memfd:xshmfence (deleted)
7f0a1c001000-7f0a1c002000 rwxp 00000000 00:00 0 
7f0a1c002000-7f0a1c003000 r--p 00000000 00:00 0 
7f0a1c003000-7f0a1c005000 r--s 00001000 fd:00 17695088                   /home/brobz/.m2/repository/net/mikera/mathz/0.3.0/mathz-0.3.0.jar
7f0a1c005000-7f0a1c006000 r--s 00003000 fd:00 17695087                   /home/brobz/.m2/repository/net/mikera/randomz/0.3.0/randomz-0.3.0.jar
7f0a1c006000-7f0a1c009000 r--s 00013000 fd:00 17695089                   /home/brobz/.m2/repository/us/bpsm/edn-java/0.4.7/edn-java-0.4.7.jar
7f0a1c009000-7f0a1c011000 r--s 000a9000 fd:00 17695092                   /home/brobz/.m2/repository/net/mikera/vectorz/0.66.0/vectorz-0.66.0.jar
7f0a1c011000-7f0a1c012000 r--s 00001000 fd:00 17695082                   /home/brobz/.m2/repository/org/jogamp/gluegen/gluegen-rt/2.3.2/gluegen-rt-2.3.2-natives-windows-i586.jar
7f0a1c012000-7f0a1c013000 r--s 00001000 fd:00 17695081                   /home/brobz/.m2/repository/org/jogamp/gluegen/gluegen-rt/2.3.2/gluegen-rt-2.3.2-natives-windows-amd64.jar
7f0a1c013000-7f0a1c014000 r--s 00000000 fd:00 17695080                   /home/brobz/.m2/repository/org/jogamp/gluegen/gluegen-rt/2.3.2/gluegen-rt-2.3.2-natives-solaris-i586.jar
7f0a1c014000-7f0a1c015000 r--s 00001000 fd:00 17695076                   /home/brobz/.m2/repository/org/jogamp/gluegen/gluegen-rt/2.3.2/gluegen-rt-2.3.2-natives-solaris-amd64.jar
7f0a1c015000-7f0a1c016000 r--s 00001000 fd:00 17695075                   /home/brobz/.m2/repository/org/jogamp/gluegen/gluegen-rt/2.3.2/gluegen-rt-2.3.2-natives-macosx-universal.jar
7f0a1c016000-7f0a1c018000 r--s 00000000 fd:00 17695074                   /home/brobz/.m2/repository/org/jogamp/gluegen/gluegen-rt/2.3.2/gluegen-rt-2.3.2-natives-linux-i586.jar
7f0a1c018000-7f0a1c019000 r--s 00000000 fd:00 17695070                   /home/brobz/.m2/repository/org/jogamp/gluegen/gluegen-rt/2.3.2/gluegen-rt-2.3.2-natives-linux-armv6hf.jar
7f0a1c019000-7f0a1c01a000 r--s 00000000 fd:00 17695069                   /home/brobz/.m2/repository/org/jogamp/gluegen/gluegen-rt/2.3.2/gluegen-rt-2.3.2-natives-linux-armv6.jar
7f0a1c01a000-7f0a1c01c000 r--s 00000000 fd:00 17695063                   /home/brobz/.m2/repository/org/jogamp/gluegen/gluegen-rt/2.3.2/gluegen-rt-2.3.2-natives-linux-amd64.jar
7f0a1c01c000-7f0a1c01d000 r--s 00001000 fd:00 17695065                   /home/brobz/.m2/repository/org/jogamp/gluegen/gluegen-rt/2.3.2/gluegen-rt-2.3.2-natives-android-armv6.jar
7f0a1c01d000-7f0a1c01e000 r--s 00000000 fd:00 17695064                   /home/brobz/.m2/repository/org/jogamp/gluegen/gluegen-rt/2.3.2/gluegen-rt-2.3.2-natives-android-aarch64.jar
7f0a1c01e000-7f0a1c024000 r--s 0004f000 fd:00 17695073                   /home/brobz/.m2/repository/org/jogamp/gluegen/gluegen-rt/2.3.2/gluegen-rt-2.3.2.jar
7f0a1c024000-7f0a1c025000 r--s 00000000 fd:00 17694964                   /home/brobz/.m2/repository/org/jogamp/gluegen/gluegen-rt-main/2.3.2/gluegen-rt-main-2.3.2.jar
7f0a1c025000-7f0a1c027000 r--s 0000c000 fd:00 17694962                   /home/brobz/.m2/repository/com/esotericsoftware/jsonbeans/0.7/jsonbeans-0.7.jar
7f0a1c027000-7f0a1c029000 r--s 00009000 fd:00 17694960                   /home/brobz/.m2/repository/org/objenesis/objenesis/2.1/objenesis-2.1.jar
7f0a1c029000-7f0a1c02b000 r--s 00000000 fd:00 17694958                   /home/brobz/.m2/repository/com/esotericsoftware/minlog/minlog/1.2/minlog-1.2.jar
7f0a1c02b000-7f0a1c031000 r--s 0004d000 fd:00 17694956                   /home/brobz/.m2/repository/com/esotericsoftware/kryo/kryo/2.24.0/kryo-2.24.0.jar
7f0a1c031000-7f0a1c033000 r--s 00011000 fd:00 17694954                   /home/brobz/.m2/repository/com/esotericsoftware/kryonet/2.22.0-RC1/kryonet-2.22.0-RC1.jar
7f0a1c033000-7f0a1c035000 r--s 00032000 fd:00 17694953                   /home/brobz/.m2/repository/org/jogamp/jogl/jogl-all/2.3.2/jogl-all-2.3.2-natives-windows-i586.jar
7f0a1c035000-7f0a1c036000 r--s 0003a000 fd:00 17694951                   /home/brobz/.m2/repository/org/jogamp/jogl/jogl-all/2.3.2/jogl-all-2.3.2-natives-windows-amd64.jar
7f0a1c036000-7f0a1c037000 r--s 00027000 fd:00 17694948                   /home/brobz/.m2/repository/org/jogamp/jogl/jogl-all/2.3.2/jogl-all-2.3.2-natives-solaris-i586.jar
7f0a1c037000-7f0a1c038000 r--s 00035000 fd:00 17694945                   /home/brobz/.m2/repository/org/jogamp/jogl/jogl-all/2.3.2/jogl-all-2.3.2-natives-solaris-amd64.jar
7f0a1c038000-7f0a1c039000 r--s 0006c000 fd:00 17694946                   /home/brobz/.m2/repository/org/jogamp/jogl/jogl-all/2.3.2/jogl-all-2.3.2-natives-macosx-universal.jar
7f0a1c039000-7f0a1c03b000 r--s 00034000 fd:00 17694941                   /home/brobz/.m2/repository/org/jogamp/jogl/jogl-all/2.3.2/jogl-all-2.3.2-natives-linux-i586.jar
7f0a1c03b000-7f0a1c03c000 r--s 00028000 fd:00 17694943                   /home/brobz/.m2/repository/org/jogamp/jogl/jogl-all/2.3.2/jogl-all-2.3.2-natives-linux-armv6hf.jar
7f0a1c03c000-7f0a1c060000 r--s 0031e000 fd:00 17695059                   /home/brobz/.m2/repository/org/jogamp/jogl/jogl-all/2.3.2/jogl-all-2.3.2.jar
7f0a1c060000-7f0a1c07b000 r--s 001d6000 fd:00 13894092                   /usr/lib/jvm/java-8-openjdk-amd64/jre/lib/ext/nashorn.jar
7f0a1c07b000-7f0a1c096000 r--s 00394000 fd:00 13894087                   /usr/lib/jvm/java-8-openjdk-amd64/jre/lib/ext/cldrdata.jar
7f0a1c096000-7f0a1c097000 ---p 00000000 00:00 0 
7f0a1c097000-7f0a1c09a000 ---p 00000000 00:00 0 
7f0a1c09a000-7f0a1c197000 rw-p 00000000 00:00 0 
7f0a1c197000-7f0a1c198000 ---p 00000000 00:00 0 
7f0a1c198000-7f0a1c19b000 ---p 00000000 00:00 0 
7f0a1c19b000-7f0a1c298000 rw-p 00000000 00:00 0 
7f0a1c298000-7f0a1c299000 ---p 00000000 00:00 0 
7f0a1c299000-7f0a1c29c000 ---p 00000000 00:00 0 
7f0a1c29c000-7f0a1c399000 rw-p 00000000 00:00 0 
7f0a1c399000-7f0a1c39c000 ---p 00000000 00:00 0 
7f0a1c39c000-7f0a1c49a000 rw-p 00000000 00:00 0 
7f0a1c49a000-7f0a1c8a9000 r--p 00000000 fd:00 9446342                    /usr/lib/locale/locale-archive
7f0a1c8a9000-7f0a1c8ac000 ---p 00000000 00:00 0 
7f0a1c8ac000-7f0a1c9aa000 rw-p 00000000 00:00 0 
7f0a1c9aa000-7f0a1c9ad000 ---p 00000000 00:00 0 
7f0a1c9ad000-7f0a1caab000 rw-p 00000000 00:00 0 
7f0a1caab000-7f0a1caac000 ---p 00000000 00:00 0 
7f0a1caac000-7f0a1db1e000 rw-p 00000000 00:00 0 
7f0a1db1e000-7f0a1dced000 r--s 03c33000 fd:00 13894113                   /usr/lib/jvm/java-8-openjdk-amd64/jre/lib/rt.jar
7f0a1dced000-7f0a1fbb4000 rw-p 00000000 00:00 0 
7f0a1fbb4000-7f0a1fbb5000 ---p 00000000 00:00 0 
7f0a1fbb5000-7f0a1fcb5000 rw-p 00000000 00:00 0 
7f0a1fcb5000-7f0a1fcb6000 ---p 00000000 00:00 0 
7f0a1fcb6000-7f0a1fdb6000 rw-p 00000000 00:00 0 
7f0a1fdb6000-7f0a1fdb7000 ---p 00000000 00:00 0 
7f0a1fdb7000-7f0a1feb7000 rw-p 00000000 00:00 0 
7f0a1feb7000-7f0a1feb8000 ---p 00000000 00:00 0 
7f0a1feb8000-7f0a2009d000 rw-p 00000000 00:00 0 
7f0a2009d000-7f0a20181000 rw-p 00000000 00:00 0 
7f0a20181000-7f0a201f4000 rw-p 00000000 00:00 0 
7f0a201f4000-7f0a20223000 rw-p 00000000 00:00 0 
7f0a20223000-7f0a205b5000 ---p 00000000 00:00 0 
7f0a205b5000-7f0a21105000 rwxp 00000000 00:00 0 
7f0a21105000-7f0a2f5b5000 ---p 00000000 00:00 0 
7f0a2f5b5000-7f0a2f5bd000 r-xp 00000000 fd:00 13894076                   /usr/lib/jvm/java-8-openjdk-amd64/jre/lib/amd64/libzip.so
7f0a2f5bd000-7f0a2f7bc000 ---p 00008000 fd:00 13894076                   /usr/lib/jvm/java-8-openjdk-amd64/jre/lib/amd64/libzip.so
7f0a2f7bc000-7f0a2f7bd000 r--p 00007000 fd:00 13894076                   /usr/lib/jvm/java-8-openjdk-amd64/jre/lib/amd64/libzip.so
7f0a2f7bd000-7f0a2f7be000 rw-p 00008000 fd:00 13894076                   /usr/lib/jvm/java-8-openjdk-amd64/jre/lib/amd64/libzip.so
7f0a2f7be000-7f0a2f7c9000 r-xp 00000000 fd:00 8257819                    /lib/x86_64-linux-gnu/libnss_files-2.27.so
7f0a2f7c9000-7f0a2f9c8000 ---p 0000b000 fd:00 8257819                    /lib/x86_64-linux-gnu/libnss_files-2.27.so
7f0a2f9c8000-7f0a2f9c9000 r--p 0000a000 fd:00 8257819                    /lib/x86_64-linux-gnu/libnss_files-2.27.so
7f0a2f9c9000-7f0a2f9ca000 rw-p 0000b000 fd:00 8257819                    /lib/x86_64-linux-gnu/libnss_files-2.27.so
7f0a2f9ca000-7f0a2f9d0000 rw-p 00000000 00:00 0 
7f0a2f9d0000-7f0a2f9e7000 r-xp 00000000 fd:00 8257816                    /lib/x86_64-linux-gnu/libnsl-2.27.so
7f0a2f9e7000-7f0a2fbe6000 ---p 00017000 fd:00 8257816                    /lib/x86_64-linux-gnu/libnsl-2.27.so
7f0a2fbe6000-7f0a2fbe7000 r--p 00016000 fd:00 8257816                    /lib/x86_64-linux-gnu/libnsl-2.27.so
7f0a2fbe7000-7f0a2fbe8000 rw-p 00017000 fd:00 8257816                    /lib/x86_64-linux-gnu/libnsl-2.27.so
7f0a2fbe8000-7f0a2fbea000 rw-p 00000000 00:00 0 
7f0a2fbea000-7f0a2fbf5000 r-xp 00000000 fd:00 8257821                    /lib/x86_64-linux-gnu/libnss_nis-2.27.so
7f0a2fbf5000-7f0a2fdf4000 ---p 0000b000 fd:00 8257821                    /lib/x86_64-linux-gnu/libnss_nis-2.27.so
7f0a2fdf4000-7f0a2fdf5000 r--p 0000a000 fd:00 8257821                    /lib/x86_64-linux-gnu/libnss_nis-2.27.so
7f0a2fdf5000-7f0a2fdf6000 rw-p 0000b000 fd:00 8257821                    /lib/x86_64-linux-gnu/libnss_nis-2.27.so
7f0a2fdf6000-7f0a2fdfe000 r-xp 00000000 fd:00 8257817                    /lib/x86_64-linux-gnu/libnss_compat-2.27.so
7f0a2fdfe000-7f0a2fffe000 ---p 00008000 fd:00 8257817                    /lib/x86_64-linux-gnu/libnss_compat-2.27.so
7f0a2fffe000-7f0a2ffff000 r--p 00008000 fd:00 8257817                    /lib/x86_64-linux-gnu/libnss_compat-2.27.so
7f0a2ffff000-7f0a30000000 rw-p 00009000 fd:00 8257817                    /lib/x86_64-linux-gnu/libnss_compat-2.27.so
7f0a30000000-7f0a3094b000 rw-p 00000000 00:00 0 
7f0a3094b000-7f0a34000000 ---p 00000000 00:00 0 
7f0a34000000-7f0a34001000 r--s 00027000 fd:00 17694938                   /home/brobz/.m2/repository/org/jogamp/jogl/jogl-all/2.3.2/jogl-all-2.3.2-natives-linux-armv6.jar
7f0a34001000-7f0a34007000 r--s 0003b000 fd:00 13894094                   /usr/lib/jvm/java-8-openjdk-amd64/jre/lib/ext/sunjce_provider.jar
7f0a34007000-7f0a34011000 r--s 00116000 fd:00 13894091                   /usr/lib/jvm/java-8-openjdk-amd64/jre/lib/ext/localedata.jar
7f0a34011000-7f0a340c9000 rw-p 00000000 00:00 0 
7f0a340c9000-7f0a340f7000 r-xp 00000000 fd:00 13894057                   /usr/lib/jvm/java-8-openjdk-amd64/jre/lib/amd64/libjava.so
7f0a340f7000-7f0a342f6000 ---p 0002e000 fd:00 13894057                   /usr/lib/jvm/java-8-openjdk-amd64/jre/lib/amd64/libjava.so
7f0a342f6000-7f0a342f7000 r--p 0002d000 fd:00 13894057                   /usr/lib/jvm/java-8-openjdk-amd64/jre/lib/amd64/libjava.so
7f0a342f7000-7f0a342f9000 rw-p 0002e000 fd:00 13894057                   /usr/lib/jvm/java-8-openjdk-amd64/jre/lib/amd64/libjava.so
7f0a342f9000-7f0a34309000 r-xp 00000000 fd:00 13894075                   /usr/lib/jvm/java-8-openjdk-amd64/jre/lib/amd64/libverify.so
7f0a34309000-7f0a34508000 ---p 00010000 fd:00 13894075                   /usr/lib/jvm/java-8-openjdk-amd64/jre/lib/amd64/libverify.so
7f0a34508000-7f0a3450a000 r--p 0000f000 fd:00 13894075                   /usr/lib/jvm/java-8-openjdk-amd64/jre/lib/amd64/libverify.so
7f0a3450a000-7f0a3450b000 rw-p 00011000 fd:00 13894075                   /usr/lib/jvm/java-8-openjdk-amd64/jre/lib/amd64/libverify.so
7f0a3450b000-7f0a34512000 r-xp 00000000 fd:00 8257826                    /lib/x86_64-linux-gnu/librt-2.27.so
7f0a34512000-7f0a34711000 ---p 00007000 fd:00 8257826                    /lib/x86_64-linux-gnu/librt-2.27.so
7f0a34711000-7f0a34712000 r--p 00006000 fd:00 8257826                    /lib/x86_64-linux-gnu/librt-2.27.so
7f0a34712000-7f0a34713000 rw-p 00007000 fd:00 8257826                    /lib/x86_64-linux-gnu/librt-2.27.so
7f0a34713000-7f0a3472a000 r-xp 00000000 fd:00 8257738                    /lib/x86_64-linux-gnu/libgcc_s.so.1
7f0a3472a000-7f0a34929000 ---p 00017000 fd:00 8257738                    /lib/x86_64-linux-gnu/libgcc_s.so.1
7f0a34929000-7f0a3492a000 r--p 00016000 fd:00 8257738                    /lib/x86_64-linux-gnu/libgcc_s.so.1
7f0a3492a000-7f0a3492b000 rw-p 00017000 fd:00 8257738                    /lib/x86_64-linux-gnu/libgcc_s.so.1
7f0a3492b000-7f0a34ac8000 r-xp 00000000 fd:00 8257597                    /lib/x86_64-linux-gnu/libm-2.27.so
7f0a34ac8000-7f0a34cc7000 ---p 0019d000 fd:00 8257597                    /lib/x86_64-linux-gnu/libm-2.27.so
7f0a34cc7000-7f0a34cc8000 r--p 0019c000 fd:00 8257597                    /lib/x86_64-linux-gnu/libm-2.27.so
7f0a34cc8000-7f0a34cc9000 rw-p 0019d000 fd:00 8257597                    /lib/x86_64-linux-gnu/libm-2.27.so
7f0a34cc9000-7f0a34e42000 r-xp 00000000 fd:00 9440830                    /usr/lib/x86_64-linux-gnu/libstdc++.so.6.0.25
7f0a34e42000-7f0a35042000 ---p 00179000 fd:00 9440830                    /usr/lib/x86_64-linux-gnu/libstdc++.so.6.0.25
7f0a35042000-7f0a3504c000 r--p 00179000 fd:00 9440830                    /usr/lib/x86_64-linux-gnu/libstdc++.so.6.0.25
7f0a3504c000-7f0a3504e000 rw-p 00183000 fd:00 9440830                    /usr/lib/x86_64-linux-gnu/libstdc++.so.6.0.25
7f0a3504e000-7f0a35052000 rw-p 00000000 00:00 0 
7f0a35052000-7f0a35cec000 r-xp 00000000 fd:00 13894078                   /usr/lib/jvm/java-8-openjdk-amd64/jre/lib/amd64/server/libjvm.so
7f0a35cec000-7f0a35eeb000 ---p 00c9a000 fd:00 13894078                   /usr/lib/jvm/java-8-openjdk-amd64/jre/lib/amd64/server/libjvm.so
7f0a35eeb000-7f0a35f7f000 r--p 00c99000 fd:00 13894078                   /usr/lib/jvm/java-8-openjdk-amd64/jre/lib/amd64/server/libjvm.so
7f0a35f7f000-7f0a35fa8000 rw-p 00d2d000 fd:00 13894078                   /usr/lib/jvm/java-8-openjdk-amd64/jre/lib/amd64/server/libjvm.so
7f0a35fa8000-7f0a35fd8000 rw-p 00000000 00:00 0 
7f0a35fd8000-7f0a35ff2000 r-xp 00000000 fd:00 8257824                    /lib/x86_64-linux-gnu/libpthread-2.27.so
7f0a35ff2000-7f0a361f1000 ---p 0001a000 fd:00 8257824                    /lib/x86_64-linux-gnu/libpthread-2.27.so
7f0a361f1000-7f0a361f2000 r--p 00019000 fd:00 8257824                    /lib/x86_64-linux-gnu/libpthread-2.27.so
7f0a361f2000-7f0a361f3000 rw-p 0001a000 fd:00 8257824                    /lib/x86_64-linux-gnu/libpthread-2.27.so
7f0a361f3000-7f0a361f7000 rw-p 00000000 00:00 0 
7f0a361f7000-7f0a361fa000 r-xp 00000000 fd:00 8257594                    /lib/x86_64-linux-gnu/libdl-2.27.so
7f0a361fa000-7f0a363f9000 ---p 00003000 fd:00 8257594                    /lib/x86_64-linux-gnu/libdl-2.27.so
7f0a363f9000-7f0a363fa000 r--p 00002000 fd:00 8257594                    /lib/x86_64-linux-gnu/libdl-2.27.so
7f0a363fa000-7f0a363fb000 rw-p 00003000 fd:00 8257594                    /lib/x86_64-linux-gnu/libdl-2.27.so
7f0a363fb000-7f0a36417000 r-xp 00000000 fd:00 8257566                    /lib/x86_64-linux-gnu/libz.so.1.2.11
7f0a36417000-7f0a36616000 ---p 0001c000 fd:00 8257566                    /lib/x86_64-linux-gnu/libz.so.1.2.11
7f0a36616000-7f0a36617000 r--p 0001b000 fd:00 8257566                    /lib/x86_64-linux-gnu/libz.so.1.2.11
7f0a36617000-7f0a36618000 rw-p 0001c000 fd:00 8257566                    /lib/x86_64-linux-gnu/libz.so.1.2.11
7f0a36618000-7f0a367ff000 r-xp 00000000 fd:00 8257588                    /lib/x86_64-linux-gnu/libc-2.27.so
7f0a367ff000-7f0a369ff000 ---p 001e7000 fd:00 8257588                    /lib/x86_64-linux-gnu/libc-2.27.so
7f0a369ff000-7f0a36a03000 r--p 001e7000 fd:00 8257588                    /lib/x86_64-linux-gnu/libc-2.27.so
7f0a36a03000-7f0a36a05000 rw-p 001eb000 fd:00 8257588                    /lib/x86_64-linux-gnu/libc-2.27.so
7f0a36a05000-7f0a36a09000 rw-p 00000000 00:00 0 
7f0a36a09000-7f0a36a17000 r-xp 00000000 fd:00 13894015                   /usr/lib/jvm/java-8-openjdk-amd64/jre/lib/amd64/jli/libjli.so
7f0a36a17000-7f0a36c16000 ---p 0000e000 fd:00 13894015                   /usr/lib/jvm/java-8-openjdk-amd64/jre/lib/amd64/jli/libjli.so
7f0a36c16000-7f0a36c17000 r--p 0000d000 fd:00 13894015                   /usr/lib/jvm/java-8-openjdk-amd64/jre/lib/amd64/jli/libjli.so
7f0a36c17000-7f0a36c18000 rw-p 0000e000 fd:00 13894015                   /usr/lib/jvm/java-8-openjdk-amd64/jre/lib/amd64/jli/libjli.so
7f0a36c18000-7f0a36c3f000 r-xp 00000000 fd:00 8257580                    /lib/x86_64-linux-gnu/ld-2.27.so
7f0a36c3f000-7f0a36c40000 r--s 00036000 fd:00 17694937                   /home/brobz/.m2/repository/org/jogamp/jogl/jogl-all/2.3.2/jogl-all-2.3.2-natives-linux-amd64.jar
7f0a36c40000-7f0a36c41000 r--s 0000f000 fd:00 17694934                   /home/brobz/.m2/repository/org/jogamp/jogl/jogl-all/2.3.2/jogl-all-2.3.2-natives-android-armv6.jar
7f0a36c41000-7f0a36c42000 r--s 0000f000 fd:00 17694936                   /home/brobz/.m2/repository/org/jogamp/jogl/jogl-all/2.3.2/jogl-all-2.3.2-natives-android-aarch64.jar
7f0a36c42000-7f0a36c43000 r--s 00000000 fd:00 17694933                   /home/brobz/.m2/repository/org/jogamp/jogl/jogl-all-main/2.3.2/jogl-all-main-2.3.2.jar
7f0a36c43000-7f0a36c45000 r--s 00001000 fd:00 13894088                   /usr/lib/jvm/java-8-openjdk-amd64/jre/lib/ext/dnsns.jar
7f0a36c45000-7f0a36c48000 r--s 00038000 fd:00 13894095                   /usr/lib/jvm/java-8-openjdk-amd64/jre/lib/ext/sunpkcs11.jar
7f0a36c48000-7f0a36c4a000 r--s 00007000 fd:00 9706232                    /usr/share/java/java-atk-wrapper.jar
7f0a36c4a000-7f0a36c4d000 r--s 0000f000 fd:00 13894089                   /usr/lib/jvm/java-8-openjdk-amd64/jre/lib/ext/icedtea-sound.jar
7f0a36c4d000-7f0a36c4f000 r--s 00008000 fd:00 13894093                   /usr/lib/jvm/java-8-openjdk-amd64/jre/lib/ext/sunec.jar
7f0a36c4f000-7f0a36d20000 rw-p 00000000 00:00 0 
7f0a36d20000-7f0a36d21000 ---p 00000000 00:00 0 
7f0a36d21000-7f0a36d24000 ---p 00000000 00:00 0 
7f0a36d24000-7f0a36e23000 rw-p 00000000 00:00 0 
7f0a36e23000-7f0a36e24000 r--s 0000a000 fd:00 13894090                   /usr/lib/jvm/java-8-openjdk-amd64/jre/lib/ext/jaccess.jar
7f0a36e24000-7f0a36e25000 r--s 00010000 fd:00 13894096                   /usr/lib/jvm/java-8-openjdk-amd64/jre/lib/ext/zipfs.jar
7f0a36e25000-7f0a36e33000 rw-p 00000000 00:00 0 
7f0a36e33000-7f0a36e3b000 rw-s 00000000 fd:00 6423367                    /tmp/hsperfdata_brobz/2242
7f0a36e3b000-7f0a36e3c000 rw-p 00000000 00:00 0 
7f0a36e3c000-7f0a36e3d000 r--p 00000000 00:00 0 
7f0a36e3d000-7f0a36e3f000 rw-p 00000000 00:00 0 
7f0a36e3f000-7f0a36e40000 r--p 00027000 fd:00 8257580                    /lib/x86_64-linux-gnu/ld-2.27.so
7f0a36e40000-7f0a36e41000 rw-p 00028000 fd:00 8257580                    /lib/x86_64-linux-gnu/ld-2.27.so
7f0a36e41000-7f0a36e42000 rw-p 00000000 00:00 0 
7ffeefe4c000-7ffeefe6e000 rw-p 00000000 00:00 0                          [stack]
7ffeeffb2000-7ffeeffb5000 r--p 00000000 00:00 0                          [vvar]
7ffeeffb5000-7ffeeffb7000 r-xp 00000000 00:00 0                          [vdso]
ffffffffff600000-ffffffffff601000 r-xp 00000000 00:00 0                  [vsyscall]

VM Arguments:
java_command: com.BitJunkies.RTS.src.Game
java_class_path (initial): /home/brobz/Desktop/rts/target/classes:/home/brobz/.m2/repository/org/jogamp/jogl/jogl-all-main/2.3.2/jogl-all-main-2.3.2.jar:/home/brobz/.m2/repository/org/jogamp/jogl/jogl-all/2.3.2/jogl-all-2.3.2.jar:/home/brobz/.m2/repository/org/jogamp/jogl/jogl-all/2.3.2/jogl-all-2.3.2-natives-android-aarch64.jar:/home/brobz/.m2/repository/org/jogamp/jogl/jogl-all/2.3.2/jogl-all-2.3.2-natives-android-armv6.jar:/home/brobz/.m2/repository/org/jogamp/jogl/jogl-all/2.3.2/jogl-all-2.3.2-natives-linux-amd64.jar:/home/brobz/.m2/repository/org/jogamp/jogl/jogl-all/2.3.2/jogl-all-2.3.2-natives-linux-armv6.jar:/home/brobz/.m2/repository/org/jogamp/jogl/jogl-all/2.3.2/jogl-all-2.3.2-natives-linux-armv6hf.jar:/home/brobz/.m2/repository/org/jogamp/jogl/jogl-all/2.3.2/jogl-all-2.3.2-natives-linux-i586.jar:/home/brobz/.m2/repository/org/jogamp/jogl/jogl-all/2.3.2/jogl-all-2.3.2-natives-macosx-universal.jar:/home/brobz/.m2/repository/org/jogamp/jogl/jogl-all/2.3.2/jogl-all-2.3.2-natives-solaris-amd64.jar:/home/brobz/.m2/repository/org/jogamp/jogl/jogl-all/2.3.2/jogl-all-2.3.2-natives-solaris-i586.jar:/home/brobz/.m2/repository/org/jogamp/jogl/jogl-all/2.3.2/jogl-all-2.3.2-natives-windows-amd64.jar:/home/brobz/.m2/repository/org/jogamp/jogl/jogl-all/2.3.2/jogl-all-2.3.2-natives-windows-i586.jar:/home/brobz/.m2/repository/com/esotericsoftware/kryonet/2.22.0-RC1/kryonet-2.22.0-RC1.jar:/home/brobz/.m2/repository/com/esotericsoftware/kryo/kryo/2.24.0/kryo-2.24.0.jar:/home/brobz/.m2/repository/com/esotericsoftware/minlog/minlog/1.2/minlog-1.2.jar:/home/brobz/.m2/repository/org/objenesis/objenesis/2.1/objenesis-2.1.jar:/home/brobz/.m2/repository/com/esotericsoftware/jsonbeans/0.7/jsonbeans-0.7.jar:/home/brobz/.m2/repository/org/jogamp/gluegen/gluegen-rt-main/2.3.2/gluegen-rt-main-2.3.2.jar:/home/brobz/.m2/repository/org/jogamp/gluegen/gluegen-rt/2.3.2/gluegen-rt-2.3.2.jar:/home/brobz/.m2/repository/org/jogamp/gluegen/gluegen-rt/2.3.2/gluegen-rt-2.3.2-natives-android-aarc
Launcher Type: SUN_STANDARD

Environment Variables:
JAVA_HOME=/usr/lib/jvm/java-8-openjdk-amd64
PATH=/usr/local/sbin:/usr/local/bin:/usr/sbin:/usr/bin:/sbin:/bin:/usr/games:/usr/local/games:/snap/bin
LD_LIBRARY_PATH=/usr/lib/jvm/java-8-openjdk-amd64/jre/lib/amd64:/usr/lib/jvm/java-8-openjdk-amd64/jre/lib/i386:
SHELL=/usr/bin/zsh
DISPLAY=:0.0

Signal Handlers:
SIGSEGV: [libjvm.so+0xab2ea0], sa_mask[0]=11111111011111111101111111111110, sa_flags=SA_RESTART|SA_SIGINFO
SIGBUS: [libjvm.so+0xab2ea0], sa_mask[0]=11111111011111111101111111111110, sa_flags=SA_RESTART|SA_SIGINFO
SIGFPE: [libjvm.so+0x8e87b0], sa_mask[0]=11111111011111111101111111111110, sa_flags=SA_RESTART|SA_SIGINFO
SIGPIPE: [libjvm.so+0x8e87b0], sa_mask[0]=11111111011111111101111111111110, sa_flags=SA_RESTART|SA_SIGINFO
SIGXFSZ: [libjvm.so+0x8e87b0], sa_mask[0]=11111111011111111101111111111110, sa_flags=SA_RESTART|SA_SIGINFO
SIGILL: [libjvm.so+0x8e87b0], sa_mask[0]=11111111011111111101111111111110, sa_flags=SA_RESTART|SA_SIGINFO
SIGUSR1: SIG_DFL, sa_mask[0]=00000000000000000000000000000000, sa_flags=none
SIGUSR2: [libjvm.so+0x8e8660], sa_mask[0]=00100000000000000000000000000000, sa_flags=SA_RESTART|SA_SIGINFO
SIGHUP: [libjvm.so+0x8e8cd0], sa_mask[0]=11111111011111111101111111111110, sa_flags=SA_RESTART|SA_SIGINFO
SIGINT: SIG_IGN, sa_mask[0]=00000000000000000000000000000000, sa_flags=none
SIGTERM: [libjvm.so+0x8e8cd0], sa_mask[0]=11111111011111111101111111111110, sa_flags=SA_RESTART|SA_SIGINFO
SIGQUIT: [libjvm.so+0x8e8cd0], sa_mask[0]=11111111011111111101111111111110, sa_flags=SA_RESTART|SA_SIGINFO


---------------  S Y S T E M  ---------------

OS:DISTRIB_ID=Ubuntu
DISTRIB_RELEASE=18.04
DISTRIB_CODENAME=bionic
DISTRIB_DESCRIPTION="Ubuntu 18.04.2 LTS"

uname:Linux 4.15.0-48-generic #51-Ubuntu SMP Wed Apr 3 08:28:49 UTC 2019 x86_64
libc:glibc 2.27 NPTL 2.27 
rlimit: STACK 8192k, CORE 0k, NPROC 10782, NOFILE 1048576, AS infinity
load average:2.67 1.48 0.92

/proc/meminfo:
MemTotal:        2805704 kB
MemFree:          932240 kB
MemAvailable:     891068 kB
Buffers:             680 kB
Cached:            66108 kB
SwapCached:       108320 kB
Active:          1527848 kB
Inactive:         214420 kB
Active(anon):    1505752 kB
Inactive(anon):   195132 kB
Active(file):      22096 kB
Inactive(file):    19288 kB
Unevictable:          64 kB
Mlocked:              64 kB
SwapTotal:       2871292 kB
SwapFree:        2563068 kB
Dirty:               184 kB
Writeback:         59044 kB
AnonPages:       1576476 kB
Mapped:            50248 kB
Shmem:             25364 kB
Slab:              73032 kB
SReclaimable:      32852 kB
SUnreclaim:        40180 kB
KernelStack:        5664 kB
PageTables:        20416 kB
NFS_Unstable:          0 kB
Bounce:                0 kB
WritebackTmp:          0 kB
CommitLimit:     4274144 kB
Committed_AS:    3371304 kB
VmallocTotal:   34359738367 kB
VmallocUsed:           0 kB
VmallocChunk:          0 kB
HardwareCorrupted:     0 kB
AnonHugePages:         0 kB
ShmemHugePages:        0 kB
ShmemPmdMapped:        0 kB
CmaTotal:              0 kB
CmaFree:               0 kB
HugePages_Total:       0
HugePages_Free:        0
HugePages_Rsvd:        0
HugePages_Surp:        0
Hugepagesize:       2048 kB
DirectMap4k:      107728 kB
DirectMap2M:     2766848 kB

container (cgroup) information:
container_type: cgroupv1
cpu_cpuset_cpus: 0-3
cpu_memory_nodes: 0
active_processor_count: 4
cpu_quota: -1
cpu_period: 100000
cpu_shares: -1
memory_limit_in_bytes: -1
memory_and_swap_limit_in_bytes: -2
memory_soft_limit_in_bytes: -1
memory_usage_in_bytes: 1779634176
memory_max_usage_in_bytes: 0


CPU:total 4 (initial active 4) (2 cores per cpu, 2 threads per core) family 6 model 37 stepping 5, cmov, cx8, fxsr, mmx, sse, sse2, sse3, ssse3, sse4.1, sse4.2, popcnt, ht, tsc, tscinvbit

/proc/cpuinfo:
processor	: 0
vendor_id	: GenuineIntel
cpu family	: 6
model		: 37
model name	: Intel(R) Core(TM) i3 CPU       M 380  @ 2.53GHz
stepping	: 5
microcode	: 0x7
cpu MHz		: 2526.915
cache size	: 3072 KB
physical id	: 0
siblings	: 4
core id		: 0
cpu cores	: 2
apicid		: 0
initial apicid	: 0
fpu		: yes
fpu_exception	: yes
cpuid level	: 11
wp		: yes
flags		: fpu vme de pse tsc msr pae mce cx8 apic sep mtrr pge mca cmov pat pse36 clflush dts acpi mmx fxsr sse sse2 ss ht tm pbe syscall nx rdtscp lm constant_tsc arch_perfmon pebs bts rep_good nopl xtopology nonstop_tsc cpuid aperfmperf pni dtes64 monitor ds_cpl vmx est tm2 ssse3 cx16 xtpr pdcm pcid sse4_1 sse4_2 popcnt lahf_lm pti ssbd ibrs ibpb stibp tpr_shadow vnmi flexpriority ept vpid dtherm arat flush_l1d
bugs		: cpu_meltdown spectre_v1 spectre_v2 spec_store_bypass l1tf
bogomips	: 5053.60
clflush size	: 64
cache_alignment	: 64
address sizes	: 36 bits physical, 48 bits virtual
power management:

processor	: 1
vendor_id	: GenuineIntel
cpu family	: 6
model		: 37
model name	: Intel(R) Core(TM) i3 CPU       M 380  @ 2.53GHz
stepping	: 5
microcode	: 0x7
cpu MHz		: 2526.967
cache size	: 3072 KB
physical id	: 0
siblings	: 4
core id		: 0
cpu cores	: 2
apicid		: 1
initial apicid	: 1
fpu		: yes
fpu_exception	: yes
cpuid level	: 11
wp		: yes
flags		: fpu vme de pse tsc msr pae mce cx8 apic sep mtrr pge mca cmov pat pse36 clflush dts acpi mmx fxsr sse sse2 ss ht tm pbe syscall nx rdtscp lm constant_tsc arch_perfmon pebs bts rep_good nopl xtopology nonstop_tsc cpuid aperfmperf pni dtes64 monitor ds_cpl vmx est tm2 ssse3 cx16 xtpr pdcm pcid sse4_1 sse4_2 popcnt lahf_lm pti ssbd ibrs ibpb stibp tpr_shadow vnmi flexpriority ept vpid dtherm arat flush_l1d
bugs		: cpu_meltdown spectre_v1 spectre_v2 spec_store_bypass l1tf
bogomips	: 5053.60
clflush size	: 64
cache_alignment	: 64
address sizes	: 36 bits physical, 48 bits virtual
power management:

processor	: 2
vendor_id	: GenuineIntel
cpu family	: 6
model		: 37
model name	: Intel(R) Core(TM) i3 CPU       M 380  @ 2.53GHz
stepping	: 5
microcode	: 0x7
cpu MHz		: 2526.803
cache size	: 3072 KB
physical id	: 0
siblings	: 4
core id		: 2
cpu cores	: 2
apicid		: 4
initial apicid	: 4
fpu		: yes
fpu_exception	: yes
cpuid level	: 11
wp		: yes
flags		: fpu vme de pse tsc msr pae mce cx8 apic sep mtrr pge mca cmov pat pse36 clflush dts acpi mmx fxsr sse sse2 ss ht tm pbe syscall nx rdtscp lm constant_tsc arch_perfmon pebs bts rep_good nopl xtopology nonstop_tsc cpuid aperfmperf pni dtes64 monitor ds_cpl vmx est tm2 ssse3 cx16 xtpr pdcm pcid sse4_1 sse4_2 popcnt lahf_lm pti ssbd ibrs ibpb stibp tpr_shadow vnmi flexpriority ept vpid dtherm arat flush_l1d
bugs		: cpu_meltdown spectre_v1 spectre_v2 spec_store_bypass l1tf
bogomips	: 5053.60
clflush size	: 64
cache_alignment	: 64
address sizes	: 36 bits physical, 48 bits virtual
power management:

processor	: 3
vendor_id	: GenuineIntel
cpu family	: 6
model		: 37
model name	: Intel(R) Core(TM) i3 CPU       M 380  @ 2.53GHz
stepping	: 5
microcode	: 0x7
cpu MHz		: 2526.616
cache size	: 3072 KB
physical id	: 0
siblings	: 4
core id		: 2
cpu cores	: 2
apicid		: 5
initial apicid	: 5
fpu		: yes
fpu_exception	: yes
cpuid level	: 11
wp		: yes
flags		: fpu vme de pse tsc msr pae mce cx8 apic sep mtrr pge mca cmov pat pse36 clflush dts acpi mmx fxsr sse sse2 ss ht tm pbe syscall nx rdtscp lm constant_tsc arch_perfmon pebs bts rep_good nopl xtopology nonstop_tsc cpuid aperfmperf pni dtes64 monitor ds_cpl vmx est tm2 ssse3 cx16 xtpr pdcm pcid sse4_1 sse4_2 popcnt lahf_lm pti ssbd ibrs ibpb stibp tpr_shadow vnmi flexpriority ept vpid dtherm arat flush_l1d
bugs		: cpu_meltdown spectre_v1 spectre_v2 spec_store_bypass l1tf
bogomips	: 5053.60
clflush size	: 64
cache_alignment	: 64
address sizes	: 36 bits physical, 48 bits virtual
power management:



Memory: 4k page, physical 2805704k(932116k free), swap 2871292k(2563324k free)

vm_info: OpenJDK 64-Bit Server VM (25.191-b12) for linux-amd64 JRE (1.8.0_191-8u191-b12-2ubuntu0.18.04.1-b12), built on Jan 14 2019 21:02:00 by "buildd" with gcc 7.3.0

time: Wed May  8 01:31:38 2019
elapsed time: 96 seconds (0d 0h 1m 36s)

