#
# A fatal error has been detected by the Java Runtime Environment:
#
#  SIGSEGV (0xb) at pc=0x00007f4cc89d1360, pid=5587, tid=0x00007f4c80b5a700
#
# JRE version: OpenJDK Runtime Environment (8.0_191-b12) (build 1.8.0_191-8u191-b12-2ubuntu0.16.04.1-b12)
# Java VM: OpenJDK 64-Bit Server VM (25.191-b12 mixed mode linux-amd64 compressed oops)
# Problematic frame:
# C  [libxcb.so.1+0xa360]  xcb_writev+0x0
#
# Failed to write core dump. Core dumps have been disabled. To enable core dumping, try "ulimit -c unlimited" before starting Java again
#
# If you would like to submit a bug report, please visit:
#   http://bugreport.java.com/bugreport/crash.jsp
# The crash happened outside the Java Virtual Machine in native code.
# See problematic frame for where to report the bug.
#

---------------  T H R E A D  ---------------

Current thread (0x00007f4ce891b800):  JavaThread "main-Display-.x11_:0.0-1-EDT-1" daemon [_thread_in_native, id=5617, stack(0x00007f4c80a5a000,0x00007f4c80b5b000)]

siginfo: si_signo: 11 (SIGSEGV), si_code: 1 (SEGV_MAPERR), si_addr: 0x0000000000000000

Registers:
RAX=0x00007f4cd066d6e4, RBX=0x0000000000000000, RCX=0x0000000000000003, RDX=0x0000000000000003
RSP=0x00007f4c80b58708, RBP=0x0000000000000000, RSI=0x00007f4c80b58720, RDI=0x0000000000000000
R8 =0x00007f4c92c7eff0, R9 =0x0000000000000009, R10=0x0000000000000008, R11=0x00007f4cd95764e0
R12=0x00007f4c80b58720, R13=0x00007f4c92c68510, R14=0x00007f4c700019a0, R15=0x0000000000000000
RIP=0x00007f4cc89d1360, EFLAGS=0x0000000000010246, CSGSFS=0x7030000000000033, ERR=0x0000000000000004
  TRAPNO=0x000000000000000e

Top of Stack: (sp=0x00007f4c80b58708)
0x00007f4c80b58708:   00007f4cd037154e 0000000000000000
0x00007f4c80b58718:   0000000000000003 00007f4c70007ea0
0x00007f4c80b58728:   0000000000000014 0000000000000000
0x00007f4c80b58738:   0000000000000000 00007f4cd066d6e4
0x00007f4c80b58748:   0000000000000000 00007f4c80b58890
0x00007f4c80b58758:   70304f01ac9c0100 0000000002c00002
0x00007f4c80b58768:   00007f4c700019a0 0000000000000001
0x00007f4c80b58778:   0000000000000000 00007f4c92c68510
0x00007f4c80b58788:   00007f4c80b58a08 0000000000000000
0x00007f4c80b58798:   00007f4cd0371a42 01007f4c80b587b0
0x00007f4c80b587a8:   00007f4c80b58810 0000000000000000
0x00007f4c80b587b8:   0000000100000000 00007f4c80b58890
0x00007f4c80b587c8:   70304f01ac9c0100 00007f4c700235b0
0x00007f4c80b587d8:   00007f4c700019a0 0000000000000001
0x00007f4c80b587e8:   0000000000000000 00007f4c92c68510
0x00007f4c80b587f8:   00007f4c80b58a08 00007f4ce891b800
0x00007f4c80b58808:   00007f4cd036d52d 00007f4c80b58930
0x00007f4c80b58818:   00007f4c92c68510 00007f4c700019a0
0x00007f4c80b58828:   0000000002c00001 0000000000000000
0x00007f4c80b58838:   70304f01ac9c0100 00007f4c80b58930
0x00007f4c80b58848:   00007f4c92c68510 00007f4c80b58930
0x00007f4c80b58858:   00007f4c80f6d81d 00007f4cb0012238
0x00007f4c80b58868:   0000005900000093 00007f4c700235b0
0x00007f4c80b58878:   00007f4c700019a0 00007f4c80b58a08
0x00007f4c80b58888:   00007f4ce891b9e0 0000000900000024
0x00007f4c80b58898:   000002bc000004b0 0000001800000000
0x00007f4c80b588a8:   00007f4c7000c168 00000000000000b0
0x00007f4c80b588b8:   0000000000000001 0000000000000001
0x00007f4c80b588c8:   0000000000000000 0000000000000000
0x00007f4c80b588d8:   0000000000000000 0000000002c00001
0x00007f4c80b588e8:   0000000000000001 0000000000420000
0x00007f4c80b588f8:   0000000000000000 000000000000200c 

Instructions: (pc=0x00007f4cc89d1360)
0x00007f4cc89d1340:   e8 9b 11 00 00 48 83 c4 10 89 d8 5b 5d 41 5c 41
0x00007f4cc89d1350:   5d 41 5e c3 66 90 66 2e 0f 1f 84 00 00 00 00 00
0x00007f4cc89d1360:   8b 07 85 c0 74 0a 31 c0 c3 0f 1f 80 00 00 00 00
0x00007f4cc89d1370:   41 56 4c 8d 77 18 41 55 41 54 55 49 89 cd 53 48 

Register to memory mapping:

RAX=0x00007f4cd066d6e4: <offset 0x3396e4> in /usr/lib/x86_64-linux-gnu/libX11.so.6 at 0x00007f4cd0334000
RBX=0x0000000000000000 is an unknown value
RCX=0x0000000000000003 is an unknown value
RDX=0x0000000000000003 is an unknown value
RSP=0x00007f4c80b58708 is pointing into the stack for thread: 0x00007f4ce891b800
RBP=0x0000000000000000 is an unknown value
RSI=0x00007f4c80b58720 is pointing into the stack for thread: 0x00007f4ce891b800
RDI=0x0000000000000000 is an unknown value
R8 ={method} {0x00007f4c92c7eff0} 'windowDestroyNotify' '(Z)Z' in 'jogamp/newt/WindowImpl'
R9 =0x0000000000000009 is an unknown value
R10=0x0000000000000008 is an unknown value
R11=0x00007f4cd95764e0 is at entry_point+32 in (nmethod*)0x00007f4cd9576350
R12=0x00007f4c80b58720 is pointing into the stack for thread: 0x00007f4ce891b800
R13={method} {0x00007f4c92c68510} 'CloseWindow0' '(JJII)V' in 'jogamp/newt/driver/x11/WindowDriver'
R14=0x00007f4c700019a0 is an unknown value
R15=0x0000000000000000 is an unknown value


Stack: [0x00007f4c80a5a000,0x00007f4c80b5b000],  sp=0x00007f4c80b58708,  free space=1017k
Native frames: (J=compiled Java code, j=interpreted, Vv=VM code, C=native code)
C  [libxcb.so.1+0xa360]  xcb_writev+0x0

Java frames: (J=compiled Java code, j=interpreted, Vv=VM code)
j  jogamp.newt.driver.x11.WindowDriver.CloseWindow0(JJII)V+0
j  jogamp.newt.driver.x11.WindowDriver.closeNativeImpl()V+58
j  jogamp.newt.WindowImpl$1.run()V+311
j  jogamp.newt.WindowImpl.runOnEDTIfAvail(ZLjava/lang/Runnable;)V+16
j  jogamp.newt.WindowImpl.destroy()V+16
j  com.jogamp.newt.opengl.GLWindow.destroy()V+4
j  jogamp.opengl.GLAutoDrawableBase.destroyAvoidAwareOfLocking()V+71
j  jogamp.opengl.GLAutoDrawableBase.defaultWindowDestroyNotifyOp()V+43
j  com.jogamp.newt.opengl.GLWindow.access$000(Lcom/jogamp/newt/opengl/GLWindow;)V+1
j  com.jogamp.newt.opengl.GLWindow$1.run()V+4
j  jogamp.newt.WindowImpl.windowDestroyNotify(Z)Z+147
v  ~StubRoutines::call_stub
j  jogamp.newt.driver.x11.WindowDriver.CloseWindow0(JJII)V+0
j  jogamp.newt.driver.x11.WindowDriver.closeNativeImpl()V+58
j  jogamp.newt.WindowImpl$1.run()V+311
j  com.jogamp.common.util.RunnableTask.run()V+198
j  jogamp.newt.DefaultEDTUtil$NEDT.run()V+221
v  ~StubRoutines::call_stub

---------------  P R O C E S S  ---------------

Java Threads: ( => current thread )
  0x00007f4ce800c800 JavaThread "DestroyJavaVM" [_thread_blocked, id=5591, stack(0x00007f4cf035a000,0x00007f4cf045b000)]
  0x00007f4ce84b8000 JavaThread "GameLoop" [_thread_blocked, id=5620, stack(0x00007f4c74214000,0x00007f4c74315000)]
  0x00007f4c71cea800 JavaThread "Thread-3" daemon [_thread_in_native, id=5619, stack(0x00007f4c932c0000,0x00007f4c933c1000)]
  0x00007f4c71cee000 JavaThread "Server" daemon [_thread_in_native, id=5618, stack(0x00007f4c931bf000,0x00007f4c932c0000)]
=>0x00007f4ce891b800 JavaThread "main-Display-.x11_:0.0-1-EDT-1" daemon [_thread_in_native, id=5617, stack(0x00007f4c80a5a000,0x00007f4c80b5b000)]
  0x00007f4ce86f4800 JavaThread "main-SharedResourceRunner" daemon [_thread_blocked, id=5616, stack(0x00007f4c90007000,0x00007f4c90108000)]
  0x00007f4ce85a5800 JavaThread "main-SharedResourceRunner" daemon [_thread_blocked, id=5615, stack(0x00007f4c90e20000,0x00007f4c90f21000)]
  0x00007f4ce84a0800 JavaThread "AWT-XAWT" daemon [_thread_in_native, id=5612, stack(0x00007f4cd0029000,0x00007f4cd012a000)]
  0x00007f4ce8478000 JavaThread "Java2D Disposer" daemon [_thread_blocked, id=5611, stack(0x00007f4cd0fc3000,0x00007f4cd10c4000)]
  0x00007f4ce80d4800 JavaThread "Service Thread" daemon [_thread_blocked, id=5603, stack(0x00007f4cd1667000,0x00007f4cd1768000)]
  0x00007f4ce80bf800 JavaThread "C1 CompilerThread2" daemon [_thread_blocked, id=5602, stack(0x00007f4cd1768000,0x00007f4cd1869000)]
  0x00007f4ce80bd800 JavaThread "C2 CompilerThread1" daemon [_thread_blocked, id=5601, stack(0x00007f4cd1869000,0x00007f4cd196a000)]
  0x00007f4ce80ba800 JavaThread "C2 CompilerThread0" daemon [_thread_blocked, id=5600, stack(0x00007f4cd196a000,0x00007f4cd1a6b000)]
  0x00007f4ce80b9000 JavaThread "Signal Dispatcher" daemon [_thread_blocked, id=5599, stack(0x00007f4cd1a6b000,0x00007f4cd1b6c000)]
  0x00007f4ce8086000 JavaThread "Finalizer" daemon [_thread_blocked, id=5598, stack(0x00007f4cd1f75000,0x00007f4cd2076000)]
  0x00007f4ce8083800 JavaThread "Reference Handler" daemon [_thread_blocked, id=5597, stack(0x00007f4cd2076000,0x00007f4cd2177000)]

Other Threads:
  0x00007f4ce8079800 VMThread [stack: 0x00007f4cd2177000,0x00007f4cd2278000] [id=5596]
  0x00007f4ce80d7000 WatcherThread [stack: 0x00007f4cd1566000,0x00007f4cd1667000] [id=5604]

VM state:not at safepoint (normal execution)

VM Mutex/Monitor currently owned by a thread: None

Heap:
 PSYoungGen      total 34304K, used 25588K [0x00000000f1b00000, 0x00000000f5400000, 0x0000000100000000)
  eden space 33792K, 75% used [0x00000000f1b00000,0x00000000f33cd330,0x00000000f3c00000)
  from space 512K, 37% used [0x00000000f5300000,0x00000000f5330000,0x00000000f5380000)
  to   space 512K, 0% used [0x00000000f5380000,0x00000000f5380000,0x00000000f5400000)
 ParOldGen       total 325632K, used 177126K [0x00000000d5000000, 0x00000000e8e00000, 0x00000000f1b00000)
  object space 325632K, 54% used [0x00000000d5000000,0x00000000dfcf98a8,0x00000000e8e00000)
 Metaspace       used 19057K, capacity 19206K, committed 19328K, reserved 1067008K
  class space    used 1823K, capacity 1898K, committed 1920K, reserved 1048576K

Card table byte_map: [0x00007f4cec8a5000,0x00007f4cec9fe000] byte_map_base: 0x00007f4cec1fd000

Marking Bits: (ParMarkBitMap*) 0x00007f4cef621520
 Begin Bits: [0x00007f4cd2a80000, 0x00007f4cd3540000)
 End Bits:   [0x00007f4cd3540000, 0x00007f4cd4000000)

Polling page: 0x00007f4cf0475000

CodeCache: size=245760Kb used=7473Kb max_used=8545Kb free=238286Kb
 bounds [0x00007f4cd9000000, 0x00007f4cd98e0000, 0x00007f4ce8000000]
 total_blobs=3001 nmethods=2041 adapters=876
 compilation: enabled

Compilation events (10 events):
Event: 274.927 Thread 0x00007f4ce80bf800 2604       3       jogamp.newt.WindowImpl::consumePointerEvent (1641 bytes)
Event: 274.936 Thread 0x00007f4ce80bf800 nmethod 2604 0x00007f4cd9728790 code [0x00007f4cd9728e80, 0x00007f4cd972e5e8]
Event: 276.105 Thread 0x00007f4ce80bf800 2605       3       com.BitJunkies.RTS.src.Game::executeMoveCommand (189 bytes)
Event: 276.109 Thread 0x00007f4ce80bf800 nmethod 2605 0x00007f4cd9133210 code [0x00007f4cd91336e0, 0x00007f4cd9136508]
Event: 287.037 Thread 0x00007f4ce80bf800 2606       3       sun.nio.ch.DatagramDispatcher::write (8 bytes)
Event: 287.037 Thread 0x00007f4ce80bf800 nmethod 2606 0x00007f4cd948e650 code [0x00007f4cd948e7c0, 0x00007f4cd948e948]
Event: 289.095 Thread 0x00007f4ce80bf800 2608       3       java.net.InetSocketAddress::equals (28 bytes)
Event: 289.095 Thread 0x00007f4ce80bf800 nmethod 2608 0x00007f4cd960bc10 code [0x00007f4cd960bda0, 0x00007f4cd960c228]
Event: 316.271 Thread 0x00007f4ce80bf800 2609       3       com.BitJunkies.RTS.src.Game::tick (213 bytes)
Event: 316.273 Thread 0x00007f4ce80bf800 nmethod 2609 0x00007f4cd9453f90 code [0x00007f4cd9454360, 0x00007f4cd9455ff8]

GC Heap History (10 events):
Event: 315.041 GC heap before
{Heap before GC invocations=325 (full 6):
 PSYoungGen      total 36864K, used 36640K [0x00000000f1b00000, 0x00000000f5400000, 0x0000000100000000)
  eden space 36352K, 100% used [0x00000000f1b00000,0x00000000f3e80000,0x00000000f3e80000)
  from space 512K, 56% used [0x00000000f5380000,0x00000000f53c8000,0x00000000f5400000)
  to   space 512K, 0% used [0x00000000f5300000,0x00000000f5300000,0x00000000f5380000)
 ParOldGen       total 325632K, used 177062K [0x00000000d5000000, 0x00000000e8e00000, 0x00000000f1b00000)
  object space 325632K, 54% used [0x00000000d5000000,0x00000000dfce98a8,0x00000000e8e00000)
 Metaspace       used 19054K, capacity 19206K, committed 19328K, reserved 1067008K
  class space    used 1823K, capacity 1898K, committed 1920K, reserved 1048576K
Event: 315.045 GC heap after
Heap after GC invocations=325 (full 6):
 PSYoungGen      total 36352K, used 224K [0x00000000f1b00000, 0x00000000f5400000, 0x0000000100000000)
  eden space 35840K, 0% used [0x00000000f1b00000,0x00000000f1b00000,0x00000000f3e00000)
  from space 512K, 43% used [0x00000000f5300000,0x00000000f5338000,0x00000000f5380000)
  to   space 512K, 0% used [0x00000000f5380000,0x00000000f5380000,0x00000000f5400000)
 ParOldGen       total 325632K, used 177078K [0x00000000d5000000, 0x00000000e8e00000, 0x00000000f1b00000)
  object space 325632K, 54% used [0x00000000d5000000,0x00000000dfced8a8,0x00000000e8e00000)
 Metaspace       used 19054K, capacity 19206K, committed 19328K, reserved 1067008K
  class space    used 1823K, capacity 1898K, committed 1920K, reserved 1048576K
}
Event: 315.591 GC heap before
{Heap before GC invocations=326 (full 6):
 PSYoungGen      total 36352K, used 36064K [0x00000000f1b00000, 0x00000000f5400000, 0x0000000100000000)
  eden space 35840K, 100% used [0x00000000f1b00000,0x00000000f3e00000,0x00000000f3e00000)
  from space 512K, 43% used [0x00000000f5300000,0x00000000f5338000,0x00000000f5380000)
  to   space 512K, 0% used [0x00000000f5380000,0x00000000f5380000,0x00000000f5400000)
 ParOldGen       total 325632K, used 177078K [0x00000000d5000000, 0x00000000e8e00000, 0x00000000f1b00000)
  object space 325632K, 54% used [0x00000000d5000000,0x00000000dfced8a8,0x00000000e8e00000)
 Metaspace       used 19054K, capacity 19206K, committed 19328K, reserved 1067008K
  class space    used 1823K, capacity 1898K, committed 1920K, reserved 1048576K
Event: 315.594 GC heap after
Heap after GC invocations=326 (full 6):
 PSYoungGen      total 35840K, used 192K [0x00000000f1b00000, 0x00000000f5400000, 0x0000000100000000)
  eden space 35328K, 0% used [0x00000000f1b00000,0x00000000f1b00000,0x00000000f3d80000)
  from space 512K, 37% used [0x00000000f5380000,0x00000000f53b0000,0x00000000f5400000)
  to   space 512K, 0% used [0x00000000f5300000,0x00000000f5300000,0x00000000f5380000)
 ParOldGen       total 325632K, used 177094K [0x00000000d5000000, 0x00000000e8e00000, 0x00000000f1b00000)
  object space 325632K, 54% used [0x00000000d5000000,0x00000000dfcf18a8,0x00000000e8e00000)
 Metaspace       used 19054K, capacity 19206K, committed 19328K, reserved 1067008K
  class space    used 1823K, capacity 1898K, committed 1920K, reserved 1048576K
}
Event: 316.090 GC heap before
{Heap before GC invocations=327 (full 6):
 PSYoungGen      total 35840K, used 35520K [0x00000000f1b00000, 0x00000000f5400000, 0x0000000100000000)
  eden space 35328K, 100% used [0x00000000f1b00000,0x00000000f3d80000,0x00000000f3d80000)
  from space 512K, 37% used [0x00000000f5380000,0x00000000f53b0000,0x00000000f5400000)
  to   space 512K, 0% used [0x00000000f5300000,0x00000000f5300000,0x00000000f5380000)
 ParOldGen       total 325632K, used 177094K [0x00000000d5000000, 0x00000000e8e00000, 0x00000000f1b00000)
  object space 325632K, 54% used [0x00000000d5000000,0x00000000dfcf18a8,0x00000000e8e00000)
 Metaspace       used 19054K, capacity 19206K, committed 19328K, reserved 1067008K
  class space    used 1823K, capacity 1898K, committed 1920K, reserved 1048576K
Event: 316.092 GC heap after
Heap after GC invocations=327 (full 6):
 PSYoungGen      total 35328K, used 224K [0x00000000f1b00000, 0x00000000f5400000, 0x0000000100000000)
  eden space 34816K, 0% used [0x00000000f1b00000,0x00000000f1b00000,0x00000000f3d00000)
  from space 512K, 43% used [0x00000000f5300000,0x00000000f5338000,0x00000000f5380000)
  to   space 512K, 0% used [0x00000000f5380000,0x00000000f5380000,0x00000000f5400000)
 ParOldGen       total 325632K, used 177102K [0x00000000d5000000, 0x00000000e8e00000, 0x00000000f1b00000)
  object space 325632K, 54% used [0x00000000d5000000,0x00000000dfcf38a8,0x00000000e8e00000)
 Metaspace       used 19054K, capacity 19206K, committed 19328K, reserved 1067008K
  class space    used 1823K, capacity 1898K, committed 1920K, reserved 1048576K
}
Event: 316.555 GC heap before
{Heap before GC invocations=328 (full 6):
 PSYoungGen      total 35328K, used 35040K [0x00000000f1b00000, 0x00000000f5400000, 0x0000000100000000)
  eden space 34816K, 100% used [0x00000000f1b00000,0x00000000f3d00000,0x00000000f3d00000)
  from space 512K, 43% used [0x00000000f5300000,0x00000000f5338000,0x00000000f5380000)
  to   space 512K, 0% used [0x00000000f5380000,0x00000000f5380000,0x00000000f5400000)
 ParOldGen       total 325632K, used 177102K [0x00000000d5000000, 0x00000000e8e00000, 0x00000000f1b00000)
  object space 325632K, 54% used [0x00000000d5000000,0x00000000dfcf38a8,0x00000000e8e00000)
 Metaspace       used 19054K, capacity 19206K, committed 19328K, reserved 1067008K
  class space    used 1823K, capacity 1898K, committed 1920K, reserved 1048576K
Event: 316.558 GC heap after
Heap after GC invocations=328 (full 6):
 PSYoungGen      total 34816K, used 224K [0x00000000f1b00000, 0x00000000f5400000, 0x0000000100000000)
  eden space 34304K, 0% used [0x00000000f1b00000,0x00000000f1b00000,0x00000000f3c80000)
  from space 512K, 43% used [0x00000000f5380000,0x00000000f53b8000,0x00000000f5400000)
  to   space 512K, 0% used [0x00000000f5300000,0x00000000f5300000,0x00000000f5380000)
 ParOldGen       total 325632K, used 177118K [0x00000000d5000000, 0x00000000e8e00000, 0x00000000f1b00000)
  object space 325632K, 54% used [0x00000000d5000000,0x00000000dfcf78a8,0x00000000e8e00000)
 Metaspace       used 19054K, capacity 19206K, committed 19328K, reserved 1067008K
  class space    used 1823K, capacity 1898K, committed 1920K, reserved 1048576K
}
Event: 316.987 GC heap before
{Heap before GC invocations=329 (full 6):
 PSYoungGen      total 34816K, used 34528K [0x00000000f1b00000, 0x00000000f5400000, 0x0000000100000000)
  eden space 34304K, 100% used [0x00000000f1b00000,0x00000000f3c80000,0x00000000f3c80000)
  from space 512K, 43% used [0x00000000f5380000,0x00000000f53b8000,0x00000000f5400000)
  to   space 512K, 0% used [0x00000000f5300000,0x00000000f5300000,0x00000000f5380000)
 ParOldGen       total 325632K, used 177118K [0x00000000d5000000, 0x00000000e8e00000, 0x00000000f1b00000)
  object space 325632K, 54% used [0x00000000d5000000,0x00000000dfcf78a8,0x00000000e8e00000)
 Metaspace       used 19054K, capacity 19206K, committed 19328K, reserved 1067008K
  class space    used 1823K, capacity 1898K, committed 1920K, reserved 1048576K
Event: 316.990 GC heap after
Heap after GC invocations=329 (full 6):
 PSYoungGen      total 34304K, used 192K [0x00000000f1b00000, 0x00000000f5400000, 0x0000000100000000)
  eden space 33792K, 0% used [0x00000000f1b00000,0x00000000f1b00000,0x00000000f3c00000)
  from space 512K, 37% used [0x00000000f5300000,0x00000000f5330000,0x00000000f5380000)
  to   space 512K, 0% used [0x00000000f5380000,0x00000000f5380000,0x00000000f5400000)
 ParOldGen       total 325632K, used 177126K [0x00000000d5000000, 0x00000000e8e00000, 0x00000000f1b00000)
  object space 325632K, 54% used [0x00000000d5000000,0x00000000dfcf98a8,0x00000000e8e00000)
 Metaspace       used 19054K, capacity 19206K, committed 19328K, reserved 1067008K
  class space    used 1823K, capacity 1898K, committed 1920K, reserved 1048576K
}

Deoptimization events (10 events):
Event: 221.167 Thread 0x00007f4ce84b8000 Uncommon trap: reason=unstable_if action=reinterpret pc=0x00007f4cd9722bd4 method=com.BitJunkies.RTS.src.Unit.render(Lcom/jogamp/opengl/GL2;Lcom/BitJunkies/RTS/src/Camera;)V @ 22
Event: 222.090 Thread 0x00007f4ce84b8000 Uncommon trap: reason=unstable_if action=reinterpret pc=0x00007f4cd95b1550 method=com.BitJunkies.RTS.src.Unit.maintainGuard(Lcom/BitJunkies/RTS/src/GridMap;)V @ 196
Event: 224.555 Thread 0x00007f4ce84b8000 Uncommon trap: reason=unstable_if action=reinterpret pc=0x00007f4cd91595c4 method=com.BitJunkies.RTS.src.Unit.renderAnimation(Lcom/jogamp/opengl/GL2;Lcom/BitJunkies/RTS/src/Camera;II)V @ 25
Event: 224.564 Thread 0x00007f4ce84b8000 Uncommon trap: reason=unstable_if action=reinterpret pc=0x00007f4cd9625a04 method=com.BitJunkies.RTS.src.Unit.isBusy()Z @ 11
Event: 273.719 Thread 0x00007f4ce891b800 Uncommon trap: reason=unstable_if action=reinterpret pc=0x00007f4cd911bb8c method=jogamp.newt.WindowImpl.doPointerEvent(ZZ[Lcom/jogamp/newt/event/MouseEvent$PointerType;SII[SS[I[I[FF[FF)V @ 653
Event: 273.719 Thread 0x00007f4ce891b800 Uncommon trap: reason=unstable_if action=reinterpret pc=0x00007f4cd94f99a8 method=jogamp.newt.WindowImpl.consumePointerEvent(Lcom/jogamp/newt/event/MouseEvent;)V @ 438
Event: 316.188 Thread 0x00007f4ce84b8000 Uncommon trap: reason=unstable_if action=reinterpret pc=0x00007f4cd973fcec method=com.BitJunkies.RTS.src.Camera.tick()V @ 74
Event: 316.272 Thread 0x00007f4ce84b8000 Uncommon trap: reason=class_check action=maybe_recompile pc=0x00007f4cd955b024 method=com.BitJunkies.RTS.src.Player.tickUnits(Lcom/BitJunkies/RTS/src/GridMap;)V @ 28
Event: 317.402 Thread 0x00007f4ce84b8000 Uncommon trap: reason=unstable_if action=reinterpret pc=0x00007f4cd9526984 method=com.jogamp.newt.opengl.GLWindow.display()V @ 19
Event: 317.402 Thread 0x00007f4ce891b800 Uncommon trap: reason=unstable_if action=reinterpret pc=0x00007f4cd9692b4c method=jogamp.opengl.GLContextImpl.release(Z)V @ 161

Classes redefined (0 events):
No events

Internal exceptions (10 events):
Event: 0.572 Thread 0x00007f4ce800c800 Exception <a 'java/lang/ClassNotFoundException': sun/dc/DuctusRenderingEngine> (0x00000000f22737d0) thrown at [/build/openjdk-8-6jqSe7/openjdk-8-8u191-b12/src/hotspot/src/share/vm/classfile/systemDictionary.cpp, line 210]
Event: 2.003 Thread 0x00007f4ce891b800 Implicit null exception at 0x00007f4cd9362c46 to 0x00007f4cd93632c5
Event: 2.003 Thread 0x00007f4ce891b800 Implicit null exception at 0x00007f4cd9342fe3 to 0x00007f4cd934324d
Event: 4.909 Thread 0x00007f4ce891b800 Exception <a 'java/lang/ArrayIndexOutOfBoundsException': 18> (0x00000000f4121e88) thrown at [/build/openjdk-8-6jqSe7/openjdk-8-8u191-b12/src/hotspot/src/share/vm/interpreter/interpreterRuntime.cpp, line 366]
Event: 4.943 Thread 0x00007f4ce891b800 Exception <a 'java/lang/ArrayIndexOutOfBoundsException': 139> (0x00000000f42224a8) thrown at [/build/openjdk-8-6jqSe7/openjdk-8-8u191-b12/src/hotspot/src/share/vm/interpreter/interpreterRuntime.cpp, line 366]
Event: 46.207 Thread 0x00007f4ce84b8000 Implicit null exception at 0x00007f4cd93529fc to 0x00007f4cd9353e85
Event: 46.731 Thread 0x00007f4ce84b8000 Implicit null exception at 0x00007f4cd97582e5 to 0x00007f4cd975972d
Event: 46.750 Thread 0x00007f4ce84b8000 Implicit null exception at 0x00007f4cd944dd61 to 0x00007f4cd944e971
Event: 46.769 Thread 0x00007f4ce84b8000 Implicit null exception at 0x00007f4cd94531e0 to 0x00007f4cd94546a5
Event: 85.517 Thread 0x00007f4ce84b8000 Implicit null exception at 0x00007f4cd934fa32 to 0x00007f4cd93504f1

Events (10 events):
Event: 316.987 Executing VM operation: ParallelGCFailedAllocation
Event: 316.991 Executing VM operation: ParallelGCFailedAllocation done
Event: 317.402 Thread 0x00007f4ce84b8000 Uncommon trap: trap_request=0xffffff65 fr.pc=0x00007f4cd9526984
Event: 317.402 Thread 0x00007f4ce84b8000 DEOPT PACKING pc=0x00007f4cd9526984 sp=0x00007f4c74313900
Event: 317.402 Thread 0x00007f4ce84b8000 DEOPT UNPACKING pc=0x00007f4cd904547a sp=0x00007f4c743138f8 mode 2
Event: 317.402 Thread 0x00007f4ce891b800 Uncommon trap: trap_request=0xffffff65 fr.pc=0x00007f4cd9692b4c
Event: 317.402 Thread 0x00007f4ce891b800 DEOPT PACKING pc=0x00007f4cd9692b4c sp=0x00007f4c80b59520
Event: 317.402 Thread 0x00007f4ce891b800 DEOPT UNPACKING pc=0x00007f4cd904547a sp=0x00007f4c80b59520 mode 2
Event: 318.629 loading class jogamp/newt/DisplayImpl$5
Event: 318.629 loading class jogamp/newt/DisplayImpl$5 done


Dynamic libraries:
00400000-00401000 r-xp 00000000 fc:00 13893941                           /usr/lib/jvm/java-8-openjdk-amd64/jre/bin/java
00600000-00601000 r--p 00000000 fc:00 13893941                           /usr/lib/jvm/java-8-openjdk-amd64/jre/bin/java
00601000-00602000 rw-p 00001000 fc:00 13893941                           /usr/lib/jvm/java-8-openjdk-amd64/jre/bin/java
01fa8000-01fc9000 rw-p 00000000 00:00 0                                  [heap]
d5000000-e8e00000 rw-p 00000000 00:00 0 
e8e00000-f1b00000 ---p 00000000 00:00 0 
f1b00000-f5400000 rw-p 00000000 00:00 0 
f5400000-100000000 ---p 00000000 00:00 0 
100000000-1001e0000 rw-p 00000000 00:00 0 
1001e0000-140000000 ---p 00000000 00:00 0 
7f4c68000000-7f4c6b8ce000 rw-p 00000000 00:00 0 
7f4c6b8ce000-7f4c6c000000 ---p 00000000 00:00 0 
7f4c70000000-7f4c71e22000 rw-p 00000000 00:00 0 
7f4c71e22000-7f4c74000000 ---p 00000000 00:00 0 
7f4c74214000-7f4c74217000 ---p 00000000 00:00 0 
7f4c74217000-7f4c74415000 rw-p 00000000 00:00 0 
7f4c74415000-7f4c74515000 ---p 00000000 00:00 0 
7f4c745d7000-7f4c745e2000 r--s 00000000 fc:00 1573513                    /var/cache/fontconfig/945677eb7aeaf62f1d50efc3fb3ec7d8-le64.cache-6
7f4c745e2000-7f4c745e8000 r--s 00000000 fc:00 1574722                    /var/cache/fontconfig/2cd17615ca594fa2959ae173292e504c-le64.cache-6
7f4c745e8000-7f4c745f0000 r--s 00000000 fc:00 1574615                    /var/cache/fontconfig/bf3b770c553c462765856025a94f1ce6-le64.cache-6
7f4c745f0000-7f4c74603000 r--s 00000000 fc:00 1574614                    /var/cache/fontconfig/d52a8644073d54c13679302ca1180695-le64.cache-6
7f4c74603000-7f4c7460d000 r--s 00000000 fc:00 1574613                    /var/cache/fontconfig/3f7329c5293ffd510edef78f73874cfd-le64.cache-6
7f4c7460d000-7f4c74618000 r--s 00000000 fc:00 1573565                    /var/cache/fontconfig/d589a48862398ed80a3d6066f4f56f4c-le64.cache-6
7f4c7485b000-7f4c74860000 r--s 00000000 fc:00 1574642                    /var/cache/fontconfig/8801497958630a81b71ace7c5f9b32a8-le64.cache-6
7f4c74860000-7f4c74872000 r--s 00000000 fc:00 1573438                    /var/cache/fontconfig/9b89f8e3dae116d678bbf48e5f21f69b-le64.cache-6
7f4c75980000-7f4c75b80000 rw-p 00000000 00:00 0 
7f4c78000000-7f4c781b4000 rw-p 00000000 00:00 0 
7f4c781b4000-7f4c7c000000 ---p 00000000 00:00 0 
7f4c7c000000-7f4c7d955000 rw-p 00000000 00:00 0 
7f4c7d955000-7f4c80000000 ---p 00000000 00:00 0 
7f4c805f6000-7f4c8064d000 r-xp 00000000 fc:00 9437732                    /usr/lib/x86_64-linux-gnu/libjpeg.so.8.0.2
7f4c8064d000-7f4c8084d000 ---p 00057000 fc:00 9437732                    /usr/lib/x86_64-linux-gnu/libjpeg.so.8.0.2
7f4c8084d000-7f4c8084e000 r--p 00057000 fc:00 9437732                    /usr/lib/x86_64-linux-gnu/libjpeg.so.8.0.2
7f4c8084e000-7f4c8084f000 rw-p 00058000 fc:00 9437732                    /usr/lib/x86_64-linux-gnu/libjpeg.so.8.0.2
7f4c8084f000-7f4c80859000 r-xp 00000000 fc:00 13893908                   /usr/lib/jvm/java-8-openjdk-amd64/jre/lib/amd64/libjavajpeg.so
7f4c80859000-7f4c80a58000 ---p 0000a000 fc:00 13893908                   /usr/lib/jvm/java-8-openjdk-amd64/jre/lib/amd64/libjavajpeg.so
7f4c80a58000-7f4c80a59000 r--p 00009000 fc:00 13893908                   /usr/lib/jvm/java-8-openjdk-amd64/jre/lib/amd64/libjavajpeg.so
7f4c80a59000-7f4c80a5a000 rw-p 0000a000 fc:00 13893908                   /usr/lib/jvm/java-8-openjdk-amd64/jre/lib/amd64/libjavajpeg.so
7f4c80a5a000-7f4c80a5d000 ---p 00000000 00:00 0 
7f4c80a5d000-7f4c80d5b000 rw-p 00000000 00:00 0 
7f4c80d5b000-7f4c80d65000 r-xp 00000000 fc:00 9442539                    /usr/lib/x86_64-linux-gnu/libXrandr.so.2.2.0
7f4c80d65000-7f4c80f64000 ---p 0000a000 fc:00 9442539                    /usr/lib/x86_64-linux-gnu/libXrandr.so.2.2.0
7f4c80f64000-7f4c80f65000 r--p 00009000 fc:00 9442539                    /usr/lib/x86_64-linux-gnu/libXrandr.so.2.2.0
7f4c80f65000-7f4c80f66000 rw-p 0000a000 fc:00 9442539                    /usr/lib/x86_64-linux-gnu/libXrandr.so.2.2.0
7f4c80f66000-7f4c80f77000 r-xp 00000000 fc:00 6422565                    /tmp/jogamp_0000/file_cache/jln6057911480584157710/jln6234120854758603556/natives/linux-amd64/libnewt.so
7f4c80f77000-7f4c81176000 ---p 00011000 fc:00 6422565                    /tmp/jogamp_0000/file_cache/jln6057911480584157710/jln6234120854758603556/natives/linux-amd64/libnewt.so
7f4c81176000-7f4c81177000 rw-p 00010000 fc:00 6422565                    /tmp/jogamp_0000/file_cache/jln6057911480584157710/jln6234120854758603556/natives/linux-amd64/libnewt.so
7f4c81177000-7f4c81179000 r-xp 00000000 fc:00 9442531                    /usr/lib/x86_64-linux-gnu/libXinerama.so.1.0.0
7f4c81179000-7f4c81378000 ---p 00002000 fc:00 9442531                    /usr/lib/x86_64-linux-gnu/libXinerama.so.1.0.0
7f4c81378000-7f4c81379000 r--p 00001000 fc:00 9442531                    /usr/lib/x86_64-linux-gnu/libXinerama.so.1.0.0
7f4c81379000-7f4c8137a000 rw-p 00002000 fc:00 9442531                    /usr/lib/x86_64-linux-gnu/libXinerama.so.1.0.0
7f4c8137a000-7f4c81382000 r-xp 00000000 fc:00 9443170                    /usr/lib/x86_64-linux-gnu/libpciaccess.so.0.11.1
7f4c81382000-7f4c81582000 ---p 00008000 fc:00 9443170                    /usr/lib/x86_64-linux-gnu/libpciaccess.so.0.11.1
7f4c81582000-7f4c81583000 r--p 00008000 fc:00 9443170                    /usr/lib/x86_64-linux-gnu/libpciaccess.so.0.11.1
7f4c81583000-7f4c81584000 rw-p 00009000 fc:00 9443170                    /usr/lib/x86_64-linux-gnu/libpciaccess.so.0.11.1
7f4c81584000-7f4c8158f000 r-xp 00000000 fc:00 9437700                    /usr/lib/x86_64-linux-gnu/libdrm_radeon.so.1.0.1
7f4c8158f000-7f4c8178e000 ---p 0000b000 fc:00 9437700                    /usr/lib/x86_64-linux-gnu/libdrm_radeon.so.1.0.1
7f4c8178e000-7f4c8178f000 r--p 0000a000 fc:00 9437700                    /usr/lib/x86_64-linux-gnu/libdrm_radeon.so.1.0.1
7f4c8178f000-7f4c81790000 rw-p 0000b000 fc:00 9437700                    /usr/lib/x86_64-linux-gnu/libdrm_radeon.so.1.0.1
7f4c81790000-7f4c81797000 r-xp 00000000 fc:00 9441095                    /usr/lib/x86_64-linux-gnu/libdrm_nouveau.so.2.0.0
7f4c81797000-7f4c81996000 ---p 00007000 fc:00 9441095                    /usr/lib/x86_64-linux-gnu/libdrm_nouveau.so.2.0.0
7f4c81996000-7f4c81997000 r--p 00006000 fc:00 9441095                    /usr/lib/x86_64-linux-gnu/libdrm_nouveau.so.2.0.0
7f4c81997000-7f4c81998000 rw-p 00007000 fc:00 9441095                    /usr/lib/x86_64-linux-gnu/libdrm_nouveau.so.2.0.0
7f4c81998000-7f4c819ba000 r-xp 00000000 fc:00 9438156                    /usr/lib/x86_64-linux-gnu/libdrm_intel.so.1.0.0
7f4c819ba000-7f4c81bba000 ---p 00022000 fc:00 9438156                    /usr/lib/x86_64-linux-gnu/libdrm_intel.so.1.0.0
7f4c81bba000-7f4c81bbb000 r--p 00022000 fc:00 9438156                    /usr/lib/x86_64-linux-gnu/libdrm_intel.so.1.0.0
7f4c81bbb000-7f4c81bbc000 rw-p 00023000 fc:00 9438156                    /usr/lib/x86_64-linux-gnu/libdrm_intel.so.1.0.0
7f4c81bbc000-7f4c8249c000 r-xp 00000000 fc:00 9569389                    /usr/lib/x86_64-linux-gnu/dri/i965_dri.so
7f4c8249c000-7f4c8269c000 ---p 008e0000 fc:00 9569389                    /usr/lib/x86_64-linux-gnu/dri/i965_dri.so
7f4c8269c000-7f4c826ec000 r--p 008e0000 fc:00 9569389                    /usr/lib/x86_64-linux-gnu/dri/i965_dri.so
7f4c826ec000-7f4c826f7000 rw-p 00930000 fc:00 9569389                    /usr/lib/x86_64-linux-gnu/dri/i965_dri.so
7f4c826f7000-7f4c8279c000 rw-p 00000000 00:00 0 
7f4c8279c000-7f4c827f8000 r-xp 00000000 fc:00 6422562                    /tmp/jogamp_0000/file_cache/jln6057911480584157710/jln6234120854758603556/natives/linux-amd64/libjogl_mobile.so
7f4c827f8000-7f4c829f8000 ---p 0005c000 fc:00 6422562                    /tmp/jogamp_0000/file_cache/jln6057911480584157710/jln6234120854758603556/natives/linux-amd64/libjogl_mobile.so
7f4c829f8000-7f4c829f9000 rw-p 0005c000 fc:00 6422562                    /tmp/jogamp_0000/file_cache/jln6057911480584157710/jln6234120854758603556/natives/linux-amd64/libjogl_mobile.so
7f4c829f9000-7f4c82a20000 r-xp 00000000 fc:00 9441073                    /usr/lib/x86_64-linux-gnu/libkj-0.5.3.so
7f4c82a20000-7f4c82c20000 ---p 00027000 fc:00 9441073                    /usr/lib/x86_64-linux-gnu/libkj-0.5.3.so
7f4c82c20000-7f4c82c21000 r--p 00027000 fc:00 9441073                    /usr/lib/x86_64-linux-gnu/libkj-0.5.3.so
7f4c82c21000-7f4c82c22000 rw-p 00028000 fc:00 9441073                    /usr/lib/x86_64-linux-gnu/libkj-0.5.3.so
7f4c82c22000-7f4c82c39000 r-xp 00000000 fc:00 9441081                    /usr/lib/x86_64-linux-gnu/libboost_filesystem.so.1.58.0
7f4c82c39000-7f4c82e38000 ---p 00017000 fc:00 9441081                    /usr/lib/x86_64-linux-gnu/libboost_filesystem.so.1.58.0
7f4c82e38000-7f4c82e39000 r--p 00016000 fc:00 9441081                    /usr/lib/x86_64-linux-gnu/libboost_filesystem.so.1.58.0
7f4c82e39000-7f4c82e3a000 rw-p 00017000 fc:00 9441081                    /usr/lib/x86_64-linux-gnu/libboost_filesystem.so.1.58.0
7f4c82e3a000-7f4c82e6a000 r-xp 00000000 fc:00 9441083                    /usr/lib/x86_64-linux-gnu/libprotobuf-lite.so.9.0.1
7f4c82e6a000-7f4c83069000 ---p 00030000 fc:00 9441083                    /usr/lib/x86_64-linux-gnu/libprotobuf-lite.so.9.0.1
7f4c83069000-7f4c8306a000 r--p 0002f000 fc:00 9441083                    /usr/lib/x86_64-linux-gnu/libprotobuf-lite.so.9.0.1
7f4c8306a000-7f4c8306b000 rw-p 00030000 fc:00 9441083                    /usr/lib/x86_64-linux-gnu/libprotobuf-lite.so.9.0.1
7f4c8306b000-7f4c8306e000 r-xp 00000000 fc:00 9441080                    /usr/lib/x86_64-linux-gnu/libboost_system.so.1.58.0
7f4c8306e000-7f4c8326d000 ---p 00003000 fc:00 9441080                    /usr/lib/x86_64-linux-gnu/libboost_system.so.1.58.0
7f4c8326d000-7f4c8326e000 r--p 00002000 fc:00 9441080                    /usr/lib/x86_64-linux-gnu/libboost_system.so.1.58.0
7f4c8326e000-7f4c8326f000 rw-p 00003000 fc:00 9441080                    /usr/lib/x86_64-linux-gnu/libboost_system.so.1.58.0
7f4c8326f000-7f4c83276000 r-xp 00000000 fc:00 9441079                    /usr/lib/x86_64-linux-gnu/libmircore.so.1
7f4c83276000-7f4c83476000 ---p 00007000 fc:00 9441079                    /usr/lib/x86_64-linux-gnu/libmircore.so.1
7f4c83476000-7f4c83477000 r--p 00007000 fc:00 9441079                    /usr/lib/x86_64-linux-gnu/libmircore.so.1
7f4c83477000-7f4c83478000 rw-p 00008000 fc:00 9441079                    /usr/lib/x86_64-linux-gnu/libmircore.so.1
7f4c83478000-7f4c834fd000 r-xp 00000000 fc:00 9441072                    /usr/lib/x86_64-linux-gnu/libcapnp-0.5.3.so
7f4c834fd000-7f4c836fc000 ---p 00085000 fc:00 9441072                    /usr/lib/x86_64-linux-gnu/libcapnp-0.5.3.so
7f4c836fc000-7f4c836ff000 r--p 00084000 fc:00 9441072                    /usr/lib/x86_64-linux-gnu/libcapnp-0.5.3.so
7f4c836ff000-7f4c83700000 rw-p 00087000 fc:00 9441072                    /usr/lib/x86_64-linux-gnu/libcapnp-0.5.3.so
7f4c83700000-7f4c8376f000 r-xp 00000000 fc:00 9441085                    /usr/lib/x86_64-linux-gnu/libmirprotobuf.so.3
7f4c8376f000-7f4c8396e000 ---p 0006f000 fc:00 9441085                    /usr/lib/x86_64-linux-gnu/libmirprotobuf.so.3
7f4c8396e000-7f4c83971000 r--p 0006e000 fc:00 9441085                    /usr/lib/x86_64-linux-gnu/libmirprotobuf.so.3
7f4c83971000-7f4c83972000 rw-p 00071000 fc:00 9441085                    /usr/lib/x86_64-linux-gnu/libmirprotobuf.so.3
7f4c83972000-7f4c839b6000 r-xp 00000000 fc:00 9441082                    /usr/lib/x86_64-linux-gnu/libmircommon.so.7
7f4c839b6000-7f4c83bb6000 ---p 00044000 fc:00 9441082                    /usr/lib/x86_64-linux-gnu/libmircommon.so.7
7f4c83bb6000-7f4c83bb8000 r--p 00044000 fc:00 9441082                    /usr/lib/x86_64-linux-gnu/libmircommon.so.7
7f4c83bb8000-7f4c83bb9000 rw-p 00046000 fc:00 9441082                    /usr/lib/x86_64-linux-gnu/libmircommon.so.7
7f4c83bb9000-7f4c83bf6000 r-xp 00000000 fc:00 9441090                    /usr/lib/x86_64-linux-gnu/libxkbcommon.so.0.0.0
7f4c83bf6000-7f4c83df5000 ---p 0003d000 fc:00 9441090                    /usr/lib/x86_64-linux-gnu/libxkbcommon.so.0.0.0
7f4c83df5000-7f4c83df7000 r--p 0003c000 fc:00 9441090                    /usr/lib/x86_64-linux-gnu/libxkbcommon.so.0.0.0
7f4c83df7000-7f4c83df8000 rw-p 0003e000 fc:00 9441090                    /usr/lib/x86_64-linux-gnu/libxkbcommon.so.0.0.0
7f4c83df8000-7f4c83dff000 r-xp 00000000 fc:00 9440286                    /usr/lib/x86_64-linux-gnu/libffi.so.6.0.4
7f4c83dff000-7f4c83ffe000 ---p 00007000 fc:00 9440286                    /usr/lib/x86_64-linux-gnu/libffi.so.6.0.4
7f4c83ffe000-7f4c83fff000 r--p 00006000 fc:00 9440286                    /usr/lib/x86_64-linux-gnu/libffi.so.6.0.4
7f4c83fff000-7f4c84000000 rw-p 00007000 fc:00 9440286                    /usr/lib/x86_64-linux-gnu/libffi.so.6.0.4
7f4c84000000-7f4c8408b000 rw-p 00000000 00:00 0 
7f4c8408b000-7f4c88000000 ---p 00000000 00:00 0 
7f4c88000000-7f4c88021000 rw-p 00000000 00:00 0 
7f4c88021000-7f4c8c000000 ---p 00000000 00:00 0 
7f4c8c000000-7f4c8c021000 rw-p 00000000 00:00 0 
7f4c8c021000-7f4c90000000 ---p 00000000 00:00 0 
7f4c90007000-7f4c9000a000 ---p 00000000 00:00 0 
7f4c9000a000-7f4c90108000 rw-p 00000000 00:00 0 
7f4c90108000-7f4c901a8000 r-xp 00000000 fc:00 9441092                    /usr/lib/x86_64-linux-gnu/libmirclient.so.9
7f4c901a8000-7f4c903a7000 ---p 000a0000 fc:00 9441092                    /usr/lib/x86_64-linux-gnu/libmirclient.so.9
7f4c903a7000-7f4c903ad000 r--p 0009f000 fc:00 9441092                    /usr/lib/x86_64-linux-gnu/libmirclient.so.9
7f4c903ad000-7f4c903af000 rw-p 000a5000 fc:00 9441092                    /usr/lib/x86_64-linux-gnu/libmirclient.so.9
7f4c903af000-7f4c903bf000 r-xp 00000000 fc:00 9441066                    /usr/lib/x86_64-linux-gnu/libwayland-server.so.0.1.0
7f4c903bf000-7f4c905be000 ---p 00010000 fc:00 9441066                    /usr/lib/x86_64-linux-gnu/libwayland-server.so.0.1.0
7f4c905be000-7f4c905c0000 r--p 0000f000 fc:00 9441066                    /usr/lib/x86_64-linux-gnu/libwayland-server.so.0.1.0
7f4c905c0000-7f4c905c1000 rw-p 00011000 fc:00 9441066                    /usr/lib/x86_64-linux-gnu/libwayland-server.so.0.1.0
7f4c905c1000-7f4c905cd000 r-xp 00000000 fc:00 9441068                    /usr/lib/x86_64-linux-gnu/libgbm.so.1.0.0
7f4c905cd000-7f4c907cd000 ---p 0000c000 fc:00 9441068                    /usr/lib/x86_64-linux-gnu/libgbm.so.1.0.0
7f4c907cd000-7f4c907ce000 r--p 0000c000 fc:00 9441068                    /usr/lib/x86_64-linux-gnu/libgbm.so.1.0.0
7f4c907ce000-7f4c907cf000 rw-p 0000d000 fc:00 9441068                    /usr/lib/x86_64-linux-gnu/libgbm.so.1.0.0
7f4c907cf000-7f4c907db000 r-xp 00000000 fc:00 9441054                    /usr/lib/x86_64-linux-gnu/libwayland-client.so.0.3.0
7f4c907db000-7f4c909db000 ---p 0000c000 fc:00 9441054                    /usr/lib/x86_64-linux-gnu/libwayland-client.so.0.3.0
7f4c909db000-7f4c909dd000 r--p 0000c000 fc:00 9441054                    /usr/lib/x86_64-linux-gnu/libwayland-client.so.0.3.0
7f4c909dd000-7f4c909de000 rw-p 0000e000 fc:00 9441054                    /usr/lib/x86_64-linux-gnu/libwayland-client.so.0.3.0
7f4c909de000-7f4c909e4000 r-xp 00000000 fc:00 9441714                    /usr/lib/x86_64-linux-gnu/libxcb-xfixes.so.0.0.0
7f4c909e4000-7f4c90be4000 ---p 00006000 fc:00 9441714                    /usr/lib/x86_64-linux-gnu/libxcb-xfixes.so.0.0.0
7f4c90be4000-7f4c90be5000 r--p 00006000 fc:00 9441714                    /usr/lib/x86_64-linux-gnu/libxcb-xfixes.so.0.0.0
7f4c90be5000-7f4c90be6000 rw-p 00007000 fc:00 9441714                    /usr/lib/x86_64-linux-gnu/libxcb-xfixes.so.0.0.0
7f4c90be6000-7f4c90c1e000 r-xp 00000000 fc:00 9569378                    /usr/lib/x86_64-linux-gnu/mesa-egl/libEGL.so.1.0.0
7f4c90c1e000-7f4c90e1d000 ---p 00038000 fc:00 9569378                    /usr/lib/x86_64-linux-gnu/mesa-egl/libEGL.so.1.0.0
7f4c90e1d000-7f4c90e1f000 r--p 00037000 fc:00 9569378                    /usr/lib/x86_64-linux-gnu/mesa-egl/libEGL.so.1.0.0
7f4c90e1f000-7f4c90e20000 rw-p 00039000 fc:00 9569378                    /usr/lib/x86_64-linux-gnu/mesa-egl/libEGL.so.1.0.0
7f4c90e20000-7f4c90e23000 ---p 00000000 00:00 0 
7f4c90e23000-7f4c90f21000 rw-p 00000000 00:00 0 
7f4c90f21000-7f4c90fd9000 r-xp 00000000 fc:00 6422561                    /tmp/jogamp_0000/file_cache/jln6057911480584157710/jln6234120854758603556/natives/linux-amd64/libjogl_desktop.so
7f4c90fd9000-7f4c911d9000 ---p 000b8000 fc:00 6422561                    /tmp/jogamp_0000/file_cache/jln6057911480584157710/jln6234120854758603556/natives/linux-amd64/libjogl_desktop.so
7f4c911d9000-7f4c911da000 rw-p 000b8000 fc:00 6422561                    /tmp/jogamp_0000/file_cache/jln6057911480584157710/jln6234120854758603556/natives/linux-amd64/libjogl_desktop.so
7f4c911da000-7f4c911ea000 r-xp 00000000 fc:00 9441064                    /usr/lib/x86_64-linux-gnu/libdrm.so.2.4.0
7f4c911ea000-7f4c913ea000 ---p 00010000 fc:00 9441064                    /usr/lib/x86_64-linux-gnu/libdrm.so.2.4.0
7f4c913ea000-7f4c913eb000 r--p 00010000 fc:00 9441064                    /usr/lib/x86_64-linux-gnu/libdrm.so.2.4.0
7f4c913eb000-7f4c913ec000 rw-p 00011000 fc:00 9441064                    /usr/lib/x86_64-linux-gnu/libdrm.so.2.4.0
7f4c913ec000-7f4c913f0000 r-xp 00000000 fc:00 9441632                    /usr/lib/x86_64-linux-gnu/libxcb-dri2.so.0.0.0
7f4c913f0000-7f4c915ef000 ---p 00004000 fc:00 9441632                    /usr/lib/x86_64-linux-gnu/libxcb-dri2.so.0.0.0
7f4c915ef000-7f4c915f0000 r--p 00003000 fc:00 9441632                    /usr/lib/x86_64-linux-gnu/libxcb-dri2.so.0.0.0
7f4c915f0000-7f4c915f1000 rw-p 00004000 fc:00 9441632                    /usr/lib/x86_64-linux-gnu/libxcb-dri2.so.0.0.0
7f4c915f1000-7f4c91608000 r-xp 00000000 fc:00 9441638                    /usr/lib/x86_64-linux-gnu/libxcb-glx.so.0.0.0
7f4c91608000-7f4c91807000 ---p 00017000 fc:00 9441638                    /usr/lib/x86_64-linux-gnu/libxcb-glx.so.0.0.0
7f4c91807000-7f4c91809000 r--p 00016000 fc:00 9441638                    /usr/lib/x86_64-linux-gnu/libxcb-glx.so.0.0.0
7f4c91809000-7f4c9180a000 rw-p 00018000 fc:00 9441638                    /usr/lib/x86_64-linux-gnu/libxcb-glx.so.0.0.0
7f4c9180a000-7f4c9180b000 r-xp 00000000 fc:00 9438241                    /usr/lib/x86_64-linux-gnu/libX11-xcb.so.1.0.0
7f4c9180b000-7f4c91a0a000 ---p 00001000 fc:00 9438241                    /usr/lib/x86_64-linux-gnu/libX11-xcb.so.1.0.0
7f4c91a0a000-7f4c91a0b000 r--p 00000000 fc:00 9438241                    /usr/lib/x86_64-linux-gnu/libX11-xcb.so.1.0.0
7f4c91a0b000-7f4c91a0c000 rw-p 00001000 fc:00 9438241                    /usr/lib/x86_64-linux-gnu/libX11-xcb.so.1.0.0
7f4c91a0c000-7f4c91a0e000 r-xp 00000000 fc:00 9442517                    /usr/lib/x86_64-linux-gnu/libXdamage.so.1.1.0
7f4c91a0e000-7f4c91c0d000 ---p 00002000 fc:00 9442517                    /usr/lib/x86_64-linux-gnu/libXdamage.so.1.1.0
7f4c91c0d000-7f4c91c0e000 r--p 00001000 fc:00 9442517                    /usr/lib/x86_64-linux-gnu/libXdamage.so.1.1.0
7f4c91c0e000-7f4c91c0f000 rw-p 00002000 fc:00 9442517                    /usr/lib/x86_64-linux-gnu/libXdamage.so.1.1.0
7f4c91c0f000-7f4c91c3b000 r-xp 00000000 fc:00 9438091                    /usr/lib/x86_64-linux-gnu/libglapi.so.0.0.0
7f4c91c3b000-7f4c91e3a000 ---p 0002c000 fc:00 9438091                    /usr/lib/x86_64-linux-gnu/libglapi.so.0.0.0
7f4c91e3a000-7f4c91e3e000 r--p 0002b000 fc:00 9438091                    /usr/lib/x86_64-linux-gnu/libglapi.so.0.0.0
7f4c91e3e000-7f4c91e3f000 rw-p 0002f000 fc:00 9438091                    /usr/lib/x86_64-linux-gnu/libglapi.so.0.0.0
7f4c91e3f000-7f4c91e40000 rw-p 00000000 00:00 0 
7f4c91e40000-7f4c91e41000 r-xp 00000000 fc:00 9443470                    /usr/lib/x86_64-linux-gnu/libxshmfence.so.1.0.0
7f4c91e41000-7f4c92041000 ---p 00001000 fc:00 9443470                    /usr/lib/x86_64-linux-gnu/libxshmfence.so.1.0.0
7f4c92041000-7f4c92042000 r--p 00001000 fc:00 9443470                    /usr/lib/x86_64-linux-gnu/libxshmfence.so.1.0.0
7f4c92042000-7f4c92043000 rw-p 00002000 fc:00 9443470                    /usr/lib/x86_64-linux-gnu/libxshmfence.so.1.0.0
7f4c92043000-7f4c92048000 r-xp 00000000 fc:00 9441642                    /usr/lib/x86_64-linux-gnu/libxcb-sync.so.1.0.0
7f4c92048000-7f4c92248000 ---p 00005000 fc:00 9441642                    /usr/lib/x86_64-linux-gnu/libxcb-sync.so.1.0.0
7f4c92248000-7f4c92249000 r--p 00005000 fc:00 9441642                    /usr/lib/x86_64-linux-gnu/libxcb-sync.so.1.0.0
7f4c92249000-7f4c9224a000 rw-p 00006000 fc:00 9441642                    /usr/lib/x86_64-linux-gnu/libxcb-sync.so.1.0.0
7f4c9224a000-7f4c9224c000 r-xp 00000000 fc:00 9441640                    /usr/lib/x86_64-linux-gnu/libxcb-present.so.0.0.0
7f4c9224c000-7f4c9244b000 ---p 00002000 fc:00 9441640                    /usr/lib/x86_64-linux-gnu/libxcb-present.so.0.0.0
7f4c9244b000-7f4c9244c000 r--p 00001000 fc:00 9441640                    /usr/lib/x86_64-linux-gnu/libxcb-present.so.0.0.0
7f4c9244c000-7f4c9244d000 rw-p 00002000 fc:00 9441640                    /usr/lib/x86_64-linux-gnu/libxcb-present.so.0.0.0
7f4c9244d000-7f4c9244f000 r-xp 00000000 fc:00 9441634                    /usr/lib/x86_64-linux-gnu/libxcb-dri3.so.0.0.0
7f4c9244f000-7f4c9264e000 ---p 00002000 fc:00 9441634                    /usr/lib/x86_64-linux-gnu/libxcb-dri3.so.0.0.0
7f4c9264e000-7f4c9264f000 r--p 00001000 fc:00 9441634                    /usr/lib/x86_64-linux-gnu/libxcb-dri3.so.0.0.0
7f4c9264f000-7f4c92650000 rw-p 00002000 fc:00 9441634                    /usr/lib/x86_64-linux-gnu/libxcb-dri3.so.0.0.0
7f4c92650000-7f4c92676000 r-xp 00000000 fc:00 8257565                    /lib/x86_64-linux-gnu/libexpat.so.1.6.0
7f4c92676000-7f4c92876000 ---p 00026000 fc:00 8257565                    /lib/x86_64-linux-gnu/libexpat.so.1.6.0
7f4c92876000-7f4c92878000 r--p 00026000 fc:00 8257565                    /lib/x86_64-linux-gnu/libexpat.so.1.6.0
7f4c92878000-7f4c92879000 rw-p 00028000 fc:00 8257565                    /lib/x86_64-linux-gnu/libexpat.so.1.6.0
7f4c92879000-7f4c928e9000 r-xp 00000000 fc:00 9569071                    /usr/lib/x86_64-linux-gnu/mesa/libGL.so.1.2.0
7f4c928e9000-7f4c92ae8000 ---p 00070000 fc:00 9569071                    /usr/lib/x86_64-linux-gnu/mesa/libGL.so.1.2.0
7f4c92ae8000-7f4c92aeb000 r--p 0006f000 fc:00 9569071                    /usr/lib/x86_64-linux-gnu/mesa/libGL.so.1.2.0
7f4c92aeb000-7f4c92aec000 rw-p 00072000 fc:00 9569071                    /usr/lib/x86_64-linux-gnu/mesa/libGL.so.1.2.0
7f4c92aec000-7f4c92ced000 rw-p 00000000 00:00 0 
7f4c92ced000-7f4c92eed000 rw-p 00000000 00:00 0 
7f4c92fb8000-7f4c92fbf000 r-xp 00000000 fc:00 6422564                    /tmp/jogamp_0000/file_cache/jln6057911480584157710/jln6234120854758603556/natives/linux-amd64/libnativewindow_x11.so
7f4c92fbf000-7f4c931be000 ---p 00007000 fc:00 6422564                    /tmp/jogamp_0000/file_cache/jln6057911480584157710/jln6234120854758603556/natives/linux-amd64/libnativewindow_x11.so
7f4c931be000-7f4c931bf000 rw-p 00006000 fc:00 6422564                    /tmp/jogamp_0000/file_cache/jln6057911480584157710/jln6234120854758603556/natives/linux-amd64/libnativewindow_x11.so
7f4c931bf000-7f4c931c2000 ---p 00000000 00:00 0 
7f4c931c2000-7f4c932c0000 rw-p 00000000 00:00 0 
7f4c932c0000-7f4c932c3000 ---p 00000000 00:00 0 
7f4c932c3000-7f4c933c1000 rw-p 00000000 00:00 0 
7f4c933c1000-7f4c933c6000 r-xp 00000000 fc:00 9442557                    /usr/lib/x86_64-linux-gnu/libXxf86vm.so.1.0.0
7f4c933c6000-7f4c935c5000 ---p 00005000 fc:00 9442557                    /usr/lib/x86_64-linux-gnu/libXxf86vm.so.1.0.0
7f4c935c5000-7f4c935c6000 r--p 00004000 fc:00 9442557                    /usr/lib/x86_64-linux-gnu/libXxf86vm.so.1.0.0
7f4c935c6000-7f4c935c7000 rw-p 00005000 fc:00 9442557                    /usr/lib/x86_64-linux-gnu/libXxf86vm.so.1.0.0
7f4c935c7000-7f4c935c9000 r-xp 00000000 fc:00 6422563                    /tmp/jogamp_0000/file_cache/jln6057911480584157710/jln6234120854758603556/natives/linux-amd64/libnativewindow_awt.so
7f4c935c9000-7f4c937c8000 ---p 00002000 fc:00 6422563                    /tmp/jogamp_0000/file_cache/jln6057911480584157710/jln6234120854758603556/natives/linux-amd64/libnativewindow_awt.so
7f4c937c8000-7f4c937c9000 rw-p 00001000 fc:00 6422563                    /tmp/jogamp_0000/file_cache/jln6057911480584157710/jln6234120854758603556/natives/linux-amd64/libnativewindow_awt.so
7f4c937c9000-7f4c937ca000 r-xp 00000000 fc:00 13893896                   /usr/lib/jvm/java-8-openjdk-amd64/jre/lib/amd64/libjawt.so
7f4c937ca000-7f4c939c9000 ---p 00001000 fc:00 13893896                   /usr/lib/jvm/java-8-openjdk-amd64/jre/lib/amd64/libjawt.so
7f4c939c9000-7f4c939ca000 r--p 00000000 fc:00 13893896                   /usr/lib/jvm/java-8-openjdk-amd64/jre/lib/amd64/libjawt.so
7f4c939ca000-7f4c939cb000 rw-p 00001000 fc:00 13893896                   /usr/lib/jvm/java-8-openjdk-amd64/jre/lib/amd64/libjawt.so
7f4c939cb000-7f4c939d0000 r-xp 00000000 fc:00 9442523                    /usr/lib/x86_64-linux-gnu/libXfixes.so.3.1.0
7f4c939d0000-7f4c93bcf000 ---p 00005000 fc:00 9442523                    /usr/lib/x86_64-linux-gnu/libXfixes.so.3.1.0
7f4c93bcf000-7f4c93bd0000 r--p 00004000 fc:00 9442523                    /usr/lib/x86_64-linux-gnu/libXfixes.so.3.1.0
7f4c93bd0000-7f4c93bd1000 rw-p 00005000 fc:00 9442523                    /usr/lib/x86_64-linux-gnu/libXfixes.so.3.1.0
7f4c93bd1000-7f4c93bda000 r-xp 00000000 fc:00 9440610                    /usr/lib/x86_64-linux-gnu/libXcursor.so.1.0.2
7f4c93bda000-7f4c93dd9000 ---p 00009000 fc:00 9440610                    /usr/lib/x86_64-linux-gnu/libXcursor.so.1.0.2
7f4c93dd9000-7f4c93dda000 r--p 00008000 fc:00 9440610                    /usr/lib/x86_64-linux-gnu/libXcursor.so.1.0.2
7f4c93dda000-7f4c93ddb000 rw-p 00009000 fc:00 9440610                    /usr/lib/x86_64-linux-gnu/libXcursor.so.1.0.2
7f4c93ddb000-7f4c93dff000 r-xp 00000000 fc:00 8258033                    /lib/x86_64-linux-gnu/libpng12.so.0.54.0
7f4c93dff000-7f4c93ffe000 ---p 00024000 fc:00 8258033                    /lib/x86_64-linux-gnu/libpng12.so.0.54.0
7f4c93ffe000-7f4c93fff000 r--p 00023000 fc:00 8258033                    /lib/x86_64-linux-gnu/libpng12.so.0.54.0
7f4c93fff000-7f4c94000000 rw-p 00024000 fc:00 8258033                    /lib/x86_64-linux-gnu/libpng12.so.0.54.0
7f4c94000000-7f4c94021000 rw-p 00000000 00:00 0 
7f4c94021000-7f4c98000000 ---p 00000000 00:00 0 
7f4c98000000-7f4c98021000 rw-p 00000000 00:00 0 
7f4c98021000-7f4c9c000000 ---p 00000000 00:00 0 
7f4c9c000000-7f4c9c021000 rw-p 00000000 00:00 0 
7f4c9c021000-7f4ca0000000 ---p 00000000 00:00 0 
7f4ca0000000-7f4ca0021000 rw-p 00000000 00:00 0 
7f4ca0021000-7f4ca4000000 ---p 00000000 00:00 0 
7f4ca4000000-7f4ca5833000 rw-p 00000000 00:00 0 
7f4ca5833000-7f4ca8000000 ---p 00000000 00:00 0 
7f4ca8000000-7f4ca86bf000 rw-p 00000000 00:00 0 
7f4ca86bf000-7f4cac000000 ---p 00000000 00:00 0 
7f4cac000000-7f4cac021000 rw-p 00000000 00:00 0 
7f4cac021000-7f4cb0000000 ---p 00000000 00:00 0 
7f4cb0000000-7f4cb1c8b000 rw-p 00000000 00:00 0 
7f4cb1c8b000-7f4cb4000000 ---p 00000000 00:00 0 
7f4cb4000000-7f4cb4021000 rw-p 00000000 00:00 0 
7f4cb4021000-7f4cb8000000 ---p 00000000 00:00 0 
7f4cb8000000-7f4cb8021000 rw-p 00000000 00:00 0 
7f4cb8021000-7f4cbc000000 ---p 00000000 00:00 0 
7f4cbc000000-7f4cbc021000 rw-p 00000000 00:00 0 
7f4cbc021000-7f4cc0000000 ---p 00000000 00:00 0 
7f4cc0000000-7f4cc0021000 rw-p 00000000 00:00 0 
7f4cc0021000-7f4cc4000000 ---p 00000000 00:00 0 
7f4cc4000000-7f4cc4021000 rw-p 00000000 00:00 0 
7f4cc4021000-7f4cc8000000 ---p 00000000 00:00 0 
7f4cc80be000-7f4cc8162000 r-xp 00000000 fc:00 9441225                    /usr/lib/x86_64-linux-gnu/libfreetype.so.6.12.1
7f4cc8162000-7f4cc8361000 ---p 000a4000 fc:00 9441225                    /usr/lib/x86_64-linux-gnu/libfreetype.so.6.12.1
7f4cc8361000-7f4cc8367000 r--p 000a3000 fc:00 9441225                    /usr/lib/x86_64-linux-gnu/libfreetype.so.6.12.1
7f4cc8367000-7f4cc8368000 rw-p 000a9000 fc:00 9441225                    /usr/lib/x86_64-linux-gnu/libfreetype.so.6.12.1
7f4cc8368000-7f4cc83ba000 r-xp 00000000 fc:00 13893922                   /usr/lib/jvm/java-8-openjdk-amd64/jre/lib/amd64/libfontmanager.so
7f4cc83ba000-7f4cc85ba000 ---p 00052000 fc:00 13893922                   /usr/lib/jvm/java-8-openjdk-amd64/jre/lib/amd64/libfontmanager.so
7f4cc85ba000-7f4cc85bc000 r--p 00052000 fc:00 13893922                   /usr/lib/jvm/java-8-openjdk-amd64/jre/lib/amd64/libfontmanager.so
7f4cc85bc000-7f4cc85bd000 rw-p 00054000 fc:00 13893922                   /usr/lib/jvm/java-8-openjdk-amd64/jre/lib/amd64/libfontmanager.so
7f4cc85bd000-7f4cc85c2000 r-xp 00000000 fc:00 9437334                    /usr/lib/x86_64-linux-gnu/libXdmcp.so.6.0.0
7f4cc85c2000-7f4cc87c1000 ---p 00005000 fc:00 9437334                    /usr/lib/x86_64-linux-gnu/libXdmcp.so.6.0.0
7f4cc87c1000-7f4cc87c2000 r--p 00004000 fc:00 9437334                    /usr/lib/x86_64-linux-gnu/libXdmcp.so.6.0.0
7f4cc87c2000-7f4cc87c3000 rw-p 00005000 fc:00 9437334                    /usr/lib/x86_64-linux-gnu/libXdmcp.so.6.0.0
7f4cc87c3000-7f4cc87c5000 r-xp 00000000 fc:00 9442508                    /usr/lib/x86_64-linux-gnu/libXau.so.6.0.0
7f4cc87c5000-7f4cc89c5000 ---p 00002000 fc:00 9442508                    /usr/lib/x86_64-linux-gnu/libXau.so.6.0.0
7f4cc89c5000-7f4cc89c6000 r--p 00002000 fc:00 9442508                    /usr/lib/x86_64-linux-gnu/libXau.so.6.0.0
7f4cc89c6000-7f4cc89c7000 rw-p 00003000 fc:00 9442508                    /usr/lib/x86_64-linux-gnu/libXau.so.6.0.0
7f4cc89c7000-7f4cc89e8000 r-xp 00000000 fc:00 9445987                    /usr/lib/x86_64-linux-gnu/libxcb.so.1.1.0
7f4cc89e8000-7f4cc8be7000 ---p 00021000 fc:00 9445987                    /usr/lib/x86_64-linux-gnu/libxcb.so.1.1.0
7f4cc8be7000-7f4cc8be8000 r--p 00020000 fc:00 9445987                    /usr/lib/x86_64-linux-gnu/libxcb.so.1.1.0
7f4cc8be8000-7f4cc8be9000 rw-p 00021000 fc:00 9445987                    /usr/lib/x86_64-linux-gnu/libxcb.so.1.1.0
7f4cc8be9000-7f4cc8bf8000 r-xp 00000000 fc:00 9440612                    /usr/lib/x86_64-linux-gnu/libXi.so.6.1.0
7f4cc8bf8000-7f4cc8df7000 ---p 0000f000 fc:00 9440612                    /usr/lib/x86_64-linux-gnu/libXi.so.6.1.0
7f4cc8df7000-7f4cc8df8000 r--p 0000e000 fc:00 9440612                    /usr/lib/x86_64-linux-gnu/libXi.so.6.1.0
7f4cc8df8000-7f4cc8df9000 rw-p 0000f000 fc:00 9440612                    /usr/lib/x86_64-linux-gnu/libXi.so.6.1.0
7f4cc8df9000-7f4cc8dfe000 r-xp 00000000 fc:00 9442547                    /usr/lib/x86_64-linux-gnu/libXtst.so.6.1.0
7f4cc8dfe000-7f4cc8ffd000 ---p 00005000 fc:00 9442547                    /usr/lib/x86_64-linux-gnu/libXtst.so.6.1.0
7f4cc8ffd000-7f4cc8ffe000 r--p 00004000 fc:00 9442547                    /usr/lib/x86_64-linux-gnu/libXtst.so.6.1.0
7f4cc8ffe000-7f4cc8fff000 rw-p 00005000 fc:00 9442547                    /usr/lib/x86_64-linux-gnu/libXtst.so.6.1.0
7f4cc8fff000-7f4ccc000000 rw-p 00000000 00:00 0 
7f4ccc000000-7f4ccc021000 rw-p 00000000 00:00 0 
7f4ccc021000-7f4cd0000000 ---p 00000000 00:00 0 
7f4cd0024000-7f4cd0028000 rw-s 00000000 00:05 275539                     /drm mm object (deleted)
7f4cd0028000-7f4cd0029000 rwxp 00000000 00:00 0 
7f4cd0029000-7f4cd002c000 ---p 00000000 00:00 0 
7f4cd002c000-7f4cd012a000 rw-p 00000000 00:00 0 
7f4cd012a000-7f4cd0133000 r-xp 00000000 fc:00 9442541                    /usr/lib/x86_64-linux-gnu/libXrender.so.1.3.0
7f4cd0133000-7f4cd0332000 ---p 00009000 fc:00 9442541                    /usr/lib/x86_64-linux-gnu/libXrender.so.1.3.0
7f4cd0332000-7f4cd0333000 r--p 00008000 fc:00 9442541                    /usr/lib/x86_64-linux-gnu/libXrender.so.1.3.0
7f4cd0333000-7f4cd0334000 rw-p 00009000 fc:00 9442541                    /usr/lib/x86_64-linux-gnu/libXrender.so.1.3.0
7f4cd0334000-7f4cd0469000 r-xp 00000000 fc:00 9446001                    /usr/lib/x86_64-linux-gnu/libX11.so.6.3.0
7f4cd0469000-7f4cd0669000 ---p 00135000 fc:00 9446001                    /usr/lib/x86_64-linux-gnu/libX11.so.6.3.0
7f4cd0669000-7f4cd066a000 r--p 00135000 fc:00 9446001                    /usr/lib/x86_64-linux-gnu/libX11.so.6.3.0
7f4cd066a000-7f4cd066e000 rw-p 00136000 fc:00 9446001                    /usr/lib/x86_64-linux-gnu/libX11.so.6.3.0
7f4cd066e000-7f4cd067f000 r-xp 00000000 fc:00 9442521                    /usr/lib/x86_64-linux-gnu/libXext.so.6.4.0
7f4cd067f000-7f4cd087e000 ---p 00011000 fc:00 9442521                    /usr/lib/x86_64-linux-gnu/libXext.so.6.4.0
7f4cd087e000-7f4cd087f000 r--p 00010000 fc:00 9442521                    /usr/lib/x86_64-linux-gnu/libXext.so.6.4.0
7f4cd087f000-7f4cd0880000 rw-p 00011000 fc:00 9442521                    /usr/lib/x86_64-linux-gnu/libXext.so.6.4.0
7f4cd0884000-7f4cd0897000 r--s 00346000 fc:00 13893934                   /usr/lib/jvm/java-8-openjdk-amd64/jre/lib/resources.jar
7f4cd0897000-7f4cd08ec000 r-xp 00000000 fc:00 13893907                   /usr/lib/jvm/java-8-openjdk-amd64/jre/lib/amd64/libawt_xawt.so
7f4cd08ec000-7f4cd0aeb000 ---p 00055000 fc:00 13893907                   /usr/lib/jvm/java-8-openjdk-amd64/jre/lib/amd64/libawt_xawt.so
7f4cd0aeb000-7f4cd0aec000 r--p 00054000 fc:00 13893907                   /usr/lib/jvm/java-8-openjdk-amd64/jre/lib/amd64/libawt_xawt.so
7f4cd0aec000-7f4cd0aef000 rw-p 00055000 fc:00 13893907                   /usr/lib/jvm/java-8-openjdk-amd64/jre/lib/amd64/libawt_xawt.so
7f4cd0aef000-7f4cd0af0000 rw-p 00000000 00:00 0 
7f4cd0af0000-7f4cd0b90000 r-xp 00000000 fc:00 13893897                   /usr/lib/jvm/java-8-openjdk-amd64/jre/lib/amd64/libawt.so
7f4cd0b90000-7f4cd0d90000 ---p 000a0000 fc:00 13893897                   /usr/lib/jvm/java-8-openjdk-amd64/jre/lib/amd64/libawt.so
7f4cd0d90000-7f4cd0d91000 r--p 000a0000 fc:00 13893897                   /usr/lib/jvm/java-8-openjdk-amd64/jre/lib/amd64/libawt.so
7f4cd0d91000-7f4cd0d9c000 rw-p 000a1000 fc:00 13893897                   /usr/lib/jvm/java-8-openjdk-amd64/jre/lib/amd64/libawt.so
7f4cd0d9c000-7f4cd0dc1000 rw-p 00000000 00:00 0 
7f4cd0dc1000-7f4cd0dc3000 r-xp 00000000 fc:00 6422581                    /tmp/jogamp_0000/file_cache/jln6057911480584157710/jln6234120854758603556/natives/linux-amd64/libgluegen-rt.so
7f4cd0dc3000-7f4cd0fc2000 ---p 00002000 fc:00 6422581                    /tmp/jogamp_0000/file_cache/jln6057911480584157710/jln6234120854758603556/natives/linux-amd64/libgluegen-rt.so
7f4cd0fc2000-7f4cd0fc3000 rw-p 00001000 fc:00 6422581                    /tmp/jogamp_0000/file_cache/jln6057911480584157710/jln6234120854758603556/natives/linux-amd64/libgluegen-rt.so
7f4cd0fc3000-7f4cd0fc6000 ---p 00000000 00:00 0 
7f4cd0fc6000-7f4cd10c4000 rw-p 00000000 00:00 0 
7f4cd10c4000-7f4cd10d5000 r-xp 00000000 fc:00 13893931                   /usr/lib/jvm/java-8-openjdk-amd64/jre/lib/amd64/libnio.so
7f4cd10d5000-7f4cd12d5000 ---p 00011000 fc:00 13893931                   /usr/lib/jvm/java-8-openjdk-amd64/jre/lib/amd64/libnio.so
7f4cd12d5000-7f4cd12d6000 r--p 00011000 fc:00 13893931                   /usr/lib/jvm/java-8-openjdk-amd64/jre/lib/amd64/libnio.so
7f4cd12d6000-7f4cd12d7000 rw-p 00012000 fc:00 13893931                   /usr/lib/jvm/java-8-openjdk-amd64/jre/lib/amd64/libnio.so
7f4cd12d7000-7f4cd12ee000 r-xp 00000000 fc:00 13893900                   /usr/lib/jvm/java-8-openjdk-amd64/jre/lib/amd64/libnet.so
7f4cd12ee000-7f4cd14ed000 ---p 00017000 fc:00 13893900                   /usr/lib/jvm/java-8-openjdk-amd64/jre/lib/amd64/libnet.so
7f4cd14ed000-7f4cd14ee000 r--p 00016000 fc:00 13893900                   /usr/lib/jvm/java-8-openjdk-amd64/jre/lib/amd64/libnet.so
7f4cd14ee000-7f4cd14ef000 rw-p 00017000 fc:00 13893900                   /usr/lib/jvm/java-8-openjdk-amd64/jre/lib/amd64/libnet.so
7f4cd14ef000-7f4cd14f2000 ---p 00000000 00:00 0 
7f4cd14f2000-7f4cd1528000 rw-p 00000000 00:00 0 
7f4cd1528000-7f4cd1529000 r--p 00000000 00:00 0 
7f4cd1529000-7f4cd152e000 r--s 000a0000 fc:00 13893935                   /usr/lib/jvm/java-8-openjdk-amd64/jre/lib/jsse.jar
7f4cd152e000-7f4cd1534000 r--s 00081000 fc:00 17695093                   /home/brobz/.m2/repository/postgresql/postgresql/9.1-901-1.jdbc4/postgresql-9.1-901-1.jdbc4.jar
7f4cd1534000-7f4cd1536000 r--s 00001000 fc:00 17695088                   /home/brobz/.m2/repository/net/mikera/mathz/0.3.0/mathz-0.3.0.jar
7f4cd1536000-7f4cd1537000 r--s 00003000 fc:00 17695087                   /home/brobz/.m2/repository/net/mikera/randomz/0.3.0/randomz-0.3.0.jar
7f4cd1537000-7f4cd153a000 r--s 00013000 fc:00 17695089                   /home/brobz/.m2/repository/us/bpsm/edn-java/0.4.7/edn-java-0.4.7.jar
7f4cd153a000-7f4cd1542000 r--s 000a9000 fc:00 17695092                   /home/brobz/.m2/repository/net/mikera/vectorz/0.66.0/vectorz-0.66.0.jar
7f4cd1542000-7f4cd1543000 r--s 00001000 fc:00 17695082                   /home/brobz/.m2/repository/org/jogamp/gluegen/gluegen-rt/2.3.2/gluegen-rt-2.3.2-natives-windows-i586.jar
7f4cd1543000-7f4cd1544000 r--s 00001000 fc:00 17695081                   /home/brobz/.m2/repository/org/jogamp/gluegen/gluegen-rt/2.3.2/gluegen-rt-2.3.2-natives-windows-amd64.jar
7f4cd1544000-7f4cd1545000 r--s 00000000 fc:00 17695080                   /home/brobz/.m2/repository/org/jogamp/gluegen/gluegen-rt/2.3.2/gluegen-rt-2.3.2-natives-solaris-i586.jar
7f4cd1545000-7f4cd1546000 r--s 00001000 fc:00 17695076                   /home/brobz/.m2/repository/org/jogamp/gluegen/gluegen-rt/2.3.2/gluegen-rt-2.3.2-natives-solaris-amd64.jar
7f4cd1546000-7f4cd1547000 r--s 00001000 fc:00 17695075                   /home/brobz/.m2/repository/org/jogamp/gluegen/gluegen-rt/2.3.2/gluegen-rt-2.3.2-natives-macosx-universal.jar
7f4cd1547000-7f4cd1549000 r--s 00000000 fc:00 17695074                   /home/brobz/.m2/repository/org/jogamp/gluegen/gluegen-rt/2.3.2/gluegen-rt-2.3.2-natives-linux-i586.jar
7f4cd1549000-7f4cd154a000 r--s 00000000 fc:00 17695070                   /home/brobz/.m2/repository/org/jogamp/gluegen/gluegen-rt/2.3.2/gluegen-rt-2.3.2-natives-linux-armv6hf.jar
7f4cd154a000-7f4cd154b000 r--s 00000000 fc:00 17695069                   /home/brobz/.m2/repository/org/jogamp/gluegen/gluegen-rt/2.3.2/gluegen-rt-2.3.2-natives-linux-armv6.jar
7f4cd154b000-7f4cd154d000 r--s 00000000 fc:00 17695063                   /home/brobz/.m2/repository/org/jogamp/gluegen/gluegen-rt/2.3.2/gluegen-rt-2.3.2-natives-linux-amd64.jar
7f4cd154d000-7f4cd154e000 r--s 00001000 fc:00 17695065                   /home/brobz/.m2/repository/org/jogamp/gluegen/gluegen-rt/2.3.2/gluegen-rt-2.3.2-natives-android-armv6.jar
7f4cd154e000-7f4cd154f000 r--s 00000000 fc:00 17695064                   /home/brobz/.m2/repository/org/jogamp/gluegen/gluegen-rt/2.3.2/gluegen-rt-2.3.2-natives-android-aarch64.jar
7f4cd154f000-7f4cd1555000 r--s 0004f000 fc:00 17695073                   /home/brobz/.m2/repository/org/jogamp/gluegen/gluegen-rt/2.3.2/gluegen-rt-2.3.2.jar
7f4cd1555000-7f4cd1556000 r--s 00000000 fc:00 17694964                   /home/brobz/.m2/repository/org/jogamp/gluegen/gluegen-rt-main/2.3.2/gluegen-rt-main-2.3.2.jar
7f4cd1556000-7f4cd1558000 r--s 0000c000 fc:00 17694962                   /home/brobz/.m2/repository/com/esotericsoftware/jsonbeans/0.7/jsonbeans-0.7.jar
7f4cd1558000-7f4cd155a000 r--s 00009000 fc:00 17694960                   /home/brobz/.m2/repository/org/objenesis/objenesis/2.1/objenesis-2.1.jar
7f4cd155a000-7f4cd155c000 r--s 00000000 fc:00 17694958                   /home/brobz/.m2/repository/com/esotericsoftware/minlog/minlog/1.2/minlog-1.2.jar
7f4cd155c000-7f4cd1562000 r--s 0004d000 fc:00 17694956                   /home/brobz/.m2/repository/com/esotericsoftware/kryo/kryo/2.24.0/kryo-2.24.0.jar
7f4cd1562000-7f4cd1564000 r--s 00011000 fc:00 17694954                   /home/brobz/.m2/repository/com/esotericsoftware/kryonet/2.22.0-RC1/kryonet-2.22.0-RC1.jar
7f4cd1564000-7f4cd1566000 r--s 00032000 fc:00 17694953                   /home/brobz/.m2/repository/org/jogamp/jogl/jogl-all/2.3.2/jogl-all-2.3.2-natives-windows-i586.jar
7f4cd1566000-7f4cd1567000 ---p 00000000 00:00 0 
7f4cd1567000-7f4cd1667000 rw-p 00000000 00:00 0 
7f4cd1667000-7f4cd166a000 ---p 00000000 00:00 0 
7f4cd166a000-7f4cd1768000 rw-p 00000000 00:00 0 
7f4cd1768000-7f4cd176b000 ---p 00000000 00:00 0 
7f4cd176b000-7f4cd1869000 rw-p 00000000 00:00 0 
7f4cd1869000-7f4cd186c000 ---p 00000000 00:00 0 
7f4cd186c000-7f4cd196a000 rw-p 00000000 00:00 0 
7f4cd196a000-7f4cd196d000 ---p 00000000 00:00 0 
7f4cd196d000-7f4cd1a6b000 rw-p 00000000 00:00 0 
7f4cd1a6b000-7f4cd1a6e000 ---p 00000000 00:00 0 
7f4cd1a6e000-7f4cd1b6c000 rw-p 00000000 00:00 0 
7f4cd1b6c000-7f4cd1f75000 r--p 00000000 fc:00 9445250                    /usr/lib/locale/locale-archive
7f4cd1f75000-7f4cd1f78000 ---p 00000000 00:00 0 
7f4cd1f78000-7f4cd2076000 rw-p 00000000 00:00 0 
7f4cd2076000-7f4cd2079000 ---p 00000000 00:00 0 
7f4cd2079000-7f4cd2177000 rw-p 00000000 00:00 0 
7f4cd2177000-7f4cd2178000 ---p 00000000 00:00 0 
7f4cd2178000-7f4cd4000000 rw-p 00000000 00:00 0 
7f4cd4000000-7f4cd4021000 rw-p 00000000 00:00 0 
7f4cd4021000-7f4cd8000000 ---p 00000000 00:00 0 
7f4cd8000000-7f4cd8001000 r--s 0003a000 fc:00 17694951                   /home/brobz/.m2/repository/org/jogamp/jogl/jogl-all/2.3.2/jogl-all-2.3.2-natives-windows-amd64.jar
7f4cd8001000-7f4cd8002000 r--s 00027000 fc:00 17694948                   /home/brobz/.m2/repository/org/jogamp/jogl/jogl-all/2.3.2/jogl-all-2.3.2-natives-solaris-i586.jar
7f4cd8002000-7f4cd8003000 r--s 00035000 fc:00 17694945                   /home/brobz/.m2/repository/org/jogamp/jogl/jogl-all/2.3.2/jogl-all-2.3.2-natives-solaris-amd64.jar
7f4cd8003000-7f4cd8005000 r--s 00034000 fc:00 17694941                   /home/brobz/.m2/repository/org/jogamp/jogl/jogl-all/2.3.2/jogl-all-2.3.2-natives-linux-i586.jar
7f4cd8005000-7f4cd8029000 r--s 0031e000 fc:00 17695059                   /home/brobz/.m2/repository/org/jogamp/jogl/jogl-all/2.3.2/jogl-all-2.3.2.jar
7f4cd8029000-7f4cd802f000 r--s 0003b000 fc:00 13893879                   /usr/lib/jvm/java-8-openjdk-amd64/jre/lib/ext/sunjce_provider.jar
7f4cd802f000-7f4cd8039000 r--s 00116000 fc:00 13893881                   /usr/lib/jvm/java-8-openjdk-amd64/jre/lib/ext/localedata.jar
7f4cd8039000-7f4cd8054000 r--s 001d6000 fc:00 13893872                   /usr/lib/jvm/java-8-openjdk-amd64/jre/lib/ext/nashorn.jar
7f4cd8054000-7f4cd9000000 rw-p 00000000 00:00 0 
7f4cd9000000-7f4cd98e0000 rwxp 00000000 00:00 0 
7f4cd98e0000-7f4ce8000000 ---p 00000000 00:00 0 
7f4ce8000000-7f4ce8924000 rw-p 00000000 00:00 0 
7f4ce8924000-7f4cec000000 ---p 00000000 00:00 0 
7f4cec000000-7f4cec001000 r--s 0006c000 fc:00 17694946                   /home/brobz/.m2/repository/org/jogamp/jogl/jogl-all/2.3.2/jogl-all-2.3.2-natives-macosx-universal.jar
7f4cec001000-7f4cec002000 r--s 00028000 fc:00 17694943                   /home/brobz/.m2/repository/org/jogamp/jogl/jogl-all/2.3.2/jogl-all-2.3.2-natives-linux-armv6hf.jar
7f4cec002000-7f4cec003000 r--s 00027000 fc:00 17694938                   /home/brobz/.m2/repository/org/jogamp/jogl/jogl-all/2.3.2/jogl-all-2.3.2-natives-linux-armv6.jar
7f4cec003000-7f4cec01e000 r--s 00394000 fc:00 13893878                   /usr/lib/jvm/java-8-openjdk-amd64/jre/lib/ext/cldrdata.jar
7f4cec01e000-7f4cec1ed000 r--s 03c33000 fc:00 13893892                   /usr/lib/jvm/java-8-openjdk-amd64/jre/lib/rt.jar
7f4cec1ed000-7f4cec3bb000 rw-p 00000000 00:00 0 
7f4cec3bb000-7f4cec3bc000 ---p 00000000 00:00 0 
7f4cec3bc000-7f4cec4bc000 rw-p 00000000 00:00 0 
7f4cec4bc000-7f4cec4bd000 ---p 00000000 00:00 0 
7f4cec4bd000-7f4cec5bd000 rw-p 00000000 00:00 0 
7f4cec5bd000-7f4cec5be000 ---p 00000000 00:00 0 
7f4cec5be000-7f4cec6be000 rw-p 00000000 00:00 0 
7f4cec6be000-7f4cec6bf000 ---p 00000000 00:00 0 
7f4cec6bf000-7f4cec85e000 rw-p 00000000 00:00 0 
7f4cec85e000-7f4cec8a5000 ---p 00000000 00:00 0 
7f4cec8a5000-7f4cec944000 rw-p 00000000 00:00 0 
7f4cec944000-7f4cec98a000 ---p 00000000 00:00 0 
7f4cec98a000-7f4cec9a7000 rw-p 00000000 00:00 0 
7f4cec9a7000-7f4cec9fd000 ---p 00000000 00:00 0 
7f4cec9fd000-7f4ceca22000 rw-p 00000000 00:00 0 
7f4ceca22000-7f4cecdbe000 ---p 00000000 00:00 0 
7f4cecdbe000-7f4cecdc6000 r-xp 00000000 fc:00 13893910                   /usr/lib/jvm/java-8-openjdk-amd64/jre/lib/amd64/libzip.so
7f4cecdc6000-7f4cecfc5000 ---p 00008000 fc:00 13893910                   /usr/lib/jvm/java-8-openjdk-amd64/jre/lib/amd64/libzip.so
7f4cecfc5000-7f4cecfc6000 r--p 00007000 fc:00 13893910                   /usr/lib/jvm/java-8-openjdk-amd64/jre/lib/amd64/libzip.so
7f4cecfc6000-7f4cecfc7000 rw-p 00008000 fc:00 13893910                   /usr/lib/jvm/java-8-openjdk-amd64/jre/lib/amd64/libzip.so
7f4cecfc7000-7f4cecfd2000 r-xp 00000000 fc:00 8257717                    /lib/x86_64-linux-gnu/libnss_files-2.23.so
7f4cecfd2000-7f4ced1d1000 ---p 0000b000 fc:00 8257717                    /lib/x86_64-linux-gnu/libnss_files-2.23.so
7f4ced1d1000-7f4ced1d2000 r--p 0000a000 fc:00 8257717                    /lib/x86_64-linux-gnu/libnss_files-2.23.so
7f4ced1d2000-7f4ced1d3000 rw-p 0000b000 fc:00 8257717                    /lib/x86_64-linux-gnu/libnss_files-2.23.so
7f4ced1d3000-7f4ced1d9000 rw-p 00000000 00:00 0 
7f4ced1d9000-7f4ced1e4000 r-xp 00000000 fc:00 8257710                    /lib/x86_64-linux-gnu/libnss_nis-2.23.so
7f4ced1e4000-7f4ced3e3000 ---p 0000b000 fc:00 8257710                    /lib/x86_64-linux-gnu/libnss_nis-2.23.so
7f4ced3e3000-7f4ced3e4000 r--p 0000a000 fc:00 8257710                    /lib/x86_64-linux-gnu/libnss_nis-2.23.so
7f4ced3e4000-7f4ced3e5000 rw-p 0000b000 fc:00 8257710                    /lib/x86_64-linux-gnu/libnss_nis-2.23.so
7f4ced3e5000-7f4ced3fb000 r-xp 00000000 fc:00 8257715                    /lib/x86_64-linux-gnu/libnsl-2.23.so
7f4ced3fb000-7f4ced5fa000 ---p 00016000 fc:00 8257715                    /lib/x86_64-linux-gnu/libnsl-2.23.so
7f4ced5fa000-7f4ced5fb000 r--p 00015000 fc:00 8257715                    /lib/x86_64-linux-gnu/libnsl-2.23.so
7f4ced5fb000-7f4ced5fc000 rw-p 00016000 fc:00 8257715                    /lib/x86_64-linux-gnu/libnsl-2.23.so
7f4ced5fc000-7f4ced5fe000 rw-p 00000000 00:00 0 
7f4ced5fe000-7f4ced606000 r-xp 00000000 fc:00 8257721                    /lib/x86_64-linux-gnu/libnss_compat-2.23.so
7f4ced606000-7f4ced805000 ---p 00008000 fc:00 8257721                    /lib/x86_64-linux-gnu/libnss_compat-2.23.so
7f4ced805000-7f4ced806000 r--p 00007000 fc:00 8257721                    /lib/x86_64-linux-gnu/libnss_compat-2.23.so
7f4ced806000-7f4ced807000 rw-p 00008000 fc:00 8257721                    /lib/x86_64-linux-gnu/libnss_compat-2.23.so
7f4ced807000-7f4ced834000 r-xp 00000000 fc:00 13893914                   /usr/lib/jvm/java-8-openjdk-amd64/jre/lib/amd64/libjava.so
7f4ced834000-7f4ceda33000 ---p 0002d000 fc:00 13893914                   /usr/lib/jvm/java-8-openjdk-amd64/jre/lib/amd64/libjava.so
7f4ceda33000-7f4ceda34000 r--p 0002c000 fc:00 13893914                   /usr/lib/jvm/java-8-openjdk-amd64/jre/lib/amd64/libjava.so
7f4ceda34000-7f4ceda36000 rw-p 0002d000 fc:00 13893914                   /usr/lib/jvm/java-8-openjdk-amd64/jre/lib/amd64/libjava.so
7f4ceda36000-7f4ceda45000 r-xp 00000000 fc:00 13893919                   /usr/lib/jvm/java-8-openjdk-amd64/jre/lib/amd64/libverify.so
7f4ceda45000-7f4cedc44000 ---p 0000f000 fc:00 13893919                   /usr/lib/jvm/java-8-openjdk-amd64/jre/lib/amd64/libverify.so
7f4cedc44000-7f4cedc46000 r--p 0000e000 fc:00 13893919                   /usr/lib/jvm/java-8-openjdk-amd64/jre/lib/amd64/libverify.so
7f4cedc46000-7f4cedc47000 rw-p 00010000 fc:00 13893919                   /usr/lib/jvm/java-8-openjdk-amd64/jre/lib/amd64/libverify.so
7f4cedc47000-7f4cedc4e000 r-xp 00000000 fc:00 8257703                    /lib/x86_64-linux-gnu/librt-2.23.so
7f4cedc4e000-7f4cede4d000 ---p 00007000 fc:00 8257703                    /lib/x86_64-linux-gnu/librt-2.23.so
7f4cede4d000-7f4cede4e000 r--p 00006000 fc:00 8257703                    /lib/x86_64-linux-gnu/librt-2.23.so
7f4cede4e000-7f4cede4f000 rw-p 00007000 fc:00 8257703                    /lib/x86_64-linux-gnu/librt-2.23.so
7f4cede4f000-7f4cede65000 r-xp 00000000 fc:00 8257739                    /lib/x86_64-linux-gnu/libgcc_s.so.1
7f4cede65000-7f4cee064000 ---p 00016000 fc:00 8257739                    /lib/x86_64-linux-gnu/libgcc_s.so.1
7f4cee064000-7f4cee065000 rw-p 00015000 fc:00 8257739                    /lib/x86_64-linux-gnu/libgcc_s.so.1
7f4cee065000-7f4cee16d000 r-xp 00000000 fc:00 8257723                    /lib/x86_64-linux-gnu/libm-2.23.so
7f4cee16d000-7f4cee36c000 ---p 00108000 fc:00 8257723                    /lib/x86_64-linux-gnu/libm-2.23.so
7f4cee36c000-7f4cee36d000 r--p 00107000 fc:00 8257723                    /lib/x86_64-linux-gnu/libm-2.23.so
7f4cee36d000-7f4cee36e000 rw-p 00108000 fc:00 8257723                    /lib/x86_64-linux-gnu/libm-2.23.so
7f4cee36e000-7f4cee4e0000 r-xp 00000000 fc:00 9439213                    /usr/lib/x86_64-linux-gnu/libstdc++.so.6.0.21
7f4cee4e0000-7f4cee6e0000 ---p 00172000 fc:00 9439213                    /usr/lib/x86_64-linux-gnu/libstdc++.so.6.0.21
7f4cee6e0000-7f4cee6ea000 r--p 00172000 fc:00 9439213                    /usr/lib/x86_64-linux-gnu/libstdc++.so.6.0.21
7f4cee6ea000-7f4cee6ec000 rw-p 0017c000 fc:00 9439213                    /usr/lib/x86_64-linux-gnu/libstdc++.so.6.0.21
7f4cee6ec000-7f4cee6f0000 rw-p 00000000 00:00 0 
7f4cee6f0000-7f4cef351000 r-xp 00000000 fc:00 13893925                   /usr/lib/jvm/java-8-openjdk-amd64/jre/lib/amd64/server/libjvm.so
7f4cef351000-7f4cef551000 ---p 00c61000 fc:00 13893925                   /usr/lib/jvm/java-8-openjdk-amd64/jre/lib/amd64/server/libjvm.so
7f4cef551000-7f4cef5e5000 r--p 00c61000 fc:00 13893925                   /usr/lib/jvm/java-8-openjdk-amd64/jre/lib/amd64/server/libjvm.so
7f4cef5e5000-7f4cef60e000 rw-p 00cf5000 fc:00 13893925                   /usr/lib/jvm/java-8-openjdk-amd64/jre/lib/amd64/server/libjvm.so
7f4cef60e000-7f4cef63e000 rw-p 00000000 00:00 0 
7f4cef63e000-7f4cef656000 r-xp 00000000 fc:00 8257707                    /lib/x86_64-linux-gnu/libpthread-2.23.so
7f4cef656000-7f4cef855000 ---p 00018000 fc:00 8257707                    /lib/x86_64-linux-gnu/libpthread-2.23.so
7f4cef855000-7f4cef856000 r--p 00017000 fc:00 8257707                    /lib/x86_64-linux-gnu/libpthread-2.23.so
7f4cef856000-7f4cef857000 rw-p 00018000 fc:00 8257707                    /lib/x86_64-linux-gnu/libpthread-2.23.so
7f4cef857000-7f4cef85b000 rw-p 00000000 00:00 0 
7f4cef85b000-7f4cef85e000 r-xp 00000000 fc:00 8257705                    /lib/x86_64-linux-gnu/libdl-2.23.so
7f4cef85e000-7f4cefa5d000 ---p 00003000 fc:00 8257705                    /lib/x86_64-linux-gnu/libdl-2.23.so
7f4cefa5d000-7f4cefa5e000 r--p 00002000 fc:00 8257705                    /lib/x86_64-linux-gnu/libdl-2.23.so
7f4cefa5e000-7f4cefa5f000 rw-p 00003000 fc:00 8257705                    /lib/x86_64-linux-gnu/libdl-2.23.so
7f4cefa5f000-7f4cefa78000 r-xp 00000000 fc:00 8257743                    /lib/x86_64-linux-gnu/libz.so.1.2.8
7f4cefa78000-7f4cefc77000 ---p 00019000 fc:00 8257743                    /lib/x86_64-linux-gnu/libz.so.1.2.8
7f4cefc77000-7f4cefc78000 r--p 00018000 fc:00 8257743                    /lib/x86_64-linux-gnu/libz.so.1.2.8
7f4cefc78000-7f4cefc79000 rw-p 00019000 fc:00 8257743                    /lib/x86_64-linux-gnu/libz.so.1.2.8
7f4cefc79000-7f4cefe39000 r-xp 00000000 fc:00 8257720                    /lib/x86_64-linux-gnu/libc-2.23.so
7f4cefe39000-7f4cf0039000 ---p 001c0000 fc:00 8257720                    /lib/x86_64-linux-gnu/libc-2.23.so
7f4cf0039000-7f4cf003d000 r--p 001c0000 fc:00 8257720                    /lib/x86_64-linux-gnu/libc-2.23.so
7f4cf003d000-7f4cf003f000 rw-p 001c4000 fc:00 8257720                    /lib/x86_64-linux-gnu/libc-2.23.so
7f4cf003f000-7f4cf0043000 rw-p 00000000 00:00 0 
7f4cf0043000-7f4cf0050000 r-xp 00000000 fc:00 13893916                   /usr/lib/jvm/java-8-openjdk-amd64/jre/lib/amd64/jli/libjli.so
7f4cf0050000-7f4cf0250000 ---p 0000d000 fc:00 13893916                   /usr/lib/jvm/java-8-openjdk-amd64/jre/lib/amd64/jli/libjli.so
7f4cf0250000-7f4cf0251000 r--p 0000d000 fc:00 13893916                   /usr/lib/jvm/java-8-openjdk-amd64/jre/lib/amd64/jli/libjli.so
7f4cf0251000-7f4cf0252000 rw-p 0000e000 fc:00 13893916                   /usr/lib/jvm/java-8-openjdk-amd64/jre/lib/amd64/jli/libjli.so
7f4cf0252000-7f4cf0278000 r-xp 00000000 fc:00 8257706                    /lib/x86_64-linux-gnu/ld-2.23.so
7f4cf0278000-7f4cf0279000 r--s 00036000 fc:00 17694937                   /home/brobz/.m2/repository/org/jogamp/jogl/jogl-all/2.3.2/jogl-all-2.3.2-natives-linux-amd64.jar
7f4cf0279000-7f4cf027a000 r--s 0000f000 fc:00 17694934                   /home/brobz/.m2/repository/org/jogamp/jogl/jogl-all/2.3.2/jogl-all-2.3.2-natives-android-armv6.jar
7f4cf027a000-7f4cf027b000 r--s 0000f000 fc:00 17694936                   /home/brobz/.m2/repository/org/jogamp/jogl/jogl-all/2.3.2/jogl-all-2.3.2-natives-android-aarch64.jar
7f4cf027b000-7f4cf035a000 rw-p 00000000 00:00 0 
7f4cf035a000-7f4cf035d000 ---p 00000000 00:00 0 
7f4cf035d000-7f4cf045f000 rw-p 00000000 00:00 0 
7f4cf045f000-7f4cf0460000 r--s 00000000 fc:00 17694933                   /home/brobz/.m2/repository/org/jogamp/jogl/jogl-all-main/2.3.2/jogl-all-main-2.3.2.jar
7f4cf0460000-7f4cf0461000 r--s 0000a000 fc:00 13893877                   /usr/lib/jvm/java-8-openjdk-amd64/jre/lib/ext/jaccess.jar
7f4cf0461000-7f4cf0463000 r--s 00001000 fc:00 13893876                   /usr/lib/jvm/java-8-openjdk-amd64/jre/lib/ext/dnsns.jar
7f4cf0463000-7f4cf0466000 r--s 00038000 fc:00 13893873                   /usr/lib/jvm/java-8-openjdk-amd64/jre/lib/ext/sunpkcs11.jar
7f4cf0466000-7f4cf0469000 r--s 0000f000 fc:00 13893880                   /usr/lib/jvm/java-8-openjdk-amd64/jre/lib/ext/icedtea-sound.jar
7f4cf0469000-7f4cf046b000 r--s 00008000 fc:00 13893874                   /usr/lib/jvm/java-8-openjdk-amd64/jre/lib/ext/sunec.jar
7f4cf046b000-7f4cf046c000 r--s 00010000 fc:00 13893875                   /usr/lib/jvm/java-8-openjdk-amd64/jre/lib/ext/zipfs.jar
7f4cf046c000-7f4cf0474000 rw-s 00000000 fc:00 6422557                    /tmp/hsperfdata_brobz/5587
7f4cf0474000-7f4cf0475000 rw-p 00000000 00:00 0 
7f4cf0475000-7f4cf0476000 r--p 00000000 00:00 0 
7f4cf0476000-7f4cf0477000 rw-p 00000000 00:00 0 
7f4cf0477000-7f4cf0478000 r--p 00025000 fc:00 8257706                    /lib/x86_64-linux-gnu/ld-2.23.so
7f4cf0478000-7f4cf0479000 rw-p 00026000 fc:00 8257706                    /lib/x86_64-linux-gnu/ld-2.23.so
7f4cf0479000-7f4cf047a000 rw-p 00000000 00:00 0 
7ffde08a7000-7ffde08c9000 rw-p 00000000 00:00 0                          [stack]
7ffde09b1000-7ffde09b4000 r--p 00000000 00:00 0                          [vvar]
7ffde09b4000-7ffde09b6000 r-xp 00000000 00:00 0                          [vdso]
ffffffffff600000-ffffffffff601000 r-xp 00000000 00:00 0                  [vsyscall]

VM Arguments:
java_command: com.BitJunkies.RTS.src.Game
java_class_path (initial): /home/brobz/Desktop/rts/target/classes:/home/brobz/.m2/repository/org/jogamp/jogl/jogl-all-main/2.3.2/jogl-all-main-2.3.2.jar:/home/brobz/.m2/repository/org/jogamp/jogl/jogl-all/2.3.2/jogl-all-2.3.2.jar:/home/brobz/.m2/repository/org/jogamp/jogl/jogl-all/2.3.2/jogl-all-2.3.2-natives-android-aarch64.jar:/home/brobz/.m2/repository/org/jogamp/jogl/jogl-all/2.3.2/jogl-all-2.3.2-natives-android-armv6.jar:/home/brobz/.m2/repository/org/jogamp/jogl/jogl-all/2.3.2/jogl-all-2.3.2-natives-linux-amd64.jar:/home/brobz/.m2/repository/org/jogamp/jogl/jogl-all/2.3.2/jogl-all-2.3.2-natives-linux-armv6.jar:/home/brobz/.m2/repository/org/jogamp/jogl/jogl-all/2.3.2/jogl-all-2.3.2-natives-linux-armv6hf.jar:/home/brobz/.m2/repository/org/jogamp/jogl/jogl-all/2.3.2/jogl-all-2.3.2-natives-linux-i586.jar:/home/brobz/.m2/repository/org/jogamp/jogl/jogl-all/2.3.2/jogl-all-2.3.2-natives-macosx-universal.jar:/home/brobz/.m2/repository/org/jogamp/jogl/jogl-all/2.3.2/jogl-all-2.3.2-natives-solaris-amd64.jar:/home/brobz/.m2/repository/org/jogamp/jogl/jogl-all/2.3.2/jogl-all-2.3.2-natives-solaris-i586.jar:/home/brobz/.m2/repository/org/jogamp/jogl/jogl-all/2.3.2/jogl-all-2.3.2-natives-windows-amd64.jar:/home/brobz/.m2/repository/org/jogamp/jogl/jogl-all/2.3.2/jogl-all-2.3.2-natives-windows-i586.jar:/home/brobz/.m2/repository/com/esotericsoftware/kryonet/2.22.0-RC1/kryonet-2.22.0-RC1.jar:/home/brobz/.m2/repository/com/esotericsoftware/kryo/kryo/2.24.0/kryo-2.24.0.jar:/home/brobz/.m2/repository/com/esotericsoftware/minlog/minlog/1.2/minlog-1.2.jar:/home/brobz/.m2/repository/org/objenesis/objenesis/2.1/objenesis-2.1.jar:/home/brobz/.m2/repository/com/esotericsoftware/jsonbeans/0.7/jsonbeans-0.7.jar:/home/brobz/.m2/repository/org/jogamp/gluegen/gluegen-rt-main/2.3.2/gluegen-rt-main-2.3.2.jar:/home/brobz/.m2/repository/org/jogamp/gluegen/gluegen-rt/2.3.2/gluegen-rt-2.3.2.jar:/home/brobz/.m2/repository/org/jogamp/gluegen/gluegen-rt/2.3.2/gluegen-rt-2.3.2-natives-android-aarc
Launcher Type: SUN_STANDARD

Environment Variables:
JAVA_HOME=/usr/lib/jvm/java-8-openjdk-amd64
PATH=/usr/local/sbin:/usr/local/bin:/usr/sbin:/usr/bin:/sbin:/bin:/usr/games:/usr/local/games:/snap/bin
LD_LIBRARY_PATH=/usr/lib/jvm/java-8-openjdk-amd64/jre/lib/amd64:/usr/lib/jvm/java-8-openjdk-amd64/jre/lib/i386:
SHELL=/bin/bash
DISPLAY=:0.0

Signal Handlers:
SIGSEGV: [libjvm.so+0xa74ca0], sa_mask[0]=11111111011111111101111111111110, sa_flags=SA_RESTART|SA_SIGINFO
SIGBUS: [libjvm.so+0xa74ca0], sa_mask[0]=11111111011111111101111111111110, sa_flags=SA_RESTART|SA_SIGINFO
SIGFPE: [libjvm.so+0x8bbcf0], sa_mask[0]=11111111011111111101111111111110, sa_flags=SA_RESTART|SA_SIGINFO
SIGPIPE: [libjvm.so+0x8bbcf0], sa_mask[0]=11111111011111111101111111111110, sa_flags=SA_RESTART|SA_SIGINFO
SIGXFSZ: [libjvm.so+0x8bbcf0], sa_mask[0]=11111111011111111101111111111110, sa_flags=SA_RESTART|SA_SIGINFO
SIGILL: [libjvm.so+0x8bbcf0], sa_mask[0]=11111111011111111101111111111110, sa_flags=SA_RESTART|SA_SIGINFO
SIGUSR1: SIG_DFL, sa_mask[0]=00000000000000000000000000000000, sa_flags=none
SIGUSR2: [libjvm.so+0x8bbba0], sa_mask[0]=00100000000000000000000000000000, sa_flags=SA_RESTART|SA_SIGINFO
SIGHUP: [libjvm.so+0x8bc230], sa_mask[0]=11111111011111111101111111111110, sa_flags=SA_RESTART|SA_SIGINFO
SIGINT: SIG_IGN, sa_mask[0]=00000000000000000000000000000000, sa_flags=none
SIGTERM: [libjvm.so+0x8bc230], sa_mask[0]=11111111011111111101111111111110, sa_flags=SA_RESTART|SA_SIGINFO
SIGQUIT: [libjvm.so+0x8bc230], sa_mask[0]=11111111011111111101111111111110, sa_flags=SA_RESTART|SA_SIGINFO


---------------  S Y S T E M  ---------------

OS:DISTRIB_ID=Ubuntu
DISTRIB_RELEASE=16.04
DISTRIB_CODENAME=xenial
DISTRIB_DESCRIPTION="Ubuntu 16.04.6 LTS"

uname:Linux 4.4.0-146-generic #172-Ubuntu SMP Wed Apr 3 09:00:08 UTC 2019 x86_64
libc:glibc 2.23 NPTL 2.23 
rlimit: STACK 8192k, CORE 0k, NPROC 10815, NOFILE 1048576, AS infinity
load average:1.25 1.10 0.84

/proc/meminfo:
MemTotal:        2812364 kB
MemFree:         1099636 kB
MemAvailable:    1062520 kB
Buffers:            3968 kB
Cached:            78088 kB
SwapCached:           60 kB
Active:          1570872 kB
Inactive:          34596 kB
Active(anon):    1537344 kB
Inactive(anon):    12032 kB
Active(file):      33528 kB
Inactive(file):    22564 kB
Unevictable:          64 kB
Mlocked:              64 kB
SwapTotal:       2871292 kB
SwapFree:        2850952 kB
Dirty:                96 kB
Writeback:             0 kB
AnonPages:       1523776 kB
Mapped:            59272 kB
Shmem:             25624 kB
Slab:              54744 kB
SReclaimable:      26324 kB
SUnreclaim:        28420 kB
KernelStack:        5440 kB
PageTables:        17208 kB
NFS_Unstable:          0 kB
Bounce:                0 kB
WritebackTmp:          0 kB
CommitLimit:     4277472 kB
Committed_AS:    2940488 kB
VmallocTotal:   34359738367 kB
VmallocUsed:           0 kB
VmallocChunk:          0 kB
HardwareCorrupted:     0 kB
AnonHugePages:         0 kB
CmaTotal:              0 kB
CmaFree:               0 kB
HugePages_Total:       0
HugePages_Free:        0
HugePages_Rsvd:        0
HugePages_Surp:        0
Hugepagesize:       2048 kB
DirectMap4k:       97488 kB
DirectMap2M:     2777088 kB

container (cgroup) information:
container_type: cgroupv1
cpu_cpuset_cpus: 0-3
cpu_memory_nodes: 0
active_processor_count: 4
cpu_quota: -1
cpu_period: 100000
cpu_shares: -1
memory_limit_in_bytes: -1
memory_and_swap_limit_in_bytes: -2
memory_soft_limit_in_bytes: -1
memory_usage_in_bytes: 1644474368
memory_max_usage_in_bytes: 0


CPU:total 4 (initial active 4) (2 cores per cpu, 2 threads per core) family 6 model 37 stepping 5, cmov, cx8, fxsr, mmx, sse, sse2, sse3, ssse3, sse4.1, sse4.2, popcnt, ht, tsc, tscinvbit

/proc/cpuinfo:
processor	: 0
vendor_id	: GenuineIntel
cpu family	: 6
model		: 37
model name	: Intel(R) Core(TM) i3 CPU       M 380  @ 2.53GHz
stepping	: 5
microcode	: 0x7
cpu MHz		: 2533.000
cache size	: 3072 KB
physical id	: 0
siblings	: 4
core id		: 0
cpu cores	: 2
apicid		: 0
initial apicid	: 0
fpu		: yes
fpu_exception	: yes
cpuid level	: 11
wp		: yes
flags		: fpu vme de pse tsc msr pae mce cx8 apic sep mtrr pge mca cmov pat pse36 clflush dts acpi mmx fxsr sse sse2 ss ht tm pbe syscall nx rdtscp lm constant_tsc arch_perfmon pebs bts rep_good nopl xtopology nonstop_tsc aperfmperf pni dtes64 monitor ds_cpl vmx est tm2 ssse3 cx16 xtpr pdcm pcid sse4_1 sse4_2 popcnt lahf_lm ssbd ibrs ibpb stibp kaiser tpr_shadow vnmi flexpriority ept vpid dtherm arat flush_l1d
bugs		: cpu_meltdown spectre_v1 spectre_v2 spec_store_bypass l1tf
bogomips	: 5054.36
clflush size	: 64
cache_alignment	: 64
address sizes	: 36 bits physical, 48 bits virtual
power management:

processor	: 1
vendor_id	: GenuineIntel
cpu family	: 6
model		: 37
model name	: Intel(R) Core(TM) i3 CPU       M 380  @ 2.53GHz
stepping	: 5
microcode	: 0x7
cpu MHz		: 2533.000
cache size	: 3072 KB
physical id	: 0
siblings	: 4
core id		: 0
cpu cores	: 2
apicid		: 1
initial apicid	: 1
fpu		: yes
fpu_exception	: yes
cpuid level	: 11
wp		: yes
flags		: fpu vme de pse tsc msr pae mce cx8 apic sep mtrr pge mca cmov pat pse36 clflush dts acpi mmx fxsr sse sse2 ss ht tm pbe syscall nx rdtscp lm constant_tsc arch_perfmon pebs bts rep_good nopl xtopology nonstop_tsc aperfmperf pni dtes64 monitor ds_cpl vmx est tm2 ssse3 cx16 xtpr pdcm pcid sse4_1 sse4_2 popcnt lahf_lm ssbd ibrs ibpb stibp kaiser tpr_shadow vnmi flexpriority ept vpid dtherm arat flush_l1d
bugs		: cpu_meltdown spectre_v1 spectre_v2 spec_store_bypass l1tf
bogomips	: 5054.36
clflush size	: 64
cache_alignment	: 64
address sizes	: 36 bits physical, 48 bits virtual
power management:

processor	: 2
vendor_id	: GenuineIntel
cpu family	: 6
model		: 37
model name	: Intel(R) Core(TM) i3 CPU       M 380  @ 2.53GHz
stepping	: 5
microcode	: 0x7
cpu MHz		: 2533.000
cache size	: 3072 KB
physical id	: 0
siblings	: 4
core id		: 2
cpu cores	: 2
apicid		: 4
initial apicid	: 4
fpu		: yes
fpu_exception	: yes
cpuid level	: 11
wp		: yes
flags		: fpu vme de pse tsc msr pae mce cx8 apic sep mtrr pge mca cmov pat pse36 clflush dts acpi mmx fxsr sse sse2 ss ht tm pbe syscall nx rdtscp lm constant_tsc arch_perfmon pebs bts rep_good nopl xtopology nonstop_tsc aperfmperf pni dtes64 monitor ds_cpl vmx est tm2 ssse3 cx16 xtpr pdcm pcid sse4_1 sse4_2 popcnt lahf_lm ssbd ibrs ibpb stibp kaiser tpr_shadow vnmi flexpriority ept vpid dtherm arat flush_l1d
bugs		: cpu_meltdown spectre_v1 spectre_v2 spec_store_bypass l1tf
bogomips	: 5054.36
clflush size	: 64
cache_alignment	: 64
address sizes	: 36 bits physical, 48 bits virtual
power management:

processor	: 3
vendor_id	: GenuineIntel
cpu family	: 6
model		: 37
model name	: Intel(R) Core(TM) i3 CPU       M 380  @ 2.53GHz
stepping	: 5
microcode	: 0x7
cpu MHz		: 933.000
cache size	: 3072 KB
physical id	: 0
siblings	: 4
core id		: 2
cpu cores	: 2
apicid		: 5
initial apicid	: 5
fpu		: yes
fpu_exception	: yes
cpuid level	: 11
wp		: yes
flags		: fpu vme de pse tsc msr pae mce cx8 apic sep mtrr pge mca cmov pat pse36 clflush dts acpi mmx fxsr sse sse2 ss ht tm pbe syscall nx rdtscp lm constant_tsc arch_perfmon pebs bts rep_good nopl xtopology nonstop_tsc aperfmperf pni dtes64 monitor ds_cpl vmx est tm2 ssse3 cx16 xtpr pdcm pcid sse4_1 sse4_2 popcnt lahf_lm ssbd ibrs ibpb stibp kaiser tpr_shadow vnmi flexpriority ept vpid dtherm arat flush_l1d
bugs		: cpu_meltdown spectre_v1 spectre_v2 spec_store_bypass l1tf
bogomips	: 5054.36
clflush size	: 64
cache_alignment	: 64
address sizes	: 36 bits physical, 48 bits virtual
power management:



Memory: 4k page, physical 2812364k(1099636k free), swap 2871292k(2850952k free)

vm_info: OpenJDK 64-Bit Server VM (25.191-b12) for linux-amd64 JRE (1.8.0_191-8u191-b12-2ubuntu0.16.04.1-b12), built on Jan 14 2019 21:59:52 by "buildd" with gcc 5.4.0 20160609

time: Thu May  2 00:19:28 2019
elapsed time: 318 seconds (0d 0h 5m 18s)

