#
# A fatal error has been detected by the Java Runtime Environment:
#
#  SIGSEGV (0xb) at pc=0x00007f78a41ce360, pid=2932, tid=0x00007f784bbf4700
#
# JRE version: OpenJDK Runtime Environment (8.0_191-b12) (build 1.8.0_191-8u191-b12-2ubuntu0.16.04.1-b12)
# Java VM: OpenJDK 64-Bit Server VM (25.191-b12 mixed mode linux-amd64 compressed oops)
# Problematic frame:
# C  [libxcb.so.1+0xa360]  xcb_writev+0x0
#
# Failed to write core dump. Core dumps have been disabled. To enable core dumping, try "ulimit -c unlimited" before starting Java again
#
# If you would like to submit a bug report, please visit:
#   http://bugreport.java.com/bugreport/crash.jsp
# The crash happened outside the Java Virtual Machine in native code.
# See problematic frame for where to report the bug.
#

---------------  T H R E A D  ---------------

Current thread (0x00007f78bc8a2000):  JavaThread "main-Display-.x11_:0.0-1-EDT-1" daemon [_thread_in_native, id=2962, stack(0x00007f784baf4000,0x00007f784bbf5000)]

siginfo: si_signo: 11 (SIGSEGV), si_code: 1 (SEGV_MAPERR), si_addr: 0x0000000000000000

Registers:
RAX=0x00007f78a4d3f6e4, RBX=0x0000000000000000, RCX=0x0000000000000003, RDX=0x0000000000000003
RSP=0x00007f784bbf27c8, RBP=0x0000000000000000, RSI=0x00007f784bbf27e0, RDI=0x0000000000000000
R8 =0x00007f7899dd2ff0, R9 =0x0000000000000009, R10=0x0000000000000008, R11=0x00007f78acf05c58
R12=0x00007f784bbf27e0, R13=0x00007f7899dbc518, R14=0x00007f78440019a0, R15=0x0000000000000000
RIP=0x00007f78a41ce360, EFLAGS=0x0000000000010246, CSGSFS=0xf3a2000000000033, ERR=0x0000000000000004
  TRAPNO=0x000000000000000e

Top of Stack: (sp=0x00007f784bbf27c8)
0x00007f784bbf27c8:   00007f78a4a4354e 0000000000000000
0x00007f784bbf27d8:   0000000000000003 00007f7844007ea0
0x00007f784bbf27e8:   0000000000000014 0000000000000000
0x00007f784bbf27f8:   0000000000000000 00007f78a4d3f6e4
0x00007f784bbf2808:   0000000000000000 0000000002bc04b0
0x00007f784bbf2818:   f3a2b8f04b7f6400 00200074006e006f
0x00007f784bbf2828:   00007f78440019a0 0000000000000001
0x00007f784bbf2838:   0000000000000000 00007f7899dbc518
0x00007f784bbf2848:   00007f784bbf2ac8 0000000000000000
0x00007f784bbf2858:   00007f78a4a43a42 0100000044960000
0x00007f784bbf2868:   00007f784bbf28d0 0000000000000000
0x00007f784bbf2878:   0000000100000000 0000000000000000
0x00007f784bbf2888:   f3a2b8f04b7f6400 00007f7844022a00
0x00007f784bbf2898:   00007f78440019a0 0000000000000001
0x00007f784bbf28a8:   0000000000000000 00007f7899dbc518
0x00007f784bbf28b8:   00007f784bbf2ac8 00007f78bc8a2000
0x00007f784bbf28c8:   00007f78a4a3f52d 00007f784bbf29f0
0x00007f784bbf28d8:   00007f7899dbc518 00007f78440019a0
0x00007f784bbf28e8:   0000000002800001 0000000000000000
0x00007f784bbf28f8:   f3a2b8f04b7f6400 00007f784bbf29f0
0x00007f784bbf2908:   00007f7899dbc518 00007f784bbf29f0
0x00007f784bbf2918:   00007f789005381d 0000000000000004
0x00007f784bbf2928:   0000005900000093 00007f7844022a00
0x00007f784bbf2938:   00007f78440019a0 00007f784bbf2ac8
0x00007f784bbf2948:   00007f78bc8a21e0 0000001800000001
0x00007f784bbf2958:   000002bc000004b0 0000001800000000
0x00007f784bbf2968:   00007f784400c168 00000000000000b0
0x00007f784bbf2978:   0000000000000001 0000000000000001
0x00007f784bbf2988:   0000000000000000 0000000000000000
0x00007f784bbf2998:   0000000000000000 0000000002800001
0x00007f784bbf29a8:   0000000200000001 0000000000ea807f
0x00007f784bbf29b8:   00000000002a807f 000000000000200c 

Instructions: (pc=0x00007f78a41ce360)
0x00007f78a41ce340:   e8 9b 11 00 00 48 83 c4 10 89 d8 5b 5d 41 5c 41
0x00007f78a41ce350:   5d 41 5e c3 66 90 66 2e 0f 1f 84 00 00 00 00 00
0x00007f78a41ce360:   8b 07 85 c0 74 0a 31 c0 c3 0f 1f 80 00 00 00 00
0x00007f78a41ce370:   41 56 4c 8d 77 18 41 55 41 54 55 49 89 cd 53 48 

Register to memory mapping:

RAX=0x00007f78a4d3f6e4: <offset 0x3396e4> in /usr/lib/x86_64-linux-gnu/libX11.so.6 at 0x00007f78a4a06000
RBX=0x0000000000000000 is an unknown value
RCX=0x0000000000000003 is an unknown value
RDX=0x0000000000000003 is an unknown value
RSP=0x00007f784bbf27c8 is pointing into the stack for thread: 0x00007f78bc8a2000
RBP=0x0000000000000000 is an unknown value
RSI=0x00007f784bbf27e0 is pointing into the stack for thread: 0x00007f78bc8a2000
RDI=0x0000000000000000 is an unknown value
R8 ={method} {0x00007f7899dd2ff0} 'windowDestroyNotify' '(Z)Z' in 'jogamp/newt/WindowImpl'
R9 =0x0000000000000009 is an unknown value
R10=0x0000000000000008 is an unknown value
R11=0x00007f78acf05c58 is at entry_point+24 in (nmethod*)0x00007f78acf05ad0
R12=0x00007f784bbf27e0 is pointing into the stack for thread: 0x00007f78bc8a2000
R13={method} {0x00007f7899dbc518} 'CloseWindow0' '(JJII)V' in 'jogamp/newt/driver/x11/WindowDriver'
R14=0x00007f78440019a0 is an unknown value
R15=0x0000000000000000 is an unknown value


Stack: [0x00007f784baf4000,0x00007f784bbf5000],  sp=0x00007f784bbf27c8,  free space=1017k
Native frames: (J=compiled Java code, j=interpreted, Vv=VM code, C=native code)
C  [libxcb.so.1+0xa360]  xcb_writev+0x0

Java frames: (J=compiled Java code, j=interpreted, Vv=VM code)
j  jogamp.newt.driver.x11.WindowDriver.CloseWindow0(JJII)V+0
j  jogamp.newt.driver.x11.WindowDriver.closeNativeImpl()V+58
j  jogamp.newt.WindowImpl$1.run()V+311
j  jogamp.newt.DisplayImpl.runOnEDTIfAvail(ZLjava/lang/Runnable;)V+172
j  jogamp.newt.WindowImpl.runOnEDTIfAvail(ZLjava/lang/Runnable;)V+36
j  jogamp.newt.WindowImpl.destroy()V+16
j  com.jogamp.newt.opengl.GLWindow.destroy()V+4
j  jogamp.opengl.GLAutoDrawableBase.destroyAvoidAwareOfLocking()V+71
j  jogamp.opengl.GLAutoDrawableBase.defaultWindowDestroyNotifyOp()V+43
j  com.jogamp.newt.opengl.GLWindow.access$000(Lcom/jogamp/newt/opengl/GLWindow;)V+1
j  com.jogamp.newt.opengl.GLWindow$1.run()V+4
j  jogamp.newt.WindowImpl.windowDestroyNotify(Z)Z+147
v  ~StubRoutines::call_stub
j  jogamp.newt.driver.x11.DisplayDriver.DispatchMessages0(JJJII)V+0
j  jogamp.newt.driver.x11.DisplayDriver.dispatchMessagesNative()V+42
j  jogamp.newt.DisplayImpl.dispatchMessages()V+121
j  jogamp.newt.DisplayImpl$7.run()V+4
j  jogamp.newt.DefaultEDTUtil$NEDT.run()V+67
v  ~StubRoutines::call_stub

---------------  P R O C E S S  ---------------

Java Threads: ( => current thread )
  0x00007f78bc00c800 JavaThread "DestroyJavaVM" [_thread_blocked, id=2936, stack(0x00007f78c34ac000,0x00007f78c35ad000)]
  0x00007f78bc478000 JavaThread "GameLoop" [_thread_blocked, id=2968, stack(0x00007f789a424000,0x00007f789a525000)]
  0x00007f7845ccc800 JavaThread "Thread-3" daemon [_thread_in_native, id=2963, stack(0x00007f789a323000,0x00007f789a424000)]
=>0x00007f78bc8a2000 JavaThread "main-Display-.x11_:0.0-1-EDT-1" daemon [_thread_in_native, id=2962, stack(0x00007f784baf4000,0x00007f784bbf5000)]
  0x00007f78bc672800 JavaThread "main-SharedResourceRunner" daemon [_thread_blocked, id=2961, stack(0x00007f7891882000,0x00007f7891983000)]
  0x00007f78bc563800 JavaThread "main-SharedResourceRunner" daemon [_thread_blocked, id=2960, stack(0x00007f7893eff000,0x00007f7894000000)]
  0x00007f78bc45e800 JavaThread "AWT-XAWT" daemon [_thread_in_native, id=2957, stack(0x00007f78a40c3000,0x00007f78a41c4000)]
  0x00007f78bc436000 JavaThread "Java2D Disposer" daemon [_thread_blocked, id=2956, stack(0x00007f78a5695000,0x00007f78a5796000)]
  0x00007f78bc3a7000 JavaThread "process reaper" daemon [_thread_blocked, id=2952, stack(0x00007f78a5bc1000,0x00007f78a5bfa000)]
  0x00007f78bc0ca800 JavaThread "Service Thread" daemon [_thread_blocked, id=2948, stack(0x00007f78a5d7e000,0x00007f78a5e7f000)]
  0x00007f78bc0bf800 JavaThread "C1 CompilerThread2" daemon [_thread_blocked, id=2947, stack(0x00007f78a5e7f000,0x00007f78a5f80000)]
  0x00007f78bc0bd800 JavaThread "C2 CompilerThread1" daemon [_thread_blocked, id=2946, stack(0x00007f78a5f80000,0x00007f78a6081000)]
  0x00007f78bc0ba800 JavaThread "C2 CompilerThread0" daemon [_thread_blocked, id=2945, stack(0x00007f78a6081000,0x00007f78a6182000)]
  0x00007f78bc0b9000 JavaThread "Signal Dispatcher" daemon [_thread_blocked, id=2944, stack(0x00007f78a6182000,0x00007f78a6283000)]
  0x00007f78bc086000 JavaThread "Finalizer" daemon [_thread_blocked, id=2943, stack(0x00007f78a668c000,0x00007f78a678d000)]
  0x00007f78bc083800 JavaThread "Reference Handler" daemon [_thread_blocked, id=2942, stack(0x00007f78a678d000,0x00007f78a688e000)]

Other Threads:
  0x00007f78bc079800 VMThread [stack: 0x00007f78a688e000,0x00007f78a698f000] [id=2941]
  0x00007f78bc0cd000 WatcherThread [stack: 0x00007f78a5c7d000,0x00007f78a5d7e000] [id=2949]

VM state:not at safepoint (normal execution)

VM Mutex/Monitor currently owned by a thread: None

Heap:
 PSYoungGen      total 53248K, used 33753K [0x00000000f1b00000, 0x00000000f6280000, 0x0000000100000000)
  eden space 45056K, 56% used [0x00000000f1b00000,0x00000000f33fc930,0x00000000f4700000)
  from space 8192K, 99% used [0x00000000f4700000,0x00000000f4ef9cc0,0x00000000f4f00000)
  to   space 12800K, 0% used [0x00000000f5600000,0x00000000f5600000,0x00000000f6280000)
 ParOldGen       total 224256K, used 136468K [0x00000000d5000000, 0x00000000e2b00000, 0x00000000f1b00000)
  object space 224256K, 60% used [0x00000000d5000000,0x00000000dd5450a0,0x00000000e2b00000)
 Metaspace       used 17528K, capacity 17714K, committed 18048K, reserved 1064960K
  class space    used 1764K, capacity 1832K, committed 1920K, reserved 1048576K

Card table byte_map: [0x00007f78ac8de000,0x00007f78aca37000] byte_map_base: 0x00007f78ac236000

Marking Bits: (ParMarkBitMap*) 0x00007f78c2773520
 Begin Bits: [0x00007f789af5a000, 0x00007f789ba1a000)
 End Bits:   [0x00007f789ba1a000, 0x00007f789c4da000)

Polling page: 0x00007f78c35c7000

CodeCache: size=245760Kb used=4264Kb max_used=4265Kb free=241495Kb
 bounds [0x00007f78acdf7000, 0x00007f78ad227000, 0x00007f78bbdf7000]
 total_blobs=2027 nmethods=1081 adapters=862
 compilation: enabled

Compilation events (10 events):
Event: 10.897 Thread 0x00007f78bc0bf800 1079       3       com.jogamp.newt.event.NEWTEvent::isConsumed (16 bytes)
Event: 10.897 Thread 0x00007f78bc0bf800 nmethod 1079 0x00007f78ad223b10 code [0x00007f78ad223c80, 0x00007f78ad223e30]
Event: 10.897 Thread 0x00007f78bc0bf800 1071  s    3       jogamp.common.util.SyncedBitfield::get (11 bytes)
Event: 10.898 Thread 0x00007f78bc0bf800 nmethod 1071 0x00007f78ad223510 code [0x00007f78ad223680, 0x00007f78ad223a08]
Event: 10.898 Thread 0x00007f78bc0bf800 1072       3       jogamp.common.util.Int32Bitfield::get (24 bytes)
Event: 10.898 Thread 0x00007f78bc0bf800 nmethod 1072 0x00007f78ad223110 code [0x00007f78ad223280, 0x00007f78ad223488]
Event: 10.898 Thread 0x00007f78bc0bf800 1074       1       com.jogamp.nativewindow.util.Point::getX (5 bytes)
Event: 10.898 Thread 0x00007f78bc0bf800 nmethod 1074 0x00007f78ad222e50 code [0x00007f78ad222fa0, 0x00007f78ad2230b0]
Event: 10.898 Thread 0x00007f78bc0bf800 1073       1       com.jogamp.newt.event.MouseEvent$PointerType::getPointerClass (5 bytes)
Event: 10.898 Thread 0x00007f78bc0bf800 nmethod 1073 0x00007f78ad222b90 code [0x00007f78ad222ce0, 0x00007f78ad222df0]

GC Heap History (10 events):
Event: 4.375 GC heap before
{Heap before GC invocations=20 (full 5):
 PSYoungGen      total 47616K, used 37888K [0x00000000f1b00000, 0x00000000f5300000, 0x0000000100000000)
  eden space 37888K, 100% used [0x00000000f1b00000,0x00000000f4000000,0x00000000f4000000)
  from space 9728K, 0% used [0x00000000f4980000,0x00000000f4980000,0x00000000f5300000)
  to   space 9728K, 0% used [0x00000000f4000000,0x00000000f4000000,0x00000000f4980000)
 ParOldGen       total 224256K, used 129044K [0x00000000d5000000, 0x00000000e2b00000, 0x00000000f1b00000)
  object space 224256K, 57% used [0x00000000d5000000,0x00000000dce05398,0x00000000e2b00000)
 Metaspace       used 14779K, capacity 14986K, committed 15104K, reserved 1062912K
  class space    used 1401K, capacity 1478K, committed 1536K, reserved 1048576K
Event: 4.377 GC heap after
Heap after GC invocations=20 (full 5):
 PSYoungGen      total 47616K, used 0K [0x00000000f1b00000, 0x00000000f5580000, 0x0000000100000000)
  eden space 37888K, 0% used [0x00000000f1b00000,0x00000000f1b00000,0x00000000f4000000)
  from space 9728K, 0% used [0x00000000f4000000,0x00000000f4000000,0x00000000f4980000)
  to   space 9216K, 0% used [0x00000000f4c80000,0x00000000f4c80000,0x00000000f5580000)
 ParOldGen       total 224256K, used 129044K [0x00000000d5000000, 0x00000000e2b00000, 0x00000000f1b00000)
  object space 224256K, 57% used [0x00000000d5000000,0x00000000dce05398,0x00000000e2b00000)
 Metaspace       used 14779K, capacity 14986K, committed 15104K, reserved 1062912K
  class space    used 1401K, capacity 1478K, committed 1536K, reserved 1048576K
}
Event: 4.447 GC heap before
{Heap before GC invocations=21 (full 5):
 PSYoungGen      total 47616K, used 37888K [0x00000000f1b00000, 0x00000000f5580000, 0x0000000100000000)
  eden space 37888K, 100% used [0x00000000f1b00000,0x00000000f4000000,0x00000000f4000000)
  from space 9728K, 0% used [0x00000000f4000000,0x00000000f4000000,0x00000000f4980000)
  to   space 9216K, 0% used [0x00000000f4c80000,0x00000000f4c80000,0x00000000f5580000)
 ParOldGen       total 224256K, used 129044K [0x00000000d5000000, 0x00000000e2b00000, 0x00000000f1b00000)
  object space 224256K, 57% used [0x00000000d5000000,0x00000000dce05398,0x00000000e2b00000)
 Metaspace       used 14779K, capacity 14986K, committed 15104K, reserved 1062912K
  class space    used 1401K, capacity 1478K, committed 1536K, reserved 1048576K
Event: 4.453 GC heap after
Heap after GC invocations=21 (full 5):
 PSYoungGen      total 51200K, used 0K [0x00000000f1b00000, 0x00000000f5600000, 0x0000000100000000)
  eden space 41984K, 0% used [0x00000000f1b00000,0x00000000f1b00000,0x00000000f4400000)
  from space 9216K, 0% used [0x00000000f4c80000,0x00000000f4c80000,0x00000000f5580000)
  to   space 8704K, 0% used [0x00000000f4400000,0x00000000f4400000,0x00000000f4c80000)
 ParOldGen       total 224256K, used 129044K [0x00000000d5000000, 0x00000000e2b00000, 0x00000000f1b00000)
  object space 224256K, 57% used [0x00000000d5000000,0x00000000dce05398,0x00000000e2b00000)
 Metaspace       used 14779K, capacity 14986K, committed 15104K, reserved 1062912K
  class space    used 1401K, capacity 1478K, committed 1536K, reserved 1048576K
}
Event: 4.535 GC heap before
{Heap before GC invocations=22 (full 5):
 PSYoungGen      total 51200K, used 41984K [0x00000000f1b00000, 0x00000000f5600000, 0x0000000100000000)
  eden space 41984K, 100% used [0x00000000f1b00000,0x00000000f4400000,0x00000000f4400000)
  from space 9216K, 0% used [0x00000000f4c80000,0x00000000f4c80000,0x00000000f5580000)
  to   space 8704K, 0% used [0x00000000f4400000,0x00000000f4400000,0x00000000f4c80000)
 ParOldGen       total 224256K, used 129044K [0x00000000d5000000, 0x00000000e2b00000, 0x00000000f1b00000)
  object space 224256K, 57% used [0x00000000d5000000,0x00000000dce05398,0x00000000e2b00000)
 Metaspace       used 14779K, capacity 14986K, committed 15104K, reserved 1062912K
  class space    used 1401K, capacity 1478K, committed 1536K, reserved 1048576K
Event: 4.537 GC heap after
Heap after GC invocations=22 (full 5):
 PSYoungGen      total 50688K, used 0K [0x00000000f1b00000, 0x00000000f5780000, 0x0000000100000000)
  eden space 41984K, 0% used [0x00000000f1b00000,0x00000000f1b00000,0x00000000f4400000)
  from space 8704K, 0% used [0x00000000f4400000,0x00000000f4400000,0x00000000f4c80000)
  to   space 8192K, 0% used [0x00000000f4f80000,0x00000000f4f80000,0x00000000f5780000)
 ParOldGen       total 224256K, used 129044K [0x00000000d5000000, 0x00000000e2b00000, 0x00000000f1b00000)
  object space 224256K, 57% used [0x00000000d5000000,0x00000000dce05398,0x00000000e2b00000)
 Metaspace       used 14779K, capacity 14986K, committed 15104K, reserved 1062912K
  class space    used 1401K, capacity 1478K, committed 1536K, reserved 1048576K
}
Event: 4.614 GC heap before
{Heap before GC invocations=23 (full 5):
 PSYoungGen      total 50688K, used 41984K [0x00000000f1b00000, 0x00000000f5780000, 0x0000000100000000)
  eden space 41984K, 100% used [0x00000000f1b00000,0x00000000f4400000,0x00000000f4400000)
  from space 8704K, 0% used [0x00000000f4400000,0x00000000f4400000,0x00000000f4c80000)
  to   space 8192K, 0% used [0x00000000f4f80000,0x00000000f4f80000,0x00000000f5780000)
 ParOldGen       total 224256K, used 129044K [0x00000000d5000000, 0x00000000e2b00000, 0x00000000f1b00000)
  object space 224256K, 57% used [0x00000000d5000000,0x00000000dce05398,0x00000000e2b00000)
 Metaspace       used 14779K, capacity 14986K, committed 15104K, reserved 1062912K
  class space    used 1401K, capacity 1478K, committed 1536K, reserved 1048576K
Event: 4.616 GC heap after
Heap after GC invocations=23 (full 5):
 PSYoungGen      total 52736K, used 0K [0x00000000f1b00000, 0x00000000f5700000, 0x0000000100000000)
  eden space 45056K, 0% used [0x00000000f1b00000,0x00000000f1b00000,0x00000000f4700000)
  from space 7680K, 0% used [0x00000000f4f80000,0x00000000f4f80000,0x00000000f5700000)
  to   space 8192K, 0% used [0x00000000f4700000,0x00000000f4700000,0x00000000f4f00000)
 ParOldGen       total 224256K, used 129044K [0x00000000d5000000, 0x00000000e2b00000, 0x00000000f1b00000)
  object space 224256K, 57% used [0x00000000d5000000,0x00000000dce05398,0x00000000e2b00000)
 Metaspace       used 14779K, capacity 14986K, committed 15104K, reserved 1062912K
  class space    used 1401K, capacity 1478K, committed 1536K, reserved 1048576K
}
Event: 10.076 GC heap before
{Heap before GC invocations=24 (full 5):
 PSYoungGen      total 52736K, used 45056K [0x00000000f1b00000, 0x00000000f5700000, 0x0000000100000000)
  eden space 45056K, 100% used [0x00000000f1b00000,0x00000000f4700000,0x00000000f4700000)
  from space 7680K, 0% used [0x00000000f4f80000,0x00000000f4f80000,0x00000000f5700000)
  to   space 8192K, 0% used [0x00000000f4700000,0x00000000f4700000,0x00000000f4f00000)
 ParOldGen       total 224256K, used 129044K [0x00000000d5000000, 0x00000000e2b00000, 0x00000000f1b00000)
  object space 224256K, 57% used [0x00000000d5000000,0x00000000dce05398,0x00000000e2b00000)
 Metaspace       used 16747K, capacity 16940K, committed 17152K, reserved 1064960K
  class space    used 1690K, capacity 1767K, committed 1792K, reserved 1048576K
Event: 10.091 GC heap after
Heap after GC invocations=24 (full 5):
 PSYoungGen      total 53248K, used 8167K [0x00000000f1b00000, 0x00000000f6280000, 0x0000000100000000)
  eden space 45056K, 0% used [0x00000000f1b00000,0x00000000f1b00000,0x00000000f4700000)
  from space 8192K, 99% used [0x00000000f4700000,0x00000000f4ef9cc0,0x00000000f4f00000)
  to   space 12800K, 0% used [0x00000000f5600000,0x00000000f5600000,0x00000000f6280000)
 ParOldGen       total 224256K, used 136468K [0x00000000d5000000, 0x00000000e2b00000, 0x00000000f1b00000)
  object space 224256K, 60% used [0x00000000d5000000,0x00000000dd5450a0,0x00000000e2b00000)
 Metaspace       used 16747K, capacity 16940K, committed 17152K, reserved 1064960K
  class space    used 1690K, capacity 1767K, committed 1792K, reserved 1048576K
}

Deoptimization events (10 events):
Event: 0.473 Thread 0x00007f78bc00c800 Uncommon trap: reason=unstable_if action=reinterpret pc=0x00007f78acf9afd8 method=java.lang.String.replace(CC)Ljava/lang/String; @ 26
Event: 2.142 Thread 0x00007f78bc8a2000 Uncommon trap: reason=unstable_if action=reinterpret pc=0x00007f78ad126d8c method=sun.awt.image.ByteInterleavedRaster.putByteData(IIII[B)V @ 395
Event: 2.274 Thread 0x00007f78bc8a2000 Uncommon trap: reason=unstable_if action=reinterpret pc=0x00007f78ad15ec20 method=java.awt.image.ComponentColorModel.getDataElements(ILjava/lang/Object;)Ljava/lang/Object; @ 2993
Event: 2.275 Thread 0x00007f78bc8a2000 Uncommon trap: reason=unstable_if action=reinterpret pc=0x00007f78ad13ea28 method=sun.awt.image.ByteInterleavedRaster.getDataElements(IILjava/lang/Object;)Ljava/lang/Object; @ 43
Event: 2.281 Thread 0x00007f78bc8a2000 Uncommon trap: reason=unstable_if action=reinterpret pc=0x00007f78ad15c92c method=sun.java2d.loops.OpaqueCopyAnyToArgb.Blit(Lsun/java2d/SurfaceData;Lsun/java2d/SurfaceData;Ljava/awt/Composite;Lsun/java2d/pipe/Region;IIIIII)V @ 150
Event: 2.324 Thread 0x00007f78bc8a2000 Uncommon trap: reason=unstable_if action=reinterpret pc=0x00007f78ad161b8c method=sun.java2d.loops.OpaqueCopyArgbToAny.Blit(Lsun/java2d/SurfaceData;Lsun/java2d/SurfaceData;Ljava/awt/Composite;Lsun/java2d/pipe/Region;IIIIII)V @ 159
Event: 3.562 Thread 0x00007f78bc8a2000 Uncommon trap: reason=unstable_if action=reinterpret pc=0x00007f78ad180254 method=java.io.BufferedInputStream.read1([BII)I @ 22
Event: 3.563 Thread 0x00007f78bc8a2000 Uncommon trap: reason=unstable_if action=reinterpret pc=0x00007f78ad17ef18 method=java.io.BufferedInputStream.read1([BII)I @ 22
Event: 10.824 Thread 0x00007f78bc8a2000 Uncommon trap: reason=unstable_if action=reinterpret pc=0x00007f78acf602a0 method=java.lang.CharacterData.of(I)Ljava/lang/CharacterData; @ 4
Event: 10.889 Thread 0x00007f78bc478000 Uncommon trap: reason=unstable_if action=reinterpret pc=0x00007f78ad220960 method=com.BitJunkies.RTS.src.Game$1.run()V @ 49

Classes redefined (0 events):
No events

Internal exceptions (10 events):
Event: 0.350 Thread 0x00007f78bc00c800 Exception <a 'java/security/PrivilegedActionException'> (0x00000000f1dfbf78) thrown at [/build/openjdk-8-6jqSe7/openjdk-8-8u191-b12/src/hotspot/src/share/vm/prims/jvm.cpp, line 1429]
Event: 0.433 Thread 0x00007f78bc00c800 Exception <a 'java/lang/NoSuchFieldError': method resolution failed> (0x00000000f1f685e0) thrown at [/build/openjdk-8-6jqSe7/openjdk-8-8u191-b12/src/hotspot/src/share/vm/prims/methodHandles.cpp, line 1167]
Event: 0.437 Thread 0x00007f78bc00c800 Exception <a 'java/lang/NoSuchFieldError': method resolution failed> (0x00000000f1f75e90) thrown at [/build/openjdk-8-6jqSe7/openjdk-8-8u191-b12/src/hotspot/src/share/vm/prims/methodHandles.cpp, line 1167]
Event: 0.614 Thread 0x00007f78bc00c800 Exception <a 'java/io/FileNotFoundException'> (0x00000000f2268a90) thrown at [/build/openjdk-8-6jqSe7/openjdk-8-8u191-b12/src/hotspot/src/share/vm/prims/jni.cpp, line 709]
Event: 0.614 Thread 0x00007f78bc00c800 Exception <a 'java/io/FileNotFoundException'> (0x00000000f2269478) thrown at [/build/openjdk-8-6jqSe7/openjdk-8-8u191-b12/src/hotspot/src/share/vm/prims/jni.cpp, line 709]
Event: 0.630 Thread 0x00007f78bc00c800 Exception <a 'java/lang/ClassNotFoundException': sun/dc/DuctusRenderingEngine> (0x00000000f2273a88) thrown at [/build/openjdk-8-6jqSe7/openjdk-8-8u191-b12/src/hotspot/src/share/vm/classfile/systemDictionary.cpp, line 210]
Event: 2.274 Thread 0x00007f78bc8a2000 Implicit null exception at 0x00007f78ad15e586 to 0x00007f78ad15ec05
Event: 2.275 Thread 0x00007f78bc8a2000 Implicit null exception at 0x00007f78ad13e7a3 to 0x00007f78ad13ea0d
Event: 4.937 Thread 0x00007f78bc8a2000 Exception <a 'java/lang/ArrayIndexOutOfBoundsException': 18> (0x00000000f377f4e8) thrown at [/build/openjdk-8-6jqSe7/openjdk-8-8u191-b12/src/hotspot/src/share/vm/interpreter/interpreterRuntime.cpp, line 366]
Event: 4.963 Thread 0x00007f78bc8a2000 Exception <a 'java/lang/ArrayIndexOutOfBoundsException': 139> (0x00000000f3881700) thrown at [/build/openjdk-8-6jqSe7/openjdk-8-8u191-b12/src/hotspot/src/share/vm/interpreter/interpreterRuntime.cpp, line 366]

Events (10 events):
Event: 10.855 Thread 0x00007f78bc478000 Thread added: 0x00007f78bc478000
Event: 10.855 Thread 0x00007f78bc00c800 Thread exited: 0x00007f78bc00c800
Event: 10.855 Thread 0x00007f78bc00c800 Thread added: 0x00007f78bc00c800
Event: 10.868 Thread 0x00007f78bc478000 DEOPT PACKING pc=0x00007f78ad21ef38 sp=0x00007f789a523980
Event: 10.868 Thread 0x00007f78bc478000 DEOPT UNPACKING pc=0x00007f78ace3e0c4 sp=0x00007f789a523728 mode 0
Event: 10.889 Thread 0x00007f78bc478000 Uncommon trap: trap_request=0xffffff65 fr.pc=0x00007f78ad220960
Event: 10.889 Thread 0x00007f78bc478000 DEOPT PACKING pc=0x00007f78ad220960 sp=0x00007f789a523a20
Event: 10.889 Thread 0x00007f78bc478000 DEOPT UNPACKING pc=0x00007f78ace3c47a sp=0x00007f789a5239b8 mode 2
Event: 10.978 loading class jogamp/newt/DisplayImpl$5
Event: 10.978 loading class jogamp/newt/DisplayImpl$5 done


Dynamic libraries:
00400000-00401000 r-xp 00000000 fc:00 13893941                           /usr/lib/jvm/java-8-openjdk-amd64/jre/bin/java
00600000-00601000 r--p 00000000 fc:00 13893941                           /usr/lib/jvm/java-8-openjdk-amd64/jre/bin/java
00601000-00602000 rw-p 00001000 fc:00 13893941                           /usr/lib/jvm/java-8-openjdk-amd64/jre/bin/java
0250d000-0252e000 rw-p 00000000 00:00 0                                  [heap]
d5000000-e2b00000 rw-p 00000000 00:00 0 
e2b00000-f1b00000 ---p 00000000 00:00 0 
f1b00000-f6280000 rw-p 00000000 00:00 0 
f6280000-100000000 ---p 00000000 00:00 0 
100000000-1001e0000 rw-p 00000000 00:00 0 
1001e0000-140000000 ---p 00000000 00:00 0 
7f7844000000-7f7845de8000 rw-p 00000000 00:00 0 
7f7845de8000-7f7848000000 ---p 00000000 00:00 0 
7f784867c000-7f7848698000 r--s 00000000 fc:00 10094949                   /usr/share/fonts/type1/gsfonts/p052024l.pfb
7f7848698000-7f78486a9000 r--s 00000000 fc:00 10094901                   /usr/share/fonts/type1/gsfonts/n019024l.pfb
7f78486a9000-7f78486bf000 r--s 00000000 fc:00 10094937                   /usr/share/fonts/type1/gsfonts/n022024l.pfb
7f78486bf000-7f78486d0000 r--s 00000000 fc:00 10094898                   /usr/share/fonts/type1/gsfonts/n019023l.pfb
7f78486d0000-7f78486e3000 r--s 00000000 fc:00 10094913                   /usr/share/fonts/type1/gsfonts/n019064l.pfb
7f78486e3000-7f78486f3000 r--s 00000000 fc:00 10094856                   /usr/share/fonts/type1/gsfonts/a010015l.pfb
7f78486f3000-7f784870e000 r--s 00000000 fc:00 10094880                   /usr/share/fonts/type1/gsfonts/c059016l.pfb
7f784870e000-7f7848719000 r--s 00000000 fc:00 1573513                    /var/cache/fontconfig/945677eb7aeaf62f1d50efc3fb3ec7d8-le64.cache-6
7f7848719000-7f784871f000 r--s 00000000 fc:00 1574722                    /var/cache/fontconfig/2cd17615ca594fa2959ae173292e504c-le64.cache-6
7f784871f000-7f7848727000 r--s 00000000 fc:00 1574615                    /var/cache/fontconfig/bf3b770c553c462765856025a94f1ce6-le64.cache-6
7f7848727000-7f784873a000 r--s 00000000 fc:00 1574614                    /var/cache/fontconfig/d52a8644073d54c13679302ca1180695-le64.cache-6
7f784873a000-7f7848744000 r--s 00000000 fc:00 1574613                    /var/cache/fontconfig/3f7329c5293ffd510edef78f73874cfd-le64.cache-6
7f7848744000-7f784874f000 r--s 00000000 fc:00 1573565                    /var/cache/fontconfig/d589a48862398ed80a3d6066f4f56f4c-le64.cache-6
7f784875e000-7f7848767000 r--s 00000000 fc:00 10094952                   /usr/share/fonts/type1/gsfonts/s050000l.pfb
7f7848767000-7f7848779000 r--s 00000000 fc:00 10094907                   /usr/share/fonts/type1/gsfonts/n019044l.pfb
7f7848779000-7f7848792000 r--s 00000000 fc:00 10094916                   /usr/share/fonts/type1/gsfonts/n021003l.pfb
7f7848792000-7f78487ab000 r--s 00000000 fc:00 10094919                   /usr/share/fonts/type1/gsfonts/n021004l.pfb
7f78487ab000-7f78487bd000 r--s 00000000 fc:00 10094904                   /usr/share/fonts/type1/gsfonts/n019043l.pfb
7f78487bd000-7f78487d3000 r--s 00000000 fc:00 10094934                   /usr/share/fonts/type1/gsfonts/n022023l.pfb
7f78487d3000-7f78487eb000 r--s 00000000 fc:00 10094883                   /usr/share/fonts/type1/gsfonts/c059033l.pfb
7f78487eb000-7f78487fd000 r--s 00000000 fc:00 10094895                   /usr/share/fonts/type1/gsfonts/n019004l.pfb
7f78487fd000-7f7848818000 r--s 00000000 fc:00 10094946                   /usr/share/fonts/type1/gsfonts/p052023l.pfb
7f7848818000-7f7848831000 r--s 00000000 fc:00 10094931                   /usr/share/fonts/type1/gsfonts/n022004l.pfb
7f7848831000-7f7848844000 r--s 00000000 fc:00 10094868                   /usr/share/fonts/type1/gsfonts/b018015l.pfb
7f7848844000-7f7848858000 r--s 00000000 fc:00 10094892                   /usr/share/fonts/type1/gsfonts/n019003l.pfb
7f7848858000-7f7848873000 r--s 00000000 fc:00 10094940                   /usr/share/fonts/type1/gsfonts/p052003l.pfb
7f7848873000-7f784888c000 r--s 00000000 fc:00 10094865                   /usr/share/fonts/type1/gsfonts/b018012l.pfb
7f784888c000-7f78488a6000 r--s 00000000 fc:00 10094877                   /usr/share/fonts/type1/gsfonts/c059013l.pfb
7f78488a6000-7f78488b6000 r--s 00000000 fc:00 10094859                   /usr/share/fonts/type1/gsfonts/a010033l.pfb
7f78488b6000-7f78488cc000 r--s 00000000 fc:00 10094925                   /usr/share/fonts/type1/gsfonts/n021024l.pfb
7f78488cc000-7f78488e4000 r--s 00000000 fc:00 10094886                   /usr/share/fonts/type1/gsfonts/c059036l.pfb
7f78488e4000-7f78488f9000 r--s 00000000 fc:00 10094871                   /usr/share/fonts/type1/gsfonts/b018032l.pfb
7f78488f9000-7f7848905000 r--s 00000000 fc:00 10094889                   /usr/share/fonts/type1/gsfonts/d050000l.pfb
7f7848905000-7f784891c000 r--s 00000000 fc:00 10094922                   /usr/share/fonts/type1/gsfonts/n021023l.pfb
7f784891c000-7f7848933000 r--s 00000000 fc:00 10094955                   /usr/share/fonts/type1/gsfonts/z003034l.pfb
7f7848933000-7f7848943000 r--s 00000000 fc:00 10094853                   /usr/share/fonts/type1/gsfonts/a010013l.pfb
7f7848943000-7f7848954000 r--s 00000000 fc:00 10094910                   /usr/share/fonts/type1/gsfonts/n019063l.pfb
7f7848954000-7f7848965000 r--s 00000000 fc:00 10094862                   /usr/share/fonts/type1/gsfonts/a010035l.pfb
7f7848965000-7f7848977000 r--s 00000000 fc:00 10094874                   /usr/share/fonts/type1/gsfonts/b018035l.pfb
7f7848977000-7f7848992000 r--s 00000000 fc:00 10094943                   /usr/share/fonts/type1/gsfonts/p052004l.pfb
7f7848992000-7f7848997000 r--s 00000000 fc:00 1574642                    /var/cache/fontconfig/8801497958630a81b71ace7c5f9b32a8-le64.cache-6
7f7848997000-7f78489a9000 r--s 00000000 fc:00 1573438                    /var/cache/fontconfig/9b89f8e3dae116d678bbf48e5f21f69b-le64.cache-6
7f78489a9000-7f78489c1000 r--s 00000000 fc:00 10094928                   /usr/share/fonts/type1/gsfonts/n022003l.pfb
7f7848a70000-7f7848c30000 rw-p 00000000 00:00 0 
7f7848c30000-7f7848c70000 ---p 00000000 00:00 0 
7f784b690000-7f784b6e7000 r-xp 00000000 fc:00 9437732                    /usr/lib/x86_64-linux-gnu/libjpeg.so.8.0.2
7f784b6e7000-7f784b8e7000 ---p 00057000 fc:00 9437732                    /usr/lib/x86_64-linux-gnu/libjpeg.so.8.0.2
7f784b8e7000-7f784b8e8000 r--p 00057000 fc:00 9437732                    /usr/lib/x86_64-linux-gnu/libjpeg.so.8.0.2
7f784b8e8000-7f784b8e9000 rw-p 00058000 fc:00 9437732                    /usr/lib/x86_64-linux-gnu/libjpeg.so.8.0.2
7f784b8e9000-7f784b8f3000 r-xp 00000000 fc:00 13893908                   /usr/lib/jvm/java-8-openjdk-amd64/jre/lib/amd64/libjavajpeg.so
7f784b8f3000-7f784baf2000 ---p 0000a000 fc:00 13893908                   /usr/lib/jvm/java-8-openjdk-amd64/jre/lib/amd64/libjavajpeg.so
7f784baf2000-7f784baf3000 r--p 00009000 fc:00 13893908                   /usr/lib/jvm/java-8-openjdk-amd64/jre/lib/amd64/libjavajpeg.so
7f784baf3000-7f784baf4000 rw-p 0000a000 fc:00 13893908                   /usr/lib/jvm/java-8-openjdk-amd64/jre/lib/amd64/libjavajpeg.so
7f784baf4000-7f784baf7000 ---p 00000000 00:00 0 
7f784baf7000-7f784bdf5000 rw-p 00000000 00:00 0 
7f784bdf5000-7f784bdff000 r-xp 00000000 fc:00 9442539                    /usr/lib/x86_64-linux-gnu/libXrandr.so.2.2.0
7f784bdff000-7f784bffe000 ---p 0000a000 fc:00 9442539                    /usr/lib/x86_64-linux-gnu/libXrandr.so.2.2.0
7f784bffe000-7f784bfff000 r--p 00009000 fc:00 9442539                    /usr/lib/x86_64-linux-gnu/libXrandr.so.2.2.0
7f784bfff000-7f784c000000 rw-p 0000a000 fc:00 9442539                    /usr/lib/x86_64-linux-gnu/libXrandr.so.2.2.0
7f784c000000-7f784d954000 rw-p 00000000 00:00 0 
7f784d954000-7f7850000000 ---p 00000000 00:00 0 
7f7850000000-7f78501b4000 rw-p 00000000 00:00 0 
7f78501b4000-7f7854000000 ---p 00000000 00:00 0 
7f7854000000-7f7854021000 rw-p 00000000 00:00 0 
7f7854021000-7f7858000000 ---p 00000000 00:00 0 
7f7858000000-7f7858021000 rw-p 00000000 00:00 0 
7f7858021000-7f785c000000 ---p 00000000 00:00 0 
7f785c000000-7f785c021000 rw-p 00000000 00:00 0 
7f785c021000-7f7860000000 ---p 00000000 00:00 0 
7f7860000000-7f7860021000 rw-p 00000000 00:00 0 
7f7860021000-7f7864000000 ---p 00000000 00:00 0 
7f7864000000-7f7864021000 rw-p 00000000 00:00 0 
7f7864021000-7f7868000000 ---p 00000000 00:00 0 
7f7868000000-7f7868021000 rw-p 00000000 00:00 0 
7f7868021000-7f786c000000 ---p 00000000 00:00 0 
7f786c000000-7f786c289000 rw-p 00000000 00:00 0 
7f786c289000-7f7870000000 ---p 00000000 00:00 0 
7f7870000000-7f7870021000 rw-p 00000000 00:00 0 
7f7870021000-7f7874000000 ---p 00000000 00:00 0 
7f7874000000-7f787429f000 rw-p 00000000 00:00 0 
7f787429f000-7f7878000000 ---p 00000000 00:00 0 
7f7878000000-7f787824f000 rw-p 00000000 00:00 0 
7f787824f000-7f787c000000 ---p 00000000 00:00 0 
7f787c000000-7f787c021000 rw-p 00000000 00:00 0 
7f787c021000-7f7880000000 ---p 00000000 00:00 0 
7f7880000000-7f7880021000 rw-p 00000000 00:00 0 
7f7880021000-7f7884000000 ---p 00000000 00:00 0 
7f7884000000-7f7884021000 rw-p 00000000 00:00 0 
7f7884021000-7f7888000000 ---p 00000000 00:00 0 
7f7888000000-7f7888021000 rw-p 00000000 00:00 0 
7f7888021000-7f788c000000 ---p 00000000 00:00 0 
7f788c000000-7f788c021000 rw-p 00000000 00:00 0 
7f788c021000-7f7890000000 ---p 00000000 00:00 0 
7f789004c000-7f789005d000 r-xp 00000000 fc:00 6422568                    /tmp/jogamp_0000/file_cache/jln4796120241675407559/jln7363729456262062140/natives/linux-amd64/libnewt.so
7f789005d000-7f789025c000 ---p 00011000 fc:00 6422568                    /tmp/jogamp_0000/file_cache/jln4796120241675407559/jln7363729456262062140/natives/linux-amd64/libnewt.so
7f789025c000-7f789025d000 rw-p 00010000 fc:00 6422568                    /tmp/jogamp_0000/file_cache/jln4796120241675407559/jln7363729456262062140/natives/linux-amd64/libnewt.so
7f789025d000-7f789025f000 r-xp 00000000 fc:00 9442531                    /usr/lib/x86_64-linux-gnu/libXinerama.so.1.0.0
7f789025f000-7f789045e000 ---p 00002000 fc:00 9442531                    /usr/lib/x86_64-linux-gnu/libXinerama.so.1.0.0
7f789045e000-7f789045f000 r--p 00001000 fc:00 9442531                    /usr/lib/x86_64-linux-gnu/libXinerama.so.1.0.0
7f789045f000-7f7890460000 rw-p 00002000 fc:00 9442531                    /usr/lib/x86_64-linux-gnu/libXinerama.so.1.0.0
7f7890460000-7f7890468000 r-xp 00000000 fc:00 9443170                    /usr/lib/x86_64-linux-gnu/libpciaccess.so.0.11.1
7f7890468000-7f7890668000 ---p 00008000 fc:00 9443170                    /usr/lib/x86_64-linux-gnu/libpciaccess.so.0.11.1
7f7890668000-7f7890669000 r--p 00008000 fc:00 9443170                    /usr/lib/x86_64-linux-gnu/libpciaccess.so.0.11.1
7f7890669000-7f789066a000 rw-p 00009000 fc:00 9443170                    /usr/lib/x86_64-linux-gnu/libpciaccess.so.0.11.1
7f789066a000-7f7890675000 r-xp 00000000 fc:00 9437700                    /usr/lib/x86_64-linux-gnu/libdrm_radeon.so.1.0.1
7f7890675000-7f7890874000 ---p 0000b000 fc:00 9437700                    /usr/lib/x86_64-linux-gnu/libdrm_radeon.so.1.0.1
7f7890874000-7f7890875000 r--p 0000a000 fc:00 9437700                    /usr/lib/x86_64-linux-gnu/libdrm_radeon.so.1.0.1
7f7890875000-7f7890876000 rw-p 0000b000 fc:00 9437700                    /usr/lib/x86_64-linux-gnu/libdrm_radeon.so.1.0.1
7f7890876000-7f789087d000 r-xp 00000000 fc:00 9441095                    /usr/lib/x86_64-linux-gnu/libdrm_nouveau.so.2.0.0
7f789087d000-7f7890a7c000 ---p 00007000 fc:00 9441095                    /usr/lib/x86_64-linux-gnu/libdrm_nouveau.so.2.0.0
7f7890a7c000-7f7890a7d000 r--p 00006000 fc:00 9441095                    /usr/lib/x86_64-linux-gnu/libdrm_nouveau.so.2.0.0
7f7890a7d000-7f7890a7e000 rw-p 00007000 fc:00 9441095                    /usr/lib/x86_64-linux-gnu/libdrm_nouveau.so.2.0.0
7f7890a7e000-7f7890aa0000 r-xp 00000000 fc:00 9438156                    /usr/lib/x86_64-linux-gnu/libdrm_intel.so.1.0.0
7f7890aa0000-7f7890ca0000 ---p 00022000 fc:00 9438156                    /usr/lib/x86_64-linux-gnu/libdrm_intel.so.1.0.0
7f7890ca0000-7f7890ca1000 r--p 00022000 fc:00 9438156                    /usr/lib/x86_64-linux-gnu/libdrm_intel.so.1.0.0
7f7890ca1000-7f7890ca2000 rw-p 00023000 fc:00 9438156                    /usr/lib/x86_64-linux-gnu/libdrm_intel.so.1.0.0
7f7890ca2000-7f7891582000 r-xp 00000000 fc:00 9569389                    /usr/lib/x86_64-linux-gnu/dri/i965_dri.so
7f7891582000-7f7891782000 ---p 008e0000 fc:00 9569389                    /usr/lib/x86_64-linux-gnu/dri/i965_dri.so
7f7891782000-7f78917d2000 r--p 008e0000 fc:00 9569389                    /usr/lib/x86_64-linux-gnu/dri/i965_dri.so
7f78917d2000-7f78917dd000 rw-p 00930000 fc:00 9569389                    /usr/lib/x86_64-linux-gnu/dri/i965_dri.so
7f78917dd000-7f7891882000 rw-p 00000000 00:00 0 
7f7891882000-7f7891885000 ---p 00000000 00:00 0 
7f7891885000-7f7891983000 rw-p 00000000 00:00 0 
7f7891983000-7f78919df000 r-xp 00000000 fc:00 6422565                    /tmp/jogamp_0000/file_cache/jln4796120241675407559/jln7363729456262062140/natives/linux-amd64/libjogl_mobile.so
7f78919df000-7f7891bdf000 ---p 0005c000 fc:00 6422565                    /tmp/jogamp_0000/file_cache/jln4796120241675407559/jln7363729456262062140/natives/linux-amd64/libjogl_mobile.so
7f7891bdf000-7f7891be0000 rw-p 0005c000 fc:00 6422565                    /tmp/jogamp_0000/file_cache/jln4796120241675407559/jln7363729456262062140/natives/linux-amd64/libjogl_mobile.so
7f7891be0000-7f7891c07000 r-xp 00000000 fc:00 9441073                    /usr/lib/x86_64-linux-gnu/libkj-0.5.3.so
7f7891c07000-7f7891e07000 ---p 00027000 fc:00 9441073                    /usr/lib/x86_64-linux-gnu/libkj-0.5.3.so
7f7891e07000-7f7891e08000 r--p 00027000 fc:00 9441073                    /usr/lib/x86_64-linux-gnu/libkj-0.5.3.so
7f7891e08000-7f7891e09000 rw-p 00028000 fc:00 9441073                    /usr/lib/x86_64-linux-gnu/libkj-0.5.3.so
7f7891e09000-7f7891e20000 r-xp 00000000 fc:00 9441081                    /usr/lib/x86_64-linux-gnu/libboost_filesystem.so.1.58.0
7f7891e20000-7f789201f000 ---p 00017000 fc:00 9441081                    /usr/lib/x86_64-linux-gnu/libboost_filesystem.so.1.58.0
7f789201f000-7f7892020000 r--p 00016000 fc:00 9441081                    /usr/lib/x86_64-linux-gnu/libboost_filesystem.so.1.58.0
7f7892020000-7f7892021000 rw-p 00017000 fc:00 9441081                    /usr/lib/x86_64-linux-gnu/libboost_filesystem.so.1.58.0
7f7892021000-7f7892051000 r-xp 00000000 fc:00 9441083                    /usr/lib/x86_64-linux-gnu/libprotobuf-lite.so.9.0.1
7f7892051000-7f7892250000 ---p 00030000 fc:00 9441083                    /usr/lib/x86_64-linux-gnu/libprotobuf-lite.so.9.0.1
7f7892250000-7f7892251000 r--p 0002f000 fc:00 9441083                    /usr/lib/x86_64-linux-gnu/libprotobuf-lite.so.9.0.1
7f7892251000-7f7892252000 rw-p 00030000 fc:00 9441083                    /usr/lib/x86_64-linux-gnu/libprotobuf-lite.so.9.0.1
7f7892252000-7f7892255000 r-xp 00000000 fc:00 9441080                    /usr/lib/x86_64-linux-gnu/libboost_system.so.1.58.0
7f7892255000-7f7892454000 ---p 00003000 fc:00 9441080                    /usr/lib/x86_64-linux-gnu/libboost_system.so.1.58.0
7f7892454000-7f7892455000 r--p 00002000 fc:00 9441080                    /usr/lib/x86_64-linux-gnu/libboost_system.so.1.58.0
7f7892455000-7f7892456000 rw-p 00003000 fc:00 9441080                    /usr/lib/x86_64-linux-gnu/libboost_system.so.1.58.0
7f7892456000-7f789245d000 r-xp 00000000 fc:00 9441079                    /usr/lib/x86_64-linux-gnu/libmircore.so.1
7f789245d000-7f789265d000 ---p 00007000 fc:00 9441079                    /usr/lib/x86_64-linux-gnu/libmircore.so.1
7f789265d000-7f789265e000 r--p 00007000 fc:00 9441079                    /usr/lib/x86_64-linux-gnu/libmircore.so.1
7f789265e000-7f789265f000 rw-p 00008000 fc:00 9441079                    /usr/lib/x86_64-linux-gnu/libmircore.so.1
7f789265f000-7f78926e4000 r-xp 00000000 fc:00 9441072                    /usr/lib/x86_64-linux-gnu/libcapnp-0.5.3.so
7f78926e4000-7f78928e3000 ---p 00085000 fc:00 9441072                    /usr/lib/x86_64-linux-gnu/libcapnp-0.5.3.so
7f78928e3000-7f78928e6000 r--p 00084000 fc:00 9441072                    /usr/lib/x86_64-linux-gnu/libcapnp-0.5.3.so
7f78928e6000-7f78928e7000 rw-p 00087000 fc:00 9441072                    /usr/lib/x86_64-linux-gnu/libcapnp-0.5.3.so
7f78928e7000-7f7892956000 r-xp 00000000 fc:00 9441085                    /usr/lib/x86_64-linux-gnu/libmirprotobuf.so.3
7f7892956000-7f7892b55000 ---p 0006f000 fc:00 9441085                    /usr/lib/x86_64-linux-gnu/libmirprotobuf.so.3
7f7892b55000-7f7892b58000 r--p 0006e000 fc:00 9441085                    /usr/lib/x86_64-linux-gnu/libmirprotobuf.so.3
7f7892b58000-7f7892b59000 rw-p 00071000 fc:00 9441085                    /usr/lib/x86_64-linux-gnu/libmirprotobuf.so.3
7f7892b59000-7f7892b9d000 r-xp 00000000 fc:00 9441082                    /usr/lib/x86_64-linux-gnu/libmircommon.so.7
7f7892b9d000-7f7892d9d000 ---p 00044000 fc:00 9441082                    /usr/lib/x86_64-linux-gnu/libmircommon.so.7
7f7892d9d000-7f7892d9f000 r--p 00044000 fc:00 9441082                    /usr/lib/x86_64-linux-gnu/libmircommon.so.7
7f7892d9f000-7f7892da0000 rw-p 00046000 fc:00 9441082                    /usr/lib/x86_64-linux-gnu/libmircommon.so.7
7f7892da0000-7f7892ddd000 r-xp 00000000 fc:00 9441090                    /usr/lib/x86_64-linux-gnu/libxkbcommon.so.0.0.0
7f7892ddd000-7f7892fdc000 ---p 0003d000 fc:00 9441090                    /usr/lib/x86_64-linux-gnu/libxkbcommon.so.0.0.0
7f7892fdc000-7f7892fde000 r--p 0003c000 fc:00 9441090                    /usr/lib/x86_64-linux-gnu/libxkbcommon.so.0.0.0
7f7892fde000-7f7892fdf000 rw-p 0003e000 fc:00 9441090                    /usr/lib/x86_64-linux-gnu/libxkbcommon.so.0.0.0
7f7892fdf000-7f7892fe6000 r-xp 00000000 fc:00 9440286                    /usr/lib/x86_64-linux-gnu/libffi.so.6.0.4
7f7892fe6000-7f78931e5000 ---p 00007000 fc:00 9440286                    /usr/lib/x86_64-linux-gnu/libffi.so.6.0.4
7f78931e5000-7f78931e6000 r--p 00006000 fc:00 9440286                    /usr/lib/x86_64-linux-gnu/libffi.so.6.0.4
7f78931e6000-7f78931e7000 rw-p 00007000 fc:00 9440286                    /usr/lib/x86_64-linux-gnu/libffi.so.6.0.4
7f78931e7000-7f7893287000 r-xp 00000000 fc:00 9441092                    /usr/lib/x86_64-linux-gnu/libmirclient.so.9
7f7893287000-7f7893486000 ---p 000a0000 fc:00 9441092                    /usr/lib/x86_64-linux-gnu/libmirclient.so.9
7f7893486000-7f789348c000 r--p 0009f000 fc:00 9441092                    /usr/lib/x86_64-linux-gnu/libmirclient.so.9
7f789348c000-7f789348e000 rw-p 000a5000 fc:00 9441092                    /usr/lib/x86_64-linux-gnu/libmirclient.so.9
7f789348e000-7f789349e000 r-xp 00000000 fc:00 9441066                    /usr/lib/x86_64-linux-gnu/libwayland-server.so.0.1.0
7f789349e000-7f789369d000 ---p 00010000 fc:00 9441066                    /usr/lib/x86_64-linux-gnu/libwayland-server.so.0.1.0
7f789369d000-7f789369f000 r--p 0000f000 fc:00 9441066                    /usr/lib/x86_64-linux-gnu/libwayland-server.so.0.1.0
7f789369f000-7f78936a0000 rw-p 00011000 fc:00 9441066                    /usr/lib/x86_64-linux-gnu/libwayland-server.so.0.1.0
7f78936a0000-7f78936ac000 r-xp 00000000 fc:00 9441068                    /usr/lib/x86_64-linux-gnu/libgbm.so.1.0.0
7f78936ac000-7f78938ac000 ---p 0000c000 fc:00 9441068                    /usr/lib/x86_64-linux-gnu/libgbm.so.1.0.0
7f78938ac000-7f78938ad000 r--p 0000c000 fc:00 9441068                    /usr/lib/x86_64-linux-gnu/libgbm.so.1.0.0
7f78938ad000-7f78938ae000 rw-p 0000d000 fc:00 9441068                    /usr/lib/x86_64-linux-gnu/libgbm.so.1.0.0
7f78938ae000-7f78938ba000 r-xp 00000000 fc:00 9441054                    /usr/lib/x86_64-linux-gnu/libwayland-client.so.0.3.0
7f78938ba000-7f7893aba000 ---p 0000c000 fc:00 9441054                    /usr/lib/x86_64-linux-gnu/libwayland-client.so.0.3.0
7f7893aba000-7f7893abc000 r--p 0000c000 fc:00 9441054                    /usr/lib/x86_64-linux-gnu/libwayland-client.so.0.3.0
7f7893abc000-7f7893abd000 rw-p 0000e000 fc:00 9441054                    /usr/lib/x86_64-linux-gnu/libwayland-client.so.0.3.0
7f7893abd000-7f7893ac3000 r-xp 00000000 fc:00 9441714                    /usr/lib/x86_64-linux-gnu/libxcb-xfixes.so.0.0.0
7f7893ac3000-7f7893cc3000 ---p 00006000 fc:00 9441714                    /usr/lib/x86_64-linux-gnu/libxcb-xfixes.so.0.0.0
7f7893cc3000-7f7893cc4000 r--p 00006000 fc:00 9441714                    /usr/lib/x86_64-linux-gnu/libxcb-xfixes.so.0.0.0
7f7893cc4000-7f7893cc5000 rw-p 00007000 fc:00 9441714                    /usr/lib/x86_64-linux-gnu/libxcb-xfixes.so.0.0.0
7f7893cc5000-7f7893cfd000 r-xp 00000000 fc:00 9569378                    /usr/lib/x86_64-linux-gnu/mesa-egl/libEGL.so.1.0.0
7f7893cfd000-7f7893efc000 ---p 00038000 fc:00 9569378                    /usr/lib/x86_64-linux-gnu/mesa-egl/libEGL.so.1.0.0
7f7893efc000-7f7893efe000 r--p 00037000 fc:00 9569378                    /usr/lib/x86_64-linux-gnu/mesa-egl/libEGL.so.1.0.0
7f7893efe000-7f7893eff000 rw-p 00039000 fc:00 9569378                    /usr/lib/x86_64-linux-gnu/mesa-egl/libEGL.so.1.0.0
7f7893eff000-7f7893f02000 ---p 00000000 00:00 0 
7f7893f02000-7f7894000000 rw-p 00000000 00:00 0 
7f7894000000-7f7894021000 rw-p 00000000 00:00 0 
7f7894021000-7f7898000000 ---p 00000000 00:00 0 
7f7898085000-7f789813d000 r-xp 00000000 fc:00 6422564                    /tmp/jogamp_0000/file_cache/jln4796120241675407559/jln7363729456262062140/natives/linux-amd64/libjogl_desktop.so
7f789813d000-7f789833d000 ---p 000b8000 fc:00 6422564                    /tmp/jogamp_0000/file_cache/jln4796120241675407559/jln7363729456262062140/natives/linux-amd64/libjogl_desktop.so
7f789833d000-7f789833e000 rw-p 000b8000 fc:00 6422564                    /tmp/jogamp_0000/file_cache/jln4796120241675407559/jln7363729456262062140/natives/linux-amd64/libjogl_desktop.so
7f789833e000-7f789834e000 r-xp 00000000 fc:00 9441064                    /usr/lib/x86_64-linux-gnu/libdrm.so.2.4.0
7f789834e000-7f789854e000 ---p 00010000 fc:00 9441064                    /usr/lib/x86_64-linux-gnu/libdrm.so.2.4.0
7f789854e000-7f789854f000 r--p 00010000 fc:00 9441064                    /usr/lib/x86_64-linux-gnu/libdrm.so.2.4.0
7f789854f000-7f7898550000 rw-p 00011000 fc:00 9441064                    /usr/lib/x86_64-linux-gnu/libdrm.so.2.4.0
7f7898550000-7f7898554000 r-xp 00000000 fc:00 9441632                    /usr/lib/x86_64-linux-gnu/libxcb-dri2.so.0.0.0
7f7898554000-7f7898753000 ---p 00004000 fc:00 9441632                    /usr/lib/x86_64-linux-gnu/libxcb-dri2.so.0.0.0
7f7898753000-7f7898754000 r--p 00003000 fc:00 9441632                    /usr/lib/x86_64-linux-gnu/libxcb-dri2.so.0.0.0
7f7898754000-7f7898755000 rw-p 00004000 fc:00 9441632                    /usr/lib/x86_64-linux-gnu/libxcb-dri2.so.0.0.0
7f7898755000-7f789876c000 r-xp 00000000 fc:00 9441638                    /usr/lib/x86_64-linux-gnu/libxcb-glx.so.0.0.0
7f789876c000-7f789896b000 ---p 00017000 fc:00 9441638                    /usr/lib/x86_64-linux-gnu/libxcb-glx.so.0.0.0
7f789896b000-7f789896d000 r--p 00016000 fc:00 9441638                    /usr/lib/x86_64-linux-gnu/libxcb-glx.so.0.0.0
7f789896d000-7f789896e000 rw-p 00018000 fc:00 9441638                    /usr/lib/x86_64-linux-gnu/libxcb-glx.so.0.0.0
7f789896e000-7f789896f000 r-xp 00000000 fc:00 9438241                    /usr/lib/x86_64-linux-gnu/libX11-xcb.so.1.0.0
7f789896f000-7f7898b6e000 ---p 00001000 fc:00 9438241                    /usr/lib/x86_64-linux-gnu/libX11-xcb.so.1.0.0
7f7898b6e000-7f7898b6f000 r--p 00000000 fc:00 9438241                    /usr/lib/x86_64-linux-gnu/libX11-xcb.so.1.0.0
7f7898b6f000-7f7898b70000 rw-p 00001000 fc:00 9438241                    /usr/lib/x86_64-linux-gnu/libX11-xcb.so.1.0.0
7f7898b70000-7f7898b72000 r-xp 00000000 fc:00 9442517                    /usr/lib/x86_64-linux-gnu/libXdamage.so.1.1.0
7f7898b72000-7f7898d71000 ---p 00002000 fc:00 9442517                    /usr/lib/x86_64-linux-gnu/libXdamage.so.1.1.0
7f7898d71000-7f7898d72000 r--p 00001000 fc:00 9442517                    /usr/lib/x86_64-linux-gnu/libXdamage.so.1.1.0
7f7898d72000-7f7898d73000 rw-p 00002000 fc:00 9442517                    /usr/lib/x86_64-linux-gnu/libXdamage.so.1.1.0
7f7898d73000-7f7898d9f000 r-xp 00000000 fc:00 9438091                    /usr/lib/x86_64-linux-gnu/libglapi.so.0.0.0
7f7898d9f000-7f7898f9e000 ---p 0002c000 fc:00 9438091                    /usr/lib/x86_64-linux-gnu/libglapi.so.0.0.0
7f7898f9e000-7f7898fa2000 r--p 0002b000 fc:00 9438091                    /usr/lib/x86_64-linux-gnu/libglapi.so.0.0.0
7f7898fa2000-7f7898fa3000 rw-p 0002f000 fc:00 9438091                    /usr/lib/x86_64-linux-gnu/libglapi.so.0.0.0
7f7898fa3000-7f7898fa4000 rw-p 00000000 00:00 0 
7f7898fa4000-7f7898fa5000 r-xp 00000000 fc:00 9443470                    /usr/lib/x86_64-linux-gnu/libxshmfence.so.1.0.0
7f7898fa5000-7f78991a5000 ---p 00001000 fc:00 9443470                    /usr/lib/x86_64-linux-gnu/libxshmfence.so.1.0.0
7f78991a5000-7f78991a6000 r--p 00001000 fc:00 9443470                    /usr/lib/x86_64-linux-gnu/libxshmfence.so.1.0.0
7f78991a6000-7f78991a7000 rw-p 00002000 fc:00 9443470                    /usr/lib/x86_64-linux-gnu/libxshmfence.so.1.0.0
7f78991a7000-7f78991ac000 r-xp 00000000 fc:00 9441642                    /usr/lib/x86_64-linux-gnu/libxcb-sync.so.1.0.0
7f78991ac000-7f78993ac000 ---p 00005000 fc:00 9441642                    /usr/lib/x86_64-linux-gnu/libxcb-sync.so.1.0.0
7f78993ac000-7f78993ad000 r--p 00005000 fc:00 9441642                    /usr/lib/x86_64-linux-gnu/libxcb-sync.so.1.0.0
7f78993ad000-7f78993ae000 rw-p 00006000 fc:00 9441642                    /usr/lib/x86_64-linux-gnu/libxcb-sync.so.1.0.0
7f78993ae000-7f78993b0000 r-xp 00000000 fc:00 9441640                    /usr/lib/x86_64-linux-gnu/libxcb-present.so.0.0.0
7f78993b0000-7f78995af000 ---p 00002000 fc:00 9441640                    /usr/lib/x86_64-linux-gnu/libxcb-present.so.0.0.0
7f78995af000-7f78995b0000 r--p 00001000 fc:00 9441640                    /usr/lib/x86_64-linux-gnu/libxcb-present.so.0.0.0
7f78995b0000-7f78995b1000 rw-p 00002000 fc:00 9441640                    /usr/lib/x86_64-linux-gnu/libxcb-present.so.0.0.0
7f78995b1000-7f78995b3000 r-xp 00000000 fc:00 9441634                    /usr/lib/x86_64-linux-gnu/libxcb-dri3.so.0.0.0
7f78995b3000-7f78997b2000 ---p 00002000 fc:00 9441634                    /usr/lib/x86_64-linux-gnu/libxcb-dri3.so.0.0.0
7f78997b2000-7f78997b3000 r--p 00001000 fc:00 9441634                    /usr/lib/x86_64-linux-gnu/libxcb-dri3.so.0.0.0
7f78997b3000-7f78997b4000 rw-p 00002000 fc:00 9441634                    /usr/lib/x86_64-linux-gnu/libxcb-dri3.so.0.0.0
7f78997b4000-7f78997da000 r-xp 00000000 fc:00 8257565                    /lib/x86_64-linux-gnu/libexpat.so.1.6.0
7f78997da000-7f78999da000 ---p 00026000 fc:00 8257565                    /lib/x86_64-linux-gnu/libexpat.so.1.6.0
7f78999da000-7f78999dc000 r--p 00026000 fc:00 8257565                    /lib/x86_64-linux-gnu/libexpat.so.1.6.0
7f78999dc000-7f78999dd000 rw-p 00028000 fc:00 8257565                    /lib/x86_64-linux-gnu/libexpat.so.1.6.0
7f78999dd000-7f7899a4d000 r-xp 00000000 fc:00 9569071                    /usr/lib/x86_64-linux-gnu/mesa/libGL.so.1.2.0
7f7899a4d000-7f7899c4c000 ---p 00070000 fc:00 9569071                    /usr/lib/x86_64-linux-gnu/mesa/libGL.so.1.2.0
7f7899c4c000-7f7899c4f000 r--p 0006f000 fc:00 9569071                    /usr/lib/x86_64-linux-gnu/mesa/libGL.so.1.2.0
7f7899c4f000-7f7899c50000 rw-p 00072000 fc:00 9569071                    /usr/lib/x86_64-linux-gnu/mesa/libGL.so.1.2.0
7f7899c50000-7f7899e51000 rw-p 00000000 00:00 0 
7f7899e51000-7f789a051000 rw-p 00000000 00:00 0 
7f789a11c000-7f789a123000 r-xp 00000000 fc:00 6422567                    /tmp/jogamp_0000/file_cache/jln4796120241675407559/jln7363729456262062140/natives/linux-amd64/libnativewindow_x11.so
7f789a123000-7f789a322000 ---p 00007000 fc:00 6422567                    /tmp/jogamp_0000/file_cache/jln4796120241675407559/jln7363729456262062140/natives/linux-amd64/libnativewindow_x11.so
7f789a322000-7f789a323000 rw-p 00006000 fc:00 6422567                    /tmp/jogamp_0000/file_cache/jln4796120241675407559/jln7363729456262062140/natives/linux-amd64/libnativewindow_x11.so
7f789a323000-7f789a326000 ---p 00000000 00:00 0 
7f789a326000-7f789a424000 rw-p 00000000 00:00 0 
7f789a424000-7f789a427000 ---p 00000000 00:00 0 
7f789a427000-7f789a525000 rw-p 00000000 00:00 0 
7f789a525000-7f789a52a000 r-xp 00000000 fc:00 9442557                    /usr/lib/x86_64-linux-gnu/libXxf86vm.so.1.0.0
7f789a52a000-7f789a729000 ---p 00005000 fc:00 9442557                    /usr/lib/x86_64-linux-gnu/libXxf86vm.so.1.0.0
7f789a729000-7f789a72a000 r--p 00004000 fc:00 9442557                    /usr/lib/x86_64-linux-gnu/libXxf86vm.so.1.0.0
7f789a72a000-7f789a72b000 rw-p 00005000 fc:00 9442557                    /usr/lib/x86_64-linux-gnu/libXxf86vm.so.1.0.0
7f789a72b000-7f789a72d000 r-xp 00000000 fc:00 6422566                    /tmp/jogamp_0000/file_cache/jln4796120241675407559/jln7363729456262062140/natives/linux-amd64/libnativewindow_awt.so
7f789a72d000-7f789a92c000 ---p 00002000 fc:00 6422566                    /tmp/jogamp_0000/file_cache/jln4796120241675407559/jln7363729456262062140/natives/linux-amd64/libnativewindow_awt.so
7f789a92c000-7f789a92d000 rw-p 00001000 fc:00 6422566                    /tmp/jogamp_0000/file_cache/jln4796120241675407559/jln7363729456262062140/natives/linux-amd64/libnativewindow_awt.so
7f789a92d000-7f789a92e000 r-xp 00000000 fc:00 13893896                   /usr/lib/jvm/java-8-openjdk-amd64/jre/lib/amd64/libjawt.so
7f789a92e000-7f789ab2d000 ---p 00001000 fc:00 13893896                   /usr/lib/jvm/java-8-openjdk-amd64/jre/lib/amd64/libjawt.so
7f789ab2d000-7f789ab2e000 r--p 00000000 fc:00 13893896                   /usr/lib/jvm/java-8-openjdk-amd64/jre/lib/amd64/libjawt.so
7f789ab2e000-7f789ab2f000 rw-p 00001000 fc:00 13893896                   /usr/lib/jvm/java-8-openjdk-amd64/jre/lib/amd64/libjawt.so
7f789ab2f000-7f789ab34000 r-xp 00000000 fc:00 9442523                    /usr/lib/x86_64-linux-gnu/libXfixes.so.3.1.0
7f789ab34000-7f789ad33000 ---p 00005000 fc:00 9442523                    /usr/lib/x86_64-linux-gnu/libXfixes.so.3.1.0
7f789ad33000-7f789ad34000 r--p 00004000 fc:00 9442523                    /usr/lib/x86_64-linux-gnu/libXfixes.so.3.1.0
7f789ad34000-7f789ad35000 rw-p 00005000 fc:00 9442523                    /usr/lib/x86_64-linux-gnu/libXfixes.so.3.1.0
7f789ad35000-7f789ad59000 r-xp 00000000 fc:00 8258033                    /lib/x86_64-linux-gnu/libpng12.so.0.54.0
7f789ad59000-7f789af58000 ---p 00024000 fc:00 8258033                    /lib/x86_64-linux-gnu/libpng12.so.0.54.0
7f789af58000-7f789af59000 r--p 00023000 fc:00 8258033                    /lib/x86_64-linux-gnu/libpng12.so.0.54.0
7f789af59000-7f789af5a000 rw-p 00024000 fc:00 8258033                    /lib/x86_64-linux-gnu/libpng12.so.0.54.0
7f789af5a000-7f789c4da000 rw-p 00000000 00:00 0 
7f789c4ec000-7f789c4f5000 r-xp 00000000 fc:00 9440610                    /usr/lib/x86_64-linux-gnu/libXcursor.so.1.0.2
7f789c4f5000-7f789c6f4000 ---p 00009000 fc:00 9440610                    /usr/lib/x86_64-linux-gnu/libXcursor.so.1.0.2
7f789c6f4000-7f789c6f5000 r--p 00008000 fc:00 9440610                    /usr/lib/x86_64-linux-gnu/libXcursor.so.1.0.2
7f789c6f5000-7f789c6f6000 rw-p 00009000 fc:00 9440610                    /usr/lib/x86_64-linux-gnu/libXcursor.so.1.0.2
7f789c6f6000-7f789c79a000 r-xp 00000000 fc:00 9441225                    /usr/lib/x86_64-linux-gnu/libfreetype.so.6.12.1
7f789c79a000-7f789c999000 ---p 000a4000 fc:00 9441225                    /usr/lib/x86_64-linux-gnu/libfreetype.so.6.12.1
7f789c999000-7f789c99f000 r--p 000a3000 fc:00 9441225                    /usr/lib/x86_64-linux-gnu/libfreetype.so.6.12.1
7f789c99f000-7f789c9a0000 rw-p 000a9000 fc:00 9441225                    /usr/lib/x86_64-linux-gnu/libfreetype.so.6.12.1
7f789c9a0000-7f789c9f2000 r-xp 00000000 fc:00 13893922                   /usr/lib/jvm/java-8-openjdk-amd64/jre/lib/amd64/libfontmanager.so
7f789c9f2000-7f789cbf2000 ---p 00052000 fc:00 13893922                   /usr/lib/jvm/java-8-openjdk-amd64/jre/lib/amd64/libfontmanager.so
7f789cbf2000-7f789cbf4000 r--p 00052000 fc:00 13893922                   /usr/lib/jvm/java-8-openjdk-amd64/jre/lib/amd64/libfontmanager.so
7f789cbf4000-7f789cbf5000 rw-p 00054000 fc:00 13893922                   /usr/lib/jvm/java-8-openjdk-amd64/jre/lib/amd64/libfontmanager.so
7f789cbf5000-7f789cbfa000 r-xp 00000000 fc:00 9437334                    /usr/lib/x86_64-linux-gnu/libXdmcp.so.6.0.0
7f789cbfa000-7f789cdf9000 ---p 00005000 fc:00 9437334                    /usr/lib/x86_64-linux-gnu/libXdmcp.so.6.0.0
7f789cdf9000-7f789cdfa000 r--p 00004000 fc:00 9437334                    /usr/lib/x86_64-linux-gnu/libXdmcp.so.6.0.0
7f789cdfa000-7f789cdfb000 rw-p 00005000 fc:00 9437334                    /usr/lib/x86_64-linux-gnu/libXdmcp.so.6.0.0
7f789cdfb000-7f789cdfd000 r-xp 00000000 fc:00 9442508                    /usr/lib/x86_64-linux-gnu/libXau.so.6.0.0
7f789cdfd000-7f789cffd000 ---p 00002000 fc:00 9442508                    /usr/lib/x86_64-linux-gnu/libXau.so.6.0.0
7f789cffd000-7f789cffe000 r--p 00002000 fc:00 9442508                    /usr/lib/x86_64-linux-gnu/libXau.so.6.0.0
7f789cffe000-7f789cfff000 rw-p 00003000 fc:00 9442508                    /usr/lib/x86_64-linux-gnu/libXau.so.6.0.0
7f789cfff000-7f78a0000000 rw-p 00000000 00:00 0 
7f78a0000000-7f78a0021000 rw-p 00000000 00:00 0 
7f78a0021000-7f78a4000000 ---p 00000000 00:00 0 
7f78a40be000-7f78a40c2000 rw-s 00000000 00:05 184940                     /drm mm object (deleted)
7f78a40c2000-7f78a40c3000 rwxp 00000000 00:00 0 
7f78a40c3000-7f78a40c6000 ---p 00000000 00:00 0 
7f78a40c6000-7f78a41c4000 rw-p 00000000 00:00 0 
7f78a41c4000-7f78a41e5000 r-xp 00000000 fc:00 9445987                    /usr/lib/x86_64-linux-gnu/libxcb.so.1.1.0
7f78a41e5000-7f78a43e4000 ---p 00021000 fc:00 9445987                    /usr/lib/x86_64-linux-gnu/libxcb.so.1.1.0
7f78a43e4000-7f78a43e5000 r--p 00020000 fc:00 9445987                    /usr/lib/x86_64-linux-gnu/libxcb.so.1.1.0
7f78a43e5000-7f78a43e6000 rw-p 00021000 fc:00 9445987                    /usr/lib/x86_64-linux-gnu/libxcb.so.1.1.0
7f78a43e6000-7f78a43f5000 r-xp 00000000 fc:00 9440612                    /usr/lib/x86_64-linux-gnu/libXi.so.6.1.0
7f78a43f5000-7f78a45f4000 ---p 0000f000 fc:00 9440612                    /usr/lib/x86_64-linux-gnu/libXi.so.6.1.0
7f78a45f4000-7f78a45f5000 r--p 0000e000 fc:00 9440612                    /usr/lib/x86_64-linux-gnu/libXi.so.6.1.0
7f78a45f5000-7f78a45f6000 rw-p 0000f000 fc:00 9440612                    /usr/lib/x86_64-linux-gnu/libXi.so.6.1.0
7f78a45f6000-7f78a45fb000 r-xp 00000000 fc:00 9442547                    /usr/lib/x86_64-linux-gnu/libXtst.so.6.1.0
7f78a45fb000-7f78a47fa000 ---p 00005000 fc:00 9442547                    /usr/lib/x86_64-linux-gnu/libXtst.so.6.1.0
7f78a47fa000-7f78a47fb000 r--p 00004000 fc:00 9442547                    /usr/lib/x86_64-linux-gnu/libXtst.so.6.1.0
7f78a47fb000-7f78a47fc000 rw-p 00005000 fc:00 9442547                    /usr/lib/x86_64-linux-gnu/libXtst.so.6.1.0
7f78a47fc000-7f78a4805000 r-xp 00000000 fc:00 9442541                    /usr/lib/x86_64-linux-gnu/libXrender.so.1.3.0
7f78a4805000-7f78a4a04000 ---p 00009000 fc:00 9442541                    /usr/lib/x86_64-linux-gnu/libXrender.so.1.3.0
7f78a4a04000-7f78a4a05000 r--p 00008000 fc:00 9442541                    /usr/lib/x86_64-linux-gnu/libXrender.so.1.3.0
7f78a4a05000-7f78a4a06000 rw-p 00009000 fc:00 9442541                    /usr/lib/x86_64-linux-gnu/libXrender.so.1.3.0
7f78a4a06000-7f78a4b3b000 r-xp 00000000 fc:00 9446001                    /usr/lib/x86_64-linux-gnu/libX11.so.6.3.0
7f78a4b3b000-7f78a4d3b000 ---p 00135000 fc:00 9446001                    /usr/lib/x86_64-linux-gnu/libX11.so.6.3.0
7f78a4d3b000-7f78a4d3c000 r--p 00135000 fc:00 9446001                    /usr/lib/x86_64-linux-gnu/libX11.so.6.3.0
7f78a4d3c000-7f78a4d40000 rw-p 00136000 fc:00 9446001                    /usr/lib/x86_64-linux-gnu/libX11.so.6.3.0
7f78a4d40000-7f78a4d51000 r-xp 00000000 fc:00 9442521                    /usr/lib/x86_64-linux-gnu/libXext.so.6.4.0
7f78a4d51000-7f78a4f50000 ---p 00011000 fc:00 9442521                    /usr/lib/x86_64-linux-gnu/libXext.so.6.4.0
7f78a4f50000-7f78a4f51000 r--p 00010000 fc:00 9442521                    /usr/lib/x86_64-linux-gnu/libXext.so.6.4.0
7f78a4f51000-7f78a4f52000 rw-p 00011000 fc:00 9442521                    /usr/lib/x86_64-linux-gnu/libXext.so.6.4.0
7f78a4f56000-7f78a4f69000 r--s 00346000 fc:00 13893934                   /usr/lib/jvm/java-8-openjdk-amd64/jre/lib/resources.jar
7f78a4f69000-7f78a4fbe000 r-xp 00000000 fc:00 13893907                   /usr/lib/jvm/java-8-openjdk-amd64/jre/lib/amd64/libawt_xawt.so
7f78a4fbe000-7f78a51bd000 ---p 00055000 fc:00 13893907                   /usr/lib/jvm/java-8-openjdk-amd64/jre/lib/amd64/libawt_xawt.so
7f78a51bd000-7f78a51be000 r--p 00054000 fc:00 13893907                   /usr/lib/jvm/java-8-openjdk-amd64/jre/lib/amd64/libawt_xawt.so
7f78a51be000-7f78a51c1000 rw-p 00055000 fc:00 13893907                   /usr/lib/jvm/java-8-openjdk-amd64/jre/lib/amd64/libawt_xawt.so
7f78a51c1000-7f78a51c2000 rw-p 00000000 00:00 0 
7f78a51c2000-7f78a5262000 r-xp 00000000 fc:00 13893897                   /usr/lib/jvm/java-8-openjdk-amd64/jre/lib/amd64/libawt.so
7f78a5262000-7f78a5462000 ---p 000a0000 fc:00 13893897                   /usr/lib/jvm/java-8-openjdk-amd64/jre/lib/amd64/libawt.so
7f78a5462000-7f78a5463000 r--p 000a0000 fc:00 13893897                   /usr/lib/jvm/java-8-openjdk-amd64/jre/lib/amd64/libawt.so
7f78a5463000-7f78a546e000 rw-p 000a1000 fc:00 13893897                   /usr/lib/jvm/java-8-openjdk-amd64/jre/lib/amd64/libawt.so
7f78a546e000-7f78a5493000 rw-p 00000000 00:00 0 
7f78a5493000-7f78a5495000 r-xp 00000000 fc:00 6422563                    /tmp/jogamp_0000/file_cache/jln4796120241675407559/jln7363729456262062140/natives/linux-amd64/libgluegen-rt.so
7f78a5495000-7f78a5694000 ---p 00002000 fc:00 6422563                    /tmp/jogamp_0000/file_cache/jln4796120241675407559/jln7363729456262062140/natives/linux-amd64/libgluegen-rt.so
7f78a5694000-7f78a5695000 rw-p 00001000 fc:00 6422563                    /tmp/jogamp_0000/file_cache/jln4796120241675407559/jln7363729456262062140/natives/linux-amd64/libgluegen-rt.so
7f78a5695000-7f78a5698000 ---p 00000000 00:00 0 
7f78a5698000-7f78a5796000 rw-p 00000000 00:00 0 
7f78a5796000-7f78a57a7000 r-xp 00000000 fc:00 13893931                   /usr/lib/jvm/java-8-openjdk-amd64/jre/lib/amd64/libnio.so
7f78a57a7000-7f78a59a7000 ---p 00011000 fc:00 13893931                   /usr/lib/jvm/java-8-openjdk-amd64/jre/lib/amd64/libnio.so
7f78a59a7000-7f78a59a8000 r--p 00011000 fc:00 13893931                   /usr/lib/jvm/java-8-openjdk-amd64/jre/lib/amd64/libnio.so
7f78a59a8000-7f78a59a9000 rw-p 00012000 fc:00 13893931                   /usr/lib/jvm/java-8-openjdk-amd64/jre/lib/amd64/libnio.so
7f78a59a9000-7f78a59c0000 r-xp 00000000 fc:00 13893900                   /usr/lib/jvm/java-8-openjdk-amd64/jre/lib/amd64/libnet.so
7f78a59c0000-7f78a5bbf000 ---p 00017000 fc:00 13893900                   /usr/lib/jvm/java-8-openjdk-amd64/jre/lib/amd64/libnet.so
7f78a5bbf000-7f78a5bc0000 r--p 00016000 fc:00 13893900                   /usr/lib/jvm/java-8-openjdk-amd64/jre/lib/amd64/libnet.so
7f78a5bc0000-7f78a5bc1000 rw-p 00017000 fc:00 13893900                   /usr/lib/jvm/java-8-openjdk-amd64/jre/lib/amd64/libnet.so
7f78a5bc1000-7f78a5bc4000 ---p 00000000 00:00 0 
7f78a5bc4000-7f78a5bfa000 rw-p 00000000 00:00 0 
7f78a5bfa000-7f78a5bfb000 r--p 00000000 00:00 0 
7f78a5bfb000-7f78a5c00000 r--s 000a0000 fc:00 13893935                   /usr/lib/jvm/java-8-openjdk-amd64/jre/lib/jsse.jar
7f78a5c00000-7f78a5c06000 r--s 00081000 fc:00 17695093                   /home/brobz/.m2/repository/postgresql/postgresql/9.1-901-1.jdbc4/postgresql-9.1-901-1.jdbc4.jar
7f78a5c06000-7f78a5c08000 r--s 00001000 fc:00 17695088                   /home/brobz/.m2/repository/net/mikera/mathz/0.3.0/mathz-0.3.0.jar
7f78a5c08000-7f78a5c09000 r--s 00003000 fc:00 17695087                   /home/brobz/.m2/repository/net/mikera/randomz/0.3.0/randomz-0.3.0.jar
7f78a5c09000-7f78a5c0c000 r--s 00013000 fc:00 17695089                   /home/brobz/.m2/repository/us/bpsm/edn-java/0.4.7/edn-java-0.4.7.jar
7f78a5c0c000-7f78a5c14000 r--s 000a9000 fc:00 17695092                   /home/brobz/.m2/repository/net/mikera/vectorz/0.66.0/vectorz-0.66.0.jar
7f78a5c14000-7f78a5c15000 r--s 00001000 fc:00 17695082                   /home/brobz/.m2/repository/org/jogamp/gluegen/gluegen-rt/2.3.2/gluegen-rt-2.3.2-natives-windows-i586.jar
7f78a5c15000-7f78a5c16000 r--s 00001000 fc:00 17695081                   /home/brobz/.m2/repository/org/jogamp/gluegen/gluegen-rt/2.3.2/gluegen-rt-2.3.2-natives-windows-amd64.jar
7f78a5c16000-7f78a5c17000 r--s 00000000 fc:00 17695080                   /home/brobz/.m2/repository/org/jogamp/gluegen/gluegen-rt/2.3.2/gluegen-rt-2.3.2-natives-solaris-i586.jar
7f78a5c17000-7f78a5c18000 r--s 00001000 fc:00 17695076                   /home/brobz/.m2/repository/org/jogamp/gluegen/gluegen-rt/2.3.2/gluegen-rt-2.3.2-natives-solaris-amd64.jar
7f78a5c18000-7f78a5c19000 r--s 00001000 fc:00 17695075                   /home/brobz/.m2/repository/org/jogamp/gluegen/gluegen-rt/2.3.2/gluegen-rt-2.3.2-natives-macosx-universal.jar
7f78a5c19000-7f78a5c1b000 r--s 00000000 fc:00 17695074                   /home/brobz/.m2/repository/org/jogamp/gluegen/gluegen-rt/2.3.2/gluegen-rt-2.3.2-natives-linux-i586.jar
7f78a5c1b000-7f78a5c1c000 r--s 00000000 fc:00 17695070                   /home/brobz/.m2/repository/org/jogamp/gluegen/gluegen-rt/2.3.2/gluegen-rt-2.3.2-natives-linux-armv6hf.jar
7f78a5c1c000-7f78a5c1d000 r--s 00000000 fc:00 17695069                   /home/brobz/.m2/repository/org/jogamp/gluegen/gluegen-rt/2.3.2/gluegen-rt-2.3.2-natives-linux-armv6.jar
7f78a5c1d000-7f78a5c1f000 r--s 00000000 fc:00 17695063                   /home/brobz/.m2/repository/org/jogamp/gluegen/gluegen-rt/2.3.2/gluegen-rt-2.3.2-natives-linux-amd64.jar
7f78a5c1f000-7f78a5c20000 r--s 00001000 fc:00 17695065                   /home/brobz/.m2/repository/org/jogamp/gluegen/gluegen-rt/2.3.2/gluegen-rt-2.3.2-natives-android-armv6.jar
7f78a5c20000-7f78a5c21000 r--s 00000000 fc:00 17695064                   /home/brobz/.m2/repository/org/jogamp/gluegen/gluegen-rt/2.3.2/gluegen-rt-2.3.2-natives-android-aarch64.jar
7f78a5c21000-7f78a5c27000 r--s 0004f000 fc:00 17695073                   /home/brobz/.m2/repository/org/jogamp/gluegen/gluegen-rt/2.3.2/gluegen-rt-2.3.2.jar
7f78a5c27000-7f78a5c28000 r--s 00000000 fc:00 17694964                   /home/brobz/.m2/repository/org/jogamp/gluegen/gluegen-rt-main/2.3.2/gluegen-rt-main-2.3.2.jar
7f78a5c28000-7f78a5c2a000 r--s 0000c000 fc:00 17694962                   /home/brobz/.m2/repository/com/esotericsoftware/jsonbeans/0.7/jsonbeans-0.7.jar
7f78a5c2a000-7f78a5c2c000 r--s 00009000 fc:00 17694960                   /home/brobz/.m2/repository/org/objenesis/objenesis/2.1/objenesis-2.1.jar
7f78a5c2c000-7f78a5c2e000 r--s 00000000 fc:00 17694958                   /home/brobz/.m2/repository/com/esotericsoftware/minlog/minlog/1.2/minlog-1.2.jar
7f78a5c2e000-7f78a5c34000 r--s 0004d000 fc:00 17694956                   /home/brobz/.m2/repository/com/esotericsoftware/kryo/kryo/2.24.0/kryo-2.24.0.jar
7f78a5c34000-7f78a5c36000 r--s 00011000 fc:00 17694954                   /home/brobz/.m2/repository/com/esotericsoftware/kryonet/2.22.0-RC1/kryonet-2.22.0-RC1.jar
7f78a5c36000-7f78a5c38000 r--s 00032000 fc:00 17694953                   /home/brobz/.m2/repository/org/jogamp/jogl/jogl-all/2.3.2/jogl-all-2.3.2-natives-windows-i586.jar
7f78a5c38000-7f78a5c39000 r--s 0003a000 fc:00 17694951                   /home/brobz/.m2/repository/org/jogamp/jogl/jogl-all/2.3.2/jogl-all-2.3.2-natives-windows-amd64.jar
7f78a5c39000-7f78a5c3a000 r--s 00027000 fc:00 17694948                   /home/brobz/.m2/repository/org/jogamp/jogl/jogl-all/2.3.2/jogl-all-2.3.2-natives-solaris-i586.jar
7f78a5c3a000-7f78a5c3b000 r--s 00035000 fc:00 17694945                   /home/brobz/.m2/repository/org/jogamp/jogl/jogl-all/2.3.2/jogl-all-2.3.2-natives-solaris-amd64.jar
7f78a5c3b000-7f78a5c3c000 r--s 0006c000 fc:00 17694946                   /home/brobz/.m2/repository/org/jogamp/jogl/jogl-all/2.3.2/jogl-all-2.3.2-natives-macosx-universal.jar
7f78a5c3c000-7f78a5c3e000 r--s 00034000 fc:00 17694941                   /home/brobz/.m2/repository/org/jogamp/jogl/jogl-all/2.3.2/jogl-all-2.3.2-natives-linux-i586.jar
7f78a5c3e000-7f78a5c62000 r--s 0031e000 fc:00 17695059                   /home/brobz/.m2/repository/org/jogamp/jogl/jogl-all/2.3.2/jogl-all-2.3.2.jar
7f78a5c62000-7f78a5c7d000 r--s 001d6000 fc:00 13893872                   /usr/lib/jvm/java-8-openjdk-amd64/jre/lib/ext/nashorn.jar
7f78a5c7d000-7f78a5c7e000 ---p 00000000 00:00 0 
7f78a5c7e000-7f78a5d7e000 rw-p 00000000 00:00 0 
7f78a5d7e000-7f78a5d81000 ---p 00000000 00:00 0 
7f78a5d81000-7f78a5e7f000 rw-p 00000000 00:00 0 
7f78a5e7f000-7f78a5e82000 ---p 00000000 00:00 0 
7f78a5e82000-7f78a5f80000 rw-p 00000000 00:00 0 
7f78a5f80000-7f78a5f83000 ---p 00000000 00:00 0 
7f78a5f83000-7f78a6081000 rw-p 00000000 00:00 0 
7f78a6081000-7f78a6084000 ---p 00000000 00:00 0 
7f78a6084000-7f78a6182000 rw-p 00000000 00:00 0 
7f78a6182000-7f78a6185000 ---p 00000000 00:00 0 
7f78a6185000-7f78a6283000 rw-p 00000000 00:00 0 
7f78a6283000-7f78a668c000 r--p 00000000 fc:00 9445250                    /usr/lib/locale/locale-archive
7f78a668c000-7f78a668f000 ---p 00000000 00:00 0 
7f78a668f000-7f78a678d000 rw-p 00000000 00:00 0 
7f78a678d000-7f78a6790000 ---p 00000000 00:00 0 
7f78a6790000-7f78a688e000 rw-p 00000000 00:00 0 
7f78a688e000-7f78a688f000 ---p 00000000 00:00 0 
7f78a688f000-7f78a8000000 rw-p 00000000 00:00 0 
7f78a8000000-7f78a8021000 rw-p 00000000 00:00 0 
7f78a8021000-7f78ac000000 ---p 00000000 00:00 0 
7f78ac000000-7f78ac01b000 r--s 00394000 fc:00 13893878                   /usr/lib/jvm/java-8-openjdk-amd64/jre/lib/ext/cldrdata.jar
7f78ac01b000-7f78ac13d000 rw-p 00000000 00:00 0 
7f78ac13d000-7f78ac30c000 r--s 03c33000 fc:00 13893892                   /usr/lib/jvm/java-8-openjdk-amd64/jre/lib/rt.jar
7f78ac30c000-7f78ac4da000 rw-p 00000000 00:00 0 
7f78ac4da000-7f78ac4db000 ---p 00000000 00:00 0 
7f78ac4db000-7f78ac5db000 rw-p 00000000 00:00 0 
7f78ac5db000-7f78ac5dc000 ---p 00000000 00:00 0 
7f78ac5dc000-7f78ac6dc000 rw-p 00000000 00:00 0 
7f78ac6dc000-7f78ac6dd000 ---p 00000000 00:00 0 
7f78ac6dd000-7f78ac7dd000 rw-p 00000000 00:00 0 
7f78ac7dd000-7f78ac7de000 ---p 00000000 00:00 0 
7f78ac7de000-7f78ac94c000 rw-p 00000000 00:00 0 
7f78ac94c000-7f78ac9c3000 ---p 00000000 00:00 0 
7f78ac9c3000-7f78ac9e8000 rw-p 00000000 00:00 0 
7f78ac9e8000-7f78aca36000 ---p 00000000 00:00 0 
7f78aca36000-7f78aca48000 rw-p 00000000 00:00 0 
7f78aca48000-7f78acdf7000 ---p 00000000 00:00 0 
7f78acdf7000-7f78ad227000 rwxp 00000000 00:00 0 
7f78ad227000-7f78bbdf7000 ---p 00000000 00:00 0 
7f78bbdf7000-7f78bbdff000 r-xp 00000000 fc:00 13893910                   /usr/lib/jvm/java-8-openjdk-amd64/jre/lib/amd64/libzip.so
7f78bbdff000-7f78bbffe000 ---p 00008000 fc:00 13893910                   /usr/lib/jvm/java-8-openjdk-amd64/jre/lib/amd64/libzip.so
7f78bbffe000-7f78bbfff000 r--p 00007000 fc:00 13893910                   /usr/lib/jvm/java-8-openjdk-amd64/jre/lib/amd64/libzip.so
7f78bbfff000-7f78bc000000 rw-p 00008000 fc:00 13893910                   /usr/lib/jvm/java-8-openjdk-amd64/jre/lib/amd64/libzip.so
7f78bc000000-7f78bc8aa000 rw-p 00000000 00:00 0 
7f78bc8aa000-7f78c0000000 ---p 00000000 00:00 0 
7f78c0000000-7f78c0001000 r--s 00028000 fc:00 17694943                   /home/brobz/.m2/repository/org/jogamp/jogl/jogl-all/2.3.2/jogl-all-2.3.2-natives-linux-armv6hf.jar
7f78c0001000-7f78c0002000 r--s 00027000 fc:00 17694938                   /home/brobz/.m2/repository/org/jogamp/jogl/jogl-all/2.3.2/jogl-all-2.3.2-natives-linux-armv6.jar
7f78c0002000-7f78c0008000 r--s 0003b000 fc:00 13893879                   /usr/lib/jvm/java-8-openjdk-amd64/jre/lib/ext/sunjce_provider.jar
7f78c0008000-7f78c0012000 r--s 00116000 fc:00 13893881                   /usr/lib/jvm/java-8-openjdk-amd64/jre/lib/ext/localedata.jar
7f78c0012000-7f78c00a1000 rw-p 00000000 00:00 0 
7f78c00a1000-7f78c0119000 ---p 00000000 00:00 0 
7f78c0119000-7f78c0124000 r-xp 00000000 fc:00 8257717                    /lib/x86_64-linux-gnu/libnss_files-2.23.so
7f78c0124000-7f78c0323000 ---p 0000b000 fc:00 8257717                    /lib/x86_64-linux-gnu/libnss_files-2.23.so
7f78c0323000-7f78c0324000 r--p 0000a000 fc:00 8257717                    /lib/x86_64-linux-gnu/libnss_files-2.23.so
7f78c0324000-7f78c0325000 rw-p 0000b000 fc:00 8257717                    /lib/x86_64-linux-gnu/libnss_files-2.23.so
7f78c0325000-7f78c032b000 rw-p 00000000 00:00 0 
7f78c032b000-7f78c0336000 r-xp 00000000 fc:00 8257710                    /lib/x86_64-linux-gnu/libnss_nis-2.23.so
7f78c0336000-7f78c0535000 ---p 0000b000 fc:00 8257710                    /lib/x86_64-linux-gnu/libnss_nis-2.23.so
7f78c0535000-7f78c0536000 r--p 0000a000 fc:00 8257710                    /lib/x86_64-linux-gnu/libnss_nis-2.23.so
7f78c0536000-7f78c0537000 rw-p 0000b000 fc:00 8257710                    /lib/x86_64-linux-gnu/libnss_nis-2.23.so
7f78c0537000-7f78c054d000 r-xp 00000000 fc:00 8257715                    /lib/x86_64-linux-gnu/libnsl-2.23.so
7f78c054d000-7f78c074c000 ---p 00016000 fc:00 8257715                    /lib/x86_64-linux-gnu/libnsl-2.23.so
7f78c074c000-7f78c074d000 r--p 00015000 fc:00 8257715                    /lib/x86_64-linux-gnu/libnsl-2.23.so
7f78c074d000-7f78c074e000 rw-p 00016000 fc:00 8257715                    /lib/x86_64-linux-gnu/libnsl-2.23.so
7f78c074e000-7f78c0750000 rw-p 00000000 00:00 0 
7f78c0750000-7f78c0758000 r-xp 00000000 fc:00 8257721                    /lib/x86_64-linux-gnu/libnss_compat-2.23.so
7f78c0758000-7f78c0957000 ---p 00008000 fc:00 8257721                    /lib/x86_64-linux-gnu/libnss_compat-2.23.so
7f78c0957000-7f78c0958000 r--p 00007000 fc:00 8257721                    /lib/x86_64-linux-gnu/libnss_compat-2.23.so
7f78c0958000-7f78c0959000 rw-p 00008000 fc:00 8257721                    /lib/x86_64-linux-gnu/libnss_compat-2.23.so
7f78c0959000-7f78c0986000 r-xp 00000000 fc:00 13893914                   /usr/lib/jvm/java-8-openjdk-amd64/jre/lib/amd64/libjava.so
7f78c0986000-7f78c0b85000 ---p 0002d000 fc:00 13893914                   /usr/lib/jvm/java-8-openjdk-amd64/jre/lib/amd64/libjava.so
7f78c0b85000-7f78c0b86000 r--p 0002c000 fc:00 13893914                   /usr/lib/jvm/java-8-openjdk-amd64/jre/lib/amd64/libjava.so
7f78c0b86000-7f78c0b88000 rw-p 0002d000 fc:00 13893914                   /usr/lib/jvm/java-8-openjdk-amd64/jre/lib/amd64/libjava.so
7f78c0b88000-7f78c0b97000 r-xp 00000000 fc:00 13893919                   /usr/lib/jvm/java-8-openjdk-amd64/jre/lib/amd64/libverify.so
7f78c0b97000-7f78c0d96000 ---p 0000f000 fc:00 13893919                   /usr/lib/jvm/java-8-openjdk-amd64/jre/lib/amd64/libverify.so
7f78c0d96000-7f78c0d98000 r--p 0000e000 fc:00 13893919                   /usr/lib/jvm/java-8-openjdk-amd64/jre/lib/amd64/libverify.so
7f78c0d98000-7f78c0d99000 rw-p 00010000 fc:00 13893919                   /usr/lib/jvm/java-8-openjdk-amd64/jre/lib/amd64/libverify.so
7f78c0d99000-7f78c0da0000 r-xp 00000000 fc:00 8257703                    /lib/x86_64-linux-gnu/librt-2.23.so
7f78c0da0000-7f78c0f9f000 ---p 00007000 fc:00 8257703                    /lib/x86_64-linux-gnu/librt-2.23.so
7f78c0f9f000-7f78c0fa0000 r--p 00006000 fc:00 8257703                    /lib/x86_64-linux-gnu/librt-2.23.so
7f78c0fa0000-7f78c0fa1000 rw-p 00007000 fc:00 8257703                    /lib/x86_64-linux-gnu/librt-2.23.so
7f78c0fa1000-7f78c0fb7000 r-xp 00000000 fc:00 8257739                    /lib/x86_64-linux-gnu/libgcc_s.so.1
7f78c0fb7000-7f78c11b6000 ---p 00016000 fc:00 8257739                    /lib/x86_64-linux-gnu/libgcc_s.so.1
7f78c11b6000-7f78c11b7000 rw-p 00015000 fc:00 8257739                    /lib/x86_64-linux-gnu/libgcc_s.so.1
7f78c11b7000-7f78c12bf000 r-xp 00000000 fc:00 8257723                    /lib/x86_64-linux-gnu/libm-2.23.so
7f78c12bf000-7f78c14be000 ---p 00108000 fc:00 8257723                    /lib/x86_64-linux-gnu/libm-2.23.so
7f78c14be000-7f78c14bf000 r--p 00107000 fc:00 8257723                    /lib/x86_64-linux-gnu/libm-2.23.so
7f78c14bf000-7f78c14c0000 rw-p 00108000 fc:00 8257723                    /lib/x86_64-linux-gnu/libm-2.23.so
7f78c14c0000-7f78c1632000 r-xp 00000000 fc:00 9439213                    /usr/lib/x86_64-linux-gnu/libstdc++.so.6.0.21
7f78c1632000-7f78c1832000 ---p 00172000 fc:00 9439213                    /usr/lib/x86_64-linux-gnu/libstdc++.so.6.0.21
7f78c1832000-7f78c183c000 r--p 00172000 fc:00 9439213                    /usr/lib/x86_64-linux-gnu/libstdc++.so.6.0.21
7f78c183c000-7f78c183e000 rw-p 0017c000 fc:00 9439213                    /usr/lib/x86_64-linux-gnu/libstdc++.so.6.0.21
7f78c183e000-7f78c1842000 rw-p 00000000 00:00 0 
7f78c1842000-7f78c24a3000 r-xp 00000000 fc:00 13893925                   /usr/lib/jvm/java-8-openjdk-amd64/jre/lib/amd64/server/libjvm.so
7f78c24a3000-7f78c26a3000 ---p 00c61000 fc:00 13893925                   /usr/lib/jvm/java-8-openjdk-amd64/jre/lib/amd64/server/libjvm.so
7f78c26a3000-7f78c2737000 r--p 00c61000 fc:00 13893925                   /usr/lib/jvm/java-8-openjdk-amd64/jre/lib/amd64/server/libjvm.so
7f78c2737000-7f78c2760000 rw-p 00cf5000 fc:00 13893925                   /usr/lib/jvm/java-8-openjdk-amd64/jre/lib/amd64/server/libjvm.so
7f78c2760000-7f78c2790000 rw-p 00000000 00:00 0 
7f78c2790000-7f78c27a8000 r-xp 00000000 fc:00 8257707                    /lib/x86_64-linux-gnu/libpthread-2.23.so
7f78c27a8000-7f78c29a7000 ---p 00018000 fc:00 8257707                    /lib/x86_64-linux-gnu/libpthread-2.23.so
7f78c29a7000-7f78c29a8000 r--p 00017000 fc:00 8257707                    /lib/x86_64-linux-gnu/libpthread-2.23.so
7f78c29a8000-7f78c29a9000 rw-p 00018000 fc:00 8257707                    /lib/x86_64-linux-gnu/libpthread-2.23.so
7f78c29a9000-7f78c29ad000 rw-p 00000000 00:00 0 
7f78c29ad000-7f78c29b0000 r-xp 00000000 fc:00 8257705                    /lib/x86_64-linux-gnu/libdl-2.23.so
7f78c29b0000-7f78c2baf000 ---p 00003000 fc:00 8257705                    /lib/x86_64-linux-gnu/libdl-2.23.so
7f78c2baf000-7f78c2bb0000 r--p 00002000 fc:00 8257705                    /lib/x86_64-linux-gnu/libdl-2.23.so
7f78c2bb0000-7f78c2bb1000 rw-p 00003000 fc:00 8257705                    /lib/x86_64-linux-gnu/libdl-2.23.so
7f78c2bb1000-7f78c2bca000 r-xp 00000000 fc:00 8257743                    /lib/x86_64-linux-gnu/libz.so.1.2.8
7f78c2bca000-7f78c2dc9000 ---p 00019000 fc:00 8257743                    /lib/x86_64-linux-gnu/libz.so.1.2.8
7f78c2dc9000-7f78c2dca000 r--p 00018000 fc:00 8257743                    /lib/x86_64-linux-gnu/libz.so.1.2.8
7f78c2dca000-7f78c2dcb000 rw-p 00019000 fc:00 8257743                    /lib/x86_64-linux-gnu/libz.so.1.2.8
7f78c2dcb000-7f78c2f8b000 r-xp 00000000 fc:00 8257720                    /lib/x86_64-linux-gnu/libc-2.23.so
7f78c2f8b000-7f78c318b000 ---p 001c0000 fc:00 8257720                    /lib/x86_64-linux-gnu/libc-2.23.so
7f78c318b000-7f78c318f000 r--p 001c0000 fc:00 8257720                    /lib/x86_64-linux-gnu/libc-2.23.so
7f78c318f000-7f78c3191000 rw-p 001c4000 fc:00 8257720                    /lib/x86_64-linux-gnu/libc-2.23.so
7f78c3191000-7f78c3195000 rw-p 00000000 00:00 0 
7f78c3195000-7f78c31a2000 r-xp 00000000 fc:00 13893916                   /usr/lib/jvm/java-8-openjdk-amd64/jre/lib/amd64/jli/libjli.so
7f78c31a2000-7f78c33a2000 ---p 0000d000 fc:00 13893916                   /usr/lib/jvm/java-8-openjdk-amd64/jre/lib/amd64/jli/libjli.so
7f78c33a2000-7f78c33a3000 r--p 0000d000 fc:00 13893916                   /usr/lib/jvm/java-8-openjdk-amd64/jre/lib/amd64/jli/libjli.so
7f78c33a3000-7f78c33a4000 rw-p 0000e000 fc:00 13893916                   /usr/lib/jvm/java-8-openjdk-amd64/jre/lib/amd64/jli/libjli.so
7f78c33a4000-7f78c33ca000 r-xp 00000000 fc:00 8257706                    /lib/x86_64-linux-gnu/ld-2.23.so
7f78c33ca000-7f78c33cb000 r--s 00036000 fc:00 17694937                   /home/brobz/.m2/repository/org/jogamp/jogl/jogl-all/2.3.2/jogl-all-2.3.2-natives-linux-amd64.jar
7f78c33cb000-7f78c33cc000 r--s 0000f000 fc:00 17694934                   /home/brobz/.m2/repository/org/jogamp/jogl/jogl-all/2.3.2/jogl-all-2.3.2-natives-android-armv6.jar
7f78c33cc000-7f78c33cd000 r--s 0000f000 fc:00 17694936                   /home/brobz/.m2/repository/org/jogamp/jogl/jogl-all/2.3.2/jogl-all-2.3.2-natives-android-aarch64.jar
7f78c33cd000-7f78c34ac000 rw-p 00000000 00:00 0 
7f78c34ac000-7f78c34af000 ---p 00000000 00:00 0 
7f78c34af000-7f78c35b1000 rw-p 00000000 00:00 0 
7f78c35b1000-7f78c35b2000 r--s 00000000 fc:00 17694933                   /home/brobz/.m2/repository/org/jogamp/jogl/jogl-all-main/2.3.2/jogl-all-main-2.3.2.jar
7f78c35b2000-7f78c35b3000 r--s 0000a000 fc:00 13893877                   /usr/lib/jvm/java-8-openjdk-amd64/jre/lib/ext/jaccess.jar
7f78c35b3000-7f78c35b5000 r--s 00001000 fc:00 13893876                   /usr/lib/jvm/java-8-openjdk-amd64/jre/lib/ext/dnsns.jar
7f78c35b5000-7f78c35b8000 r--s 00038000 fc:00 13893873                   /usr/lib/jvm/java-8-openjdk-amd64/jre/lib/ext/sunpkcs11.jar
7f78c35b8000-7f78c35bb000 r--s 0000f000 fc:00 13893880                   /usr/lib/jvm/java-8-openjdk-amd64/jre/lib/ext/icedtea-sound.jar
7f78c35bb000-7f78c35bd000 r--s 00008000 fc:00 13893874                   /usr/lib/jvm/java-8-openjdk-amd64/jre/lib/ext/sunec.jar
7f78c35bd000-7f78c35be000 r--s 00010000 fc:00 13893875                   /usr/lib/jvm/java-8-openjdk-amd64/jre/lib/ext/zipfs.jar
7f78c35be000-7f78c35c6000 rw-s 00000000 fc:00 6422557                    /tmp/hsperfdata_brobz/2932
7f78c35c6000-7f78c35c7000 rw-p 00000000 00:00 0 
7f78c35c7000-7f78c35c8000 r--p 00000000 00:00 0 
7f78c35c8000-7f78c35c9000 rw-p 00000000 00:00 0 
7f78c35c9000-7f78c35ca000 r--p 00025000 fc:00 8257706                    /lib/x86_64-linux-gnu/ld-2.23.so
7f78c35ca000-7f78c35cb000 rw-p 00026000 fc:00 8257706                    /lib/x86_64-linux-gnu/ld-2.23.so
7f78c35cb000-7f78c35cc000 rw-p 00000000 00:00 0 
7ffe858ca000-7ffe858ec000 rw-p 00000000 00:00 0                          [stack]
7ffe85924000-7ffe85927000 r--p 00000000 00:00 0                          [vvar]
7ffe85927000-7ffe85929000 r-xp 00000000 00:00 0                          [vdso]
ffffffffff600000-ffffffffff601000 r-xp 00000000 00:00 0                  [vsyscall]

VM Arguments:
java_command: com.BitJunkies.RTS.src.Game
java_class_path (initial): /home/brobz/Desktop/rts/target/classes:/home/brobz/.m2/repository/org/jogamp/jogl/jogl-all-main/2.3.2/jogl-all-main-2.3.2.jar:/home/brobz/.m2/repository/org/jogamp/jogl/jogl-all/2.3.2/jogl-all-2.3.2.jar:/home/brobz/.m2/repository/org/jogamp/jogl/jogl-all/2.3.2/jogl-all-2.3.2-natives-android-aarch64.jar:/home/brobz/.m2/repository/org/jogamp/jogl/jogl-all/2.3.2/jogl-all-2.3.2-natives-android-armv6.jar:/home/brobz/.m2/repository/org/jogamp/jogl/jogl-all/2.3.2/jogl-all-2.3.2-natives-linux-amd64.jar:/home/brobz/.m2/repository/org/jogamp/jogl/jogl-all/2.3.2/jogl-all-2.3.2-natives-linux-armv6.jar:/home/brobz/.m2/repository/org/jogamp/jogl/jogl-all/2.3.2/jogl-all-2.3.2-natives-linux-armv6hf.jar:/home/brobz/.m2/repository/org/jogamp/jogl/jogl-all/2.3.2/jogl-all-2.3.2-natives-linux-i586.jar:/home/brobz/.m2/repository/org/jogamp/jogl/jogl-all/2.3.2/jogl-all-2.3.2-natives-macosx-universal.jar:/home/brobz/.m2/repository/org/jogamp/jogl/jogl-all/2.3.2/jogl-all-2.3.2-natives-solaris-amd64.jar:/home/brobz/.m2/repository/org/jogamp/jogl/jogl-all/2.3.2/jogl-all-2.3.2-natives-solaris-i586.jar:/home/brobz/.m2/repository/org/jogamp/jogl/jogl-all/2.3.2/jogl-all-2.3.2-natives-windows-amd64.jar:/home/brobz/.m2/repository/org/jogamp/jogl/jogl-all/2.3.2/jogl-all-2.3.2-natives-windows-i586.jar:/home/brobz/.m2/repository/com/esotericsoftware/kryonet/2.22.0-RC1/kryonet-2.22.0-RC1.jar:/home/brobz/.m2/repository/com/esotericsoftware/kryo/kryo/2.24.0/kryo-2.24.0.jar:/home/brobz/.m2/repository/com/esotericsoftware/minlog/minlog/1.2/minlog-1.2.jar:/home/brobz/.m2/repository/org/objenesis/objenesis/2.1/objenesis-2.1.jar:/home/brobz/.m2/repository/com/esotericsoftware/jsonbeans/0.7/jsonbeans-0.7.jar:/home/brobz/.m2/repository/org/jogamp/gluegen/gluegen-rt-main/2.3.2/gluegen-rt-main-2.3.2.jar:/home/brobz/.m2/repository/org/jogamp/gluegen/gluegen-rt/2.3.2/gluegen-rt-2.3.2.jar:/home/brobz/.m2/repository/org/jogamp/gluegen/gluegen-rt/2.3.2/gluegen-rt-2.3.2-natives-android-aarc
Launcher Type: SUN_STANDARD

Environment Variables:
JAVA_HOME=/usr/lib/jvm/java-8-openjdk-amd64
PATH=/usr/local/sbin:/usr/local/bin:/usr/sbin:/usr/bin:/sbin:/bin:/usr/games:/usr/local/games:/snap/bin
LD_LIBRARY_PATH=/usr/lib/jvm/java-8-openjdk-amd64/jre/lib/amd64:/usr/lib/jvm/java-8-openjdk-amd64/jre/lib/i386:
SHELL=/bin/bash
DISPLAY=:0.0

Signal Handlers:
SIGSEGV: [libjvm.so+0xa74ca0], sa_mask[0]=11111111011111111101111111111110, sa_flags=SA_RESTART|SA_SIGINFO
SIGBUS: [libjvm.so+0xa74ca0], sa_mask[0]=11111111011111111101111111111110, sa_flags=SA_RESTART|SA_SIGINFO
SIGFPE: [libjvm.so+0x8bbcf0], sa_mask[0]=11111111011111111101111111111110, sa_flags=SA_RESTART|SA_SIGINFO
SIGPIPE: [libjvm.so+0x8bbcf0], sa_mask[0]=11111111011111111101111111111110, sa_flags=SA_RESTART|SA_SIGINFO
SIGXFSZ: [libjvm.so+0x8bbcf0], sa_mask[0]=11111111011111111101111111111110, sa_flags=SA_RESTART|SA_SIGINFO
SIGILL: [libjvm.so+0x8bbcf0], sa_mask[0]=11111111011111111101111111111110, sa_flags=SA_RESTART|SA_SIGINFO
SIGUSR1: SIG_DFL, sa_mask[0]=00000000000000000000000000000000, sa_flags=none
SIGUSR2: [libjvm.so+0x8bbba0], sa_mask[0]=00100000000000000000000000000000, sa_flags=SA_RESTART|SA_SIGINFO
SIGHUP: [libjvm.so+0x8bc230], sa_mask[0]=11111111011111111101111111111110, sa_flags=SA_RESTART|SA_SIGINFO
SIGINT: SIG_IGN, sa_mask[0]=00000000000000000000000000000000, sa_flags=none
SIGTERM: [libjvm.so+0x8bc230], sa_mask[0]=11111111011111111101111111111110, sa_flags=SA_RESTART|SA_SIGINFO
SIGQUIT: [libjvm.so+0x8bc230], sa_mask[0]=11111111011111111101111111111110, sa_flags=SA_RESTART|SA_SIGINFO


---------------  S Y S T E M  ---------------

OS:DISTRIB_ID=Ubuntu
DISTRIB_RELEASE=16.04
DISTRIB_CODENAME=xenial
DISTRIB_DESCRIPTION="Ubuntu 16.04.6 LTS"

uname:Linux 4.4.0-146-generic #172-Ubuntu SMP Wed Apr 3 09:00:08 UTC 2019 x86_64
libc:glibc 2.23 NPTL 2.23 
rlimit: STACK 8192k, CORE 0k, NPROC 10815, NOFILE 1048576, AS infinity
load average:0.86 0.50 0.68

/proc/meminfo:
MemTotal:        2812364 kB
MemFree:         1482956 kB
MemAvailable:    1495884 kB
Buffers:           20920 kB
Cached:           140236 kB
SwapCached:          208 kB
Active:          1170228 kB
Inactive:          56416 kB
Active(anon):    1077600 kB
Inactive(anon):    14512 kB
Active(file):      92628 kB
Inactive(file):    41904 kB
Unevictable:          64 kB
Mlocked:              64 kB
SwapTotal:       2871292 kB
SwapFree:        2862532 kB
Dirty:              1772 kB
Writeback:             0 kB
AnonPages:       1065876 kB
Mapped:            73052 kB
Shmem:             26320 kB
Slab:              52180 kB
SReclaimable:      26072 kB
SUnreclaim:        26108 kB
KernelStack:        5360 kB
PageTables:        15112 kB
NFS_Unstable:          0 kB
Bounce:                0 kB
WritebackTmp:          0 kB
CommitLimit:     4277472 kB
Committed_AS:    2572876 kB
VmallocTotal:   34359738367 kB
VmallocUsed:           0 kB
VmallocChunk:          0 kB
HardwareCorrupted:     0 kB
AnonHugePages:         0 kB
CmaTotal:              0 kB
CmaFree:               0 kB
HugePages_Total:       0
HugePages_Free:        0
HugePages_Rsvd:        0
HugePages_Surp:        0
Hugepagesize:       2048 kB
DirectMap4k:       74960 kB
DirectMap2M:     2799616 kB

container (cgroup) information:
container_type: cgroupv1
cpu_cpuset_cpus: 0-3
cpu_memory_nodes: 0
active_processor_count: 4
cpu_quota: -1
cpu_period: 100000
cpu_shares: -1
memory_limit_in_bytes: -1
memory_and_swap_limit_in_bytes: -2
memory_soft_limit_in_bytes: -1
memory_usage_in_bytes: 1256886272
memory_max_usage_in_bytes: 0


CPU:total 4 (initial active 4) (2 cores per cpu, 2 threads per core) family 6 model 37 stepping 5, cmov, cx8, fxsr, mmx, sse, sse2, sse3, ssse3, sse4.1, sse4.2, popcnt, ht, tsc, tscinvbit

/proc/cpuinfo:
processor	: 0
vendor_id	: GenuineIntel
cpu family	: 6
model		: 37
model name	: Intel(R) Core(TM) i3 CPU       M 380  @ 2.53GHz
stepping	: 5
microcode	: 0x7
cpu MHz		: 2533.000
cache size	: 3072 KB
physical id	: 0
siblings	: 4
core id		: 0
cpu cores	: 2
apicid		: 0
initial apicid	: 0
fpu		: yes
fpu_exception	: yes
cpuid level	: 11
wp		: yes
flags		: fpu vme de pse tsc msr pae mce cx8 apic sep mtrr pge mca cmov pat pse36 clflush dts acpi mmx fxsr sse sse2 ss ht tm pbe syscall nx rdtscp lm constant_tsc arch_perfmon pebs bts rep_good nopl xtopology nonstop_tsc aperfmperf pni dtes64 monitor ds_cpl vmx est tm2 ssse3 cx16 xtpr pdcm pcid sse4_1 sse4_2 popcnt lahf_lm ssbd ibrs ibpb stibp kaiser tpr_shadow vnmi flexpriority ept vpid dtherm arat flush_l1d
bugs		: cpu_meltdown spectre_v1 spectre_v2 spec_store_bypass l1tf
bogomips	: 5054.01
clflush size	: 64
cache_alignment	: 64
address sizes	: 36 bits physical, 48 bits virtual
power management:

processor	: 1
vendor_id	: GenuineIntel
cpu family	: 6
model		: 37
model name	: Intel(R) Core(TM) i3 CPU       M 380  @ 2.53GHz
stepping	: 5
microcode	: 0x7
cpu MHz		: 2533.000
cache size	: 3072 KB
physical id	: 0
siblings	: 4
core id		: 0
cpu cores	: 2
apicid		: 1
initial apicid	: 1
fpu		: yes
fpu_exception	: yes
cpuid level	: 11
wp		: yes
flags		: fpu vme de pse tsc msr pae mce cx8 apic sep mtrr pge mca cmov pat pse36 clflush dts acpi mmx fxsr sse sse2 ss ht tm pbe syscall nx rdtscp lm constant_tsc arch_perfmon pebs bts rep_good nopl xtopology nonstop_tsc aperfmperf pni dtes64 monitor ds_cpl vmx est tm2 ssse3 cx16 xtpr pdcm pcid sse4_1 sse4_2 popcnt lahf_lm ssbd ibrs ibpb stibp kaiser tpr_shadow vnmi flexpriority ept vpid dtherm arat flush_l1d
bugs		: cpu_meltdown spectre_v1 spectre_v2 spec_store_bypass l1tf
bogomips	: 5054.01
clflush size	: 64
cache_alignment	: 64
address sizes	: 36 bits physical, 48 bits virtual
power management:

processor	: 2
vendor_id	: GenuineIntel
cpu family	: 6
model		: 37
model name	: Intel(R) Core(TM) i3 CPU       M 380  @ 2.53GHz
stepping	: 5
microcode	: 0x7
cpu MHz		: 2533.000
cache size	: 3072 KB
physical id	: 0
siblings	: 4
core id		: 2
cpu cores	: 2
apicid		: 4
initial apicid	: 4
fpu		: yes
fpu_exception	: yes
cpuid level	: 11
wp		: yes
flags		: fpu vme de pse tsc msr pae mce cx8 apic sep mtrr pge mca cmov pat pse36 clflush dts acpi mmx fxsr sse sse2 ss ht tm pbe syscall nx rdtscp lm constant_tsc arch_perfmon pebs bts rep_good nopl xtopology nonstop_tsc aperfmperf pni dtes64 monitor ds_cpl vmx est tm2 ssse3 cx16 xtpr pdcm pcid sse4_1 sse4_2 popcnt lahf_lm ssbd ibrs ibpb stibp kaiser tpr_shadow vnmi flexpriority ept vpid dtherm arat flush_l1d
bugs		: cpu_meltdown spectre_v1 spectre_v2 spec_store_bypass l1tf
bogomips	: 5054.01
clflush size	: 64
cache_alignment	: 64
address sizes	: 36 bits physical, 48 bits virtual
power management:

processor	: 3
vendor_id	: GenuineIntel
cpu family	: 6
model		: 37
model name	: Intel(R) Core(TM) i3 CPU       M 380  @ 2.53GHz
stepping	: 5
microcode	: 0x7
cpu MHz		: 2399.000
cache size	: 3072 KB
physical id	: 0
siblings	: 4
core id		: 2
cpu cores	: 2
apicid		: 5
initial apicid	: 5
fpu		: yes
fpu_exception	: yes
cpuid level	: 11
wp		: yes
flags		: fpu vme de pse tsc msr pae mce cx8 apic sep mtrr pge mca cmov pat pse36 clflush dts acpi mmx fxsr sse sse2 ss ht tm pbe syscall nx rdtscp lm constant_tsc arch_perfmon pebs bts rep_good nopl xtopology nonstop_tsc aperfmperf pni dtes64 monitor ds_cpl vmx est tm2 ssse3 cx16 xtpr pdcm pcid sse4_1 sse4_2 popcnt lahf_lm ssbd ibrs ibpb stibp kaiser tpr_shadow vnmi flexpriority ept vpid dtherm arat flush_l1d
bugs		: cpu_meltdown spectre_v1 spectre_v2 spec_store_bypass l1tf
bogomips	: 5054.01
clflush size	: 64
cache_alignment	: 64
address sizes	: 36 bits physical, 48 bits virtual
power management:



Memory: 4k page, physical 2812364k(1482956k free), swap 2871292k(2862532k free)

vm_info: OpenJDK 64-Bit Server VM (25.191-b12) for linux-amd64 JRE (1.8.0_191-8u191-b12-2ubuntu0.16.04.1-b12), built on Jan 14 2019 21:59:52 by "buildd" with gcc 5.4.0 20160609

time: Thu May  2 11:02:52 2019
elapsed time: 11 seconds (0d 0h 0m 11s)

