#
# A fatal error has been detected by the Java Runtime Environment:
#
#  SIGSEGV (0xb) at pc=0x00007f1e6f023360, pid=28713, tid=0x00007f1e6d8ce700
#
# JRE version: OpenJDK Runtime Environment (8.0_191-b12) (build 1.8.0_191-8u191-b12-2ubuntu0.16.04.1-b12)
# Java VM: OpenJDK 64-Bit Server VM (25.191-b12 mixed mode linux-amd64 compressed oops)
# Problematic frame:
# C  [libxcb.so.1+0xa360]  xcb_writev+0x0
#
# Failed to write core dump. Core dumps have been disabled. To enable core dumping, try "ulimit -c unlimited" before starting Java again
#
# If you would like to submit a bug report, please visit:
#   http://bugreport.java.com/bugreport/crash.jsp
# The crash happened outside the Java Virtual Machine in native code.
# See problematic frame for where to report the bug.
#

---------------  T H R E A D  ---------------

Current thread (0x00007f1ec08c6000):  JavaThread "main-Display-.x11_:0.0-1-EDT-1" daemon [_thread_in_native, id=28744, stack(0x00007f1e6d7ce000,0x00007f1e6d8cf000)]

siginfo: si_signo: 11 (SIGSEGV), si_code: 1 (SEGV_MAPERR), si_addr: 0x0000000000000000

Registers:
RAX=0x00007f1e6fb946e4, RBX=0x0000000000000000, RCX=0x0000000000000003, RDX=0x0000000000000003
RSP=0x00007f1e6d8cd4c8, RBP=0x0000000000000000, RSI=0x00007f1e6d8cd4e0, RDI=0x0000000000000000
R8 =0x00007f1e6d28b248, R9 =0x0000000000000006, R10=0x0000000000000005, R11=0x00007f1eb06ae0e0
R12=0x00007f1e6d8cd4e0, R13=0x00007f1e6d2761f0, R14=0x00007f1e600051a0, R15=0x0000000000000000
RIP=0x00007f1e6f023360, EFLAGS=0x0000000000010246, CSGSFS=0x30aa000000000033, ERR=0x0000000000000004
  TRAPNO=0x000000000000000e

Top of Stack: (sp=0x00007f1e6d8cd4c8)
0x00007f1e6d8cd4c8:   00007f1e6f89854e 0000000000000000
0x00007f1e6d8cd4d8:   0000000000000003 00007f1e6000b6a0
0x00007f1e6d8cd4e8:   0000000000000014 0000000000000000
0x00007f1e6d8cd4f8:   0000000000000000 00007f1e6fb946e4
0x00007f1e6d8cd508:   0000000000000000 0000000002580320
0x00007f1e6d8cd518:   30aaa964e7504c00 00000000c1a3d70a
0x00007f1e6d8cd528:   00007f1e600051a0 0000000000000001
0x00007f1e6d8cd538:   0000000000000000 00007f1e6d2761f0
0x00007f1e6d8cd548:   00007f1e6d8cd7c8 0000000000000000
0x00007f1e6d8cd558:   00007f1e6f898a42 0100000044480000
0x00007f1e6d8cd568:   00007f1e6d8cd5d0 0000000000000000
0x00007f1e6d8cd578:   0000000100000000 0000000000000000
0x00007f1e6d8cd588:   30aaa964e7504c00 00007f1e60026d00
0x00007f1e6d8cd598:   00007f1e600051a0 0000000000000001
0x00007f1e6d8cd5a8:   0000000000000000 00007f1e6d2761f0
0x00007f1e6d8cd5b8:   00007f1e6d8cd7c8 00007f1ec08c6000
0x00007f1e6d8cd5c8:   00007f1e6f89452d 00007f1e6d8cd6f0
0x00007f1e6d8cd5d8:   00007f1e6d2761f0 00007f1e600051a0
0x00007f1e6d8cd5e8:   0000000003e00001 0000000000000000
0x00007f1e6d8cd5f8:   30aaa964e7504c00 00007f1e6d8cd6f0
0x00007f1e6d8cd608:   00007f1e6d2761f0 00007f1e6d8cd6f0
0x00007f1e6d8cd618:   00007f1e533b181d 0000000000000004
0x00007f1e6d8cd628:   0000005900000093 00007f1e60026d00
0x00007f1e6d8cd638:   00007f1e600051a0 00007f1e6d8cd7c8
0x00007f1e6d8cd648:   00007f1ec08c61e0 0000001800000001
0x00007f1e6d8cd658:   0000025800000320 0000001800000000
0x00007f1e6d8cd668:   00007f1e6000f968 00000000000000b0
0x00007f1e6d8cd678:   0000000000000001 0000000000000001
0x00007f1e6d8cd688:   0000000000000000 0000000000000000
0x00007f1e6d8cd698:   0000000000000000 0000000003e00001
0x00007f1e6d8cd6a8:   0000000200000001 0000000000ea807f
0x00007f1e6d8cd6b8:   00000000002a807f 000000000000200c 

Instructions: (pc=0x00007f1e6f023360)
0x00007f1e6f023340:   e8 9b 11 00 00 48 83 c4 10 89 d8 5b 5d 41 5c 41
0x00007f1e6f023350:   5d 41 5e c3 66 90 66 2e 0f 1f 84 00 00 00 00 00
0x00007f1e6f023360:   8b 07 85 c0 74 0a 31 c0 c3 0f 1f 80 00 00 00 00
0x00007f1e6f023370:   41 56 4c 8d 77 18 41 55 41 54 55 49 89 cd 53 48 

Register to memory mapping:

RAX=0x00007f1e6fb946e4: <offset 0x3396e4> in /usr/lib/x86_64-linux-gnu/libX11.so.6 at 0x00007f1e6f85b000
RBX=0x0000000000000000 is an unknown value
RCX=0x0000000000000003 is an unknown value
RDX=0x0000000000000003 is an unknown value
RSP=0x00007f1e6d8cd4c8 is pointing into the stack for thread: 0x00007f1ec08c6000
RBP=0x0000000000000000 is an unknown value
RSI=0x00007f1e6d8cd4e0 is pointing into the stack for thread: 0x00007f1ec08c6000
RDI=0x0000000000000000 is an unknown value
R8 ={method} {0x00007f1e6d28b248} 'windowDestroyNotify' '(Z)Z' in 'jogamp/newt/WindowImpl'
R9 =0x0000000000000006 is an unknown value
R10=0x0000000000000005 is an unknown value
R11=0x00007f1eb06ae0e0 is at entry_point+32 in (nmethod*)0x00007f1eb06adf50
R12=0x00007f1e6d8cd4e0 is pointing into the stack for thread: 0x00007f1ec08c6000
R13={method} {0x00007f1e6d2761f0} 'CloseWindow0' '(JJII)V' in 'jogamp/newt/driver/x11/WindowDriver'
R14=0x00007f1e600051a0 is an unknown value
R15=0x0000000000000000 is an unknown value


Stack: [0x00007f1e6d7ce000,0x00007f1e6d8cf000],  sp=0x00007f1e6d8cd4c8,  free space=1021k
Native frames: (J=compiled Java code, j=interpreted, Vv=VM code, C=native code)
C  [libxcb.so.1+0xa360]  xcb_writev+0x0

Java frames: (J=compiled Java code, j=interpreted, Vv=VM code)
j  jogamp.newt.driver.x11.WindowDriver.CloseWindow0(JJII)V+0
j  jogamp.newt.driver.x11.WindowDriver.closeNativeImpl()V+58
j  jogamp.newt.WindowImpl$1.run()V+311
j  com.jogamp.common.util.RunnableTask.run()V+198
j  jogamp.newt.DefaultEDTUtil$NEDT.run()V+221
v  ~StubRoutines::call_stub

---------------  P R O C E S S  ---------------

Java Threads: ( => current thread )
  0x00007f1ec000c800 JavaThread "DestroyJavaVM" [_thread_blocked, id=28717, stack(0x00007f1ec6912000,0x00007f1ec6a13000)]
  0x00007f1ec06ee000 JavaThread "GameLoop" [_thread_blocked, id=28750, stack(0x00007f1e517d2000,0x00007f1e518d3000)]
  0x00007f1e61dc8800 JavaThread "Thread-3" daemon [_thread_in_native, id=28749, stack(0x00007f1e51d7a000,0x00007f1e51e7b000)]
  0x00007f1e61dc2800 JavaThread "Server" daemon [_thread_in_native, id=28748, stack(0x00007f1e6d8cf000,0x00007f1e6d9d0000)]
=>0x00007f1ec08c6000 JavaThread "main-Display-.x11_:0.0-1-EDT-1" daemon [_thread_in_native, id=28744, stack(0x00007f1e6d7ce000,0x00007f1e6d8cf000)]
  0x00007f1ec06a3000 JavaThread "main-SharedResourceRunner" daemon [_thread_blocked, id=28743, stack(0x00007f1e58d97000,0x00007f1e58e98000)]
  0x00007f1ec0575000 JavaThread "main-SharedResourceRunner" daemon [_thread_blocked, id=28742, stack(0x00007f1e5b414000,0x00007f1e5b515000)]
  0x00007f1ec045b000 JavaThread "AWT-XAWT" daemon [_thread_in_native, id=28739, stack(0x00007f1e6dfda000,0x00007f1e6e0db000)]
  0x00007f1ec0434800 JavaThread "Java2D Disposer" daemon [_thread_blocked, id=28738, stack(0x00007f1e8c57a000,0x00007f1e8c67b000)]
  0x00007f1ec00c2800 JavaThread "Service Thread" daemon [_thread_blocked, id=28729, stack(0x00007f1e8fbfc000,0x00007f1e8fcfd000)]
  0x00007f1ec00bf800 JavaThread "C1 CompilerThread2" daemon [_thread_blocked, id=28728, stack(0x00007f1e8fcfd000,0x00007f1e8fdfe000)]
  0x00007f1ec00bd800 JavaThread "C2 CompilerThread1" daemon [_thread_blocked, id=28727, stack(0x00007f1e8fdfe000,0x00007f1e8feff000)]
  0x00007f1ec00ba800 JavaThread "C2 CompilerThread0" daemon [_thread_blocked, id=28726, stack(0x00007f1e8feff000,0x00007f1e90000000)]
  0x00007f1ec00b9000 JavaThread "Signal Dispatcher" daemon [_thread_blocked, id=28725, stack(0x00007f1eac086000,0x00007f1eac187000)]
  0x00007f1ec0086000 JavaThread "Finalizer" daemon [_thread_blocked, id=28724, stack(0x00007f1eac590000,0x00007f1eac691000)]
  0x00007f1ec0083800 JavaThread "Reference Handler" daemon [_thread_blocked, id=28723, stack(0x00007f1eac691000,0x00007f1eac792000)]

Other Threads:
  0x00007f1ec0079800 VMThread [stack: 0x00007f1eac792000,0x00007f1eac893000] [id=28722]
  0x00007f1ec00c5000 WatcherThread [stack: 0x00007f1e8fafb000,0x00007f1e8fbfc000] [id=28730]

VM state:not at safepoint (normal execution)

VM Mutex/Monitor currently owned by a thread: None

Heap:
 PSYoungGen      total 73216K, used 51477K [0x00000000f1b00000, 0x00000000f8780000, 0x0000000100000000)
  eden space 72192K, 70% used [0x00000000f1b00000,0x00000000f4c85680,0x00000000f6180000)
  from space 1024K, 75% used [0x00000000f8000000,0x00000000f80c0000,0x00000000f8100000)
  to   space 4096K, 0% used [0x00000000f8380000,0x00000000f8380000,0x00000000f8780000)
 ParOldGen       total 54272K, used 28440K [0x00000000d5000000, 0x00000000d8500000, 0x00000000f1b00000)
  object space 54272K, 52% used [0x00000000d5000000,0x00000000d6bc6128,0x00000000d8500000)
 Metaspace       used 18884K, capacity 19074K, committed 19328K, reserved 1067008K
  class space    used 1826K, capacity 1898K, committed 1920K, reserved 1048576K

Card table byte_map: [0x00007f1ec40a6000,0x00007f1ec41ff000] byte_map_base: 0x00007f1ec39fe000

Marking Bits: (ParMarkBitMap*) 0x00007f1ec5bd9520
 Begin Bits: [0x00007f1eae34d000, 0x00007f1eaee0d000)
 End Bits:   [0x00007f1eaee0d000, 0x00007f1eaf8cd000)

Polling page: 0x00007f1ec6a2d000

CodeCache: size=245760Kb used=7528Kb max_used=8208Kb free=238231Kb
 bounds [0x00007f1eb0177000, 0x00007f1eb0997000, 0x00007f1ebf177000]
 total_blobs=2969 nmethods=2010 adapters=875
 compilation: enabled

Compilation events (10 events):
Event: 158.451 Thread 0x00007f1ec00bf800 2387       3       java.nio.HeapByteBuffer::compact (52 bytes)
Event: 158.451 Thread 0x00007f1ec00bf800 nmethod 2387 0x00007f1eb0601890 code [0x00007f1eb0601a40, 0x00007f1eb0602288]
Event: 163.216 Thread 0x00007f1ec00bf800 2388       1       java.nio.channels.spi.AbstractSelectionKey::isValid (5 bytes)
Event: 163.216 Thread 0x00007f1ec00bf800 nmethod 2388 0x00007f1eb06b2dd0 code [0x00007f1eb06b2f20, 0x00007f1eb06b3030]
Event: 163.245 Thread 0x00007f1ec00bf800 2389   !   3       sun.nio.ch.SocketChannelImpl::readerCleanup (35 bytes)
Event: 163.245 Thread 0x00007f1ec00bf800 nmethod 2389 0x00007f1eb0593290 code [0x00007f1eb0593400, 0x00007f1eb0593788]
Event: 171.255 Thread 0x00007f1ec00bf800 2390   !   3       sun.nio.ch.SocketChannelImpl::read (389 bytes)
Event: 171.257 Thread 0x00007f1ec00bf800 nmethod 2390 0x00007f1eb0691c50 code [0x00007f1eb0691f60, 0x00007f1eb0694048]
Event: 171.257 Thread 0x00007f1ec00bf800 2391   !   3       sun.nio.ch.SocketChannelImpl::ensureReadOpen (57 bytes)
Event: 171.257 Thread 0x00007f1ec00bf800 nmethod 2391 0x00007f1eb05f6990 code [0x00007f1eb05f6b60, 0x00007f1eb05f7358]

GC Heap History (10 events):
Event: 159.585 GC heap before
{Heap before GC invocations=37 (full 2):
 PSYoungGen      total 89088K, used 88672K [0x00000000f1b00000, 0x00000000f9100000, 0x0000000100000000)
  eden space 87552K, 100% used [0x00000000f1b00000,0x00000000f7080000,0x00000000f7080000)
  from space 1536K, 72% used [0x00000000f8f80000,0x00000000f9098010,0x00000000f9100000)
  to   space 5120K, 0% used [0x00000000f8700000,0x00000000f8700000,0x00000000f8c00000)
 ParOldGen       total 54272K, used 27928K [0x00000000d5000000, 0x00000000d8500000, 0x00000000f1b00000)
  object space 54272K, 51% used [0x00000000d5000000,0x00000000d6b46118,0x00000000d8500000)
 Metaspace       used 18877K, capacity 19074K, committed 19328K, reserved 1067008K
  class space    used 1825K, capacity 1898K, committed 1920K, reserved 1048576K
Event: 159.591 GC heap after
Heap after GC invocations=37 (full 2):
 PSYoungGen      total 84992K, used 960K [0x00000000f1b00000, 0x00000000f9000000, 0x0000000100000000)
  eden space 83968K, 0% used [0x00000000f1b00000,0x00000000f1b00000,0x00000000f6d00000)
  from space 1024K, 93% used [0x00000000f8700000,0x00000000f87f0010,0x00000000f8800000)
  to   space 5120K, 0% used [0x00000000f8b00000,0x00000000f8b00000,0x00000000f9000000)
 ParOldGen       total 54272K, used 27992K [0x00000000d5000000, 0x00000000d8500000, 0x00000000f1b00000)
  object space 54272K, 51% used [0x00000000d5000000,0x00000000d6b56118,0x00000000d8500000)
 Metaspace       used 18877K, capacity 19074K, committed 19328K, reserved 1067008K
  class space    used 1825K, capacity 1898K, committed 1920K, reserved 1048576K
}
Event: 163.610 GC heap before
{Heap before GC invocations=38 (full 2):
 PSYoungGen      total 84992K, used 84928K [0x00000000f1b00000, 0x00000000f9000000, 0x0000000100000000)
  eden space 83968K, 100% used [0x00000000f1b00000,0x00000000f6d00000,0x00000000f6d00000)
  from space 1024K, 93% used [0x00000000f8700000,0x00000000f87f0010,0x00000000f8800000)
  to   space 5120K, 0% used [0x00000000f8b00000,0x00000000f8b00000,0x00000000f9000000)
 ParOldGen       total 54272K, used 27992K [0x00000000d5000000, 0x00000000d8500000, 0x00000000f1b00000)
  object space 54272K, 51% used [0x00000000d5000000,0x00000000d6b56118,0x00000000d8500000)
 Metaspace       used 18878K, capacity 19074K, committed 19328K, reserved 1067008K
  class space    used 1825K, capacity 1898K, committed 1920K, reserved 1048576K
Event: 163.614 GC heap after
Heap after GC invocations=38 (full 2):
 PSYoungGen      total 81920K, used 960K [0x00000000f1b00000, 0x00000000f8c00000, 0x0000000100000000)
  eden space 80896K, 0% used [0x00000000f1b00000,0x00000000f1b00000,0x00000000f6a00000)
  from space 1024K, 93% used [0x00000000f8b00000,0x00000000f8bf0010,0x00000000f8c00000)
  to   space 4608K, 0% used [0x00000000f8300000,0x00000000f8300000,0x00000000f8780000)
 ParOldGen       total 54272K, used 28064K [0x00000000d5000000, 0x00000000d8500000, 0x00000000f1b00000)
  object space 54272K, 51% used [0x00000000d5000000,0x00000000d6b68118,0x00000000d8500000)
 Metaspace       used 18878K, capacity 19074K, committed 19328K, reserved 1067008K
  class space    used 1825K, capacity 1898K, committed 1920K, reserved 1048576K
}
Event: 168.170 GC heap before
{Heap before GC invocations=39 (full 2):
 PSYoungGen      total 81920K, used 81856K [0x00000000f1b00000, 0x00000000f8c00000, 0x0000000100000000)
  eden space 80896K, 100% used [0x00000000f1b00000,0x00000000f6a00000,0x00000000f6a00000)
  from space 1024K, 93% used [0x00000000f8b00000,0x00000000f8bf0010,0x00000000f8c00000)
  to   space 4608K, 0% used [0x00000000f8300000,0x00000000f8300000,0x00000000f8780000)
 ParOldGen       total 54272K, used 28064K [0x00000000d5000000, 0x00000000d8500000, 0x00000000f1b00000)
  object space 54272K, 51% used [0x00000000d5000000,0x00000000d6b68118,0x00000000d8500000)
 Metaspace       used 18878K, capacity 19074K, committed 19328K, reserved 1067008K
  class space    used 1825K, capacity 1898K, committed 1920K, reserved 1048576K
Event: 168.174 GC heap after
Heap after GC invocations=39 (full 2):
 PSYoungGen      total 78848K, used 992K [0x00000000f1b00000, 0x00000000f8b80000, 0x0000000100000000)
  eden space 77824K, 0% used [0x00000000f1b00000,0x00000000f1b00000,0x00000000f6700000)
  from space 1024K, 96% used [0x00000000f8300000,0x00000000f83f8010,0x00000000f8400000)
  to   space 4608K, 0% used [0x00000000f8700000,0x00000000f8700000,0x00000000f8b80000)
 ParOldGen       total 54272K, used 28176K [0x00000000d5000000, 0x00000000d8500000, 0x00000000f1b00000)
  object space 54272K, 51% used [0x00000000d5000000,0x00000000d6b84118,0x00000000d8500000)
 Metaspace       used 18878K, capacity 19074K, committed 19328K, reserved 1067008K
  class space    used 1825K, capacity 1898K, committed 1920K, reserved 1048576K
}
Event: 175.493 GC heap before
{Heap before GC invocations=40 (full 2):
 PSYoungGen      total 78848K, used 78816K [0x00000000f1b00000, 0x00000000f8b80000, 0x0000000100000000)
  eden space 77824K, 100% used [0x00000000f1b00000,0x00000000f6700000,0x00000000f6700000)
  from space 1024K, 96% used [0x00000000f8300000,0x00000000f83f8010,0x00000000f8400000)
  to   space 4608K, 0% used [0x00000000f8700000,0x00000000f8700000,0x00000000f8b80000)
 ParOldGen       total 54272K, used 28176K [0x00000000d5000000, 0x00000000d8500000, 0x00000000f1b00000)
  object space 54272K, 51% used [0x00000000d5000000,0x00000000d6b84118,0x00000000d8500000)
 Metaspace       used 18880K, capacity 19074K, committed 19328K, reserved 1067008K
  class space    used 1825K, capacity 1898K, committed 1920K, reserved 1048576K
Event: 175.496 GC heap after
Heap after GC invocations=40 (full 2):
 PSYoungGen      total 75776K, used 960K [0x00000000f1b00000, 0x00000000f8800000, 0x0000000100000000)
  eden space 74752K, 0% used [0x00000000f1b00000,0x00000000f1b00000,0x00000000f6400000)
  from space 1024K, 93% used [0x00000000f8700000,0x00000000f87f0010,0x00000000f8800000)
  to   space 4096K, 0% used [0x00000000f8000000,0x00000000f8000000,0x00000000f8400000)
 ParOldGen       total 54272K, used 28248K [0x00000000d5000000, 0x00000000d8500000, 0x00000000f1b00000)
  object space 54272K, 52% used [0x00000000d5000000,0x00000000d6b96118,0x00000000d8500000)
 Metaspace       used 18880K, capacity 19074K, committed 19328K, reserved 1067008K
  class space    used 1825K, capacity 1898K, committed 1920K, reserved 1048576K
}
Event: 178.408 GC heap before
{Heap before GC invocations=41 (full 2):
 PSYoungGen      total 75776K, used 75712K [0x00000000f1b00000, 0x00000000f8800000, 0x0000000100000000)
  eden space 74752K, 100% used [0x00000000f1b00000,0x00000000f6400000,0x00000000f6400000)
  from space 1024K, 93% used [0x00000000f8700000,0x00000000f87f0010,0x00000000f8800000)
  to   space 4096K, 0% used [0x00000000f8000000,0x00000000f8000000,0x00000000f8400000)
 ParOldGen       total 54272K, used 28248K [0x00000000d5000000, 0x00000000d8500000, 0x00000000f1b00000)
  object space 54272K, 52% used [0x00000000d5000000,0x00000000d6b96118,0x00000000d8500000)
 Metaspace       used 18880K, capacity 19074K, committed 19328K, reserved 1067008K
  class space    used 1825K, capacity 1898K, committed 1920K, reserved 1048576K
Event: 178.411 GC heap after
Heap after GC invocations=41 (full 2):
 PSYoungGen      total 73216K, used 768K [0x00000000f1b00000, 0x00000000f8780000, 0x0000000100000000)
  eden space 72192K, 0% used [0x00000000f1b00000,0x00000000f1b00000,0x00000000f6180000)
  from space 1024K, 75% used [0x00000000f8000000,0x00000000f80c0000,0x00000000f8100000)
  to   space 4096K, 0% used [0x00000000f8380000,0x00000000f8380000,0x00000000f8780000)
 ParOldGen       total 54272K, used 28440K [0x00000000d5000000, 0x00000000d8500000, 0x00000000f1b00000)
  object space 54272K, 52% used [0x00000000d5000000,0x00000000d6bc6128,0x00000000d8500000)
 Metaspace       used 18880K, capacity 19074K, committed 19328K, reserved 1067008K
  class space    used 1825K, capacity 1898K, committed 1920K, reserved 1048576K
}

Deoptimization events (10 events):
Event: 36.606 Thread 0x00007f1ec06ee000 Uncommon trap: reason=null_check action=make_not_entrant pc=0x00007f1eb077247c method=sun.font.FileFontStrike.getGlyphOutlineBounds(I)Ljava/awt/geom/Rectangle2D$Float; @ 31
Event: 37.639 Thread 0x00007f1ec06ee000 Uncommon trap: reason=unstable_if action=reinterpret pc=0x00007f1eb075c358 method=sun.font.FileFontStrike.getGlyphImagePtr(I)J @ 21
Event: 37.640 Thread 0x00007f1ec06ee000 Uncommon trap: reason=null_check action=make_not_entrant pc=0x00007f1eb076aee8 method=sun.font.FileFontStrike.getGlyphOutlineBounds(I)Ljava/awt/geom/Rectangle2D$Float; @ 31
Event: 46.458 Thread 0x00007f1ec06ee000 Uncommon trap: reason=null_check action=make_not_entrant pc=0x00007f1eb076d4a4 method=sun.font.FileFontStrike.getGlyphOutlineBounds(I)Ljava/awt/geom/Rectangle2D$Float; @ 31
Event: 59.994 Thread 0x00007f1ec08c6000 Uncommon trap: reason=unstable_if action=reinterpret pc=0x00007f1eb04d0030 method=java.util.ArrayList.isEmpty()Z @ 4
Event: 61.489 Thread 0x00007f1ec06ee000 Uncommon trap: reason=unstable_if action=reinterpret pc=0x00007f1eb0592820 method=com.BitJunkies.RTS.src.Game$1.run()V @ 49
Event: 110.096 Thread 0x00007f1ec06ee000 Uncommon trap: reason=unstable_if action=reinterpret pc=0x00007f1eb08e7f68 method=com.BitJunkies.RTS.src.Player.hasRubys(I)Z @ 5
Event: 120.936 Thread 0x00007f1ec06ee000 Uncommon trap: reason=unstable_if action=reinterpret pc=0x00007f1eb05b86ac method=com.BitJunkies.RTS.src.server.GameServer.tick()V @ 414
Event: 180.204 Thread 0x00007f1ec06ee000 Uncommon trap: reason=unstable_if action=reinterpret pc=0x00007f1eb0533684 method=com.jogamp.newt.opengl.GLWindow.display()V @ 19
Event: 180.205 Thread 0x00007f1ec08c6000 Uncommon trap: reason=unstable_if action=reinterpret pc=0x00007f1eb096734c method=jogamp.opengl.GLContextImpl.release(Z)V @ 161

Classes redefined (0 events):
No events

Internal exceptions (10 events):
Event: 1.092 Thread 0x00007f1ec000c800 Exception <a 'java/io/FileNotFoundException'> (0x00000000f2255b38) thrown at [/build/openjdk-8-6jqSe7/openjdk-8-8u191-b12/src/hotspot/src/share/vm/prims/jni.cpp, line 709]
Event: 1.092 Thread 0x00007f1ec000c800 Exception <a 'java/io/FileNotFoundException'> (0x00000000f2256520) thrown at [/build/openjdk-8-6jqSe7/openjdk-8-8u191-b12/src/hotspot/src/share/vm/prims/jni.cpp, line 709]
Event: 1.253 Thread 0x00007f1ec000c800 Exception <a 'java/lang/ClassNotFoundException': sun/dc/DuctusRenderingEngine> (0x00000000f2260b30) thrown at [/build/openjdk-8-6jqSe7/openjdk-8-8u191-b12/src/hotspot/src/share/vm/classfile/systemDictionary.cpp, line 210]
Event: 4.577 Thread 0x00007f1ec08c6000 Implicit null exception at 0x00007f1eb04d4186 to 0x00007f1eb04d4805
Event: 4.577 Thread 0x00007f1ec08c6000 Implicit null exception at 0x00007f1eb04af023 to 0x00007f1eb04af28d
Event: 5.164 Thread 0x00007f1ec08c6000 Exception <a 'java/lang/ArrayIndexOutOfBoundsException': 18> (0x00000000f2470be8) thrown at [/build/openjdk-8-6jqSe7/openjdk-8-8u191-b12/src/hotspot/src/share/vm/interpreter/interpreterRuntime.cpp, line 366]
Event: 5.248 Thread 0x00007f1ec08c6000 Exception <a 'java/lang/ArrayIndexOutOfBoundsException': 139> (0x00000000f2570bc8) thrown at [/build/openjdk-8-6jqSe7/openjdk-8-8u191-b12/src/hotspot/src/share/vm/interpreter/interpreterRuntime.cpp, line 366]
Event: 36.376 Thread 0x00007f1ec06ee000 Implicit null exception at 0x00007f1eb0480343 to 0x00007f1eb0480671
Event: 36.465 Thread 0x00007f1ec06ee000 Implicit null exception at 0x00007f1eb07fec5c to 0x00007f1eb07ffecd
Event: 37.640 Thread 0x00007f1ec06ee000 Implicit null exception at 0x00007f1eb076a676 to 0x00007f1eb076aeb1

Events (10 events):
Event: 178.408 Executing VM operation: ParallelGCFailedAllocation
Event: 178.411 Executing VM operation: ParallelGCFailedAllocation done
Event: 180.204 Thread 0x00007f1ec06ee000 Uncommon trap: trap_request=0xffffff65 fr.pc=0x00007f1eb0533684
Event: 180.204 Thread 0x00007f1ec06ee000 DEOPT PACKING pc=0x00007f1eb0533684 sp=0x00007f1e518d1900
Event: 180.204 Thread 0x00007f1ec06ee000 DEOPT UNPACKING pc=0x00007f1eb01bc47a sp=0x00007f1e518d18f8 mode 2
Event: 180.205 Thread 0x00007f1ec08c6000 Uncommon trap: trap_request=0xffffff65 fr.pc=0x00007f1eb096734c
Event: 180.205 Thread 0x00007f1ec08c6000 DEOPT PACKING pc=0x00007f1eb096734c sp=0x00007f1e6d8cd520
Event: 180.205 Thread 0x00007f1ec08c6000 DEOPT UNPACKING pc=0x00007f1eb01bc47a sp=0x00007f1e6d8cd520 mode 2
Event: 182.016 loading class jogamp/newt/DisplayImpl$5
Event: 182.016 loading class jogamp/newt/DisplayImpl$5 done


Dynamic libraries:
00400000-00401000 r-xp 00000000 fc:00 13893941                           /usr/lib/jvm/java-8-openjdk-amd64/jre/bin/java
00600000-00601000 r--p 00000000 fc:00 13893941                           /usr/lib/jvm/java-8-openjdk-amd64/jre/bin/java
00601000-00602000 rw-p 00001000 fc:00 13893941                           /usr/lib/jvm/java-8-openjdk-amd64/jre/bin/java
011aa000-011cb000 rw-p 00000000 00:00 0                                  [heap]
d5000000-d8500000 rw-p 00000000 00:00 0 
d8500000-f1b00000 ---p 00000000 00:00 0 
f1b00000-f8780000 rw-p 00000000 00:00 0 
f8780000-100000000 ---p 00000000 00:00 0 
100000000-1001e0000 rw-p 00000000 00:00 0 
1001e0000-140000000 ---p 00000000 00:00 0 
7f1e40000000-7f1e4245a000 rw-p 00000000 00:00 0 
7f1e4245a000-7f1e44000000 ---p 00000000 00:00 0 
7f1e48000000-7f1e48088000 rw-p 00000000 00:00 0 
7f1e48088000-7f1e4c000000 ---p 00000000 00:00 0 
7f1e4c000000-7f1e4c1b4000 rw-p 00000000 00:00 0 
7f1e4c1b4000-7f1e50000000 ---p 00000000 00:00 0 
7f1e517d2000-7f1e517d5000 ---p 00000000 00:00 0 
7f1e517d5000-7f1e519d3000 rw-p 00000000 00:00 0 
7f1e519d3000-7f1e51ad3000 ---p 00000000 00:00 0 
7f1e51d7a000-7f1e51d7d000 ---p 00000000 00:00 0 
7f1e51d7d000-7f1e5207b000 rw-p 00000000 00:00 0 
7f1e52b3b000-7f1e52b92000 r-xp 00000000 fc:00 9437732                    /usr/lib/x86_64-linux-gnu/libjpeg.so.8.0.2
7f1e52b92000-7f1e52d92000 ---p 00057000 fc:00 9437732                    /usr/lib/x86_64-linux-gnu/libjpeg.so.8.0.2
7f1e52d92000-7f1e52d93000 r--p 00057000 fc:00 9437732                    /usr/lib/x86_64-linux-gnu/libjpeg.so.8.0.2
7f1e52d93000-7f1e52d94000 rw-p 00058000 fc:00 9437732                    /usr/lib/x86_64-linux-gnu/libjpeg.so.8.0.2
7f1e52d94000-7f1e52d9e000 r-xp 00000000 fc:00 13893908                   /usr/lib/jvm/java-8-openjdk-amd64/jre/lib/amd64/libjavajpeg.so
7f1e52d9e000-7f1e52f9d000 ---p 0000a000 fc:00 13893908                   /usr/lib/jvm/java-8-openjdk-amd64/jre/lib/amd64/libjavajpeg.so
7f1e52f9d000-7f1e52f9e000 r--p 00009000 fc:00 13893908                   /usr/lib/jvm/java-8-openjdk-amd64/jre/lib/amd64/libjavajpeg.so
7f1e52f9e000-7f1e52f9f000 rw-p 0000a000 fc:00 13893908                   /usr/lib/jvm/java-8-openjdk-amd64/jre/lib/amd64/libjavajpeg.so
7f1e52f9f000-7f1e5319f000 rw-p 00000000 00:00 0 
7f1e5319f000-7f1e531a9000 r-xp 00000000 fc:00 9442539                    /usr/lib/x86_64-linux-gnu/libXrandr.so.2.2.0
7f1e531a9000-7f1e533a8000 ---p 0000a000 fc:00 9442539                    /usr/lib/x86_64-linux-gnu/libXrandr.so.2.2.0
7f1e533a8000-7f1e533a9000 r--p 00009000 fc:00 9442539                    /usr/lib/x86_64-linux-gnu/libXrandr.so.2.2.0
7f1e533a9000-7f1e533aa000 rw-p 0000a000 fc:00 9442539                    /usr/lib/x86_64-linux-gnu/libXrandr.so.2.2.0
7f1e533aa000-7f1e533bb000 r-xp 00000000 fc:00 6422576                    /tmp/jogamp_0000/file_cache/jln633519256822226263/jln7563607591372248381/natives/linux-amd64/libnewt.so
7f1e533bb000-7f1e535ba000 ---p 00011000 fc:00 6422576                    /tmp/jogamp_0000/file_cache/jln633519256822226263/jln7563607591372248381/natives/linux-amd64/libnewt.so
7f1e535ba000-7f1e535bb000 rw-p 00010000 fc:00 6422576                    /tmp/jogamp_0000/file_cache/jln633519256822226263/jln7563607591372248381/natives/linux-amd64/libnewt.so
7f1e535bb000-7f1e535bd000 r-xp 00000000 fc:00 9442531                    /usr/lib/x86_64-linux-gnu/libXinerama.so.1.0.0
7f1e535bd000-7f1e537bc000 ---p 00002000 fc:00 9442531                    /usr/lib/x86_64-linux-gnu/libXinerama.so.1.0.0
7f1e537bc000-7f1e537bd000 r--p 00001000 fc:00 9442531                    /usr/lib/x86_64-linux-gnu/libXinerama.so.1.0.0
7f1e537bd000-7f1e537be000 rw-p 00002000 fc:00 9442531                    /usr/lib/x86_64-linux-gnu/libXinerama.so.1.0.0
7f1e537be000-7f1e537c6000 r-xp 00000000 fc:00 9443170                    /usr/lib/x86_64-linux-gnu/libpciaccess.so.0.11.1
7f1e537c6000-7f1e539c6000 ---p 00008000 fc:00 9443170                    /usr/lib/x86_64-linux-gnu/libpciaccess.so.0.11.1
7f1e539c6000-7f1e539c7000 r--p 00008000 fc:00 9443170                    /usr/lib/x86_64-linux-gnu/libpciaccess.so.0.11.1
7f1e539c7000-7f1e539c8000 rw-p 00009000 fc:00 9443170                    /usr/lib/x86_64-linux-gnu/libpciaccess.so.0.11.1
7f1e539c8000-7f1e539d3000 r-xp 00000000 fc:00 9437700                    /usr/lib/x86_64-linux-gnu/libdrm_radeon.so.1.0.1
7f1e539d3000-7f1e53bd2000 ---p 0000b000 fc:00 9437700                    /usr/lib/x86_64-linux-gnu/libdrm_radeon.so.1.0.1
7f1e53bd2000-7f1e53bd3000 r--p 0000a000 fc:00 9437700                    /usr/lib/x86_64-linux-gnu/libdrm_radeon.so.1.0.1
7f1e53bd3000-7f1e53bd4000 rw-p 0000b000 fc:00 9437700                    /usr/lib/x86_64-linux-gnu/libdrm_radeon.so.1.0.1
7f1e53bd4000-7f1e53bdb000 r-xp 00000000 fc:00 9441095                    /usr/lib/x86_64-linux-gnu/libdrm_nouveau.so.2.0.0
7f1e53bdb000-7f1e53dda000 ---p 00007000 fc:00 9441095                    /usr/lib/x86_64-linux-gnu/libdrm_nouveau.so.2.0.0
7f1e53dda000-7f1e53ddb000 r--p 00006000 fc:00 9441095                    /usr/lib/x86_64-linux-gnu/libdrm_nouveau.so.2.0.0
7f1e53ddb000-7f1e53ddc000 rw-p 00007000 fc:00 9441095                    /usr/lib/x86_64-linux-gnu/libdrm_nouveau.so.2.0.0
7f1e53ddc000-7f1e53dfe000 r-xp 00000000 fc:00 9438156                    /usr/lib/x86_64-linux-gnu/libdrm_intel.so.1.0.0
7f1e53dfe000-7f1e53ffe000 ---p 00022000 fc:00 9438156                    /usr/lib/x86_64-linux-gnu/libdrm_intel.so.1.0.0
7f1e53ffe000-7f1e53fff000 r--p 00022000 fc:00 9438156                    /usr/lib/x86_64-linux-gnu/libdrm_intel.so.1.0.0
7f1e53fff000-7f1e54000000 rw-p 00023000 fc:00 9438156                    /usr/lib/x86_64-linux-gnu/libdrm_intel.so.1.0.0
7f1e54000000-7f1e55953000 rw-p 00000000 00:00 0 
7f1e55953000-7f1e58000000 ---p 00000000 00:00 0 
7f1e58057000-7f1e58062000 r--s 00000000 fc:00 1573513                    /var/cache/fontconfig/945677eb7aeaf62f1d50efc3fb3ec7d8-le64.cache-6
7f1e58062000-7f1e58068000 r--s 00000000 fc:00 1574722                    /var/cache/fontconfig/2cd17615ca594fa2959ae173292e504c-le64.cache-6
7f1e58068000-7f1e5806d000 r--s 00000000 fc:00 1574642                    /var/cache/fontconfig/8801497958630a81b71ace7c5f9b32a8-le64.cache-6
7f1e5806d000-7f1e58075000 r--s 00000000 fc:00 1574615                    /var/cache/fontconfig/bf3b770c553c462765856025a94f1ce6-le64.cache-6
7f1e58075000-7f1e58088000 r--s 00000000 fc:00 1574614                    /var/cache/fontconfig/d52a8644073d54c13679302ca1180695-le64.cache-6
7f1e58088000-7f1e58092000 r--s 00000000 fc:00 1574613                    /var/cache/fontconfig/3f7329c5293ffd510edef78f73874cfd-le64.cache-6
7f1e58092000-7f1e5809d000 r--s 00000000 fc:00 1573565                    /var/cache/fontconfig/d589a48862398ed80a3d6066f4f56f4c-le64.cache-6
7f1e5809d000-7f1e580af000 r--s 00000000 fc:00 1573438                    /var/cache/fontconfig/9b89f8e3dae116d678bbf48e5f21f69b-le64.cache-6
7f1e581b7000-7f1e58a97000 r-xp 00000000 fc:00 9569389                    /usr/lib/x86_64-linux-gnu/dri/i965_dri.so
7f1e58a97000-7f1e58c97000 ---p 008e0000 fc:00 9569389                    /usr/lib/x86_64-linux-gnu/dri/i965_dri.so
7f1e58c97000-7f1e58ce7000 r--p 008e0000 fc:00 9569389                    /usr/lib/x86_64-linux-gnu/dri/i965_dri.so
7f1e58ce7000-7f1e58cf2000 rw-p 00930000 fc:00 9569389                    /usr/lib/x86_64-linux-gnu/dri/i965_dri.so
7f1e58cf2000-7f1e58d97000 rw-p 00000000 00:00 0 
7f1e58d97000-7f1e58d9a000 ---p 00000000 00:00 0 
7f1e58d9a000-7f1e58e98000 rw-p 00000000 00:00 0 
7f1e58e98000-7f1e58ef4000 r-xp 00000000 fc:00 6422573                    /tmp/jogamp_0000/file_cache/jln633519256822226263/jln7563607591372248381/natives/linux-amd64/libjogl_mobile.so
7f1e58ef4000-7f1e590f4000 ---p 0005c000 fc:00 6422573                    /tmp/jogamp_0000/file_cache/jln633519256822226263/jln7563607591372248381/natives/linux-amd64/libjogl_mobile.so
7f1e590f4000-7f1e590f5000 rw-p 0005c000 fc:00 6422573                    /tmp/jogamp_0000/file_cache/jln633519256822226263/jln7563607591372248381/natives/linux-amd64/libjogl_mobile.so
7f1e590f5000-7f1e5911c000 r-xp 00000000 fc:00 9441073                    /usr/lib/x86_64-linux-gnu/libkj-0.5.3.so
7f1e5911c000-7f1e5931c000 ---p 00027000 fc:00 9441073                    /usr/lib/x86_64-linux-gnu/libkj-0.5.3.so
7f1e5931c000-7f1e5931d000 r--p 00027000 fc:00 9441073                    /usr/lib/x86_64-linux-gnu/libkj-0.5.3.so
7f1e5931d000-7f1e5931e000 rw-p 00028000 fc:00 9441073                    /usr/lib/x86_64-linux-gnu/libkj-0.5.3.so
7f1e5931e000-7f1e59335000 r-xp 00000000 fc:00 9441081                    /usr/lib/x86_64-linux-gnu/libboost_filesystem.so.1.58.0
7f1e59335000-7f1e59534000 ---p 00017000 fc:00 9441081                    /usr/lib/x86_64-linux-gnu/libboost_filesystem.so.1.58.0
7f1e59534000-7f1e59535000 r--p 00016000 fc:00 9441081                    /usr/lib/x86_64-linux-gnu/libboost_filesystem.so.1.58.0
7f1e59535000-7f1e59536000 rw-p 00017000 fc:00 9441081                    /usr/lib/x86_64-linux-gnu/libboost_filesystem.so.1.58.0
7f1e59536000-7f1e59566000 r-xp 00000000 fc:00 9441083                    /usr/lib/x86_64-linux-gnu/libprotobuf-lite.so.9.0.1
7f1e59566000-7f1e59765000 ---p 00030000 fc:00 9441083                    /usr/lib/x86_64-linux-gnu/libprotobuf-lite.so.9.0.1
7f1e59765000-7f1e59766000 r--p 0002f000 fc:00 9441083                    /usr/lib/x86_64-linux-gnu/libprotobuf-lite.so.9.0.1
7f1e59766000-7f1e59767000 rw-p 00030000 fc:00 9441083                    /usr/lib/x86_64-linux-gnu/libprotobuf-lite.so.9.0.1
7f1e59767000-7f1e5976a000 r-xp 00000000 fc:00 9441080                    /usr/lib/x86_64-linux-gnu/libboost_system.so.1.58.0
7f1e5976a000-7f1e59969000 ---p 00003000 fc:00 9441080                    /usr/lib/x86_64-linux-gnu/libboost_system.so.1.58.0
7f1e59969000-7f1e5996a000 r--p 00002000 fc:00 9441080                    /usr/lib/x86_64-linux-gnu/libboost_system.so.1.58.0
7f1e5996a000-7f1e5996b000 rw-p 00003000 fc:00 9441080                    /usr/lib/x86_64-linux-gnu/libboost_system.so.1.58.0
7f1e5996b000-7f1e59972000 r-xp 00000000 fc:00 9441079                    /usr/lib/x86_64-linux-gnu/libmircore.so.1
7f1e59972000-7f1e59b72000 ---p 00007000 fc:00 9441079                    /usr/lib/x86_64-linux-gnu/libmircore.so.1
7f1e59b72000-7f1e59b73000 r--p 00007000 fc:00 9441079                    /usr/lib/x86_64-linux-gnu/libmircore.so.1
7f1e59b73000-7f1e59b74000 rw-p 00008000 fc:00 9441079                    /usr/lib/x86_64-linux-gnu/libmircore.so.1
7f1e59b74000-7f1e59bf9000 r-xp 00000000 fc:00 9441072                    /usr/lib/x86_64-linux-gnu/libcapnp-0.5.3.so
7f1e59bf9000-7f1e59df8000 ---p 00085000 fc:00 9441072                    /usr/lib/x86_64-linux-gnu/libcapnp-0.5.3.so
7f1e59df8000-7f1e59dfb000 r--p 00084000 fc:00 9441072                    /usr/lib/x86_64-linux-gnu/libcapnp-0.5.3.so
7f1e59dfb000-7f1e59dfc000 rw-p 00087000 fc:00 9441072                    /usr/lib/x86_64-linux-gnu/libcapnp-0.5.3.so
7f1e59dfc000-7f1e59e6b000 r-xp 00000000 fc:00 9441085                    /usr/lib/x86_64-linux-gnu/libmirprotobuf.so.3
7f1e59e6b000-7f1e5a06a000 ---p 0006f000 fc:00 9441085                    /usr/lib/x86_64-linux-gnu/libmirprotobuf.so.3
7f1e5a06a000-7f1e5a06d000 r--p 0006e000 fc:00 9441085                    /usr/lib/x86_64-linux-gnu/libmirprotobuf.so.3
7f1e5a06d000-7f1e5a06e000 rw-p 00071000 fc:00 9441085                    /usr/lib/x86_64-linux-gnu/libmirprotobuf.so.3
7f1e5a06e000-7f1e5a0b2000 r-xp 00000000 fc:00 9441082                    /usr/lib/x86_64-linux-gnu/libmircommon.so.7
7f1e5a0b2000-7f1e5a2b2000 ---p 00044000 fc:00 9441082                    /usr/lib/x86_64-linux-gnu/libmircommon.so.7
7f1e5a2b2000-7f1e5a2b4000 r--p 00044000 fc:00 9441082                    /usr/lib/x86_64-linux-gnu/libmircommon.so.7
7f1e5a2b4000-7f1e5a2b5000 rw-p 00046000 fc:00 9441082                    /usr/lib/x86_64-linux-gnu/libmircommon.so.7
7f1e5a2b5000-7f1e5a2f2000 r-xp 00000000 fc:00 9441090                    /usr/lib/x86_64-linux-gnu/libxkbcommon.so.0.0.0
7f1e5a2f2000-7f1e5a4f1000 ---p 0003d000 fc:00 9441090                    /usr/lib/x86_64-linux-gnu/libxkbcommon.so.0.0.0
7f1e5a4f1000-7f1e5a4f3000 r--p 0003c000 fc:00 9441090                    /usr/lib/x86_64-linux-gnu/libxkbcommon.so.0.0.0
7f1e5a4f3000-7f1e5a4f4000 rw-p 0003e000 fc:00 9441090                    /usr/lib/x86_64-linux-gnu/libxkbcommon.so.0.0.0
7f1e5a4f4000-7f1e5a4fb000 r-xp 00000000 fc:00 9440286                    /usr/lib/x86_64-linux-gnu/libffi.so.6.0.4
7f1e5a4fb000-7f1e5a6fa000 ---p 00007000 fc:00 9440286                    /usr/lib/x86_64-linux-gnu/libffi.so.6.0.4
7f1e5a6fa000-7f1e5a6fb000 r--p 00006000 fc:00 9440286                    /usr/lib/x86_64-linux-gnu/libffi.so.6.0.4
7f1e5a6fb000-7f1e5a6fc000 rw-p 00007000 fc:00 9440286                    /usr/lib/x86_64-linux-gnu/libffi.so.6.0.4
7f1e5a6fc000-7f1e5a79c000 r-xp 00000000 fc:00 9441092                    /usr/lib/x86_64-linux-gnu/libmirclient.so.9
7f1e5a79c000-7f1e5a99b000 ---p 000a0000 fc:00 9441092                    /usr/lib/x86_64-linux-gnu/libmirclient.so.9
7f1e5a99b000-7f1e5a9a1000 r--p 0009f000 fc:00 9441092                    /usr/lib/x86_64-linux-gnu/libmirclient.so.9
7f1e5a9a1000-7f1e5a9a3000 rw-p 000a5000 fc:00 9441092                    /usr/lib/x86_64-linux-gnu/libmirclient.so.9
7f1e5a9a3000-7f1e5a9b3000 r-xp 00000000 fc:00 9441066                    /usr/lib/x86_64-linux-gnu/libwayland-server.so.0.1.0
7f1e5a9b3000-7f1e5abb2000 ---p 00010000 fc:00 9441066                    /usr/lib/x86_64-linux-gnu/libwayland-server.so.0.1.0
7f1e5abb2000-7f1e5abb4000 r--p 0000f000 fc:00 9441066                    /usr/lib/x86_64-linux-gnu/libwayland-server.so.0.1.0
7f1e5abb4000-7f1e5abb5000 rw-p 00011000 fc:00 9441066                    /usr/lib/x86_64-linux-gnu/libwayland-server.so.0.1.0
7f1e5abb5000-7f1e5abc1000 r-xp 00000000 fc:00 9441068                    /usr/lib/x86_64-linux-gnu/libgbm.so.1.0.0
7f1e5abc1000-7f1e5adc1000 ---p 0000c000 fc:00 9441068                    /usr/lib/x86_64-linux-gnu/libgbm.so.1.0.0
7f1e5adc1000-7f1e5adc2000 r--p 0000c000 fc:00 9441068                    /usr/lib/x86_64-linux-gnu/libgbm.so.1.0.0
7f1e5adc2000-7f1e5adc3000 rw-p 0000d000 fc:00 9441068                    /usr/lib/x86_64-linux-gnu/libgbm.so.1.0.0
7f1e5adc3000-7f1e5adcf000 r-xp 00000000 fc:00 9441054                    /usr/lib/x86_64-linux-gnu/libwayland-client.so.0.3.0
7f1e5adcf000-7f1e5afcf000 ---p 0000c000 fc:00 9441054                    /usr/lib/x86_64-linux-gnu/libwayland-client.so.0.3.0
7f1e5afcf000-7f1e5afd1000 r--p 0000c000 fc:00 9441054                    /usr/lib/x86_64-linux-gnu/libwayland-client.so.0.3.0
7f1e5afd1000-7f1e5afd2000 rw-p 0000e000 fc:00 9441054                    /usr/lib/x86_64-linux-gnu/libwayland-client.so.0.3.0
7f1e5afd2000-7f1e5afd8000 r-xp 00000000 fc:00 9441714                    /usr/lib/x86_64-linux-gnu/libxcb-xfixes.so.0.0.0
7f1e5afd8000-7f1e5b1d8000 ---p 00006000 fc:00 9441714                    /usr/lib/x86_64-linux-gnu/libxcb-xfixes.so.0.0.0
7f1e5b1d8000-7f1e5b1d9000 r--p 00006000 fc:00 9441714                    /usr/lib/x86_64-linux-gnu/libxcb-xfixes.so.0.0.0
7f1e5b1d9000-7f1e5b1da000 rw-p 00007000 fc:00 9441714                    /usr/lib/x86_64-linux-gnu/libxcb-xfixes.so.0.0.0
7f1e5b1da000-7f1e5b212000 r-xp 00000000 fc:00 9569378                    /usr/lib/x86_64-linux-gnu/mesa-egl/libEGL.so.1.0.0
7f1e5b212000-7f1e5b411000 ---p 00038000 fc:00 9569378                    /usr/lib/x86_64-linux-gnu/mesa-egl/libEGL.so.1.0.0
7f1e5b411000-7f1e5b413000 r--p 00037000 fc:00 9569378                    /usr/lib/x86_64-linux-gnu/mesa-egl/libEGL.so.1.0.0
7f1e5b413000-7f1e5b414000 rw-p 00039000 fc:00 9569378                    /usr/lib/x86_64-linux-gnu/mesa-egl/libEGL.so.1.0.0
7f1e5b414000-7f1e5b417000 ---p 00000000 00:00 0 
7f1e5b417000-7f1e5b515000 rw-p 00000000 00:00 0 
7f1e5b515000-7f1e5b5cd000 r-xp 00000000 fc:00 6422572                    /tmp/jogamp_0000/file_cache/jln633519256822226263/jln7563607591372248381/natives/linux-amd64/libjogl_desktop.so
7f1e5b5cd000-7f1e5b7cd000 ---p 000b8000 fc:00 6422572                    /tmp/jogamp_0000/file_cache/jln633519256822226263/jln7563607591372248381/natives/linux-amd64/libjogl_desktop.so
7f1e5b7cd000-7f1e5b7ce000 rw-p 000b8000 fc:00 6422572                    /tmp/jogamp_0000/file_cache/jln633519256822226263/jln7563607591372248381/natives/linux-amd64/libjogl_desktop.so
7f1e5b7ce000-7f1e5b7de000 r-xp 00000000 fc:00 9441064                    /usr/lib/x86_64-linux-gnu/libdrm.so.2.4.0
7f1e5b7de000-7f1e5b9de000 ---p 00010000 fc:00 9441064                    /usr/lib/x86_64-linux-gnu/libdrm.so.2.4.0
7f1e5b9de000-7f1e5b9df000 r--p 00010000 fc:00 9441064                    /usr/lib/x86_64-linux-gnu/libdrm.so.2.4.0
7f1e5b9df000-7f1e5b9e0000 rw-p 00011000 fc:00 9441064                    /usr/lib/x86_64-linux-gnu/libdrm.so.2.4.0
7f1e5b9e0000-7f1e5b9e4000 r-xp 00000000 fc:00 9441632                    /usr/lib/x86_64-linux-gnu/libxcb-dri2.so.0.0.0
7f1e5b9e4000-7f1e5bbe3000 ---p 00004000 fc:00 9441632                    /usr/lib/x86_64-linux-gnu/libxcb-dri2.so.0.0.0
7f1e5bbe3000-7f1e5bbe4000 r--p 00003000 fc:00 9441632                    /usr/lib/x86_64-linux-gnu/libxcb-dri2.so.0.0.0
7f1e5bbe4000-7f1e5bbe5000 rw-p 00004000 fc:00 9441632                    /usr/lib/x86_64-linux-gnu/libxcb-dri2.so.0.0.0
7f1e5bbe5000-7f1e5bbfc000 r-xp 00000000 fc:00 9441638                    /usr/lib/x86_64-linux-gnu/libxcb-glx.so.0.0.0
7f1e5bbfc000-7f1e5bdfb000 ---p 00017000 fc:00 9441638                    /usr/lib/x86_64-linux-gnu/libxcb-glx.so.0.0.0
7f1e5bdfb000-7f1e5bdfd000 r--p 00016000 fc:00 9441638                    /usr/lib/x86_64-linux-gnu/libxcb-glx.so.0.0.0
7f1e5bdfd000-7f1e5bdfe000 rw-p 00018000 fc:00 9441638                    /usr/lib/x86_64-linux-gnu/libxcb-glx.so.0.0.0
7f1e5bdfe000-7f1e5bdff000 r-xp 00000000 fc:00 9438241                    /usr/lib/x86_64-linux-gnu/libX11-xcb.so.1.0.0
7f1e5bdff000-7f1e5bffe000 ---p 00001000 fc:00 9438241                    /usr/lib/x86_64-linux-gnu/libX11-xcb.so.1.0.0
7f1e5bffe000-7f1e5bfff000 r--p 00000000 fc:00 9438241                    /usr/lib/x86_64-linux-gnu/libX11-xcb.so.1.0.0
7f1e5bfff000-7f1e5c000000 rw-p 00001000 fc:00 9438241                    /usr/lib/x86_64-linux-gnu/libX11-xcb.so.1.0.0
7f1e5c000000-7f1e5c021000 rw-p 00000000 00:00 0 
7f1e5c021000-7f1e60000000 ---p 00000000 00:00 0 
7f1e60000000-7f1e61ef0000 rw-p 00000000 00:00 0 
7f1e61ef0000-7f1e64000000 ---p 00000000 00:00 0 
7f1e64000000-7f1e64021000 rw-p 00000000 00:00 0 
7f1e64021000-7f1e68000000 ---p 00000000 00:00 0 
7f1e68000000-7f1e68021000 rw-p 00000000 00:00 0 
7f1e68021000-7f1e6c000000 ---p 00000000 00:00 0 
7f1e6c01b000-7f1e6c01d000 r-xp 00000000 fc:00 9442517                    /usr/lib/x86_64-linux-gnu/libXdamage.so.1.1.0
7f1e6c01d000-7f1e6c21c000 ---p 00002000 fc:00 9442517                    /usr/lib/x86_64-linux-gnu/libXdamage.so.1.1.0
7f1e6c21c000-7f1e6c21d000 r--p 00001000 fc:00 9442517                    /usr/lib/x86_64-linux-gnu/libXdamage.so.1.1.0
7f1e6c21d000-7f1e6c21e000 rw-p 00002000 fc:00 9442517                    /usr/lib/x86_64-linux-gnu/libXdamage.so.1.1.0
7f1e6c21e000-7f1e6c24a000 r-xp 00000000 fc:00 9438091                    /usr/lib/x86_64-linux-gnu/libglapi.so.0.0.0
7f1e6c24a000-7f1e6c449000 ---p 0002c000 fc:00 9438091                    /usr/lib/x86_64-linux-gnu/libglapi.so.0.0.0
7f1e6c449000-7f1e6c44d000 r--p 0002b000 fc:00 9438091                    /usr/lib/x86_64-linux-gnu/libglapi.so.0.0.0
7f1e6c44d000-7f1e6c44e000 rw-p 0002f000 fc:00 9438091                    /usr/lib/x86_64-linux-gnu/libglapi.so.0.0.0
7f1e6c44e000-7f1e6c44f000 rw-p 00000000 00:00 0 
7f1e6c44f000-7f1e6c450000 r-xp 00000000 fc:00 9443470                    /usr/lib/x86_64-linux-gnu/libxshmfence.so.1.0.0
7f1e6c450000-7f1e6c650000 ---p 00001000 fc:00 9443470                    /usr/lib/x86_64-linux-gnu/libxshmfence.so.1.0.0
7f1e6c650000-7f1e6c651000 r--p 00001000 fc:00 9443470                    /usr/lib/x86_64-linux-gnu/libxshmfence.so.1.0.0
7f1e6c651000-7f1e6c652000 rw-p 00002000 fc:00 9443470                    /usr/lib/x86_64-linux-gnu/libxshmfence.so.1.0.0
7f1e6c652000-7f1e6c657000 r-xp 00000000 fc:00 9441642                    /usr/lib/x86_64-linux-gnu/libxcb-sync.so.1.0.0
7f1e6c657000-7f1e6c857000 ---p 00005000 fc:00 9441642                    /usr/lib/x86_64-linux-gnu/libxcb-sync.so.1.0.0
7f1e6c857000-7f1e6c858000 r--p 00005000 fc:00 9441642                    /usr/lib/x86_64-linux-gnu/libxcb-sync.so.1.0.0
7f1e6c858000-7f1e6c859000 rw-p 00006000 fc:00 9441642                    /usr/lib/x86_64-linux-gnu/libxcb-sync.so.1.0.0
7f1e6c859000-7f1e6c85b000 r-xp 00000000 fc:00 9441640                    /usr/lib/x86_64-linux-gnu/libxcb-present.so.0.0.0
7f1e6c85b000-7f1e6ca5a000 ---p 00002000 fc:00 9441640                    /usr/lib/x86_64-linux-gnu/libxcb-present.so.0.0.0
7f1e6ca5a000-7f1e6ca5b000 r--p 00001000 fc:00 9441640                    /usr/lib/x86_64-linux-gnu/libxcb-present.so.0.0.0
7f1e6ca5b000-7f1e6ca5c000 rw-p 00002000 fc:00 9441640                    /usr/lib/x86_64-linux-gnu/libxcb-present.so.0.0.0
7f1e6ca5c000-7f1e6ca5e000 r-xp 00000000 fc:00 9441634                    /usr/lib/x86_64-linux-gnu/libxcb-dri3.so.0.0.0
7f1e6ca5e000-7f1e6cc5d000 ---p 00002000 fc:00 9441634                    /usr/lib/x86_64-linux-gnu/libxcb-dri3.so.0.0.0
7f1e6cc5d000-7f1e6cc5e000 r--p 00001000 fc:00 9441634                    /usr/lib/x86_64-linux-gnu/libxcb-dri3.so.0.0.0
7f1e6cc5e000-7f1e6cc5f000 rw-p 00002000 fc:00 9441634                    /usr/lib/x86_64-linux-gnu/libxcb-dri3.so.0.0.0
7f1e6cc5f000-7f1e6cc85000 r-xp 00000000 fc:00 8257565                    /lib/x86_64-linux-gnu/libexpat.so.1.6.0
7f1e6cc85000-7f1e6ce85000 ---p 00026000 fc:00 8257565                    /lib/x86_64-linux-gnu/libexpat.so.1.6.0
7f1e6ce85000-7f1e6ce87000 r--p 00026000 fc:00 8257565                    /lib/x86_64-linux-gnu/libexpat.so.1.6.0
7f1e6ce87000-7f1e6ce88000 rw-p 00028000 fc:00 8257565                    /lib/x86_64-linux-gnu/libexpat.so.1.6.0
7f1e6ce88000-7f1e6cef8000 r-xp 00000000 fc:00 9569071                    /usr/lib/x86_64-linux-gnu/mesa/libGL.so.1.2.0
7f1e6cef8000-7f1e6d0f7000 ---p 00070000 fc:00 9569071                    /usr/lib/x86_64-linux-gnu/mesa/libGL.so.1.2.0
7f1e6d0f7000-7f1e6d0fa000 r--p 0006f000 fc:00 9569071                    /usr/lib/x86_64-linux-gnu/mesa/libGL.so.1.2.0
7f1e6d0fa000-7f1e6d0fb000 rw-p 00072000 fc:00 9569071                    /usr/lib/x86_64-linux-gnu/mesa/libGL.so.1.2.0
7f1e6d0fb000-7f1e6d2fc000 rw-p 00000000 00:00 0 
7f1e6d2fc000-7f1e6d4fc000 rw-p 00000000 00:00 0 
7f1e6d5c7000-7f1e6d5ce000 r-xp 00000000 fc:00 6422575                    /tmp/jogamp_0000/file_cache/jln633519256822226263/jln7563607591372248381/natives/linux-amd64/libnativewindow_x11.so
7f1e6d5ce000-7f1e6d7cd000 ---p 00007000 fc:00 6422575                    /tmp/jogamp_0000/file_cache/jln633519256822226263/jln7563607591372248381/natives/linux-amd64/libnativewindow_x11.so
7f1e6d7cd000-7f1e6d7ce000 rw-p 00006000 fc:00 6422575                    /tmp/jogamp_0000/file_cache/jln633519256822226263/jln7563607591372248381/natives/linux-amd64/libnativewindow_x11.so
7f1e6d7ce000-7f1e6d7d1000 ---p 00000000 00:00 0 
7f1e6d7d1000-7f1e6d8cf000 rw-p 00000000 00:00 0 
7f1e6d8cf000-7f1e6d8d2000 ---p 00000000 00:00 0 
7f1e6d8d2000-7f1e6d9d0000 rw-p 00000000 00:00 0 
7f1e6d9d0000-7f1e6d9d5000 r-xp 00000000 fc:00 9442557                    /usr/lib/x86_64-linux-gnu/libXxf86vm.so.1.0.0
7f1e6d9d5000-7f1e6dbd4000 ---p 00005000 fc:00 9442557                    /usr/lib/x86_64-linux-gnu/libXxf86vm.so.1.0.0
7f1e6dbd4000-7f1e6dbd5000 r--p 00004000 fc:00 9442557                    /usr/lib/x86_64-linux-gnu/libXxf86vm.so.1.0.0
7f1e6dbd5000-7f1e6dbd6000 rw-p 00005000 fc:00 9442557                    /usr/lib/x86_64-linux-gnu/libXxf86vm.so.1.0.0
7f1e6dbd6000-7f1e6dbd8000 r-xp 00000000 fc:00 6422574                    /tmp/jogamp_0000/file_cache/jln633519256822226263/jln7563607591372248381/natives/linux-amd64/libnativewindow_awt.so
7f1e6dbd8000-7f1e6ddd7000 ---p 00002000 fc:00 6422574                    /tmp/jogamp_0000/file_cache/jln633519256822226263/jln7563607591372248381/natives/linux-amd64/libnativewindow_awt.so
7f1e6ddd7000-7f1e6ddd8000 rw-p 00001000 fc:00 6422574                    /tmp/jogamp_0000/file_cache/jln633519256822226263/jln7563607591372248381/natives/linux-amd64/libnativewindow_awt.so
7f1e6ddd8000-7f1e6ddd9000 r-xp 00000000 fc:00 13893896                   /usr/lib/jvm/java-8-openjdk-amd64/jre/lib/amd64/libjawt.so
7f1e6ddd9000-7f1e6dfd8000 ---p 00001000 fc:00 13893896                   /usr/lib/jvm/java-8-openjdk-amd64/jre/lib/amd64/libjawt.so
7f1e6dfd8000-7f1e6dfd9000 r--p 00000000 fc:00 13893896                   /usr/lib/jvm/java-8-openjdk-amd64/jre/lib/amd64/libjawt.so
7f1e6dfd9000-7f1e6dfda000 rw-p 00001000 fc:00 13893896                   /usr/lib/jvm/java-8-openjdk-amd64/jre/lib/amd64/libjawt.so
7f1e6dfda000-7f1e6dfdd000 ---p 00000000 00:00 0 
7f1e6dfdd000-7f1e6e0db000 rw-p 00000000 00:00 0 
7f1e6e0db000-7f1e6e0e0000 r-xp 00000000 fc:00 9442523                    /usr/lib/x86_64-linux-gnu/libXfixes.so.3.1.0
7f1e6e0e0000-7f1e6e2df000 ---p 00005000 fc:00 9442523                    /usr/lib/x86_64-linux-gnu/libXfixes.so.3.1.0
7f1e6e2df000-7f1e6e2e0000 r--p 00004000 fc:00 9442523                    /usr/lib/x86_64-linux-gnu/libXfixes.so.3.1.0
7f1e6e2e0000-7f1e6e2e1000 rw-p 00005000 fc:00 9442523                    /usr/lib/x86_64-linux-gnu/libXfixes.so.3.1.0
7f1e6e2e1000-7f1e6e2ea000 r-xp 00000000 fc:00 9440610                    /usr/lib/x86_64-linux-gnu/libXcursor.so.1.0.2
7f1e6e2ea000-7f1e6e4e9000 ---p 00009000 fc:00 9440610                    /usr/lib/x86_64-linux-gnu/libXcursor.so.1.0.2
7f1e6e4e9000-7f1e6e4ea000 r--p 00008000 fc:00 9440610                    /usr/lib/x86_64-linux-gnu/libXcursor.so.1.0.2
7f1e6e4ea000-7f1e6e4eb000 rw-p 00009000 fc:00 9440610                    /usr/lib/x86_64-linux-gnu/libXcursor.so.1.0.2
7f1e6e4eb000-7f1e6e50f000 r-xp 00000000 fc:00 8258033                    /lib/x86_64-linux-gnu/libpng12.so.0.54.0
7f1e6e50f000-7f1e6e70e000 ---p 00024000 fc:00 8258033                    /lib/x86_64-linux-gnu/libpng12.so.0.54.0
7f1e6e70e000-7f1e6e70f000 r--p 00023000 fc:00 8258033                    /lib/x86_64-linux-gnu/libpng12.so.0.54.0
7f1e6e70f000-7f1e6e710000 rw-p 00024000 fc:00 8258033                    /lib/x86_64-linux-gnu/libpng12.so.0.54.0
7f1e6e710000-7f1e6e7b4000 r-xp 00000000 fc:00 9441225                    /usr/lib/x86_64-linux-gnu/libfreetype.so.6.12.1
7f1e6e7b4000-7f1e6e9b3000 ---p 000a4000 fc:00 9441225                    /usr/lib/x86_64-linux-gnu/libfreetype.so.6.12.1
7f1e6e9b3000-7f1e6e9b9000 r--p 000a3000 fc:00 9441225                    /usr/lib/x86_64-linux-gnu/libfreetype.so.6.12.1
7f1e6e9b9000-7f1e6e9ba000 rw-p 000a9000 fc:00 9441225                    /usr/lib/x86_64-linux-gnu/libfreetype.so.6.12.1
7f1e6e9ba000-7f1e6ea0c000 r-xp 00000000 fc:00 13893922                   /usr/lib/jvm/java-8-openjdk-amd64/jre/lib/amd64/libfontmanager.so
7f1e6ea0c000-7f1e6ec0c000 ---p 00052000 fc:00 13893922                   /usr/lib/jvm/java-8-openjdk-amd64/jre/lib/amd64/libfontmanager.so
7f1e6ec0c000-7f1e6ec0e000 r--p 00052000 fc:00 13893922                   /usr/lib/jvm/java-8-openjdk-amd64/jre/lib/amd64/libfontmanager.so
7f1e6ec0e000-7f1e6ec0f000 rw-p 00054000 fc:00 13893922                   /usr/lib/jvm/java-8-openjdk-amd64/jre/lib/amd64/libfontmanager.so
7f1e6ec0f000-7f1e6ec14000 r-xp 00000000 fc:00 9437334                    /usr/lib/x86_64-linux-gnu/libXdmcp.so.6.0.0
7f1e6ec14000-7f1e6ee13000 ---p 00005000 fc:00 9437334                    /usr/lib/x86_64-linux-gnu/libXdmcp.so.6.0.0
7f1e6ee13000-7f1e6ee14000 r--p 00004000 fc:00 9437334                    /usr/lib/x86_64-linux-gnu/libXdmcp.so.6.0.0
7f1e6ee14000-7f1e6ee15000 rw-p 00005000 fc:00 9437334                    /usr/lib/x86_64-linux-gnu/libXdmcp.so.6.0.0
7f1e6ee15000-7f1e6ee17000 r-xp 00000000 fc:00 9442508                    /usr/lib/x86_64-linux-gnu/libXau.so.6.0.0
7f1e6ee17000-7f1e6f017000 ---p 00002000 fc:00 9442508                    /usr/lib/x86_64-linux-gnu/libXau.so.6.0.0
7f1e6f017000-7f1e6f018000 r--p 00002000 fc:00 9442508                    /usr/lib/x86_64-linux-gnu/libXau.so.6.0.0
7f1e6f018000-7f1e6f019000 rw-p 00003000 fc:00 9442508                    /usr/lib/x86_64-linux-gnu/libXau.so.6.0.0
7f1e6f019000-7f1e6f03a000 r-xp 00000000 fc:00 9445987                    /usr/lib/x86_64-linux-gnu/libxcb.so.1.1.0
7f1e6f03a000-7f1e6f239000 ---p 00021000 fc:00 9445987                    /usr/lib/x86_64-linux-gnu/libxcb.so.1.1.0
7f1e6f239000-7f1e6f23a000 r--p 00020000 fc:00 9445987                    /usr/lib/x86_64-linux-gnu/libxcb.so.1.1.0
7f1e6f23a000-7f1e6f23b000 rw-p 00021000 fc:00 9445987                    /usr/lib/x86_64-linux-gnu/libxcb.so.1.1.0
7f1e6f23b000-7f1e6f24a000 r-xp 00000000 fc:00 9440612                    /usr/lib/x86_64-linux-gnu/libXi.so.6.1.0
7f1e6f24a000-7f1e6f449000 ---p 0000f000 fc:00 9440612                    /usr/lib/x86_64-linux-gnu/libXi.so.6.1.0
7f1e6f449000-7f1e6f44a000 r--p 0000e000 fc:00 9440612                    /usr/lib/x86_64-linux-gnu/libXi.so.6.1.0
7f1e6f44a000-7f1e6f44b000 rw-p 0000f000 fc:00 9440612                    /usr/lib/x86_64-linux-gnu/libXi.so.6.1.0
7f1e6f44b000-7f1e6f450000 r-xp 00000000 fc:00 9442547                    /usr/lib/x86_64-linux-gnu/libXtst.so.6.1.0
7f1e6f450000-7f1e6f64f000 ---p 00005000 fc:00 9442547                    /usr/lib/x86_64-linux-gnu/libXtst.so.6.1.0
7f1e6f64f000-7f1e6f650000 r--p 00004000 fc:00 9442547                    /usr/lib/x86_64-linux-gnu/libXtst.so.6.1.0
7f1e6f650000-7f1e6f651000 rw-p 00005000 fc:00 9442547                    /usr/lib/x86_64-linux-gnu/libXtst.so.6.1.0
7f1e6f651000-7f1e6f65a000 r-xp 00000000 fc:00 9442541                    /usr/lib/x86_64-linux-gnu/libXrender.so.1.3.0
7f1e6f65a000-7f1e6f859000 ---p 00009000 fc:00 9442541                    /usr/lib/x86_64-linux-gnu/libXrender.so.1.3.0
7f1e6f859000-7f1e6f85a000 r--p 00008000 fc:00 9442541                    /usr/lib/x86_64-linux-gnu/libXrender.so.1.3.0
7f1e6f85a000-7f1e6f85b000 rw-p 00009000 fc:00 9442541                    /usr/lib/x86_64-linux-gnu/libXrender.so.1.3.0
7f1e6f85b000-7f1e6f990000 r-xp 00000000 fc:00 9446001                    /usr/lib/x86_64-linux-gnu/libX11.so.6.3.0
7f1e6f990000-7f1e6fb90000 ---p 00135000 fc:00 9446001                    /usr/lib/x86_64-linux-gnu/libX11.so.6.3.0
7f1e6fb90000-7f1e6fb91000 r--p 00135000 fc:00 9446001                    /usr/lib/x86_64-linux-gnu/libX11.so.6.3.0
7f1e6fb91000-7f1e6fb95000 rw-p 00136000 fc:00 9446001                    /usr/lib/x86_64-linux-gnu/libX11.so.6.3.0
7f1e6fb95000-7f1e6fba6000 r-xp 00000000 fc:00 9442521                    /usr/lib/x86_64-linux-gnu/libXext.so.6.4.0
7f1e6fba6000-7f1e6fda5000 ---p 00011000 fc:00 9442521                    /usr/lib/x86_64-linux-gnu/libXext.so.6.4.0
7f1e6fda5000-7f1e6fda6000 r--p 00010000 fc:00 9442521                    /usr/lib/x86_64-linux-gnu/libXext.so.6.4.0
7f1e6fda6000-7f1e6fda7000 rw-p 00011000 fc:00 9442521                    /usr/lib/x86_64-linux-gnu/libXext.so.6.4.0
7f1e6fda7000-7f1e6fdfc000 r-xp 00000000 fc:00 13893907                   /usr/lib/jvm/java-8-openjdk-amd64/jre/lib/amd64/libawt_xawt.so
7f1e6fdfc000-7f1e6fffb000 ---p 00055000 fc:00 13893907                   /usr/lib/jvm/java-8-openjdk-amd64/jre/lib/amd64/libawt_xawt.so
7f1e6fffb000-7f1e6fffc000 r--p 00054000 fc:00 13893907                   /usr/lib/jvm/java-8-openjdk-amd64/jre/lib/amd64/libawt_xawt.so
7f1e6fffc000-7f1e6ffff000 rw-p 00055000 fc:00 13893907                   /usr/lib/jvm/java-8-openjdk-amd64/jre/lib/amd64/libawt_xawt.so
7f1e6ffff000-7f1e70000000 rw-p 00000000 00:00 0 
7f1e70000000-7f1e70021000 rw-p 00000000 00:00 0 
7f1e70021000-7f1e74000000 ---p 00000000 00:00 0 
7f1e74000000-7f1e74021000 rw-p 00000000 00:00 0 
7f1e74021000-7f1e78000000 ---p 00000000 00:00 0 
7f1e78000000-7f1e78539000 rw-p 00000000 00:00 0 
7f1e78539000-7f1e7c000000 ---p 00000000 00:00 0 
7f1e7c000000-7f1e7c021000 rw-p 00000000 00:00 0 
7f1e7c021000-7f1e80000000 ---p 00000000 00:00 0 
7f1e80000000-7f1e81c60000 rw-p 00000000 00:00 0 
7f1e81c60000-7f1e84000000 ---p 00000000 00:00 0 
7f1e84000000-7f1e857fa000 rw-p 00000000 00:00 0 
7f1e857fa000-7f1e88000000 ---p 00000000 00:00 0 
7f1e88000000-7f1e88021000 rw-p 00000000 00:00 0 
7f1e88021000-7f1e8c000000 ---p 00000000 00:00 0 
7f1e8c08b000-7f1e8c08f000 rw-s 00000000 00:05 477622                     /drm mm object (deleted)
7f1e8c08f000-7f1e8c090000 rwxp 00000000 00:00 0 
7f1e8c094000-7f1e8c0a7000 r--s 00346000 fc:00 13893934                   /usr/lib/jvm/java-8-openjdk-amd64/jre/lib/resources.jar
7f1e8c0a7000-7f1e8c147000 r-xp 00000000 fc:00 13893897                   /usr/lib/jvm/java-8-openjdk-amd64/jre/lib/amd64/libawt.so
7f1e8c147000-7f1e8c347000 ---p 000a0000 fc:00 13893897                   /usr/lib/jvm/java-8-openjdk-amd64/jre/lib/amd64/libawt.so
7f1e8c347000-7f1e8c348000 r--p 000a0000 fc:00 13893897                   /usr/lib/jvm/java-8-openjdk-amd64/jre/lib/amd64/libawt.so
7f1e8c348000-7f1e8c353000 rw-p 000a1000 fc:00 13893897                   /usr/lib/jvm/java-8-openjdk-amd64/jre/lib/amd64/libawt.so
7f1e8c353000-7f1e8c378000 rw-p 00000000 00:00 0 
7f1e8c378000-7f1e8c37a000 r-xp 00000000 fc:00 6422592                    /tmp/jogamp_0000/file_cache/jln633519256822226263/jln7563607591372248381/natives/linux-amd64/libgluegen-rt.so
7f1e8c37a000-7f1e8c579000 ---p 00002000 fc:00 6422592                    /tmp/jogamp_0000/file_cache/jln633519256822226263/jln7563607591372248381/natives/linux-amd64/libgluegen-rt.so
7f1e8c579000-7f1e8c57a000 rw-p 00001000 fc:00 6422592                    /tmp/jogamp_0000/file_cache/jln633519256822226263/jln7563607591372248381/natives/linux-amd64/libgluegen-rt.so
7f1e8c57a000-7f1e8c57d000 ---p 00000000 00:00 0 
7f1e8c57d000-7f1e8c67b000 rw-p 00000000 00:00 0 
7f1e8c67b000-7f1e8c68c000 r-xp 00000000 fc:00 13893931                   /usr/lib/jvm/java-8-openjdk-amd64/jre/lib/amd64/libnio.so
7f1e8c68c000-7f1e8c88c000 ---p 00011000 fc:00 13893931                   /usr/lib/jvm/java-8-openjdk-amd64/jre/lib/amd64/libnio.so
7f1e8c88c000-7f1e8c88d000 r--p 00011000 fc:00 13893931                   /usr/lib/jvm/java-8-openjdk-amd64/jre/lib/amd64/libnio.so
7f1e8c88d000-7f1e8c88e000 rw-p 00012000 fc:00 13893931                   /usr/lib/jvm/java-8-openjdk-amd64/jre/lib/amd64/libnio.so
7f1e8c88e000-7f1e8f88f000 rw-p 00000000 00:00 0 
7f1e8f88f000-7f1e8f8a6000 r-xp 00000000 fc:00 13893900                   /usr/lib/jvm/java-8-openjdk-amd64/jre/lib/amd64/libnet.so
7f1e8f8a6000-7f1e8faa5000 ---p 00017000 fc:00 13893900                   /usr/lib/jvm/java-8-openjdk-amd64/jre/lib/amd64/libnet.so
7f1e8faa5000-7f1e8faa6000 r--p 00016000 fc:00 13893900                   /usr/lib/jvm/java-8-openjdk-amd64/jre/lib/amd64/libnet.so
7f1e8faa6000-7f1e8faa7000 rw-p 00017000 fc:00 13893900                   /usr/lib/jvm/java-8-openjdk-amd64/jre/lib/amd64/libnet.so
7f1e8faa7000-7f1e8faaa000 ---p 00000000 00:00 0 
7f1e8faaa000-7f1e8fae0000 rw-p 00000000 00:00 0 
7f1e8fae0000-7f1e8fae1000 r--p 00000000 00:00 0 
7f1e8fae1000-7f1e8fae6000 r--s 000a0000 fc:00 13893935                   /usr/lib/jvm/java-8-openjdk-amd64/jre/lib/jsse.jar
7f1e8fae6000-7f1e8faec000 r--s 00081000 fc:00 17695093                   /home/brobz/.m2/repository/postgresql/postgresql/9.1-901-1.jdbc4/postgresql-9.1-901-1.jdbc4.jar
7f1e8faec000-7f1e8faee000 r--s 00001000 fc:00 17695088                   /home/brobz/.m2/repository/net/mikera/mathz/0.3.0/mathz-0.3.0.jar
7f1e8faee000-7f1e8faef000 r--s 00003000 fc:00 17695087                   /home/brobz/.m2/repository/net/mikera/randomz/0.3.0/randomz-0.3.0.jar
7f1e8faef000-7f1e8faf2000 r--s 00013000 fc:00 17695089                   /home/brobz/.m2/repository/us/bpsm/edn-java/0.4.7/edn-java-0.4.7.jar
7f1e8faf2000-7f1e8fafa000 r--s 000a9000 fc:00 17695092                   /home/brobz/.m2/repository/net/mikera/vectorz/0.66.0/vectorz-0.66.0.jar
7f1e8fafa000-7f1e8fafb000 r--s 00001000 fc:00 17695082                   /home/brobz/.m2/repository/org/jogamp/gluegen/gluegen-rt/2.3.2/gluegen-rt-2.3.2-natives-windows-i586.jar
7f1e8fafb000-7f1e8fafc000 ---p 00000000 00:00 0 
7f1e8fafc000-7f1e8fbfc000 rw-p 00000000 00:00 0 
7f1e8fbfc000-7f1e8fbff000 ---p 00000000 00:00 0 
7f1e8fbff000-7f1e8fcfd000 rw-p 00000000 00:00 0 
7f1e8fcfd000-7f1e8fd00000 ---p 00000000 00:00 0 
7f1e8fd00000-7f1e8fdfe000 rw-p 00000000 00:00 0 
7f1e8fdfe000-7f1e8fe01000 ---p 00000000 00:00 0 
7f1e8fe01000-7f1e8feff000 rw-p 00000000 00:00 0 
7f1e8feff000-7f1e8ff02000 ---p 00000000 00:00 0 
7f1e8ff02000-7f1e90000000 rw-p 00000000 00:00 0 
7f1e90000000-7f1e90021000 rw-p 00000000 00:00 0 
7f1e90021000-7f1e94000000 ---p 00000000 00:00 0 
7f1e94000000-7f1e94021000 rw-p 00000000 00:00 0 
7f1e94021000-7f1e98000000 ---p 00000000 00:00 0 
7f1e98000000-7f1e98021000 rw-p 00000000 00:00 0 
7f1e98021000-7f1e9c000000 ---p 00000000 00:00 0 
7f1e9c000000-7f1e9c021000 rw-p 00000000 00:00 0 
7f1e9c021000-7f1ea0000000 ---p 00000000 00:00 0 
7f1ea0000000-7f1ea0021000 rw-p 00000000 00:00 0 
7f1ea0021000-7f1ea4000000 ---p 00000000 00:00 0 
7f1ea4000000-7f1ea4021000 rw-p 00000000 00:00 0 
7f1ea4021000-7f1ea8000000 ---p 00000000 00:00 0 
7f1ea8000000-7f1ea8021000 rw-p 00000000 00:00 0 
7f1ea8021000-7f1eac000000 ---p 00000000 00:00 0 
7f1eac000000-7f1eac001000 r--s 00001000 fc:00 17695081                   /home/brobz/.m2/repository/org/jogamp/gluegen/gluegen-rt/2.3.2/gluegen-rt-2.3.2-natives-windows-amd64.jar
7f1eac001000-7f1eac002000 r--s 00000000 fc:00 17695080                   /home/brobz/.m2/repository/org/jogamp/gluegen/gluegen-rt/2.3.2/gluegen-rt-2.3.2-natives-solaris-i586.jar
7f1eac002000-7f1eac003000 r--s 00001000 fc:00 17695076                   /home/brobz/.m2/repository/org/jogamp/gluegen/gluegen-rt/2.3.2/gluegen-rt-2.3.2-natives-solaris-amd64.jar
7f1eac003000-7f1eac004000 r--s 00001000 fc:00 17695075                   /home/brobz/.m2/repository/org/jogamp/gluegen/gluegen-rt/2.3.2/gluegen-rt-2.3.2-natives-macosx-universal.jar
7f1eac004000-7f1eac006000 r--s 00000000 fc:00 17695074                   /home/brobz/.m2/repository/org/jogamp/gluegen/gluegen-rt/2.3.2/gluegen-rt-2.3.2-natives-linux-i586.jar
7f1eac006000-7f1eac007000 r--s 00000000 fc:00 17695070                   /home/brobz/.m2/repository/org/jogamp/gluegen/gluegen-rt/2.3.2/gluegen-rt-2.3.2-natives-linux-armv6hf.jar
7f1eac007000-7f1eac008000 r--s 00000000 fc:00 17695069                   /home/brobz/.m2/repository/org/jogamp/gluegen/gluegen-rt/2.3.2/gluegen-rt-2.3.2-natives-linux-armv6.jar
7f1eac008000-7f1eac00a000 r--s 00000000 fc:00 17695063                   /home/brobz/.m2/repository/org/jogamp/gluegen/gluegen-rt/2.3.2/gluegen-rt-2.3.2-natives-linux-amd64.jar
7f1eac00a000-7f1eac00b000 r--s 00001000 fc:00 17695065                   /home/brobz/.m2/repository/org/jogamp/gluegen/gluegen-rt/2.3.2/gluegen-rt-2.3.2-natives-android-armv6.jar
7f1eac00b000-7f1eac00c000 r--s 00000000 fc:00 17695064                   /home/brobz/.m2/repository/org/jogamp/gluegen/gluegen-rt/2.3.2/gluegen-rt-2.3.2-natives-android-aarch64.jar
7f1eac00c000-7f1eac012000 r--s 0004f000 fc:00 17695073                   /home/brobz/.m2/repository/org/jogamp/gluegen/gluegen-rt/2.3.2/gluegen-rt-2.3.2.jar
7f1eac012000-7f1eac013000 r--s 00000000 fc:00 17694964                   /home/brobz/.m2/repository/org/jogamp/gluegen/gluegen-rt-main/2.3.2/gluegen-rt-main-2.3.2.jar
7f1eac013000-7f1eac015000 r--s 0000c000 fc:00 17694962                   /home/brobz/.m2/repository/com/esotericsoftware/jsonbeans/0.7/jsonbeans-0.7.jar
7f1eac015000-7f1eac017000 r--s 00009000 fc:00 17694960                   /home/brobz/.m2/repository/org/objenesis/objenesis/2.1/objenesis-2.1.jar
7f1eac017000-7f1eac019000 r--s 00000000 fc:00 17694958                   /home/brobz/.m2/repository/com/esotericsoftware/minlog/minlog/1.2/minlog-1.2.jar
7f1eac019000-7f1eac01f000 r--s 0004d000 fc:00 17694956                   /home/brobz/.m2/repository/com/esotericsoftware/kryo/kryo/2.24.0/kryo-2.24.0.jar
7f1eac01f000-7f1eac021000 r--s 00011000 fc:00 17694954                   /home/brobz/.m2/repository/com/esotericsoftware/kryonet/2.22.0-RC1/kryonet-2.22.0-RC1.jar
7f1eac021000-7f1eac023000 r--s 00032000 fc:00 17694953                   /home/brobz/.m2/repository/org/jogamp/jogl/jogl-all/2.3.2/jogl-all-2.3.2-natives-windows-i586.jar
7f1eac023000-7f1eac024000 r--s 0003a000 fc:00 17694951                   /home/brobz/.m2/repository/org/jogamp/jogl/jogl-all/2.3.2/jogl-all-2.3.2-natives-windows-amd64.jar
7f1eac024000-7f1eac025000 r--s 00027000 fc:00 17694948                   /home/brobz/.m2/repository/org/jogamp/jogl/jogl-all/2.3.2/jogl-all-2.3.2-natives-solaris-i586.jar
7f1eac025000-7f1eac026000 r--s 00035000 fc:00 17694945                   /home/brobz/.m2/repository/org/jogamp/jogl/jogl-all/2.3.2/jogl-all-2.3.2-natives-solaris-amd64.jar
7f1eac026000-7f1eac04a000 r--s 0031e000 fc:00 17695059                   /home/brobz/.m2/repository/org/jogamp/jogl/jogl-all/2.3.2/jogl-all-2.3.2.jar
7f1eac04a000-7f1eac050000 r--s 0003b000 fc:00 13893879                   /usr/lib/jvm/java-8-openjdk-amd64/jre/lib/ext/sunjce_provider.jar
7f1eac050000-7f1eac06b000 r--s 001d6000 fc:00 13893872                   /usr/lib/jvm/java-8-openjdk-amd64/jre/lib/ext/nashorn.jar
7f1eac06b000-7f1eac086000 r--s 00394000 fc:00 13893878                   /usr/lib/jvm/java-8-openjdk-amd64/jre/lib/ext/cldrdata.jar
7f1eac086000-7f1eac089000 ---p 00000000 00:00 0 
7f1eac089000-7f1eac187000 rw-p 00000000 00:00 0 
7f1eac187000-7f1eac590000 r--p 00000000 fc:00 9445250                    /usr/lib/locale/locale-archive
7f1eac590000-7f1eac593000 ---p 00000000 00:00 0 
7f1eac593000-7f1eac691000 rw-p 00000000 00:00 0 
7f1eac691000-7f1eac694000 ---p 00000000 00:00 0 
7f1eac694000-7f1eac792000 rw-p 00000000 00:00 0 
7f1eac792000-7f1eac793000 ---p 00000000 00:00 0 
7f1eac793000-7f1ead826000 rw-p 00000000 00:00 0 
7f1ead826000-7f1ead9f5000 r--s 03c33000 fc:00 13893892                   /usr/lib/jvm/java-8-openjdk-amd64/jre/lib/rt.jar
7f1ead9f5000-7f1eaf8cd000 rw-p 00000000 00:00 0 
7f1eaf8cd000-7f1eaf8ce000 ---p 00000000 00:00 0 
7f1eaf8ce000-7f1eaf9ce000 rw-p 00000000 00:00 0 
7f1eaf9ce000-7f1eaf9cf000 ---p 00000000 00:00 0 
7f1eaf9cf000-7f1eafacf000 rw-p 00000000 00:00 0 
7f1eafacf000-7f1eafad0000 ---p 00000000 00:00 0 
7f1eafad0000-7f1eafbd0000 rw-p 00000000 00:00 0 
7f1eafbd0000-7f1eafbd1000 ---p 00000000 00:00 0 
7f1eafbd1000-7f1eafcec000 rw-p 00000000 00:00 0 
7f1eafcec000-7f1eafdb7000 ---p 00000000 00:00 0 
7f1eafdb7000-7f1eafdd8000 rw-p 00000000 00:00 0 
7f1eafdd8000-7f1eb0177000 ---p 00000000 00:00 0 
7f1eb0177000-7f1eb0997000 rwxp 00000000 00:00 0 
7f1eb0997000-7f1ebf177000 ---p 00000000 00:00 0 
7f1ebf177000-7f1ebf17f000 r-xp 00000000 fc:00 13893910                   /usr/lib/jvm/java-8-openjdk-amd64/jre/lib/amd64/libzip.so
7f1ebf17f000-7f1ebf37e000 ---p 00008000 fc:00 13893910                   /usr/lib/jvm/java-8-openjdk-amd64/jre/lib/amd64/libzip.so
7f1ebf37e000-7f1ebf37f000 r--p 00007000 fc:00 13893910                   /usr/lib/jvm/java-8-openjdk-amd64/jre/lib/amd64/libzip.so
7f1ebf37f000-7f1ebf380000 rw-p 00008000 fc:00 13893910                   /usr/lib/jvm/java-8-openjdk-amd64/jre/lib/amd64/libzip.so
7f1ebf380000-7f1ebf38b000 r-xp 00000000 fc:00 8257717                    /lib/x86_64-linux-gnu/libnss_files-2.23.so
7f1ebf38b000-7f1ebf58a000 ---p 0000b000 fc:00 8257717                    /lib/x86_64-linux-gnu/libnss_files-2.23.so
7f1ebf58a000-7f1ebf58b000 r--p 0000a000 fc:00 8257717                    /lib/x86_64-linux-gnu/libnss_files-2.23.so
7f1ebf58b000-7f1ebf58c000 rw-p 0000b000 fc:00 8257717                    /lib/x86_64-linux-gnu/libnss_files-2.23.so
7f1ebf58c000-7f1ebf592000 rw-p 00000000 00:00 0 
7f1ebf592000-7f1ebf59d000 r-xp 00000000 fc:00 8257710                    /lib/x86_64-linux-gnu/libnss_nis-2.23.so
7f1ebf59d000-7f1ebf79c000 ---p 0000b000 fc:00 8257710                    /lib/x86_64-linux-gnu/libnss_nis-2.23.so
7f1ebf79c000-7f1ebf79d000 r--p 0000a000 fc:00 8257710                    /lib/x86_64-linux-gnu/libnss_nis-2.23.so
7f1ebf79d000-7f1ebf79e000 rw-p 0000b000 fc:00 8257710                    /lib/x86_64-linux-gnu/libnss_nis-2.23.so
7f1ebf79e000-7f1ebf7b4000 r-xp 00000000 fc:00 8257715                    /lib/x86_64-linux-gnu/libnsl-2.23.so
7f1ebf7b4000-7f1ebf9b3000 ---p 00016000 fc:00 8257715                    /lib/x86_64-linux-gnu/libnsl-2.23.so
7f1ebf9b3000-7f1ebf9b4000 r--p 00015000 fc:00 8257715                    /lib/x86_64-linux-gnu/libnsl-2.23.so
7f1ebf9b4000-7f1ebf9b5000 rw-p 00016000 fc:00 8257715                    /lib/x86_64-linux-gnu/libnsl-2.23.so
7f1ebf9b5000-7f1ebf9b7000 rw-p 00000000 00:00 0 
7f1ebf9b7000-7f1ebf9bf000 r-xp 00000000 fc:00 8257721                    /lib/x86_64-linux-gnu/libnss_compat-2.23.so
7f1ebf9bf000-7f1ebfbbe000 ---p 00008000 fc:00 8257721                    /lib/x86_64-linux-gnu/libnss_compat-2.23.so
7f1ebfbbe000-7f1ebfbbf000 r--p 00007000 fc:00 8257721                    /lib/x86_64-linux-gnu/libnss_compat-2.23.so
7f1ebfbbf000-7f1ebfbc0000 rw-p 00008000 fc:00 8257721                    /lib/x86_64-linux-gnu/libnss_compat-2.23.so
7f1ebfbc0000-7f1ebfbed000 r-xp 00000000 fc:00 13893914                   /usr/lib/jvm/java-8-openjdk-amd64/jre/lib/amd64/libjava.so
7f1ebfbed000-7f1ebfdec000 ---p 0002d000 fc:00 13893914                   /usr/lib/jvm/java-8-openjdk-amd64/jre/lib/amd64/libjava.so
7f1ebfdec000-7f1ebfded000 r--p 0002c000 fc:00 13893914                   /usr/lib/jvm/java-8-openjdk-amd64/jre/lib/amd64/libjava.so
7f1ebfded000-7f1ebfdef000 rw-p 0002d000 fc:00 13893914                   /usr/lib/jvm/java-8-openjdk-amd64/jre/lib/amd64/libjava.so
7f1ebfdef000-7f1ebfdfe000 r-xp 00000000 fc:00 13893919                   /usr/lib/jvm/java-8-openjdk-amd64/jre/lib/amd64/libverify.so
7f1ebfdfe000-7f1ebfffd000 ---p 0000f000 fc:00 13893919                   /usr/lib/jvm/java-8-openjdk-amd64/jre/lib/amd64/libverify.so
7f1ebfffd000-7f1ebffff000 r--p 0000e000 fc:00 13893919                   /usr/lib/jvm/java-8-openjdk-amd64/jre/lib/amd64/libverify.so
7f1ebffff000-7f1ec0000000 rw-p 00010000 fc:00 13893919                   /usr/lib/jvm/java-8-openjdk-amd64/jre/lib/amd64/libverify.so
7f1ec0000000-7f1ec08cc000 rw-p 00000000 00:00 0 
7f1ec08cc000-7f1ec4000000 ---p 00000000 00:00 0 
7f1ec4000000-7f1ec4001000 r--s 0006c000 fc:00 17694946                   /home/brobz/.m2/repository/org/jogamp/jogl/jogl-all/2.3.2/jogl-all-2.3.2-natives-macosx-universal.jar
7f1ec4001000-7f1ec4003000 r--s 00034000 fc:00 17694941                   /home/brobz/.m2/repository/org/jogamp/jogl/jogl-all/2.3.2/jogl-all-2.3.2-natives-linux-i586.jar
7f1ec4003000-7f1ec4004000 r--s 00028000 fc:00 17694943                   /home/brobz/.m2/repository/org/jogamp/jogl/jogl-all/2.3.2/jogl-all-2.3.2-natives-linux-armv6hf.jar
7f1ec4004000-7f1ec4005000 r--s 00027000 fc:00 17694938                   /home/brobz/.m2/repository/org/jogamp/jogl/jogl-all/2.3.2/jogl-all-2.3.2-natives-linux-armv6.jar
7f1ec4005000-7f1ec400f000 r--s 00116000 fc:00 13893881                   /usr/lib/jvm/java-8-openjdk-amd64/jre/lib/ext/localedata.jar
7f1ec400f000-7f1ec40c1000 rw-p 00000000 00:00 0 
7f1ec40c1000-7f1ec418b000 ---p 00000000 00:00 0 
7f1ec418b000-7f1ec41c2000 rw-p 00000000 00:00 0 
7f1ec41c2000-7f1ec41fe000 ---p 00000000 00:00 0 
7f1ec41fe000-7f1ec41ff000 rw-p 00000000 00:00 0 
7f1ec41ff000-7f1ec4206000 r-xp 00000000 fc:00 8257703                    /lib/x86_64-linux-gnu/librt-2.23.so
7f1ec4206000-7f1ec4405000 ---p 00007000 fc:00 8257703                    /lib/x86_64-linux-gnu/librt-2.23.so
7f1ec4405000-7f1ec4406000 r--p 00006000 fc:00 8257703                    /lib/x86_64-linux-gnu/librt-2.23.so
7f1ec4406000-7f1ec4407000 rw-p 00007000 fc:00 8257703                    /lib/x86_64-linux-gnu/librt-2.23.so
7f1ec4407000-7f1ec441d000 r-xp 00000000 fc:00 8257739                    /lib/x86_64-linux-gnu/libgcc_s.so.1
7f1ec441d000-7f1ec461c000 ---p 00016000 fc:00 8257739                    /lib/x86_64-linux-gnu/libgcc_s.so.1
7f1ec461c000-7f1ec461d000 rw-p 00015000 fc:00 8257739                    /lib/x86_64-linux-gnu/libgcc_s.so.1
7f1ec461d000-7f1ec4725000 r-xp 00000000 fc:00 8257723                    /lib/x86_64-linux-gnu/libm-2.23.so
7f1ec4725000-7f1ec4924000 ---p 00108000 fc:00 8257723                    /lib/x86_64-linux-gnu/libm-2.23.so
7f1ec4924000-7f1ec4925000 r--p 00107000 fc:00 8257723                    /lib/x86_64-linux-gnu/libm-2.23.so
7f1ec4925000-7f1ec4926000 rw-p 00108000 fc:00 8257723                    /lib/x86_64-linux-gnu/libm-2.23.so
7f1ec4926000-7f1ec4a98000 r-xp 00000000 fc:00 9439213                    /usr/lib/x86_64-linux-gnu/libstdc++.so.6.0.21
7f1ec4a98000-7f1ec4c98000 ---p 00172000 fc:00 9439213                    /usr/lib/x86_64-linux-gnu/libstdc++.so.6.0.21
7f1ec4c98000-7f1ec4ca2000 r--p 00172000 fc:00 9439213                    /usr/lib/x86_64-linux-gnu/libstdc++.so.6.0.21
7f1ec4ca2000-7f1ec4ca4000 rw-p 0017c000 fc:00 9439213                    /usr/lib/x86_64-linux-gnu/libstdc++.so.6.0.21
7f1ec4ca4000-7f1ec4ca8000 rw-p 00000000 00:00 0 
7f1ec4ca8000-7f1ec5909000 r-xp 00000000 fc:00 13893925                   /usr/lib/jvm/java-8-openjdk-amd64/jre/lib/amd64/server/libjvm.so
7f1ec5909000-7f1ec5b09000 ---p 00c61000 fc:00 13893925                   /usr/lib/jvm/java-8-openjdk-amd64/jre/lib/amd64/server/libjvm.so
7f1ec5b09000-7f1ec5b9d000 r--p 00c61000 fc:00 13893925                   /usr/lib/jvm/java-8-openjdk-amd64/jre/lib/amd64/server/libjvm.so
7f1ec5b9d000-7f1ec5bc6000 rw-p 00cf5000 fc:00 13893925                   /usr/lib/jvm/java-8-openjdk-amd64/jre/lib/amd64/server/libjvm.so
7f1ec5bc6000-7f1ec5bf6000 rw-p 00000000 00:00 0 
7f1ec5bf6000-7f1ec5c0e000 r-xp 00000000 fc:00 8257707                    /lib/x86_64-linux-gnu/libpthread-2.23.so
7f1ec5c0e000-7f1ec5e0d000 ---p 00018000 fc:00 8257707                    /lib/x86_64-linux-gnu/libpthread-2.23.so
7f1ec5e0d000-7f1ec5e0e000 r--p 00017000 fc:00 8257707                    /lib/x86_64-linux-gnu/libpthread-2.23.so
7f1ec5e0e000-7f1ec5e0f000 rw-p 00018000 fc:00 8257707                    /lib/x86_64-linux-gnu/libpthread-2.23.so
7f1ec5e0f000-7f1ec5e13000 rw-p 00000000 00:00 0 
7f1ec5e13000-7f1ec5e16000 r-xp 00000000 fc:00 8257705                    /lib/x86_64-linux-gnu/libdl-2.23.so
7f1ec5e16000-7f1ec6015000 ---p 00003000 fc:00 8257705                    /lib/x86_64-linux-gnu/libdl-2.23.so
7f1ec6015000-7f1ec6016000 r--p 00002000 fc:00 8257705                    /lib/x86_64-linux-gnu/libdl-2.23.so
7f1ec6016000-7f1ec6017000 rw-p 00003000 fc:00 8257705                    /lib/x86_64-linux-gnu/libdl-2.23.so
7f1ec6017000-7f1ec6030000 r-xp 00000000 fc:00 8257743                    /lib/x86_64-linux-gnu/libz.so.1.2.8
7f1ec6030000-7f1ec622f000 ---p 00019000 fc:00 8257743                    /lib/x86_64-linux-gnu/libz.so.1.2.8
7f1ec622f000-7f1ec6230000 r--p 00018000 fc:00 8257743                    /lib/x86_64-linux-gnu/libz.so.1.2.8
7f1ec6230000-7f1ec6231000 rw-p 00019000 fc:00 8257743                    /lib/x86_64-linux-gnu/libz.so.1.2.8
7f1ec6231000-7f1ec63f1000 r-xp 00000000 fc:00 8257720                    /lib/x86_64-linux-gnu/libc-2.23.so
7f1ec63f1000-7f1ec65f1000 ---p 001c0000 fc:00 8257720                    /lib/x86_64-linux-gnu/libc-2.23.so
7f1ec65f1000-7f1ec65f5000 r--p 001c0000 fc:00 8257720                    /lib/x86_64-linux-gnu/libc-2.23.so
7f1ec65f5000-7f1ec65f7000 rw-p 001c4000 fc:00 8257720                    /lib/x86_64-linux-gnu/libc-2.23.so
7f1ec65f7000-7f1ec65fb000 rw-p 00000000 00:00 0 
7f1ec65fb000-7f1ec6608000 r-xp 00000000 fc:00 13893916                   /usr/lib/jvm/java-8-openjdk-amd64/jre/lib/amd64/jli/libjli.so
7f1ec6608000-7f1ec6808000 ---p 0000d000 fc:00 13893916                   /usr/lib/jvm/java-8-openjdk-amd64/jre/lib/amd64/jli/libjli.so
7f1ec6808000-7f1ec6809000 r--p 0000d000 fc:00 13893916                   /usr/lib/jvm/java-8-openjdk-amd64/jre/lib/amd64/jli/libjli.so
7f1ec6809000-7f1ec680a000 rw-p 0000e000 fc:00 13893916                   /usr/lib/jvm/java-8-openjdk-amd64/jre/lib/amd64/jli/libjli.so
7f1ec680a000-7f1ec6830000 r-xp 00000000 fc:00 8257706                    /lib/x86_64-linux-gnu/ld-2.23.so
7f1ec6830000-7f1ec6831000 r--s 00036000 fc:00 17694937                   /home/brobz/.m2/repository/org/jogamp/jogl/jogl-all/2.3.2/jogl-all-2.3.2-natives-linux-amd64.jar
7f1ec6831000-7f1ec6832000 r--s 0000f000 fc:00 17694934                   /home/brobz/.m2/repository/org/jogamp/jogl/jogl-all/2.3.2/jogl-all-2.3.2-natives-android-armv6.jar
7f1ec6832000-7f1ec6833000 r--s 0000f000 fc:00 17694936                   /home/brobz/.m2/repository/org/jogamp/jogl/jogl-all/2.3.2/jogl-all-2.3.2-natives-android-aarch64.jar
7f1ec6833000-7f1ec6912000 rw-p 00000000 00:00 0 
7f1ec6912000-7f1ec6915000 ---p 00000000 00:00 0 
7f1ec6915000-7f1ec6a17000 rw-p 00000000 00:00 0 
7f1ec6a17000-7f1ec6a18000 r--s 00000000 fc:00 17694933                   /home/brobz/.m2/repository/org/jogamp/jogl/jogl-all-main/2.3.2/jogl-all-main-2.3.2.jar
7f1ec6a18000-7f1ec6a19000 r--s 0000a000 fc:00 13893877                   /usr/lib/jvm/java-8-openjdk-amd64/jre/lib/ext/jaccess.jar
7f1ec6a19000-7f1ec6a1b000 r--s 00001000 fc:00 13893876                   /usr/lib/jvm/java-8-openjdk-amd64/jre/lib/ext/dnsns.jar
7f1ec6a1b000-7f1ec6a1e000 r--s 00038000 fc:00 13893873                   /usr/lib/jvm/java-8-openjdk-amd64/jre/lib/ext/sunpkcs11.jar
7f1ec6a1e000-7f1ec6a21000 r--s 0000f000 fc:00 13893880                   /usr/lib/jvm/java-8-openjdk-amd64/jre/lib/ext/icedtea-sound.jar
7f1ec6a21000-7f1ec6a23000 r--s 00008000 fc:00 13893874                   /usr/lib/jvm/java-8-openjdk-amd64/jre/lib/ext/sunec.jar
7f1ec6a23000-7f1ec6a24000 r--s 00010000 fc:00 13893875                   /usr/lib/jvm/java-8-openjdk-amd64/jre/lib/ext/zipfs.jar
7f1ec6a24000-7f1ec6a2c000 rw-s 00000000 fc:00 6422569                    /tmp/hsperfdata_brobz/28713
7f1ec6a2c000-7f1ec6a2d000 rw-p 00000000 00:00 0 
7f1ec6a2d000-7f1ec6a2e000 r--p 00000000 00:00 0 
7f1ec6a2e000-7f1ec6a2f000 rw-p 00000000 00:00 0 
7f1ec6a2f000-7f1ec6a30000 r--p 00025000 fc:00 8257706                    /lib/x86_64-linux-gnu/ld-2.23.so
7f1ec6a30000-7f1ec6a31000 rw-p 00026000 fc:00 8257706                    /lib/x86_64-linux-gnu/ld-2.23.so
7f1ec6a31000-7f1ec6a32000 rw-p 00000000 00:00 0 
7fff34ed1000-7fff34ef3000 rw-p 00000000 00:00 0                          [stack]
7fff34ef4000-7fff34ef7000 r--p 00000000 00:00 0                          [vvar]
7fff34ef7000-7fff34ef9000 r-xp 00000000 00:00 0                          [vdso]
ffffffffff600000-ffffffffff601000 r-xp 00000000 00:00 0                  [vsyscall]

VM Arguments:
java_command: com.BitJunkies.RTS.src.Game
java_class_path (initial): /home/brobz/Desktop/rts/target/classes:/home/brobz/.m2/repository/org/jogamp/jogl/jogl-all-main/2.3.2/jogl-all-main-2.3.2.jar:/home/brobz/.m2/repository/org/jogamp/jogl/jogl-all/2.3.2/jogl-all-2.3.2.jar:/home/brobz/.m2/repository/org/jogamp/jogl/jogl-all/2.3.2/jogl-all-2.3.2-natives-android-aarch64.jar:/home/brobz/.m2/repository/org/jogamp/jogl/jogl-all/2.3.2/jogl-all-2.3.2-natives-android-armv6.jar:/home/brobz/.m2/repository/org/jogamp/jogl/jogl-all/2.3.2/jogl-all-2.3.2-natives-linux-amd64.jar:/home/brobz/.m2/repository/org/jogamp/jogl/jogl-all/2.3.2/jogl-all-2.3.2-natives-linux-armv6.jar:/home/brobz/.m2/repository/org/jogamp/jogl/jogl-all/2.3.2/jogl-all-2.3.2-natives-linux-armv6hf.jar:/home/brobz/.m2/repository/org/jogamp/jogl/jogl-all/2.3.2/jogl-all-2.3.2-natives-linux-i586.jar:/home/brobz/.m2/repository/org/jogamp/jogl/jogl-all/2.3.2/jogl-all-2.3.2-natives-macosx-universal.jar:/home/brobz/.m2/repository/org/jogamp/jogl/jogl-all/2.3.2/jogl-all-2.3.2-natives-solaris-amd64.jar:/home/brobz/.m2/repository/org/jogamp/jogl/jogl-all/2.3.2/jogl-all-2.3.2-natives-solaris-i586.jar:/home/brobz/.m2/repository/org/jogamp/jogl/jogl-all/2.3.2/jogl-all-2.3.2-natives-windows-amd64.jar:/home/brobz/.m2/repository/org/jogamp/jogl/jogl-all/2.3.2/jogl-all-2.3.2-natives-windows-i586.jar:/home/brobz/.m2/repository/com/esotericsoftware/kryonet/2.22.0-RC1/kryonet-2.22.0-RC1.jar:/home/brobz/.m2/repository/com/esotericsoftware/kryo/kryo/2.24.0/kryo-2.24.0.jar:/home/brobz/.m2/repository/com/esotericsoftware/minlog/minlog/1.2/minlog-1.2.jar:/home/brobz/.m2/repository/org/objenesis/objenesis/2.1/objenesis-2.1.jar:/home/brobz/.m2/repository/com/esotericsoftware/jsonbeans/0.7/jsonbeans-0.7.jar:/home/brobz/.m2/repository/org/jogamp/gluegen/gluegen-rt-main/2.3.2/gluegen-rt-main-2.3.2.jar:/home/brobz/.m2/repository/org/jogamp/gluegen/gluegen-rt/2.3.2/gluegen-rt-2.3.2.jar:/home/brobz/.m2/repository/org/jogamp/gluegen/gluegen-rt/2.3.2/gluegen-rt-2.3.2-natives-android-aarc
Launcher Type: SUN_STANDARD

Environment Variables:
JAVA_HOME=/usr/lib/jvm/java-8-openjdk-amd64
PATH=/usr/local/sbin:/usr/local/bin:/usr/sbin:/usr/bin:/sbin:/bin:/usr/games:/usr/local/games:/snap/bin
LD_LIBRARY_PATH=/usr/lib/jvm/java-8-openjdk-amd64/jre/lib/amd64:/usr/lib/jvm/java-8-openjdk-amd64/jre/lib/i386:
SHELL=/bin/bash
DISPLAY=:0.0

Signal Handlers:
SIGSEGV: [libjvm.so+0xa74ca0], sa_mask[0]=11111111011111111101111111111110, sa_flags=SA_RESTART|SA_SIGINFO
SIGBUS: [libjvm.so+0xa74ca0], sa_mask[0]=11111111011111111101111111111110, sa_flags=SA_RESTART|SA_SIGINFO
SIGFPE: [libjvm.so+0x8bbcf0], sa_mask[0]=11111111011111111101111111111110, sa_flags=SA_RESTART|SA_SIGINFO
SIGPIPE: [libjvm.so+0x8bbcf0], sa_mask[0]=11111111011111111101111111111110, sa_flags=SA_RESTART|SA_SIGINFO
SIGXFSZ: [libjvm.so+0x8bbcf0], sa_mask[0]=11111111011111111101111111111110, sa_flags=SA_RESTART|SA_SIGINFO
SIGILL: [libjvm.so+0x8bbcf0], sa_mask[0]=11111111011111111101111111111110, sa_flags=SA_RESTART|SA_SIGINFO
SIGUSR1: SIG_DFL, sa_mask[0]=00000000000000000000000000000000, sa_flags=none
SIGUSR2: [libjvm.so+0x8bbba0], sa_mask[0]=00100000000000000000000000000000, sa_flags=SA_RESTART|SA_SIGINFO
SIGHUP: [libjvm.so+0x8bc230], sa_mask[0]=11111111011111111101111111111110, sa_flags=SA_RESTART|SA_SIGINFO
SIGINT: SIG_IGN, sa_mask[0]=00000000000000000000000000000000, sa_flags=none
SIGTERM: [libjvm.so+0x8bc230], sa_mask[0]=11111111011111111101111111111110, sa_flags=SA_RESTART|SA_SIGINFO
SIGQUIT: [libjvm.so+0x8bc230], sa_mask[0]=11111111011111111101111111111110, sa_flags=SA_RESTART|SA_SIGINFO


---------------  S Y S T E M  ---------------

OS:DISTRIB_ID=Ubuntu
DISTRIB_RELEASE=16.04
DISTRIB_CODENAME=xenial
DISTRIB_DESCRIPTION="Ubuntu 16.04.6 LTS"

uname:Linux 4.4.0-146-generic #172-Ubuntu SMP Wed Apr 3 09:00:08 UTC 2019 x86_64
libc:glibc 2.23 NPTL 2.23 
rlimit: STACK 8192k, CORE 0k, NPROC 10815, NOFILE 1048576, AS infinity
load average:1.44 1.63 1.34

/proc/meminfo:
MemTotal:        2812364 kB
MemFree:          734044 kB
MemAvailable:     720040 kB
Buffers:            4632 kB
Cached:           177840 kB
SwapCached:         4024 kB
Active:          1883532 kB
Inactive:          54908 kB
Active(anon):    1831260 kB
Inactive(anon):    19460 kB
Active(file):      52272 kB
Inactive(file):    35448 kB
Unevictable:          96 kB
Mlocked:              96 kB
SwapTotal:       2871292 kB
SwapFree:        2642228 kB
Dirty:               400 kB
Writeback:             0 kB
AnonPages:       1756368 kB
Mapped:           151996 kB
Shmem:             94356 kB
Slab:              73956 kB
SReclaimable:      40928 kB
SUnreclaim:        33028 kB
KernelStack:        8480 kB
PageTables:        25832 kB
NFS_Unstable:          0 kB
Bounce:                0 kB
WritebackTmp:          0 kB
CommitLimit:     4277472 kB
Committed_AS:    4163980 kB
VmallocTotal:   34359738367 kB
VmallocUsed:           0 kB
VmallocChunk:          0 kB
HardwareCorrupted:     0 kB
AnonHugePages:         0 kB
CmaTotal:              0 kB
CmaFree:               0 kB
HugePages_Total:       0
HugePages_Free:        0
HugePages_Rsvd:        0
HugePages_Surp:        0
Hugepagesize:       2048 kB
DirectMap4k:      111824 kB
DirectMap2M:     2762752 kB

container (cgroup) information:
container_type: cgroupv1
cpu_cpuset_cpus: 0-3
cpu_memory_nodes: 0
active_processor_count: 4
cpu_quota: -1
cpu_period: 100000
cpu_shares: -1
memory_limit_in_bytes: -1
memory_and_swap_limit_in_bytes: -2
memory_soft_limit_in_bytes: -1
memory_usage_in_bytes: 1985630208
memory_max_usage_in_bytes: 0


CPU:total 4 (initial active 4) (2 cores per cpu, 2 threads per core) family 6 model 37 stepping 5, cmov, cx8, fxsr, mmx, sse, sse2, sse3, ssse3, sse4.1, sse4.2, popcnt, ht, tsc, tscinvbit

/proc/cpuinfo:
processor	: 0
vendor_id	: GenuineIntel
cpu family	: 6
model		: 37
model name	: Intel(R) Core(TM) i3 CPU       M 380  @ 2.53GHz
stepping	: 5
microcode	: 0x7
cpu MHz		: 933.000
cache size	: 3072 KB
physical id	: 0
siblings	: 4
core id		: 0
cpu cores	: 2
apicid		: 0
initial apicid	: 0
fpu		: yes
fpu_exception	: yes
cpuid level	: 11
wp		: yes
flags		: fpu vme de pse tsc msr pae mce cx8 apic sep mtrr pge mca cmov pat pse36 clflush dts acpi mmx fxsr sse sse2 ss ht tm pbe syscall nx rdtscp lm constant_tsc arch_perfmon pebs bts rep_good nopl xtopology nonstop_tsc aperfmperf pni dtes64 monitor ds_cpl vmx est tm2 ssse3 cx16 xtpr pdcm pcid sse4_1 sse4_2 popcnt lahf_lm ssbd ibrs ibpb stibp kaiser tpr_shadow vnmi flexpriority ept vpid dtherm arat flush_l1d
bugs		: cpu_meltdown spectre_v1 spectre_v2 spec_store_bypass l1tf
bogomips	: 5054.37
clflush size	: 64
cache_alignment	: 64
address sizes	: 36 bits physical, 48 bits virtual
power management:

processor	: 1
vendor_id	: GenuineIntel
cpu family	: 6
model		: 37
model name	: Intel(R) Core(TM) i3 CPU       M 380  @ 2.53GHz
stepping	: 5
microcode	: 0x7
cpu MHz		: 933.000
cache size	: 3072 KB
physical id	: 0
siblings	: 4
core id		: 0
cpu cores	: 2
apicid		: 1
initial apicid	: 1
fpu		: yes
fpu_exception	: yes
cpuid level	: 11
wp		: yes
flags		: fpu vme de pse tsc msr pae mce cx8 apic sep mtrr pge mca cmov pat pse36 clflush dts acpi mmx fxsr sse sse2 ss ht tm pbe syscall nx rdtscp lm constant_tsc arch_perfmon pebs bts rep_good nopl xtopology nonstop_tsc aperfmperf pni dtes64 monitor ds_cpl vmx est tm2 ssse3 cx16 xtpr pdcm pcid sse4_1 sse4_2 popcnt lahf_lm ssbd ibrs ibpb stibp kaiser tpr_shadow vnmi flexpriority ept vpid dtherm arat flush_l1d
bugs		: cpu_meltdown spectre_v1 spectre_v2 spec_store_bypass l1tf
bogomips	: 5054.37
clflush size	: 64
cache_alignment	: 64
address sizes	: 36 bits physical, 48 bits virtual
power management:

processor	: 2
vendor_id	: GenuineIntel
cpu family	: 6
model		: 37
model name	: Intel(R) Core(TM) i3 CPU       M 380  @ 2.53GHz
stepping	: 5
microcode	: 0x7
cpu MHz		: 2533.000
cache size	: 3072 KB
physical id	: 0
siblings	: 4
core id		: 2
cpu cores	: 2
apicid		: 4
initial apicid	: 4
fpu		: yes
fpu_exception	: yes
cpuid level	: 11
wp		: yes
flags		: fpu vme de pse tsc msr pae mce cx8 apic sep mtrr pge mca cmov pat pse36 clflush dts acpi mmx fxsr sse sse2 ss ht tm pbe syscall nx rdtscp lm constant_tsc arch_perfmon pebs bts rep_good nopl xtopology nonstop_tsc aperfmperf pni dtes64 monitor ds_cpl vmx est tm2 ssse3 cx16 xtpr pdcm pcid sse4_1 sse4_2 popcnt lahf_lm ssbd ibrs ibpb stibp kaiser tpr_shadow vnmi flexpriority ept vpid dtherm arat flush_l1d
bugs		: cpu_meltdown spectre_v1 spectre_v2 spec_store_bypass l1tf
bogomips	: 5054.37
clflush size	: 64
cache_alignment	: 64
address sizes	: 36 bits physical, 48 bits virtual
power management:

processor	: 3
vendor_id	: GenuineIntel
cpu family	: 6
model		: 37
model name	: Intel(R) Core(TM) i3 CPU       M 380  @ 2.53GHz
stepping	: 5
microcode	: 0x7
cpu MHz		: 2533.000
cache size	: 3072 KB
physical id	: 0
siblings	: 4
core id		: 2
cpu cores	: 2
apicid		: 5
initial apicid	: 5
fpu		: yes
fpu_exception	: yes
cpuid level	: 11
wp		: yes
flags		: fpu vme de pse tsc msr pae mce cx8 apic sep mtrr pge mca cmov pat pse36 clflush dts acpi mmx fxsr sse sse2 ss ht tm pbe syscall nx rdtscp lm constant_tsc arch_perfmon pebs bts rep_good nopl xtopology nonstop_tsc aperfmperf pni dtes64 monitor ds_cpl vmx est tm2 ssse3 cx16 xtpr pdcm pcid sse4_1 sse4_2 popcnt lahf_lm ssbd ibrs ibpb stibp kaiser tpr_shadow vnmi flexpriority ept vpid dtherm arat flush_l1d
bugs		: cpu_meltdown spectre_v1 spectre_v2 spec_store_bypass l1tf
bogomips	: 5054.37
clflush size	: 64
cache_alignment	: 64
address sizes	: 36 bits physical, 48 bits virtual
power management:



Memory: 4k page, physical 2812364k(733796k free), swap 2871292k(2642240k free)

vm_info: OpenJDK 64-Bit Server VM (25.191-b12) for linux-amd64 JRE (1.8.0_191-8u191-b12-2ubuntu0.16.04.1-b12), built on Jan 14 2019 21:59:52 by "buildd" with gcc 5.4.0 20160609

time: Wed May  1 15:09:44 2019
elapsed time: 183 seconds (0d 0h 3m 3s)

