#
# A fatal error has been detected by the Java Runtime Environment:
#
#  SIGSEGV (0xb) at pc=0x00007f843c7c7360, pid=29773, tid=0x00007f84209b6700
#
# JRE version: OpenJDK Runtime Environment (8.0_191-b12) (build 1.8.0_191-8u191-b12-2ubuntu0.16.04.1-b12)
# Java VM: OpenJDK 64-Bit Server VM (25.191-b12 mixed mode linux-amd64 compressed oops)
# Problematic frame:
# C  [libxcb.so.1+0xa360]  xcb_writev+0x0
#
# Failed to write core dump. Core dumps have been disabled. To enable core dumping, try "ulimit -c unlimited" before starting Java again
#
# If you would like to submit a bug report, please visit:
#   http://bugreport.java.com/bugreport/crash.jsp
# The crash happened outside the Java Virtual Machine in native code.
# See problematic frame for where to report the bug.
#

---------------  T H R E A D  ---------------

Current thread (0x00007f848888a800):  JavaThread "main-Display-.x11_:0.0-1-EDT-1" daemon [_thread_in_native, id=29804, stack(0x00007f84208b6000,0x00007f84209b7000)]

siginfo: si_signo: 11 (SIGSEGV), si_code: 1 (SEGV_MAPERR), si_addr: 0x0000000000000000

Registers:
RAX=0x00007f84684a26e4, RBX=0x0000000000000000, RCX=0x0000000000000003, RDX=0x0000000000000003
RSP=0x00007f84209b54c8, RBP=0x0000000000000000, RSI=0x00007f84209b54e0, RDI=0x0000000000000000
R8 =0x00007f8432ac22a8, R9 =0x0000000000000006, R10=0x0000000000000005, R11=0x00007f8479533c20
R12=0x00007f84209b54e0, R13=0x00007f8432aae030, R14=0x00007f84100019a0, R15=0x0000000000000000
RIP=0x00007f843c7c7360, EFLAGS=0x0000000000010246, CSGSFS=0x673e000000000033, ERR=0x0000000000000004
  TRAPNO=0x000000000000000e

Top of Stack: (sp=0x00007f84209b54c8)
0x00007f84209b54c8:   00007f84681a654e 0000000000000000
0x00007f84209b54d8:   0000000000000003 00007f8410007ea0
0x00007f84209b54e8:   0000000000000014 0000000000000000
0x00007f84209b54f8:   0000000000000000 00007f84684a26e4
0x00007f84209b5508:   0000000000000000 0000000002580320
0x00007f84209b5518:   673e37b192542300 00000000c1a3d70a
0x00007f84209b5528:   00007f84100019a0 0000000000000001
0x00007f84209b5538:   0000000000000000 00007f8432aae030
0x00007f84209b5548:   00007f84209b57c8 0000000000000000
0x00007f84209b5558:   00007f84681a6a42 0100000044480000
0x00007f84209b5568:   00007f84209b55d0 0000000000000000
0x00007f84209b5578:   0000000100000000 0000000000000000
0x00007f84209b5588:   673e37b192542300 00007f8410023570
0x00007f84209b5598:   00007f84100019a0 0000000000000001
0x00007f84209b55a8:   0000000000000000 00007f8432aae030
0x00007f84209b55b8:   00007f84209b57c8 00007f848888a800
0x00007f84209b55c8:   00007f84681a252d 00007f84209b56f0
0x00007f84209b55d8:   00007f8432aae030 00007f84100019a0
0x00007f84209b55e8:   0000000003e00001 0000000000000000
0x00007f84209b55f8:   673e37b192542300 00007f84209b56f0
0x00007f84209b5608:   00007f8432aae030 00007f84209b56f0
0x00007f84209b5618:   00007f8420dc981d 00007f84209b5680
0x00007f84209b5628:   0000005900000093 00007f8410023570
0x00007f84209b5638:   00007f84100019a0 00007f84209b57c8
0x00007f84209b5648:   00007f848888a9e0 0000001800000001
0x00007f84209b5658:   0000025800000320 0000001800000000
0x00007f84209b5668:   00007f841000c168 00000000000000b0
0x00007f84209b5678:   0000000000000001 0000000000000001
0x00007f84209b5688:   0000000000000000 0000000000000000
0x00007f84209b5698:   0000000000000000 0000000003e00001
0x00007f84209b56a8:   0000000200000001 0000000000ea807f
0x00007f84209b56b8:   00000000002a807f 000000000000200c 

Instructions: (pc=0x00007f843c7c7360)
0x00007f843c7c7340:   e8 9b 11 00 00 48 83 c4 10 89 d8 5b 5d 41 5c 41
0x00007f843c7c7350:   5d 41 5e c3 66 90 66 2e 0f 1f 84 00 00 00 00 00
0x00007f843c7c7360:   8b 07 85 c0 74 0a 31 c0 c3 0f 1f 80 00 00 00 00
0x00007f843c7c7370:   41 56 4c 8d 77 18 41 55 41 54 55 49 89 cd 53 48 

Register to memory mapping:

RAX=0x00007f84684a26e4: <offset 0x3396e4> in /usr/lib/x86_64-linux-gnu/libX11.so.6 at 0x00007f8468169000
RBX=0x0000000000000000 is an unknown value
RCX=0x0000000000000003 is an unknown value
RDX=0x0000000000000003 is an unknown value
RSP=0x00007f84209b54c8 is pointing into the stack for thread: 0x00007f848888a800
RBP=0x0000000000000000 is an unknown value
RSI=0x00007f84209b54e0 is pointing into the stack for thread: 0x00007f848888a800
RDI=0x0000000000000000 is an unknown value
R8 ={method} {0x00007f8432ac22a8} 'windowDestroyNotify' '(Z)Z' in 'jogamp/newt/WindowImpl'
R9 =0x0000000000000006 is an unknown value
R10=0x0000000000000005 is an unknown value
R11=0x00007f8479533c20 is at entry_point+32 in (nmethod*)0x00007f8479533a90
R12=0x00007f84209b54e0 is pointing into the stack for thread: 0x00007f848888a800
R13={method} {0x00007f8432aae030} 'CloseWindow0' '(JJII)V' in 'jogamp/newt/driver/x11/WindowDriver'
R14=0x00007f84100019a0 is an unknown value
R15=0x0000000000000000 is an unknown value


Stack: [0x00007f84208b6000,0x00007f84209b7000],  sp=0x00007f84209b54c8,  free space=1021k
Native frames: (J=compiled Java code, j=interpreted, Vv=VM code, C=native code)
C  [libxcb.so.1+0xa360]  xcb_writev+0x0

Java frames: (J=compiled Java code, j=interpreted, Vv=VM code)
j  jogamp.newt.driver.x11.WindowDriver.CloseWindow0(JJII)V+0
j  jogamp.newt.driver.x11.WindowDriver.closeNativeImpl()V+58
j  jogamp.newt.WindowImpl$1.run()V+311
j  com.jogamp.common.util.RunnableTask.run()V+198
j  jogamp.newt.DefaultEDTUtil$NEDT.run()V+221
v  ~StubRoutines::call_stub

---------------  P R O C E S S  ---------------

Java Threads: ( => current thread )
  0x00007f848800c800 JavaThread "DestroyJavaVM" [_thread_blocked, id=29777, stack(0x00007f849018f000,0x00007f8490290000)]
  0x00007f8488475000 JavaThread "GameLoop" [_thread_blocked, id=29810, stack(0x00007f841707f000,0x00007f8417180000)]
  0x00007f8411cc6800 JavaThread "Thread-3" daemon [_thread_in_native, id=29808, stack(0x00007f843c05d000,0x00007f843c15e000)]
  0x00007f8411cc5000 JavaThread "Server" daemon [_thread_in_native, id=29807, stack(0x00007f8433016000,0x00007f8433117000)]
=>0x00007f848888a800 JavaThread "main-Display-.x11_:0.0-1-EDT-1" daemon [_thread_in_native, id=29804, stack(0x00007f84208b6000,0x00007f84209b7000)]
  0x00007f8488665800 JavaThread "main-SharedResourceRunner" daemon [_thread_blocked, id=29803, stack(0x00007f84225f8000,0x00007f84226f9000)]
  0x00007f8488577000 JavaThread "main-SharedResourceRunner" daemon [_thread_blocked, id=29802, stack(0x00007f8430c77000,0x00007f8430d78000)]
  0x00007f848845d000 JavaThread "AWT-XAWT" daemon [_thread_in_native, id=29799, stack(0x00007f8468068000,0x00007f8468169000)]
  0x00007f8488436800 JavaThread "Java2D Disposer" daemon [_thread_blocked, id=29798, stack(0x00007f8468df8000,0x00007f8468ef9000)]
  0x00007f84880c2800 JavaThread "Service Thread" daemon [_thread_blocked, id=29789, stack(0x00007f8469503000,0x00007f8469604000)]
  0x00007f84880bf800 JavaThread "C1 CompilerThread2" daemon [_thread_blocked, id=29788, stack(0x00007f8469604000,0x00007f8469705000)]
  0x00007f84880bd800 JavaThread "C2 CompilerThread1" daemon [_thread_blocked, id=29787, stack(0x00007f8469705000,0x00007f8469806000)]
  0x00007f84880ba800 JavaThread "C2 CompilerThread0" daemon [_thread_blocked, id=29786, stack(0x00007f8469806000,0x00007f8469907000)]
  0x00007f84880b9000 JavaThread "Signal Dispatcher" daemon [_thread_blocked, id=29785, stack(0x00007f8469907000,0x00007f8469a08000)]
  0x00007f8488086000 JavaThread "Finalizer" daemon [_thread_blocked, id=29784, stack(0x00007f8469e11000,0x00007f8469f12000)]
  0x00007f8488083800 JavaThread "Reference Handler" daemon [_thread_blocked, id=29783, stack(0x00007f8469f12000,0x00007f846a013000)]

Other Threads:
  0x00007f8488079800 VMThread [stack: 0x00007f846a013000,0x00007f846a114000] [id=29782]
  0x00007f84880c5000 WatcherThread [stack: 0x00007f8469402000,0x00007f8469503000] [id=29790]

VM state:not at safepoint (normal execution)

VM Mutex/Monitor currently owned by a thread: None

Heap:
 PSYoungGen      total 131072K, used 20928K [0x00000000f1b00000, 0x00000000fb600000, 0x0000000100000000)
  eden space 115200K, 17% used [0x00000000f1b00000,0x00000000f2ee8300,0x00000000f8b80000)
  from space 15872K, 3% used [0x00000000f8b80000,0x00000000f8c08010,0x00000000f9b00000)
  to   space 15360K, 0% used [0x00000000fa700000,0x00000000fa700000,0x00000000fb600000)
 ParOldGen       total 58880K, used 27390K [0x00000000d5000000, 0x00000000d8980000, 0x00000000f1b00000)
  object space 58880K, 46% used [0x00000000d5000000,0x00000000d6abfb88,0x00000000d8980000)
 Metaspace       used 18766K, capacity 18950K, committed 19072K, reserved 1067008K
  class space    used 1819K, capacity 1898K, committed 1920K, reserved 1048576K

Card table byte_map: [0x00007f848c6da000,0x00007f848c833000] byte_map_base: 0x00007f848c032000

Marking Bits: (ParMarkBitMap*) 0x00007f848f456520
 Begin Bits: [0x00007f846aa80000, 0x00007f846b540000)
 End Bits:   [0x00007f846b540000, 0x00007f846c000000)

Polling page: 0x00007f84902aa000

CodeCache: size=245760Kb used=7598Kb max_used=8038Kb free=238161Kb
 bounds [0x00007f8479000000, 0x00007f84797f0000, 0x00007f8488000000]
 total_blobs=3038 nmethods=2079 adapters=875
 compilation: enabled

Compilation events (10 events):
Event: 53.021 Thread 0x00007f84880bd800 2183       4       jogamp.opengl.gl4.GL4bcImpl::glEnableClientState (44 bytes)
Event: 53.022 Thread 0x00007f84880bd800 nmethod 2183 0x00007f8479393910 code [0x00007f8479393a60, 0x00007f8479393b28]
Event: 53.023 Thread 0x00007f84880ba800 2184       4       jogamp.opengl.gl4.GL4bcImpl::isGLcore (8 bytes)
Event: 53.023 Thread 0x00007f84880bd800 2185   !   4       jogamp.newt.WindowImpl::unlockSurface (73 bytes)
Event: 53.025 Thread 0x00007f84880ba800 nmethod 2184 0x00007f8479110510 code [0x00007f8479110660, 0x00007f8479110718]
Event: 53.039 Thread 0x00007f84880bd800 nmethod 2185 0x00007f8479298450 code [0x00007f8479298640, 0x00007f8479299418]
Event: 53.833 Thread 0x00007f84880ba800 2186       4       sun.font.StandardGlyphVector::init (121 bytes)
Event: 53.845 Thread 0x00007f84880ba800 nmethod 2186 0x00007f8479132010 code [0x00007f84791321c0, 0x00007f8479132778]
Event: 55.975 Thread 0x00007f84880bd800 2187       4       com.BitJunkies.RTS.src.Player::renderUnits (44 bytes)
Event: 55.998 Thread 0x00007f84880bd800 nmethod 2187 0x00007f8479113610 code [0x00007f8479113800, 0x00007f8479113fd8]

GC Heap History (10 events):
Event: 30.618 GC heap before
{Heap before GC invocations=15 (full 2):
 PSYoungGen      total 91648K, used 75584K [0x00000000f1b00000, 0x00000000f8880000, 0x0000000100000000)
  eden space 75264K, 100% used [0x00000000f1b00000,0x00000000f6480000,0x00000000f6480000)
  from space 16384K, 1% used [0x00000000f7880000,0x00000000f78d0000,0x00000000f8880000)
  to   space 18432K, 0% used [0x00000000f6480000,0x00000000f6480000,0x00000000f7680000)
 ParOldGen       total 58880K, used 27286K [0x00000000d5000000, 0x00000000d8980000, 0x00000000f1b00000)
  object space 58880K, 46% used [0x00000000d5000000,0x00000000d6aa5b88,0x00000000d8980000)
 Metaspace       used 18721K, capacity 18950K, committed 19072K, reserved 1067008K
  class space    used 1818K, capacity 1898K, committed 1920K, reserved 1048576K
Event: 30.621 GC heap after
Heap after GC invocations=15 (full 2):
 PSYoungGen      total 93696K, used 288K [0x00000000f1b00000, 0x00000000f9f00000, 0x0000000100000000)
  eden space 75264K, 0% used [0x00000000f1b00000,0x00000000f1b00000,0x00000000f6480000)
  from space 18432K, 1% used [0x00000000f6480000,0x00000000f64c8000,0x00000000f7680000)
  to   space 17920K, 0% used [0x00000000f8d80000,0x00000000f8d80000,0x00000000f9f00000)
 ParOldGen       total 58880K, used 27350K [0x00000000d5000000, 0x00000000d8980000, 0x00000000f1b00000)
  object space 58880K, 46% used [0x00000000d5000000,0x00000000d6ab5b88,0x00000000d8980000)
 Metaspace       used 18721K, capacity 18950K, committed 19072K, reserved 1067008K
  class space    used 1818K, capacity 1898K, committed 1920K, reserved 1048576K
}
Event: 38.154 GC heap before
{Heap before GC invocations=16 (full 2):
 PSYoungGen      total 93696K, used 75552K [0x00000000f1b00000, 0x00000000f9f00000, 0x0000000100000000)
  eden space 75264K, 100% used [0x00000000f1b00000,0x00000000f6480000,0x00000000f6480000)
  from space 18432K, 1% used [0x00000000f6480000,0x00000000f64c8000,0x00000000f7680000)
  to   space 17920K, 0% used [0x00000000f8d80000,0x00000000f8d80000,0x00000000f9f00000)
 ParOldGen       total 58880K, used 27350K [0x00000000d5000000, 0x00000000d8980000, 0x00000000f1b00000)
  object space 58880K, 46% used [0x00000000d5000000,0x00000000d6ab5b88,0x00000000d8980000)
 Metaspace       used 18746K, capacity 18950K, committed 19072K, reserved 1067008K
  class space    used 1818K, capacity 1898K, committed 1920K, reserved 1048576K
Event: 38.157 GC heap after
Heap after GC invocations=16 (full 2):
 PSYoungGen      total 110080K, used 320K [0x00000000f1b00000, 0x00000000f9b00000, 0x0000000100000000)
  eden space 96256K, 0% used [0x00000000f1b00000,0x00000000f1b00000,0x00000000f7900000)
  from space 13824K, 2% used [0x00000000f8d80000,0x00000000f8dd0010,0x00000000f9b00000)
  to   space 17408K, 0% used [0x00000000f7900000,0x00000000f7900000,0x00000000f8a00000)
 ParOldGen       total 58880K, used 27390K [0x00000000d5000000, 0x00000000d8980000, 0x00000000f1b00000)
  object space 58880K, 46% used [0x00000000d5000000,0x00000000d6abfb88,0x00000000d8980000)
 Metaspace       used 18746K, capacity 18950K, committed 19072K, reserved 1067008K
  class space    used 1818K, capacity 1898K, committed 1920K, reserved 1048576K
}
Event: 44.784 GC heap before
{Heap before GC invocations=17 (full 2):
 PSYoungGen      total 110080K, used 96576K [0x00000000f1b00000, 0x00000000f9b00000, 0x0000000100000000)
  eden space 96256K, 100% used [0x00000000f1b00000,0x00000000f7900000,0x00000000f7900000)
  from space 13824K, 2% used [0x00000000f8d80000,0x00000000f8dd0010,0x00000000f9b00000)
  to   space 17408K, 0% used [0x00000000f7900000,0x00000000f7900000,0x00000000f8a00000)
 ParOldGen       total 58880K, used 27390K [0x00000000d5000000, 0x00000000d8980000, 0x00000000f1b00000)
  object space 58880K, 46% used [0x00000000d5000000,0x00000000d6abfb88,0x00000000d8980000)
 Metaspace       used 18755K, capacity 18950K, committed 19072K, reserved 1067008K
  class space    used 1819K, capacity 1898K, committed 1920K, reserved 1048576K
Event: 44.787 GC heap after
Heap after GC invocations=17 (full 2):
 PSYoungGen      total 113664K, used 480K [0x00000000f1b00000, 0x00000000faf00000, 0x0000000100000000)
  eden space 96256K, 0% used [0x00000000f1b00000,0x00000000f1b00000,0x00000000f7900000)
  from space 17408K, 2% used [0x00000000f7900000,0x00000000f7978010,0x00000000f8a00000)
  to   space 16384K, 0% used [0x00000000f9f00000,0x00000000f9f00000,0x00000000faf00000)
 ParOldGen       total 58880K, used 27390K [0x00000000d5000000, 0x00000000d8980000, 0x00000000f1b00000)
  object space 58880K, 46% used [0x00000000d5000000,0x00000000d6abfb88,0x00000000d8980000)
 Metaspace       used 18755K, capacity 18950K, committed 19072K, reserved 1067008K
  class space    used 1819K, capacity 1898K, committed 1920K, reserved 1048576K
}
Event: 50.025 GC heap before
{Heap before GC invocations=18 (full 2):
 PSYoungGen      total 113664K, used 96736K [0x00000000f1b00000, 0x00000000faf00000, 0x0000000100000000)
  eden space 96256K, 100% used [0x00000000f1b00000,0x00000000f7900000,0x00000000f7900000)
  from space 17408K, 2% used [0x00000000f7900000,0x00000000f7978010,0x00000000f8a00000)
  to   space 16384K, 0% used [0x00000000f9f00000,0x00000000f9f00000,0x00000000faf00000)
 ParOldGen       total 58880K, used 27390K [0x00000000d5000000, 0x00000000d8980000, 0x00000000f1b00000)
  object space 58880K, 46% used [0x00000000d5000000,0x00000000d6abfb88,0x00000000d8980000)
 Metaspace       used 18759K, capacity 18950K, committed 19072K, reserved 1067008K
  class space    used 1819K, capacity 1898K, committed 1920K, reserved 1048576K
Event: 50.028 GC heap after
Heap after GC invocations=18 (full 2):
 PSYoungGen      total 126976K, used 448K [0x00000000f1b00000, 0x00000000faa80000, 0x0000000100000000)
  eden space 115200K, 0% used [0x00000000f1b00000,0x00000000f1b00000,0x00000000f8b80000)
  from space 11776K, 3% used [0x00000000f9f00000,0x00000000f9f70010,0x00000000faa80000)
  to   space 15872K, 0% used [0x00000000f8b80000,0x00000000f8b80000,0x00000000f9b00000)
 ParOldGen       total 58880K, used 27390K [0x00000000d5000000, 0x00000000d8980000, 0x00000000f1b00000)
  object space 58880K, 46% used [0x00000000d5000000,0x00000000d6abfb88,0x00000000d8980000)
 Metaspace       used 18759K, capacity 18950K, committed 19072K, reserved 1067008K
  class space    used 1819K, capacity 1898K, committed 1920K, reserved 1048576K
}
Event: 55.965 GC heap before
{Heap before GC invocations=19 (full 2):
 PSYoungGen      total 126976K, used 115648K [0x00000000f1b00000, 0x00000000faa80000, 0x0000000100000000)
  eden space 115200K, 100% used [0x00000000f1b00000,0x00000000f8b80000,0x00000000f8b80000)
  from space 11776K, 3% used [0x00000000f9f00000,0x00000000f9f70010,0x00000000faa80000)
  to   space 15872K, 0% used [0x00000000f8b80000,0x00000000f8b80000,0x00000000f9b00000)
 ParOldGen       total 58880K, used 27390K [0x00000000d5000000, 0x00000000d8980000, 0x00000000f1b00000)
  object space 58880K, 46% used [0x00000000d5000000,0x00000000d6abfb88,0x00000000d8980000)
 Metaspace       used 18762K, capacity 18950K, committed 19072K, reserved 1067008K
  class space    used 1819K, capacity 1898K, committed 1920K, reserved 1048576K
Event: 55.968 GC heap after
Heap after GC invocations=19 (full 2):
 PSYoungGen      total 131072K, used 544K [0x00000000f1b00000, 0x00000000fb600000, 0x0000000100000000)
  eden space 115200K, 0% used [0x00000000f1b00000,0x00000000f1b00000,0x00000000f8b80000)
  from space 15872K, 3% used [0x00000000f8b80000,0x00000000f8c08010,0x00000000f9b00000)
  to   space 15360K, 0% used [0x00000000fa700000,0x00000000fa700000,0x00000000fb600000)
 ParOldGen       total 58880K, used 27390K [0x00000000d5000000, 0x00000000d8980000, 0x00000000f1b00000)
  object space 58880K, 46% used [0x00000000d5000000,0x00000000d6abfb88,0x00000000d8980000)
 Metaspace       used 18762K, capacity 18950K, committed 19072K, reserved 1067008K
  class space    used 1819K, capacity 1898K, committed 1920K, reserved 1048576K
}

Deoptimization events (10 events):
Event: 27.241 Thread 0x00007f8488475000 Uncommon trap: reason=unstable_if action=reinterpret pc=0x00007f847975fb38 method=com.BitJunkies.RTS.src.GridMap.getBestRoute(Lcom/BitJunkies/RTS/src/Entity;Lcom/BitJunkies/RTS/src/Entity;Lmikera/vectorz/Vector2;)Lmikera/vectorz/Vector2; @ 503
Event: 27.339 Thread 0x00007f8488475000 Uncommon trap: reason=unstable_if action=reinterpret pc=0x00007f847977c650 method=com.BitJunkies.RTS.src.GridMap.getBestRoute(Lcom/BitJunkies/RTS/src/Entity;Lcom/BitJunkies/RTS/src/Entity;Lmikera/vectorz/Vector2;)Lmikera/vectorz/Vector2; @ 492
Event: 36.791 Thread 0x00007f8488475000 Uncommon trap: reason=predicate action=maybe_recompile pc=0x00007f84797b4b34 method=java.util.Arrays.fill([Ljava/lang/Object;Ljava/lang/Object;)V @ 10
Event: 37.306 Thread 0x00007f8488475000 Uncommon trap: reason=array_check action=maybe_recompile pc=0x00007f8479101a88 method=java.util.Arrays.fill([Ljava/lang/Object;Ljava/lang/Object;)V @ 13
Event: 39.823 Thread 0x00007f8488475000 Uncommon trap: reason=unstable_if action=reinterpret pc=0x00007f84797b53a0 method=com.BitJunkies.RTS.src.Worker.tick(Lcom/BitJunkies/RTS/src/GridMap;)V @ 9
Event: 44.770 Thread 0x00007f8488475000 Uncommon trap: reason=unstable_if action=reinterpret pc=0x00007f84796772b8 method=sun.font.CompositeGlyphMapper.charsToGlyphs(I[C[I)V @ 136
Event: 44.770 Thread 0x00007f8488475000 Uncommon trap: reason=unstable_if action=reinterpret pc=0x00007f847955db84 method=sun.font.FileFontStrike.getGlyphImagePtr(I)J @ 21
Event: 44.772 Thread 0x00007f8488475000 Uncommon trap: reason=null_check action=make_not_entrant pc=0x00007f8479602864 method=sun.font.FileFontStrike.getGlyphOutlineBounds(I)Ljava/awt/geom/Rectangle2D$Float; @ 31
Event: 45.313 Thread 0x00007f8488475000 Uncommon trap: reason=unstable_if action=reinterpret pc=0x00007f84795df398 method=sun.font.FileFontStrike.getGlyphImagePtr(I)J @ 21
Event: 45.313 Thread 0x00007f8488475000 Uncommon trap: reason=null_check action=make_not_entrant pc=0x00007f84795fc78c method=sun.font.FileFontStrike.getGlyphOutlineBounds(I)Ljava/awt/geom/Rectangle2D$Float; @ 31

Classes redefined (0 events):
No events

Internal exceptions (10 events):
Event: 0.363 Thread 0x00007f848800c800 Exception <a 'java/lang/NoSuchFieldError': method resolution failed> (0x00000000f1f630a0) thrown at [/build/openjdk-8-6jqSe7/openjdk-8-8u191-b12/src/hotspot/src/share/vm/prims/methodHandles.cpp, line 1167]
Event: 0.687 Thread 0x00007f848800c800 Exception <a 'java/io/FileNotFoundException'> (0x00000000f2255c38) thrown at [/build/openjdk-8-6jqSe7/openjdk-8-8u191-b12/src/hotspot/src/share/vm/prims/jni.cpp, line 709]
Event: 0.687 Thread 0x00007f848800c800 Exception <a 'java/io/FileNotFoundException'> (0x00000000f2256620) thrown at [/build/openjdk-8-6jqSe7/openjdk-8-8u191-b12/src/hotspot/src/share/vm/prims/jni.cpp, line 709]
Event: 0.811 Thread 0x00007f848800c800 Exception <a 'java/lang/ClassNotFoundException': sun/dc/DuctusRenderingEngine> (0x00000000f2260c30) thrown at [/build/openjdk-8-6jqSe7/openjdk-8-8u191-b12/src/hotspot/src/share/vm/classfile/systemDictionary.cpp, line 210]
Event: 2.930 Thread 0x00007f848888a800 Implicit null exception at 0x00007f847935bb06 to 0x00007f847935c185
Event: 2.930 Thread 0x00007f848888a800 Implicit null exception at 0x00007f8479340e23 to 0x00007f847934108d
Event: 3.434 Thread 0x00007f848888a800 Exception <a 'java/lang/ArrayIndexOutOfBoundsException': 18> (0x00000000f24ef920) thrown at [/build/openjdk-8-6jqSe7/openjdk-8-8u191-b12/src/hotspot/src/share/vm/interpreter/interpreterRuntime.cpp, line 366]
Event: 3.481 Thread 0x00007f848888a800 Exception <a 'java/lang/ArrayIndexOutOfBoundsException': 139> (0x00000000f25ef908) thrown at [/build/openjdk-8-6jqSe7/openjdk-8-8u191-b12/src/hotspot/src/share/vm/interpreter/interpreterRuntime.cpp, line 366]
Event: 27.339 Thread 0x00007f8488475000 Implicit null exception at 0x00007f847977b18c to 0x00007f847977c63d
Event: 45.313 Thread 0x00007f8488475000 Implicit null exception at 0x00007f84795fbeb6 to 0x00007f84795fc753

Events (10 events):
Event: 50.843 Thread 0x00007f84880bf800 flushing nmethod 0x00007f84793a19d0
Event: 50.843 Thread 0x00007f84880bf800 flushing nmethod 0x00007f84793a1e50
Event: 50.843 Thread 0x00007f84880bf800 flushing nmethod 0x00007f84793a32d0
Event: 50.843 Thread 0x00007f84880bf800 flushing nmethod 0x00007f84793a3a50
Event: 50.843 Thread 0x00007f84880bf800 flushing nmethod 0x00007f84793affd0
Event: 50.843 Thread 0x00007f84880bf800 flushing nmethod 0x00007f84793b6310
Event: 55.965 Executing VM operation: ParallelGCFailedAllocation
Event: 55.968 Executing VM operation: ParallelGCFailedAllocation done
Event: 59.287 loading class jogamp/newt/DisplayImpl$5
Event: 59.287 loading class jogamp/newt/DisplayImpl$5 done


Dynamic libraries:
00400000-00401000 r-xp 00000000 fc:00 13893941                           /usr/lib/jvm/java-8-openjdk-amd64/jre/bin/java
00600000-00601000 r--p 00000000 fc:00 13893941                           /usr/lib/jvm/java-8-openjdk-amd64/jre/bin/java
00601000-00602000 rw-p 00001000 fc:00 13893941                           /usr/lib/jvm/java-8-openjdk-amd64/jre/bin/java
011d5000-011f6000 rw-p 00000000 00:00 0                                  [heap]
d5000000-d8980000 rw-p 00000000 00:00 0 
d8980000-f1b00000 ---p 00000000 00:00 0 
f1b00000-fb600000 rw-p 00000000 00:00 0 
fb600000-100000000 ---p 00000000 00:00 0 
100000000-1001e0000 rw-p 00000000 00:00 0 
1001e0000-140000000 ---p 00000000 00:00 0 
7f840c000000-7f840cd5f000 rw-p 00000000 00:00 0 
7f840cd5f000-7f8410000000 ---p 00000000 00:00 0 
7f8410000000-7f8411e15000 rw-p 00000000 00:00 0 
7f8411e15000-7f8414000000 ---p 00000000 00:00 0 
7f841707f000-7f8417082000 ---p 00000000 00:00 0 
7f8417082000-7f8417240000 rw-p 00000000 00:00 0 
7f8417240000-7f8417380000 ---p 00000000 00:00 0 
7f84175e0000-7f84177e0000 rw-p 00000000 00:00 0 
7f8418000000-7f84181b4000 rw-p 00000000 00:00 0 
7f84181b4000-7f841c000000 ---p 00000000 00:00 0 
7f841c000000-7f841d954000 rw-p 00000000 00:00 0 
7f841d954000-7f8420000000 ---p 00000000 00:00 0 
7f8420096000-7f84200a1000 r--s 00000000 fc:00 1573513                    /var/cache/fontconfig/945677eb7aeaf62f1d50efc3fb3ec7d8-le64.cache-6
7f84200a1000-7f84200a7000 r--s 00000000 fc:00 1574722                    /var/cache/fontconfig/2cd17615ca594fa2959ae173292e504c-le64.cache-6
7f84200a7000-7f84200ac000 r--s 00000000 fc:00 1574642                    /var/cache/fontconfig/8801497958630a81b71ace7c5f9b32a8-le64.cache-6
7f84200ac000-7f84200b4000 r--s 00000000 fc:00 1574615                    /var/cache/fontconfig/bf3b770c553c462765856025a94f1ce6-le64.cache-6
7f84200b4000-7f84200c7000 r--s 00000000 fc:00 1574614                    /var/cache/fontconfig/d52a8644073d54c13679302ca1180695-le64.cache-6
7f84200c7000-7f84200d2000 r--s 00000000 fc:00 1573565                    /var/cache/fontconfig/d589a48862398ed80a3d6066f4f56f4c-le64.cache-6
7f8420452000-7f84204a9000 r-xp 00000000 fc:00 9437732                    /usr/lib/x86_64-linux-gnu/libjpeg.so.8.0.2
7f84204a9000-7f84206a9000 ---p 00057000 fc:00 9437732                    /usr/lib/x86_64-linux-gnu/libjpeg.so.8.0.2
7f84206a9000-7f84206aa000 r--p 00057000 fc:00 9437732                    /usr/lib/x86_64-linux-gnu/libjpeg.so.8.0.2
7f84206aa000-7f84206ab000 rw-p 00058000 fc:00 9437732                    /usr/lib/x86_64-linux-gnu/libjpeg.so.8.0.2
7f84206ab000-7f84206b5000 r-xp 00000000 fc:00 13893908                   /usr/lib/jvm/java-8-openjdk-amd64/jre/lib/amd64/libjavajpeg.so
7f84206b5000-7f84208b4000 ---p 0000a000 fc:00 13893908                   /usr/lib/jvm/java-8-openjdk-amd64/jre/lib/amd64/libjavajpeg.so
7f84208b4000-7f84208b5000 r--p 00009000 fc:00 13893908                   /usr/lib/jvm/java-8-openjdk-amd64/jre/lib/amd64/libjavajpeg.so
7f84208b5000-7f84208b6000 rw-p 0000a000 fc:00 13893908                   /usr/lib/jvm/java-8-openjdk-amd64/jre/lib/amd64/libjavajpeg.so
7f84208b6000-7f84208b9000 ---p 00000000 00:00 0 
7f84208b9000-7f8420bb7000 rw-p 00000000 00:00 0 
7f8420bb7000-7f8420bc1000 r-xp 00000000 fc:00 9442539                    /usr/lib/x86_64-linux-gnu/libXrandr.so.2.2.0
7f8420bc1000-7f8420dc0000 ---p 0000a000 fc:00 9442539                    /usr/lib/x86_64-linux-gnu/libXrandr.so.2.2.0
7f8420dc0000-7f8420dc1000 r--p 00009000 fc:00 9442539                    /usr/lib/x86_64-linux-gnu/libXrandr.so.2.2.0
7f8420dc1000-7f8420dc2000 rw-p 0000a000 fc:00 9442539                    /usr/lib/x86_64-linux-gnu/libXrandr.so.2.2.0
7f8420dc2000-7f8420dd3000 r-xp 00000000 fc:00 6422584                    /tmp/jogamp_0000/file_cache/jln3849054013960683144/jln6893013910250641113/natives/linux-amd64/libnewt.so
7f8420dd3000-7f8420fd2000 ---p 00011000 fc:00 6422584                    /tmp/jogamp_0000/file_cache/jln3849054013960683144/jln6893013910250641113/natives/linux-amd64/libnewt.so
7f8420fd2000-7f8420fd3000 rw-p 00010000 fc:00 6422584                    /tmp/jogamp_0000/file_cache/jln3849054013960683144/jln6893013910250641113/natives/linux-amd64/libnewt.so
7f8420fd3000-7f8420fd5000 r-xp 00000000 fc:00 9442531                    /usr/lib/x86_64-linux-gnu/libXinerama.so.1.0.0
7f8420fd5000-7f84211d4000 ---p 00002000 fc:00 9442531                    /usr/lib/x86_64-linux-gnu/libXinerama.so.1.0.0
7f84211d4000-7f84211d5000 r--p 00001000 fc:00 9442531                    /usr/lib/x86_64-linux-gnu/libXinerama.so.1.0.0
7f84211d5000-7f84211d6000 rw-p 00002000 fc:00 9442531                    /usr/lib/x86_64-linux-gnu/libXinerama.so.1.0.0
7f84211d6000-7f84211de000 r-xp 00000000 fc:00 9443170                    /usr/lib/x86_64-linux-gnu/libpciaccess.so.0.11.1
7f84211de000-7f84213de000 ---p 00008000 fc:00 9443170                    /usr/lib/x86_64-linux-gnu/libpciaccess.so.0.11.1
7f84213de000-7f84213df000 r--p 00008000 fc:00 9443170                    /usr/lib/x86_64-linux-gnu/libpciaccess.so.0.11.1
7f84213df000-7f84213e0000 rw-p 00009000 fc:00 9443170                    /usr/lib/x86_64-linux-gnu/libpciaccess.so.0.11.1
7f84213e0000-7f84213eb000 r-xp 00000000 fc:00 9437700                    /usr/lib/x86_64-linux-gnu/libdrm_radeon.so.1.0.1
7f84213eb000-7f84215ea000 ---p 0000b000 fc:00 9437700                    /usr/lib/x86_64-linux-gnu/libdrm_radeon.so.1.0.1
7f84215ea000-7f84215eb000 r--p 0000a000 fc:00 9437700                    /usr/lib/x86_64-linux-gnu/libdrm_radeon.so.1.0.1
7f84215eb000-7f84215ec000 rw-p 0000b000 fc:00 9437700                    /usr/lib/x86_64-linux-gnu/libdrm_radeon.so.1.0.1
7f84215ec000-7f84215f3000 r-xp 00000000 fc:00 9441095                    /usr/lib/x86_64-linux-gnu/libdrm_nouveau.so.2.0.0
7f84215f3000-7f84217f2000 ---p 00007000 fc:00 9441095                    /usr/lib/x86_64-linux-gnu/libdrm_nouveau.so.2.0.0
7f84217f2000-7f84217f3000 r--p 00006000 fc:00 9441095                    /usr/lib/x86_64-linux-gnu/libdrm_nouveau.so.2.0.0
7f84217f3000-7f84217f4000 rw-p 00007000 fc:00 9441095                    /usr/lib/x86_64-linux-gnu/libdrm_nouveau.so.2.0.0
7f84217f4000-7f8421816000 r-xp 00000000 fc:00 9438156                    /usr/lib/x86_64-linux-gnu/libdrm_intel.so.1.0.0
7f8421816000-7f8421a16000 ---p 00022000 fc:00 9438156                    /usr/lib/x86_64-linux-gnu/libdrm_intel.so.1.0.0
7f8421a16000-7f8421a17000 r--p 00022000 fc:00 9438156                    /usr/lib/x86_64-linux-gnu/libdrm_intel.so.1.0.0
7f8421a17000-7f8421a18000 rw-p 00023000 fc:00 9438156                    /usr/lib/x86_64-linux-gnu/libdrm_intel.so.1.0.0
7f8421a18000-7f84222f8000 r-xp 00000000 fc:00 9569389                    /usr/lib/x86_64-linux-gnu/dri/i965_dri.so
7f84222f8000-7f84224f8000 ---p 008e0000 fc:00 9569389                    /usr/lib/x86_64-linux-gnu/dri/i965_dri.so
7f84224f8000-7f8422548000 r--p 008e0000 fc:00 9569389                    /usr/lib/x86_64-linux-gnu/dri/i965_dri.so
7f8422548000-7f8422553000 rw-p 00930000 fc:00 9569389                    /usr/lib/x86_64-linux-gnu/dri/i965_dri.so
7f8422553000-7f84225f8000 rw-p 00000000 00:00 0 
7f84225f8000-7f84225fb000 ---p 00000000 00:00 0 
7f84225fb000-7f84226f9000 rw-p 00000000 00:00 0 
7f84226f9000-7f8422755000 r-xp 00000000 fc:00 6422576                    /tmp/jogamp_0000/file_cache/jln3849054013960683144/jln6893013910250641113/natives/linux-amd64/libjogl_mobile.so
7f8422755000-7f8422955000 ---p 0005c000 fc:00 6422576                    /tmp/jogamp_0000/file_cache/jln3849054013960683144/jln6893013910250641113/natives/linux-amd64/libjogl_mobile.so
7f8422955000-7f8422956000 rw-p 0005c000 fc:00 6422576                    /tmp/jogamp_0000/file_cache/jln3849054013960683144/jln6893013910250641113/natives/linux-amd64/libjogl_mobile.so
7f8422956000-7f842297d000 r-xp 00000000 fc:00 9441073                    /usr/lib/x86_64-linux-gnu/libkj-0.5.3.so
7f842297d000-7f8422b7d000 ---p 00027000 fc:00 9441073                    /usr/lib/x86_64-linux-gnu/libkj-0.5.3.so
7f8422b7d000-7f8422b7e000 r--p 00027000 fc:00 9441073                    /usr/lib/x86_64-linux-gnu/libkj-0.5.3.so
7f8422b7e000-7f8422b7f000 rw-p 00028000 fc:00 9441073                    /usr/lib/x86_64-linux-gnu/libkj-0.5.3.so
7f8422b7f000-7f8422b96000 r-xp 00000000 fc:00 9441081                    /usr/lib/x86_64-linux-gnu/libboost_filesystem.so.1.58.0
7f8422b96000-7f8422d95000 ---p 00017000 fc:00 9441081                    /usr/lib/x86_64-linux-gnu/libboost_filesystem.so.1.58.0
7f8422d95000-7f8422d96000 r--p 00016000 fc:00 9441081                    /usr/lib/x86_64-linux-gnu/libboost_filesystem.so.1.58.0
7f8422d96000-7f8422d97000 rw-p 00017000 fc:00 9441081                    /usr/lib/x86_64-linux-gnu/libboost_filesystem.so.1.58.0
7f8422d97000-7f8422dc7000 r-xp 00000000 fc:00 9441083                    /usr/lib/x86_64-linux-gnu/libprotobuf-lite.so.9.0.1
7f8422dc7000-7f8422fc6000 ---p 00030000 fc:00 9441083                    /usr/lib/x86_64-linux-gnu/libprotobuf-lite.so.9.0.1
7f8422fc6000-7f8422fc7000 r--p 0002f000 fc:00 9441083                    /usr/lib/x86_64-linux-gnu/libprotobuf-lite.so.9.0.1
7f8422fc7000-7f8422fc8000 rw-p 00030000 fc:00 9441083                    /usr/lib/x86_64-linux-gnu/libprotobuf-lite.so.9.0.1
7f8422fc8000-7f8422fcf000 r-xp 00000000 fc:00 9441079                    /usr/lib/x86_64-linux-gnu/libmircore.so.1
7f8422fcf000-7f84231cf000 ---p 00007000 fc:00 9441079                    /usr/lib/x86_64-linux-gnu/libmircore.so.1
7f84231cf000-7f84231d0000 r--p 00007000 fc:00 9441079                    /usr/lib/x86_64-linux-gnu/libmircore.so.1
7f84231d0000-7f84231d1000 rw-p 00008000 fc:00 9441079                    /usr/lib/x86_64-linux-gnu/libmircore.so.1
7f84231d1000-7f8423256000 r-xp 00000000 fc:00 9441072                    /usr/lib/x86_64-linux-gnu/libcapnp-0.5.3.so
7f8423256000-7f8423455000 ---p 00085000 fc:00 9441072                    /usr/lib/x86_64-linux-gnu/libcapnp-0.5.3.so
7f8423455000-7f8423458000 r--p 00084000 fc:00 9441072                    /usr/lib/x86_64-linux-gnu/libcapnp-0.5.3.so
7f8423458000-7f8423459000 rw-p 00087000 fc:00 9441072                    /usr/lib/x86_64-linux-gnu/libcapnp-0.5.3.so
7f8423459000-7f84234c8000 r-xp 00000000 fc:00 9441085                    /usr/lib/x86_64-linux-gnu/libmirprotobuf.so.3
7f84234c8000-7f84236c7000 ---p 0006f000 fc:00 9441085                    /usr/lib/x86_64-linux-gnu/libmirprotobuf.so.3
7f84236c7000-7f84236ca000 r--p 0006e000 fc:00 9441085                    /usr/lib/x86_64-linux-gnu/libmirprotobuf.so.3
7f84236ca000-7f84236cb000 rw-p 00071000 fc:00 9441085                    /usr/lib/x86_64-linux-gnu/libmirprotobuf.so.3
7f84236cb000-7f842370f000 r-xp 00000000 fc:00 9441082                    /usr/lib/x86_64-linux-gnu/libmircommon.so.7
7f842370f000-7f842390f000 ---p 00044000 fc:00 9441082                    /usr/lib/x86_64-linux-gnu/libmircommon.so.7
7f842390f000-7f8423911000 r--p 00044000 fc:00 9441082                    /usr/lib/x86_64-linux-gnu/libmircommon.so.7
7f8423911000-7f8423912000 rw-p 00046000 fc:00 9441082                    /usr/lib/x86_64-linux-gnu/libmircommon.so.7
7f8423912000-7f842394f000 r-xp 00000000 fc:00 9441090                    /usr/lib/x86_64-linux-gnu/libxkbcommon.so.0.0.0
7f842394f000-7f8423b4e000 ---p 0003d000 fc:00 9441090                    /usr/lib/x86_64-linux-gnu/libxkbcommon.so.0.0.0
7f8423b4e000-7f8423b50000 r--p 0003c000 fc:00 9441090                    /usr/lib/x86_64-linux-gnu/libxkbcommon.so.0.0.0
7f8423b50000-7f8423b51000 rw-p 0003e000 fc:00 9441090                    /usr/lib/x86_64-linux-gnu/libxkbcommon.so.0.0.0
7f8423b51000-7f8423b58000 r-xp 00000000 fc:00 9440286                    /usr/lib/x86_64-linux-gnu/libffi.so.6.0.4
7f8423b58000-7f8423d57000 ---p 00007000 fc:00 9440286                    /usr/lib/x86_64-linux-gnu/libffi.so.6.0.4
7f8423d57000-7f8423d58000 r--p 00006000 fc:00 9440286                    /usr/lib/x86_64-linux-gnu/libffi.so.6.0.4
7f8423d58000-7f8423d59000 rw-p 00007000 fc:00 9440286                    /usr/lib/x86_64-linux-gnu/libffi.so.6.0.4
7f8423d59000-7f8423df9000 r-xp 00000000 fc:00 9441092                    /usr/lib/x86_64-linux-gnu/libmirclient.so.9
7f8423df9000-7f8423ff8000 ---p 000a0000 fc:00 9441092                    /usr/lib/x86_64-linux-gnu/libmirclient.so.9
7f8423ff8000-7f8423ffe000 r--p 0009f000 fc:00 9441092                    /usr/lib/x86_64-linux-gnu/libmirclient.so.9
7f8423ffe000-7f8424000000 rw-p 000a5000 fc:00 9441092                    /usr/lib/x86_64-linux-gnu/libmirclient.so.9
7f8424000000-7f8424088000 rw-p 00000000 00:00 0 
7f8424088000-7f8428000000 ---p 00000000 00:00 0 
7f8428000000-7f8428021000 rw-p 00000000 00:00 0 
7f8428021000-7f842c000000 ---p 00000000 00:00 0 
7f842c000000-7f842c021000 rw-p 00000000 00:00 0 
7f842c021000-7f8430000000 ---p 00000000 00:00 0 
7f8430002000-7f8430005000 r-xp 00000000 fc:00 9441080                    /usr/lib/x86_64-linux-gnu/libboost_system.so.1.58.0
7f8430005000-7f8430204000 ---p 00003000 fc:00 9441080                    /usr/lib/x86_64-linux-gnu/libboost_system.so.1.58.0
7f8430204000-7f8430205000 r--p 00002000 fc:00 9441080                    /usr/lib/x86_64-linux-gnu/libboost_system.so.1.58.0
7f8430205000-7f8430206000 rw-p 00003000 fc:00 9441080                    /usr/lib/x86_64-linux-gnu/libboost_system.so.1.58.0
7f8430206000-7f8430216000 r-xp 00000000 fc:00 9441066                    /usr/lib/x86_64-linux-gnu/libwayland-server.so.0.1.0
7f8430216000-7f8430415000 ---p 00010000 fc:00 9441066                    /usr/lib/x86_64-linux-gnu/libwayland-server.so.0.1.0
7f8430415000-7f8430417000 r--p 0000f000 fc:00 9441066                    /usr/lib/x86_64-linux-gnu/libwayland-server.so.0.1.0
7f8430417000-7f8430418000 rw-p 00011000 fc:00 9441066                    /usr/lib/x86_64-linux-gnu/libwayland-server.so.0.1.0
7f8430418000-7f8430424000 r-xp 00000000 fc:00 9441068                    /usr/lib/x86_64-linux-gnu/libgbm.so.1.0.0
7f8430424000-7f8430624000 ---p 0000c000 fc:00 9441068                    /usr/lib/x86_64-linux-gnu/libgbm.so.1.0.0
7f8430624000-7f8430625000 r--p 0000c000 fc:00 9441068                    /usr/lib/x86_64-linux-gnu/libgbm.so.1.0.0
7f8430625000-7f8430626000 rw-p 0000d000 fc:00 9441068                    /usr/lib/x86_64-linux-gnu/libgbm.so.1.0.0
7f8430626000-7f8430632000 r-xp 00000000 fc:00 9441054                    /usr/lib/x86_64-linux-gnu/libwayland-client.so.0.3.0
7f8430632000-7f8430832000 ---p 0000c000 fc:00 9441054                    /usr/lib/x86_64-linux-gnu/libwayland-client.so.0.3.0
7f8430832000-7f8430834000 r--p 0000c000 fc:00 9441054                    /usr/lib/x86_64-linux-gnu/libwayland-client.so.0.3.0
7f8430834000-7f8430835000 rw-p 0000e000 fc:00 9441054                    /usr/lib/x86_64-linux-gnu/libwayland-client.so.0.3.0
7f8430835000-7f843083b000 r-xp 00000000 fc:00 9441714                    /usr/lib/x86_64-linux-gnu/libxcb-xfixes.so.0.0.0
7f843083b000-7f8430a3b000 ---p 00006000 fc:00 9441714                    /usr/lib/x86_64-linux-gnu/libxcb-xfixes.so.0.0.0
7f8430a3b000-7f8430a3c000 r--p 00006000 fc:00 9441714                    /usr/lib/x86_64-linux-gnu/libxcb-xfixes.so.0.0.0
7f8430a3c000-7f8430a3d000 rw-p 00007000 fc:00 9441714                    /usr/lib/x86_64-linux-gnu/libxcb-xfixes.so.0.0.0
7f8430a3d000-7f8430a75000 r-xp 00000000 fc:00 9569378                    /usr/lib/x86_64-linux-gnu/mesa-egl/libEGL.so.1.0.0
7f8430a75000-7f8430c74000 ---p 00038000 fc:00 9569378                    /usr/lib/x86_64-linux-gnu/mesa-egl/libEGL.so.1.0.0
7f8430c74000-7f8430c76000 r--p 00037000 fc:00 9569378                    /usr/lib/x86_64-linux-gnu/mesa-egl/libEGL.so.1.0.0
7f8430c76000-7f8430c77000 rw-p 00039000 fc:00 9569378                    /usr/lib/x86_64-linux-gnu/mesa-egl/libEGL.so.1.0.0
7f8430c77000-7f8430c7a000 ---p 00000000 00:00 0 
7f8430c7a000-7f8430d78000 rw-p 00000000 00:00 0 
7f8430d78000-7f8430e30000 r-xp 00000000 fc:00 6422575                    /tmp/jogamp_0000/file_cache/jln3849054013960683144/jln6893013910250641113/natives/linux-amd64/libjogl_desktop.so
7f8430e30000-7f8431030000 ---p 000b8000 fc:00 6422575                    /tmp/jogamp_0000/file_cache/jln3849054013960683144/jln6893013910250641113/natives/linux-amd64/libjogl_desktop.so
7f8431030000-7f8431031000 rw-p 000b8000 fc:00 6422575                    /tmp/jogamp_0000/file_cache/jln3849054013960683144/jln6893013910250641113/natives/linux-amd64/libjogl_desktop.so
7f8431031000-7f8431041000 r-xp 00000000 fc:00 9441064                    /usr/lib/x86_64-linux-gnu/libdrm.so.2.4.0
7f8431041000-7f8431241000 ---p 00010000 fc:00 9441064                    /usr/lib/x86_64-linux-gnu/libdrm.so.2.4.0
7f8431241000-7f8431242000 r--p 00010000 fc:00 9441064                    /usr/lib/x86_64-linux-gnu/libdrm.so.2.4.0
7f8431242000-7f8431243000 rw-p 00011000 fc:00 9441064                    /usr/lib/x86_64-linux-gnu/libdrm.so.2.4.0
7f8431243000-7f8431247000 r-xp 00000000 fc:00 9441632                    /usr/lib/x86_64-linux-gnu/libxcb-dri2.so.0.0.0
7f8431247000-7f8431446000 ---p 00004000 fc:00 9441632                    /usr/lib/x86_64-linux-gnu/libxcb-dri2.so.0.0.0
7f8431446000-7f8431447000 r--p 00003000 fc:00 9441632                    /usr/lib/x86_64-linux-gnu/libxcb-dri2.so.0.0.0
7f8431447000-7f8431448000 rw-p 00004000 fc:00 9441632                    /usr/lib/x86_64-linux-gnu/libxcb-dri2.so.0.0.0
7f8431448000-7f843145f000 r-xp 00000000 fc:00 9441638                    /usr/lib/x86_64-linux-gnu/libxcb-glx.so.0.0.0
7f843145f000-7f843165e000 ---p 00017000 fc:00 9441638                    /usr/lib/x86_64-linux-gnu/libxcb-glx.so.0.0.0
7f843165e000-7f8431660000 r--p 00016000 fc:00 9441638                    /usr/lib/x86_64-linux-gnu/libxcb-glx.so.0.0.0
7f8431660000-7f8431661000 rw-p 00018000 fc:00 9441638                    /usr/lib/x86_64-linux-gnu/libxcb-glx.so.0.0.0
7f8431661000-7f8431662000 r-xp 00000000 fc:00 9438241                    /usr/lib/x86_64-linux-gnu/libX11-xcb.so.1.0.0
7f8431662000-7f8431861000 ---p 00001000 fc:00 9438241                    /usr/lib/x86_64-linux-gnu/libX11-xcb.so.1.0.0
7f8431861000-7f8431862000 r--p 00000000 fc:00 9438241                    /usr/lib/x86_64-linux-gnu/libX11-xcb.so.1.0.0
7f8431862000-7f8431863000 rw-p 00001000 fc:00 9438241                    /usr/lib/x86_64-linux-gnu/libX11-xcb.so.1.0.0
7f8431863000-7f8431865000 r-xp 00000000 fc:00 9442517                    /usr/lib/x86_64-linux-gnu/libXdamage.so.1.1.0
7f8431865000-7f8431a64000 ---p 00002000 fc:00 9442517                    /usr/lib/x86_64-linux-gnu/libXdamage.so.1.1.0
7f8431a64000-7f8431a65000 r--p 00001000 fc:00 9442517                    /usr/lib/x86_64-linux-gnu/libXdamage.so.1.1.0
7f8431a65000-7f8431a66000 rw-p 00002000 fc:00 9442517                    /usr/lib/x86_64-linux-gnu/libXdamage.so.1.1.0
7f8431a66000-7f8431a92000 r-xp 00000000 fc:00 9438091                    /usr/lib/x86_64-linux-gnu/libglapi.so.0.0.0
7f8431a92000-7f8431c91000 ---p 0002c000 fc:00 9438091                    /usr/lib/x86_64-linux-gnu/libglapi.so.0.0.0
7f8431c91000-7f8431c95000 r--p 0002b000 fc:00 9438091                    /usr/lib/x86_64-linux-gnu/libglapi.so.0.0.0
7f8431c95000-7f8431c96000 rw-p 0002f000 fc:00 9438091                    /usr/lib/x86_64-linux-gnu/libglapi.so.0.0.0
7f8431c96000-7f8431c97000 rw-p 00000000 00:00 0 
7f8431c97000-7f8431c98000 r-xp 00000000 fc:00 9443470                    /usr/lib/x86_64-linux-gnu/libxshmfence.so.1.0.0
7f8431c98000-7f8431e98000 ---p 00001000 fc:00 9443470                    /usr/lib/x86_64-linux-gnu/libxshmfence.so.1.0.0
7f8431e98000-7f8431e99000 r--p 00001000 fc:00 9443470                    /usr/lib/x86_64-linux-gnu/libxshmfence.so.1.0.0
7f8431e99000-7f8431e9a000 rw-p 00002000 fc:00 9443470                    /usr/lib/x86_64-linux-gnu/libxshmfence.so.1.0.0
7f8431e9a000-7f8431e9f000 r-xp 00000000 fc:00 9441642                    /usr/lib/x86_64-linux-gnu/libxcb-sync.so.1.0.0
7f8431e9f000-7f843209f000 ---p 00005000 fc:00 9441642                    /usr/lib/x86_64-linux-gnu/libxcb-sync.so.1.0.0
7f843209f000-7f84320a0000 r--p 00005000 fc:00 9441642                    /usr/lib/x86_64-linux-gnu/libxcb-sync.so.1.0.0
7f84320a0000-7f84320a1000 rw-p 00006000 fc:00 9441642                    /usr/lib/x86_64-linux-gnu/libxcb-sync.so.1.0.0
7f84320a1000-7f84320a3000 r-xp 00000000 fc:00 9441640                    /usr/lib/x86_64-linux-gnu/libxcb-present.so.0.0.0
7f84320a3000-7f84322a2000 ---p 00002000 fc:00 9441640                    /usr/lib/x86_64-linux-gnu/libxcb-present.so.0.0.0
7f84322a2000-7f84322a3000 r--p 00001000 fc:00 9441640                    /usr/lib/x86_64-linux-gnu/libxcb-present.so.0.0.0
7f84322a3000-7f84322a4000 rw-p 00002000 fc:00 9441640                    /usr/lib/x86_64-linux-gnu/libxcb-present.so.0.0.0
7f84322a4000-7f84322a6000 r-xp 00000000 fc:00 9441634                    /usr/lib/x86_64-linux-gnu/libxcb-dri3.so.0.0.0
7f84322a6000-7f84324a5000 ---p 00002000 fc:00 9441634                    /usr/lib/x86_64-linux-gnu/libxcb-dri3.so.0.0.0
7f84324a5000-7f84324a6000 r--p 00001000 fc:00 9441634                    /usr/lib/x86_64-linux-gnu/libxcb-dri3.so.0.0.0
7f84324a6000-7f84324a7000 rw-p 00002000 fc:00 9441634                    /usr/lib/x86_64-linux-gnu/libxcb-dri3.so.0.0.0
7f84324a7000-7f84324cd000 r-xp 00000000 fc:00 8257565                    /lib/x86_64-linux-gnu/libexpat.so.1.6.0
7f84324cd000-7f84326cd000 ---p 00026000 fc:00 8257565                    /lib/x86_64-linux-gnu/libexpat.so.1.6.0
7f84326cd000-7f84326cf000 r--p 00026000 fc:00 8257565                    /lib/x86_64-linux-gnu/libexpat.so.1.6.0
7f84326cf000-7f84326d0000 rw-p 00028000 fc:00 8257565                    /lib/x86_64-linux-gnu/libexpat.so.1.6.0
7f84326d0000-7f8432740000 r-xp 00000000 fc:00 9569071                    /usr/lib/x86_64-linux-gnu/mesa/libGL.so.1.2.0
7f8432740000-7f843293f000 ---p 00070000 fc:00 9569071                    /usr/lib/x86_64-linux-gnu/mesa/libGL.so.1.2.0
7f843293f000-7f8432942000 r--p 0006f000 fc:00 9569071                    /usr/lib/x86_64-linux-gnu/mesa/libGL.so.1.2.0
7f8432942000-7f8432943000 rw-p 00072000 fc:00 9569071                    /usr/lib/x86_64-linux-gnu/mesa/libGL.so.1.2.0
7f8432943000-7f8432b44000 rw-p 00000000 00:00 0 
7f8432b44000-7f8432d44000 rw-p 00000000 00:00 0 
7f8432d44000-7f8432d4e000 r--s 00000000 fc:00 1574613                    /var/cache/fontconfig/3f7329c5293ffd510edef78f73874cfd-le64.cache-6
7f8432d4e000-7f8432d60000 r--s 00000000 fc:00 1573438                    /var/cache/fontconfig/9b89f8e3dae116d678bbf48e5f21f69b-le64.cache-6
7f8432e0f000-7f8432e16000 r-xp 00000000 fc:00 6422583                    /tmp/jogamp_0000/file_cache/jln3849054013960683144/jln6893013910250641113/natives/linux-amd64/libnativewindow_x11.so
7f8432e16000-7f8433015000 ---p 00007000 fc:00 6422583                    /tmp/jogamp_0000/file_cache/jln3849054013960683144/jln6893013910250641113/natives/linux-amd64/libnativewindow_x11.so
7f8433015000-7f8433016000 rw-p 00006000 fc:00 6422583                    /tmp/jogamp_0000/file_cache/jln3849054013960683144/jln6893013910250641113/natives/linux-amd64/libnativewindow_x11.so
7f8433016000-7f8433019000 ---p 00000000 00:00 0 
7f8433019000-7f8433117000 rw-p 00000000 00:00 0 
7f8433117000-7f843311c000 r-xp 00000000 fc:00 9442557                    /usr/lib/x86_64-linux-gnu/libXxf86vm.so.1.0.0
7f843311c000-7f843331b000 ---p 00005000 fc:00 9442557                    /usr/lib/x86_64-linux-gnu/libXxf86vm.so.1.0.0
7f843331b000-7f843331c000 r--p 00004000 fc:00 9442557                    /usr/lib/x86_64-linux-gnu/libXxf86vm.so.1.0.0
7f843331c000-7f843331d000 rw-p 00005000 fc:00 9442557                    /usr/lib/x86_64-linux-gnu/libXxf86vm.so.1.0.0
7f843331d000-7f843331f000 r-xp 00000000 fc:00 6422582                    /tmp/jogamp_0000/file_cache/jln3849054013960683144/jln6893013910250641113/natives/linux-amd64/libnativewindow_awt.so
7f843331f000-7f843351e000 ---p 00002000 fc:00 6422582                    /tmp/jogamp_0000/file_cache/jln3849054013960683144/jln6893013910250641113/natives/linux-amd64/libnativewindow_awt.so
7f843351e000-7f843351f000 rw-p 00001000 fc:00 6422582                    /tmp/jogamp_0000/file_cache/jln3849054013960683144/jln6893013910250641113/natives/linux-amd64/libnativewindow_awt.so
7f843351f000-7f8433520000 r-xp 00000000 fc:00 13893896                   /usr/lib/jvm/java-8-openjdk-amd64/jre/lib/amd64/libjawt.so
7f8433520000-7f843371f000 ---p 00001000 fc:00 13893896                   /usr/lib/jvm/java-8-openjdk-amd64/jre/lib/amd64/libjawt.so
7f843371f000-7f8433720000 r--p 00000000 fc:00 13893896                   /usr/lib/jvm/java-8-openjdk-amd64/jre/lib/amd64/libjawt.so
7f8433720000-7f8433721000 rw-p 00001000 fc:00 13893896                   /usr/lib/jvm/java-8-openjdk-amd64/jre/lib/amd64/libjawt.so
7f8433721000-7f8433726000 r-xp 00000000 fc:00 9442523                    /usr/lib/x86_64-linux-gnu/libXfixes.so.3.1.0
7f8433726000-7f8433925000 ---p 00005000 fc:00 9442523                    /usr/lib/x86_64-linux-gnu/libXfixes.so.3.1.0
7f8433925000-7f8433926000 r--p 00004000 fc:00 9442523                    /usr/lib/x86_64-linux-gnu/libXfixes.so.3.1.0
7f8433926000-7f8433927000 rw-p 00005000 fc:00 9442523                    /usr/lib/x86_64-linux-gnu/libXfixes.so.3.1.0
7f8433927000-7f8433930000 r-xp 00000000 fc:00 9440610                    /usr/lib/x86_64-linux-gnu/libXcursor.so.1.0.2
7f8433930000-7f8433b2f000 ---p 00009000 fc:00 9440610                    /usr/lib/x86_64-linux-gnu/libXcursor.so.1.0.2
7f8433b2f000-7f8433b30000 r--p 00008000 fc:00 9440610                    /usr/lib/x86_64-linux-gnu/libXcursor.so.1.0.2
7f8433b30000-7f8433b31000 rw-p 00009000 fc:00 9440610                    /usr/lib/x86_64-linux-gnu/libXcursor.so.1.0.2
7f8433b31000-7f8433b55000 r-xp 00000000 fc:00 8258033                    /lib/x86_64-linux-gnu/libpng12.so.0.54.0
7f8433b55000-7f8433d54000 ---p 00024000 fc:00 8258033                    /lib/x86_64-linux-gnu/libpng12.so.0.54.0
7f8433d54000-7f8433d55000 r--p 00023000 fc:00 8258033                    /lib/x86_64-linux-gnu/libpng12.so.0.54.0
7f8433d55000-7f8433d56000 rw-p 00024000 fc:00 8258033                    /lib/x86_64-linux-gnu/libpng12.so.0.54.0
7f8433d56000-7f8433dfa000 r-xp 00000000 fc:00 9441225                    /usr/lib/x86_64-linux-gnu/libfreetype.so.6.12.1
7f8433dfa000-7f8433ff9000 ---p 000a4000 fc:00 9441225                    /usr/lib/x86_64-linux-gnu/libfreetype.so.6.12.1
7f8433ff9000-7f8433fff000 r--p 000a3000 fc:00 9441225                    /usr/lib/x86_64-linux-gnu/libfreetype.so.6.12.1
7f8433fff000-7f8434000000 rw-p 000a9000 fc:00 9441225                    /usr/lib/x86_64-linux-gnu/libfreetype.so.6.12.1
7f8434000000-7f8434021000 rw-p 00000000 00:00 0 
7f8434021000-7f8438000000 ---p 00000000 00:00 0 
7f8438000000-7f8438021000 rw-p 00000000 00:00 0 
7f8438021000-7f843c000000 ---p 00000000 00:00 0 
7f843c05d000-7f843c060000 ---p 00000000 00:00 0 
7f843c060000-7f843c15e000 rw-p 00000000 00:00 0 
7f843c15e000-7f843c1b0000 r-xp 00000000 fc:00 13893922                   /usr/lib/jvm/java-8-openjdk-amd64/jre/lib/amd64/libfontmanager.so
7f843c1b0000-7f843c3b0000 ---p 00052000 fc:00 13893922                   /usr/lib/jvm/java-8-openjdk-amd64/jre/lib/amd64/libfontmanager.so
7f843c3b0000-7f843c3b2000 r--p 00052000 fc:00 13893922                   /usr/lib/jvm/java-8-openjdk-amd64/jre/lib/amd64/libfontmanager.so
7f843c3b2000-7f843c3b3000 rw-p 00054000 fc:00 13893922                   /usr/lib/jvm/java-8-openjdk-amd64/jre/lib/amd64/libfontmanager.so
7f843c3b3000-7f843c3b8000 r-xp 00000000 fc:00 9437334                    /usr/lib/x86_64-linux-gnu/libXdmcp.so.6.0.0
7f843c3b8000-7f843c5b7000 ---p 00005000 fc:00 9437334                    /usr/lib/x86_64-linux-gnu/libXdmcp.so.6.0.0
7f843c5b7000-7f843c5b8000 r--p 00004000 fc:00 9437334                    /usr/lib/x86_64-linux-gnu/libXdmcp.so.6.0.0
7f843c5b8000-7f843c5b9000 rw-p 00005000 fc:00 9437334                    /usr/lib/x86_64-linux-gnu/libXdmcp.so.6.0.0
7f843c5b9000-7f843c5bb000 r-xp 00000000 fc:00 9442508                    /usr/lib/x86_64-linux-gnu/libXau.so.6.0.0
7f843c5bb000-7f843c7bb000 ---p 00002000 fc:00 9442508                    /usr/lib/x86_64-linux-gnu/libXau.so.6.0.0
7f843c7bb000-7f843c7bc000 r--p 00002000 fc:00 9442508                    /usr/lib/x86_64-linux-gnu/libXau.so.6.0.0
7f843c7bc000-7f843c7bd000 rw-p 00003000 fc:00 9442508                    /usr/lib/x86_64-linux-gnu/libXau.so.6.0.0
7f843c7bd000-7f843c7de000 r-xp 00000000 fc:00 9445987                    /usr/lib/x86_64-linux-gnu/libxcb.so.1.1.0
7f843c7de000-7f843c9dd000 ---p 00021000 fc:00 9445987                    /usr/lib/x86_64-linux-gnu/libxcb.so.1.1.0
7f843c9dd000-7f843c9de000 r--p 00020000 fc:00 9445987                    /usr/lib/x86_64-linux-gnu/libxcb.so.1.1.0
7f843c9de000-7f843c9df000 rw-p 00021000 fc:00 9445987                    /usr/lib/x86_64-linux-gnu/libxcb.so.1.1.0
7f843c9df000-7f843c9ee000 r-xp 00000000 fc:00 9440612                    /usr/lib/x86_64-linux-gnu/libXi.so.6.1.0
7f843c9ee000-7f843cbed000 ---p 0000f000 fc:00 9440612                    /usr/lib/x86_64-linux-gnu/libXi.so.6.1.0
7f843cbed000-7f843cbee000 r--p 0000e000 fc:00 9440612                    /usr/lib/x86_64-linux-gnu/libXi.so.6.1.0
7f843cbee000-7f843cbef000 rw-p 0000f000 fc:00 9440612                    /usr/lib/x86_64-linux-gnu/libXi.so.6.1.0
7f843cbef000-7f843cbf4000 r-xp 00000000 fc:00 9442547                    /usr/lib/x86_64-linux-gnu/libXtst.so.6.1.0
7f843cbf4000-7f843cdf3000 ---p 00005000 fc:00 9442547                    /usr/lib/x86_64-linux-gnu/libXtst.so.6.1.0
7f843cdf3000-7f843cdf4000 r--p 00004000 fc:00 9442547                    /usr/lib/x86_64-linux-gnu/libXtst.so.6.1.0
7f843cdf4000-7f843cdf5000 rw-p 00005000 fc:00 9442547                    /usr/lib/x86_64-linux-gnu/libXtst.so.6.1.0
7f843cdf5000-7f843cdfe000 r-xp 00000000 fc:00 9442541                    /usr/lib/x86_64-linux-gnu/libXrender.so.1.3.0
7f843cdfe000-7f843cffd000 ---p 00009000 fc:00 9442541                    /usr/lib/x86_64-linux-gnu/libXrender.so.1.3.0
7f843cffd000-7f843cffe000 r--p 00008000 fc:00 9442541                    /usr/lib/x86_64-linux-gnu/libXrender.so.1.3.0
7f843cffe000-7f843cfff000 rw-p 00009000 fc:00 9442541                    /usr/lib/x86_64-linux-gnu/libXrender.so.1.3.0
7f843cfff000-7f8440000000 rw-p 00000000 00:00 0 
7f8440000000-7f8440021000 rw-p 00000000 00:00 0 
7f8440021000-7f8444000000 ---p 00000000 00:00 0 
7f8444000000-7f8444021000 rw-p 00000000 00:00 0 
7f8444021000-7f8448000000 ---p 00000000 00:00 0 
7f8448000000-7f8449978000 rw-p 00000000 00:00 0 
7f8449978000-7f844c000000 ---p 00000000 00:00 0 
7f844c000000-7f844c33e000 rw-p 00000000 00:00 0 
7f844c33e000-7f8450000000 ---p 00000000 00:00 0 
7f8450000000-7f8450021000 rw-p 00000000 00:00 0 
7f8450021000-7f8454000000 ---p 00000000 00:00 0 
7f8454000000-7f8454690000 rw-p 00000000 00:00 0 
7f8454690000-7f8458000000 ---p 00000000 00:00 0 
7f8458000000-7f8458021000 rw-p 00000000 00:00 0 
7f8458021000-7f845c000000 ---p 00000000 00:00 0 
7f845c000000-7f845c021000 rw-p 00000000 00:00 0 
7f845c021000-7f8460000000 ---p 00000000 00:00 0 
7f8460000000-7f8460021000 rw-p 00000000 00:00 0 
7f8460021000-7f8464000000 ---p 00000000 00:00 0 
7f8464000000-7f8464021000 rw-p 00000000 00:00 0 
7f8464021000-7f8468000000 ---p 00000000 00:00 0 
7f8468063000-7f8468067000 rw-s 00000000 00:05 558780                     /drm mm object (deleted)
7f8468067000-7f8468068000 rwxp 00000000 00:00 0 
7f8468068000-7f846806b000 ---p 00000000 00:00 0 
7f846806b000-7f8468169000 rw-p 00000000 00:00 0 
7f8468169000-7f846829e000 r-xp 00000000 fc:00 9446001                    /usr/lib/x86_64-linux-gnu/libX11.so.6.3.0
7f846829e000-7f846849e000 ---p 00135000 fc:00 9446001                    /usr/lib/x86_64-linux-gnu/libX11.so.6.3.0
7f846849e000-7f846849f000 r--p 00135000 fc:00 9446001                    /usr/lib/x86_64-linux-gnu/libX11.so.6.3.0
7f846849f000-7f84684a3000 rw-p 00136000 fc:00 9446001                    /usr/lib/x86_64-linux-gnu/libX11.so.6.3.0
7f84684a3000-7f84684b4000 r-xp 00000000 fc:00 9442521                    /usr/lib/x86_64-linux-gnu/libXext.so.6.4.0
7f84684b4000-7f84686b3000 ---p 00011000 fc:00 9442521                    /usr/lib/x86_64-linux-gnu/libXext.so.6.4.0
7f84686b3000-7f84686b4000 r--p 00010000 fc:00 9442521                    /usr/lib/x86_64-linux-gnu/libXext.so.6.4.0
7f84686b4000-7f84686b5000 rw-p 00011000 fc:00 9442521                    /usr/lib/x86_64-linux-gnu/libXext.so.6.4.0
7f84686b9000-7f84686cc000 r--s 00346000 fc:00 13893934                   /usr/lib/jvm/java-8-openjdk-amd64/jre/lib/resources.jar
7f84686cc000-7f8468721000 r-xp 00000000 fc:00 13893907                   /usr/lib/jvm/java-8-openjdk-amd64/jre/lib/amd64/libawt_xawt.so
7f8468721000-7f8468920000 ---p 00055000 fc:00 13893907                   /usr/lib/jvm/java-8-openjdk-amd64/jre/lib/amd64/libawt_xawt.so
7f8468920000-7f8468921000 r--p 00054000 fc:00 13893907                   /usr/lib/jvm/java-8-openjdk-amd64/jre/lib/amd64/libawt_xawt.so
7f8468921000-7f8468924000 rw-p 00055000 fc:00 13893907                   /usr/lib/jvm/java-8-openjdk-amd64/jre/lib/amd64/libawt_xawt.so
7f8468924000-7f8468925000 rw-p 00000000 00:00 0 
7f8468925000-7f84689c5000 r-xp 00000000 fc:00 13893897                   /usr/lib/jvm/java-8-openjdk-amd64/jre/lib/amd64/libawt.so
7f84689c5000-7f8468bc5000 ---p 000a0000 fc:00 13893897                   /usr/lib/jvm/java-8-openjdk-amd64/jre/lib/amd64/libawt.so
7f8468bc5000-7f8468bc6000 r--p 000a0000 fc:00 13893897                   /usr/lib/jvm/java-8-openjdk-amd64/jre/lib/amd64/libawt.so
7f8468bc6000-7f8468bd1000 rw-p 000a1000 fc:00 13893897                   /usr/lib/jvm/java-8-openjdk-amd64/jre/lib/amd64/libawt.so
7f8468bd1000-7f8468bf6000 rw-p 00000000 00:00 0 
7f8468bf6000-7f8468bf8000 r-xp 00000000 fc:00 6422574                    /tmp/jogamp_0000/file_cache/jln3849054013960683144/jln6893013910250641113/natives/linux-amd64/libgluegen-rt.so
7f8468bf8000-7f8468df7000 ---p 00002000 fc:00 6422574                    /tmp/jogamp_0000/file_cache/jln3849054013960683144/jln6893013910250641113/natives/linux-amd64/libgluegen-rt.so
7f8468df7000-7f8468df8000 rw-p 00001000 fc:00 6422574                    /tmp/jogamp_0000/file_cache/jln3849054013960683144/jln6893013910250641113/natives/linux-amd64/libgluegen-rt.so
7f8468df8000-7f8468dfb000 ---p 00000000 00:00 0 
7f8468dfb000-7f8468ef9000 rw-p 00000000 00:00 0 
7f8468ef9000-7f8468f0a000 r-xp 00000000 fc:00 13893931                   /usr/lib/jvm/java-8-openjdk-amd64/jre/lib/amd64/libnio.so
7f8468f0a000-7f846910a000 ---p 00011000 fc:00 13893931                   /usr/lib/jvm/java-8-openjdk-amd64/jre/lib/amd64/libnio.so
7f846910a000-7f846910b000 r--p 00011000 fc:00 13893931                   /usr/lib/jvm/java-8-openjdk-amd64/jre/lib/amd64/libnio.so
7f846910b000-7f846910c000 rw-p 00012000 fc:00 13893931                   /usr/lib/jvm/java-8-openjdk-amd64/jre/lib/amd64/libnio.so
7f846910c000-7f8469123000 r-xp 00000000 fc:00 13893900                   /usr/lib/jvm/java-8-openjdk-amd64/jre/lib/amd64/libnet.so
7f8469123000-7f8469322000 ---p 00017000 fc:00 13893900                   /usr/lib/jvm/java-8-openjdk-amd64/jre/lib/amd64/libnet.so
7f8469322000-7f8469323000 r--p 00016000 fc:00 13893900                   /usr/lib/jvm/java-8-openjdk-amd64/jre/lib/amd64/libnet.so
7f8469323000-7f8469324000 rw-p 00017000 fc:00 13893900                   /usr/lib/jvm/java-8-openjdk-amd64/jre/lib/amd64/libnet.so
7f8469324000-7f8469327000 ---p 00000000 00:00 0 
7f8469327000-7f846935d000 rw-p 00000000 00:00 0 
7f846935d000-7f846935e000 r--p 00000000 00:00 0 
7f846935e000-7f8469363000 r--s 000a0000 fc:00 13893935                   /usr/lib/jvm/java-8-openjdk-amd64/jre/lib/jsse.jar
7f8469363000-7f8469369000 r--s 00081000 fc:00 17695093                   /home/brobz/.m2/repository/postgresql/postgresql/9.1-901-1.jdbc4/postgresql-9.1-901-1.jdbc4.jar
7f8469369000-7f846936b000 r--s 00001000 fc:00 17695088                   /home/brobz/.m2/repository/net/mikera/mathz/0.3.0/mathz-0.3.0.jar
7f846936b000-7f846936c000 r--s 00003000 fc:00 17695087                   /home/brobz/.m2/repository/net/mikera/randomz/0.3.0/randomz-0.3.0.jar
7f846936c000-7f846936f000 r--s 00013000 fc:00 17695089                   /home/brobz/.m2/repository/us/bpsm/edn-java/0.4.7/edn-java-0.4.7.jar
7f846936f000-7f8469377000 r--s 000a9000 fc:00 17695092                   /home/brobz/.m2/repository/net/mikera/vectorz/0.66.0/vectorz-0.66.0.jar
7f8469377000-7f8469378000 r--s 00001000 fc:00 17695082                   /home/brobz/.m2/repository/org/jogamp/gluegen/gluegen-rt/2.3.2/gluegen-rt-2.3.2-natives-windows-i586.jar
7f8469378000-7f8469379000 r--s 00001000 fc:00 17695081                   /home/brobz/.m2/repository/org/jogamp/gluegen/gluegen-rt/2.3.2/gluegen-rt-2.3.2-natives-windows-amd64.jar
7f8469379000-7f846937a000 r--s 00000000 fc:00 17695080                   /home/brobz/.m2/repository/org/jogamp/gluegen/gluegen-rt/2.3.2/gluegen-rt-2.3.2-natives-solaris-i586.jar
7f846937a000-7f846937b000 r--s 00001000 fc:00 17695076                   /home/brobz/.m2/repository/org/jogamp/gluegen/gluegen-rt/2.3.2/gluegen-rt-2.3.2-natives-solaris-amd64.jar
7f846937b000-7f846937c000 r--s 00001000 fc:00 17695075                   /home/brobz/.m2/repository/org/jogamp/gluegen/gluegen-rt/2.3.2/gluegen-rt-2.3.2-natives-macosx-universal.jar
7f846937c000-7f846937e000 r--s 00000000 fc:00 17695074                   /home/brobz/.m2/repository/org/jogamp/gluegen/gluegen-rt/2.3.2/gluegen-rt-2.3.2-natives-linux-i586.jar
7f846937e000-7f846937f000 r--s 00000000 fc:00 17695070                   /home/brobz/.m2/repository/org/jogamp/gluegen/gluegen-rt/2.3.2/gluegen-rt-2.3.2-natives-linux-armv6hf.jar
7f846937f000-7f8469380000 r--s 00000000 fc:00 17695069                   /home/brobz/.m2/repository/org/jogamp/gluegen/gluegen-rt/2.3.2/gluegen-rt-2.3.2-natives-linux-armv6.jar
7f8469380000-7f8469382000 r--s 00000000 fc:00 17695063                   /home/brobz/.m2/repository/org/jogamp/gluegen/gluegen-rt/2.3.2/gluegen-rt-2.3.2-natives-linux-amd64.jar
7f8469382000-7f8469383000 r--s 00001000 fc:00 17695065                   /home/brobz/.m2/repository/org/jogamp/gluegen/gluegen-rt/2.3.2/gluegen-rt-2.3.2-natives-android-armv6.jar
7f8469383000-7f8469384000 r--s 00000000 fc:00 17695064                   /home/brobz/.m2/repository/org/jogamp/gluegen/gluegen-rt/2.3.2/gluegen-rt-2.3.2-natives-android-aarch64.jar
7f8469384000-7f846938a000 r--s 0004f000 fc:00 17695073                   /home/brobz/.m2/repository/org/jogamp/gluegen/gluegen-rt/2.3.2/gluegen-rt-2.3.2.jar
7f846938a000-7f846938b000 r--s 00000000 fc:00 17694964                   /home/brobz/.m2/repository/org/jogamp/gluegen/gluegen-rt-main/2.3.2/gluegen-rt-main-2.3.2.jar
7f846938b000-7f846938d000 r--s 0000c000 fc:00 17694962                   /home/brobz/.m2/repository/com/esotericsoftware/jsonbeans/0.7/jsonbeans-0.7.jar
7f846938d000-7f846938f000 r--s 00009000 fc:00 17694960                   /home/brobz/.m2/repository/org/objenesis/objenesis/2.1/objenesis-2.1.jar
7f846938f000-7f8469391000 r--s 00000000 fc:00 17694958                   /home/brobz/.m2/repository/com/esotericsoftware/minlog/minlog/1.2/minlog-1.2.jar
7f8469391000-7f8469397000 r--s 0004d000 fc:00 17694956                   /home/brobz/.m2/repository/com/esotericsoftware/kryo/kryo/2.24.0/kryo-2.24.0.jar
7f8469397000-7f8469399000 r--s 00011000 fc:00 17694954                   /home/brobz/.m2/repository/com/esotericsoftware/kryonet/2.22.0-RC1/kryonet-2.22.0-RC1.jar
7f8469399000-7f846939b000 r--s 00032000 fc:00 17694953                   /home/brobz/.m2/repository/org/jogamp/jogl/jogl-all/2.3.2/jogl-all-2.3.2-natives-windows-i586.jar
7f846939b000-7f846939c000 r--s 0003a000 fc:00 17694951                   /home/brobz/.m2/repository/org/jogamp/jogl/jogl-all/2.3.2/jogl-all-2.3.2-natives-windows-amd64.jar
7f846939c000-7f846939d000 r--s 00027000 fc:00 17694948                   /home/brobz/.m2/repository/org/jogamp/jogl/jogl-all/2.3.2/jogl-all-2.3.2-natives-solaris-i586.jar
7f846939d000-7f846939e000 r--s 00035000 fc:00 17694945                   /home/brobz/.m2/repository/org/jogamp/jogl/jogl-all/2.3.2/jogl-all-2.3.2-natives-solaris-amd64.jar
7f846939e000-7f846939f000 r--s 0006c000 fc:00 17694946                   /home/brobz/.m2/repository/org/jogamp/jogl/jogl-all/2.3.2/jogl-all-2.3.2-natives-macosx-universal.jar
7f846939f000-7f84693a1000 r--s 00034000 fc:00 17694941                   /home/brobz/.m2/repository/org/jogamp/jogl/jogl-all/2.3.2/jogl-all-2.3.2-natives-linux-i586.jar
7f84693a1000-7f84693a2000 r--s 00028000 fc:00 17694943                   /home/brobz/.m2/repository/org/jogamp/jogl/jogl-all/2.3.2/jogl-all-2.3.2-natives-linux-armv6hf.jar
7f84693a2000-7f84693c6000 r--s 0031e000 fc:00 17695059                   /home/brobz/.m2/repository/org/jogamp/jogl/jogl-all/2.3.2/jogl-all-2.3.2.jar
7f84693c6000-7f84693cc000 r--s 0003b000 fc:00 13893879                   /usr/lib/jvm/java-8-openjdk-amd64/jre/lib/ext/sunjce_provider.jar
7f84693cc000-7f84693e7000 r--s 001d6000 fc:00 13893872                   /usr/lib/jvm/java-8-openjdk-amd64/jre/lib/ext/nashorn.jar
7f84693e7000-7f8469402000 r--s 00394000 fc:00 13893878                   /usr/lib/jvm/java-8-openjdk-amd64/jre/lib/ext/cldrdata.jar
7f8469402000-7f8469403000 ---p 00000000 00:00 0 
7f8469403000-7f8469503000 rw-p 00000000 00:00 0 
7f8469503000-7f8469506000 ---p 00000000 00:00 0 
7f8469506000-7f8469604000 rw-p 00000000 00:00 0 
7f8469604000-7f8469607000 ---p 00000000 00:00 0 
7f8469607000-7f8469705000 rw-p 00000000 00:00 0 
7f8469705000-7f8469708000 ---p 00000000 00:00 0 
7f8469708000-7f8469806000 rw-p 00000000 00:00 0 
7f8469806000-7f8469809000 ---p 00000000 00:00 0 
7f8469809000-7f8469907000 rw-p 00000000 00:00 0 
7f8469907000-7f846990a000 ---p 00000000 00:00 0 
7f846990a000-7f8469a08000 rw-p 00000000 00:00 0 
7f8469a08000-7f8469e11000 r--p 00000000 fc:00 9445250                    /usr/lib/locale/locale-archive
7f8469e11000-7f8469e14000 ---p 00000000 00:00 0 
7f8469e14000-7f8469f12000 rw-p 00000000 00:00 0 
7f8469f12000-7f8469f15000 ---p 00000000 00:00 0 
7f8469f15000-7f846a013000 rw-p 00000000 00:00 0 
7f846a013000-7f846a014000 ---p 00000000 00:00 0 
7f846a014000-7f846c000000 rw-p 00000000 00:00 0 
7f846c000000-7f846c021000 rw-p 00000000 00:00 0 
7f846c021000-7f8470000000 ---p 00000000 00:00 0 
7f8470000000-7f8470021000 rw-p 00000000 00:00 0 
7f8470021000-7f8474000000 ---p 00000000 00:00 0 
7f8474000000-7f8474021000 rw-p 00000000 00:00 0 
7f8474021000-7f8478000000 ---p 00000000 00:00 0 
7f8478000000-7f847800a000 r--s 00116000 fc:00 13893881                   /usr/lib/jvm/java-8-openjdk-amd64/jre/lib/ext/localedata.jar
7f847800a000-7f8478631000 rw-p 00000000 00:00 0 
7f8478631000-7f8478800000 r--s 03c33000 fc:00 13893892                   /usr/lib/jvm/java-8-openjdk-amd64/jre/lib/rt.jar
7f8478800000-7f8479000000 rw-p 00000000 00:00 0 
7f8479000000-7f84797f0000 rwxp 00000000 00:00 0 
7f84797f0000-7f8488000000 ---p 00000000 00:00 0 
7f8488000000-7f8488890000 rw-p 00000000 00:00 0 
7f8488890000-7f848c000000 ---p 00000000 00:00 0 
7f848c000000-7f848c001000 r--s 00027000 fc:00 17694938                   /home/brobz/.m2/repository/org/jogamp/jogl/jogl-all/2.3.2/jogl-all-2.3.2-natives-linux-armv6.jar
7f848c001000-7f848c1f0000 rw-p 00000000 00:00 0 
7f848c1f0000-7f848c1f1000 ---p 00000000 00:00 0 
7f848c1f1000-7f848c2f1000 rw-p 00000000 00:00 0 
7f848c2f1000-7f848c2f2000 ---p 00000000 00:00 0 
7f848c2f2000-7f848c3f2000 rw-p 00000000 00:00 0 
7f848c3f2000-7f848c3f3000 ---p 00000000 00:00 0 
7f848c3f3000-7f848c4f3000 rw-p 00000000 00:00 0 
7f848c4f3000-7f848c4f4000 ---p 00000000 00:00 0 
7f848c4f4000-7f848c611000 rw-p 00000000 00:00 0 
7f848c611000-7f848c6da000 ---p 00000000 00:00 0 
7f848c6da000-7f848c6f7000 rw-p 00000000 00:00 0 
7f848c6f7000-7f848c7bf000 ---p 00000000 00:00 0 
7f848c7bf000-7f848c80d000 rw-p 00000000 00:00 0 
7f848c80d000-7f848c832000 ---p 00000000 00:00 0 
7f848c832000-7f848c853000 rw-p 00000000 00:00 0 
7f848c853000-7f848cbf3000 ---p 00000000 00:00 0 
7f848cbf3000-7f848cbfb000 r-xp 00000000 fc:00 13893910                   /usr/lib/jvm/java-8-openjdk-amd64/jre/lib/amd64/libzip.so
7f848cbfb000-7f848cdfa000 ---p 00008000 fc:00 13893910                   /usr/lib/jvm/java-8-openjdk-amd64/jre/lib/amd64/libzip.so
7f848cdfa000-7f848cdfb000 r--p 00007000 fc:00 13893910                   /usr/lib/jvm/java-8-openjdk-amd64/jre/lib/amd64/libzip.so
7f848cdfb000-7f848cdfc000 rw-p 00008000 fc:00 13893910                   /usr/lib/jvm/java-8-openjdk-amd64/jre/lib/amd64/libzip.so
7f848cdfc000-7f848ce07000 r-xp 00000000 fc:00 8257717                    /lib/x86_64-linux-gnu/libnss_files-2.23.so
7f848ce07000-7f848d006000 ---p 0000b000 fc:00 8257717                    /lib/x86_64-linux-gnu/libnss_files-2.23.so
7f848d006000-7f848d007000 r--p 0000a000 fc:00 8257717                    /lib/x86_64-linux-gnu/libnss_files-2.23.so
7f848d007000-7f848d008000 rw-p 0000b000 fc:00 8257717                    /lib/x86_64-linux-gnu/libnss_files-2.23.so
7f848d008000-7f848d00e000 rw-p 00000000 00:00 0 
7f848d00e000-7f848d019000 r-xp 00000000 fc:00 8257710                    /lib/x86_64-linux-gnu/libnss_nis-2.23.so
7f848d019000-7f848d218000 ---p 0000b000 fc:00 8257710                    /lib/x86_64-linux-gnu/libnss_nis-2.23.so
7f848d218000-7f848d219000 r--p 0000a000 fc:00 8257710                    /lib/x86_64-linux-gnu/libnss_nis-2.23.so
7f848d219000-7f848d21a000 rw-p 0000b000 fc:00 8257710                    /lib/x86_64-linux-gnu/libnss_nis-2.23.so
7f848d21a000-7f848d230000 r-xp 00000000 fc:00 8257715                    /lib/x86_64-linux-gnu/libnsl-2.23.so
7f848d230000-7f848d42f000 ---p 00016000 fc:00 8257715                    /lib/x86_64-linux-gnu/libnsl-2.23.so
7f848d42f000-7f848d430000 r--p 00015000 fc:00 8257715                    /lib/x86_64-linux-gnu/libnsl-2.23.so
7f848d430000-7f848d431000 rw-p 00016000 fc:00 8257715                    /lib/x86_64-linux-gnu/libnsl-2.23.so
7f848d431000-7f848d433000 rw-p 00000000 00:00 0 
7f848d433000-7f848d43b000 r-xp 00000000 fc:00 8257721                    /lib/x86_64-linux-gnu/libnss_compat-2.23.so
7f848d43b000-7f848d63a000 ---p 00008000 fc:00 8257721                    /lib/x86_64-linux-gnu/libnss_compat-2.23.so
7f848d63a000-7f848d63b000 r--p 00007000 fc:00 8257721                    /lib/x86_64-linux-gnu/libnss_compat-2.23.so
7f848d63b000-7f848d63c000 rw-p 00008000 fc:00 8257721                    /lib/x86_64-linux-gnu/libnss_compat-2.23.so
7f848d63c000-7f848d669000 r-xp 00000000 fc:00 13893914                   /usr/lib/jvm/java-8-openjdk-amd64/jre/lib/amd64/libjava.so
7f848d669000-7f848d868000 ---p 0002d000 fc:00 13893914                   /usr/lib/jvm/java-8-openjdk-amd64/jre/lib/amd64/libjava.so
7f848d868000-7f848d869000 r--p 0002c000 fc:00 13893914                   /usr/lib/jvm/java-8-openjdk-amd64/jre/lib/amd64/libjava.so
7f848d869000-7f848d86b000 rw-p 0002d000 fc:00 13893914                   /usr/lib/jvm/java-8-openjdk-amd64/jre/lib/amd64/libjava.so
7f848d86b000-7f848d87a000 r-xp 00000000 fc:00 13893919                   /usr/lib/jvm/java-8-openjdk-amd64/jre/lib/amd64/libverify.so
7f848d87a000-7f848da79000 ---p 0000f000 fc:00 13893919                   /usr/lib/jvm/java-8-openjdk-amd64/jre/lib/amd64/libverify.so
7f848da79000-7f848da7b000 r--p 0000e000 fc:00 13893919                   /usr/lib/jvm/java-8-openjdk-amd64/jre/lib/amd64/libverify.so
7f848da7b000-7f848da7c000 rw-p 00010000 fc:00 13893919                   /usr/lib/jvm/java-8-openjdk-amd64/jre/lib/amd64/libverify.so
7f848da7c000-7f848da83000 r-xp 00000000 fc:00 8257703                    /lib/x86_64-linux-gnu/librt-2.23.so
7f848da83000-7f848dc82000 ---p 00007000 fc:00 8257703                    /lib/x86_64-linux-gnu/librt-2.23.so
7f848dc82000-7f848dc83000 r--p 00006000 fc:00 8257703                    /lib/x86_64-linux-gnu/librt-2.23.so
7f848dc83000-7f848dc84000 rw-p 00007000 fc:00 8257703                    /lib/x86_64-linux-gnu/librt-2.23.so
7f848dc84000-7f848dc9a000 r-xp 00000000 fc:00 8257739                    /lib/x86_64-linux-gnu/libgcc_s.so.1
7f848dc9a000-7f848de99000 ---p 00016000 fc:00 8257739                    /lib/x86_64-linux-gnu/libgcc_s.so.1
7f848de99000-7f848de9a000 rw-p 00015000 fc:00 8257739                    /lib/x86_64-linux-gnu/libgcc_s.so.1
7f848de9a000-7f848dfa2000 r-xp 00000000 fc:00 8257723                    /lib/x86_64-linux-gnu/libm-2.23.so
7f848dfa2000-7f848e1a1000 ---p 00108000 fc:00 8257723                    /lib/x86_64-linux-gnu/libm-2.23.so
7f848e1a1000-7f848e1a2000 r--p 00107000 fc:00 8257723                    /lib/x86_64-linux-gnu/libm-2.23.so
7f848e1a2000-7f848e1a3000 rw-p 00108000 fc:00 8257723                    /lib/x86_64-linux-gnu/libm-2.23.so
7f848e1a3000-7f848e315000 r-xp 00000000 fc:00 9439213                    /usr/lib/x86_64-linux-gnu/libstdc++.so.6.0.21
7f848e315000-7f848e515000 ---p 00172000 fc:00 9439213                    /usr/lib/x86_64-linux-gnu/libstdc++.so.6.0.21
7f848e515000-7f848e51f000 r--p 00172000 fc:00 9439213                    /usr/lib/x86_64-linux-gnu/libstdc++.so.6.0.21
7f848e51f000-7f848e521000 rw-p 0017c000 fc:00 9439213                    /usr/lib/x86_64-linux-gnu/libstdc++.so.6.0.21
7f848e521000-7f848e525000 rw-p 00000000 00:00 0 
7f848e525000-7f848f186000 r-xp 00000000 fc:00 13893925                   /usr/lib/jvm/java-8-openjdk-amd64/jre/lib/amd64/server/libjvm.so
7f848f186000-7f848f386000 ---p 00c61000 fc:00 13893925                   /usr/lib/jvm/java-8-openjdk-amd64/jre/lib/amd64/server/libjvm.so
7f848f386000-7f848f41a000 r--p 00c61000 fc:00 13893925                   /usr/lib/jvm/java-8-openjdk-amd64/jre/lib/amd64/server/libjvm.so
7f848f41a000-7f848f443000 rw-p 00cf5000 fc:00 13893925                   /usr/lib/jvm/java-8-openjdk-amd64/jre/lib/amd64/server/libjvm.so
7f848f443000-7f848f473000 rw-p 00000000 00:00 0 
7f848f473000-7f848f48b000 r-xp 00000000 fc:00 8257707                    /lib/x86_64-linux-gnu/libpthread-2.23.so
7f848f48b000-7f848f68a000 ---p 00018000 fc:00 8257707                    /lib/x86_64-linux-gnu/libpthread-2.23.so
7f848f68a000-7f848f68b000 r--p 00017000 fc:00 8257707                    /lib/x86_64-linux-gnu/libpthread-2.23.so
7f848f68b000-7f848f68c000 rw-p 00018000 fc:00 8257707                    /lib/x86_64-linux-gnu/libpthread-2.23.so
7f848f68c000-7f848f690000 rw-p 00000000 00:00 0 
7f848f690000-7f848f693000 r-xp 00000000 fc:00 8257705                    /lib/x86_64-linux-gnu/libdl-2.23.so
7f848f693000-7f848f892000 ---p 00003000 fc:00 8257705                    /lib/x86_64-linux-gnu/libdl-2.23.so
7f848f892000-7f848f893000 r--p 00002000 fc:00 8257705                    /lib/x86_64-linux-gnu/libdl-2.23.so
7f848f893000-7f848f894000 rw-p 00003000 fc:00 8257705                    /lib/x86_64-linux-gnu/libdl-2.23.so
7f848f894000-7f848f8ad000 r-xp 00000000 fc:00 8257743                    /lib/x86_64-linux-gnu/libz.so.1.2.8
7f848f8ad000-7f848faac000 ---p 00019000 fc:00 8257743                    /lib/x86_64-linux-gnu/libz.so.1.2.8
7f848faac000-7f848faad000 r--p 00018000 fc:00 8257743                    /lib/x86_64-linux-gnu/libz.so.1.2.8
7f848faad000-7f848faae000 rw-p 00019000 fc:00 8257743                    /lib/x86_64-linux-gnu/libz.so.1.2.8
7f848faae000-7f848fc6e000 r-xp 00000000 fc:00 8257720                    /lib/x86_64-linux-gnu/libc-2.23.so
7f848fc6e000-7f848fe6e000 ---p 001c0000 fc:00 8257720                    /lib/x86_64-linux-gnu/libc-2.23.so
7f848fe6e000-7f848fe72000 r--p 001c0000 fc:00 8257720                    /lib/x86_64-linux-gnu/libc-2.23.so
7f848fe72000-7f848fe74000 rw-p 001c4000 fc:00 8257720                    /lib/x86_64-linux-gnu/libc-2.23.so
7f848fe74000-7f848fe78000 rw-p 00000000 00:00 0 
7f848fe78000-7f848fe85000 r-xp 00000000 fc:00 13893916                   /usr/lib/jvm/java-8-openjdk-amd64/jre/lib/amd64/jli/libjli.so
7f848fe85000-7f8490085000 ---p 0000d000 fc:00 13893916                   /usr/lib/jvm/java-8-openjdk-amd64/jre/lib/amd64/jli/libjli.so
7f8490085000-7f8490086000 r--p 0000d000 fc:00 13893916                   /usr/lib/jvm/java-8-openjdk-amd64/jre/lib/amd64/jli/libjli.so
7f8490086000-7f8490087000 rw-p 0000e000 fc:00 13893916                   /usr/lib/jvm/java-8-openjdk-amd64/jre/lib/amd64/jli/libjli.so
7f8490087000-7f84900ad000 r-xp 00000000 fc:00 8257706                    /lib/x86_64-linux-gnu/ld-2.23.so
7f84900ad000-7f84900ae000 r--s 00036000 fc:00 17694937                   /home/brobz/.m2/repository/org/jogamp/jogl/jogl-all/2.3.2/jogl-all-2.3.2-natives-linux-amd64.jar
7f84900ae000-7f84900af000 r--s 0000f000 fc:00 17694934                   /home/brobz/.m2/repository/org/jogamp/jogl/jogl-all/2.3.2/jogl-all-2.3.2-natives-android-armv6.jar
7f84900af000-7f84900b0000 r--s 0000f000 fc:00 17694936                   /home/brobz/.m2/repository/org/jogamp/jogl/jogl-all/2.3.2/jogl-all-2.3.2-natives-android-aarch64.jar
7f84900b0000-7f849018f000 rw-p 00000000 00:00 0 
7f849018f000-7f8490192000 ---p 00000000 00:00 0 
7f8490192000-7f8490294000 rw-p 00000000 00:00 0 
7f8490294000-7f8490295000 r--s 00000000 fc:00 17694933                   /home/brobz/.m2/repository/org/jogamp/jogl/jogl-all-main/2.3.2/jogl-all-main-2.3.2.jar
7f8490295000-7f8490296000 r--s 0000a000 fc:00 13893877                   /usr/lib/jvm/java-8-openjdk-amd64/jre/lib/ext/jaccess.jar
7f8490296000-7f8490298000 r--s 00001000 fc:00 13893876                   /usr/lib/jvm/java-8-openjdk-amd64/jre/lib/ext/dnsns.jar
7f8490298000-7f849029b000 r--s 00038000 fc:00 13893873                   /usr/lib/jvm/java-8-openjdk-amd64/jre/lib/ext/sunpkcs11.jar
7f849029b000-7f849029e000 r--s 0000f000 fc:00 13893880                   /usr/lib/jvm/java-8-openjdk-amd64/jre/lib/ext/icedtea-sound.jar
7f849029e000-7f84902a0000 r--s 00008000 fc:00 13893874                   /usr/lib/jvm/java-8-openjdk-amd64/jre/lib/ext/sunec.jar
7f84902a0000-7f84902a1000 r--s 00010000 fc:00 13893875                   /usr/lib/jvm/java-8-openjdk-amd64/jre/lib/ext/zipfs.jar
7f84902a1000-7f84902a9000 rw-s 00000000 fc:00 6422569                    /tmp/hsperfdata_brobz/29773
7f84902a9000-7f84902aa000 rw-p 00000000 00:00 0 
7f84902aa000-7f84902ab000 r--p 00000000 00:00 0 
7f84902ab000-7f84902ac000 rw-p 00000000 00:00 0 
7f84902ac000-7f84902ad000 r--p 00025000 fc:00 8257706                    /lib/x86_64-linux-gnu/ld-2.23.so
7f84902ad000-7f84902ae000 rw-p 00026000 fc:00 8257706                    /lib/x86_64-linux-gnu/ld-2.23.so
7f84902ae000-7f84902af000 rw-p 00000000 00:00 0 
7ffd93c07000-7ffd93c29000 rw-p 00000000 00:00 0                          [stack]
7ffd93def000-7ffd93df2000 r--p 00000000 00:00 0                          [vvar]
7ffd93df2000-7ffd93df4000 r-xp 00000000 00:00 0                          [vdso]
ffffffffff600000-ffffffffff601000 r-xp 00000000 00:00 0                  [vsyscall]

VM Arguments:
java_command: com.BitJunkies.RTS.src.Game
java_class_path (initial): /home/brobz/Desktop/rts/target/classes:/home/brobz/.m2/repository/org/jogamp/jogl/jogl-all-main/2.3.2/jogl-all-main-2.3.2.jar:/home/brobz/.m2/repository/org/jogamp/jogl/jogl-all/2.3.2/jogl-all-2.3.2.jar:/home/brobz/.m2/repository/org/jogamp/jogl/jogl-all/2.3.2/jogl-all-2.3.2-natives-android-aarch64.jar:/home/brobz/.m2/repository/org/jogamp/jogl/jogl-all/2.3.2/jogl-all-2.3.2-natives-android-armv6.jar:/home/brobz/.m2/repository/org/jogamp/jogl/jogl-all/2.3.2/jogl-all-2.3.2-natives-linux-amd64.jar:/home/brobz/.m2/repository/org/jogamp/jogl/jogl-all/2.3.2/jogl-all-2.3.2-natives-linux-armv6.jar:/home/brobz/.m2/repository/org/jogamp/jogl/jogl-all/2.3.2/jogl-all-2.3.2-natives-linux-armv6hf.jar:/home/brobz/.m2/repository/org/jogamp/jogl/jogl-all/2.3.2/jogl-all-2.3.2-natives-linux-i586.jar:/home/brobz/.m2/repository/org/jogamp/jogl/jogl-all/2.3.2/jogl-all-2.3.2-natives-macosx-universal.jar:/home/brobz/.m2/repository/org/jogamp/jogl/jogl-all/2.3.2/jogl-all-2.3.2-natives-solaris-amd64.jar:/home/brobz/.m2/repository/org/jogamp/jogl/jogl-all/2.3.2/jogl-all-2.3.2-natives-solaris-i586.jar:/home/brobz/.m2/repository/org/jogamp/jogl/jogl-all/2.3.2/jogl-all-2.3.2-natives-windows-amd64.jar:/home/brobz/.m2/repository/org/jogamp/jogl/jogl-all/2.3.2/jogl-all-2.3.2-natives-windows-i586.jar:/home/brobz/.m2/repository/com/esotericsoftware/kryonet/2.22.0-RC1/kryonet-2.22.0-RC1.jar:/home/brobz/.m2/repository/com/esotericsoftware/kryo/kryo/2.24.0/kryo-2.24.0.jar:/home/brobz/.m2/repository/com/esotericsoftware/minlog/minlog/1.2/minlog-1.2.jar:/home/brobz/.m2/repository/org/objenesis/objenesis/2.1/objenesis-2.1.jar:/home/brobz/.m2/repository/com/esotericsoftware/jsonbeans/0.7/jsonbeans-0.7.jar:/home/brobz/.m2/repository/org/jogamp/gluegen/gluegen-rt-main/2.3.2/gluegen-rt-main-2.3.2.jar:/home/brobz/.m2/repository/org/jogamp/gluegen/gluegen-rt/2.3.2/gluegen-rt-2.3.2.jar:/home/brobz/.m2/repository/org/jogamp/gluegen/gluegen-rt/2.3.2/gluegen-rt-2.3.2-natives-android-aarc
Launcher Type: SUN_STANDARD

Environment Variables:
JAVA_HOME=/usr/lib/jvm/java-8-openjdk-amd64
PATH=/usr/local/sbin:/usr/local/bin:/usr/sbin:/usr/bin:/sbin:/bin:/usr/games:/usr/local/games:/snap/bin
LD_LIBRARY_PATH=/usr/lib/jvm/java-8-openjdk-amd64/jre/lib/amd64:/usr/lib/jvm/java-8-openjdk-amd64/jre/lib/i386:
SHELL=/bin/bash
DISPLAY=:0.0

Signal Handlers:
SIGSEGV: [libjvm.so+0xa74ca0], sa_mask[0]=11111111011111111101111111111110, sa_flags=SA_RESTART|SA_SIGINFO
SIGBUS: [libjvm.so+0xa74ca0], sa_mask[0]=11111111011111111101111111111110, sa_flags=SA_RESTART|SA_SIGINFO
SIGFPE: [libjvm.so+0x8bbcf0], sa_mask[0]=11111111011111111101111111111110, sa_flags=SA_RESTART|SA_SIGINFO
SIGPIPE: [libjvm.so+0x8bbcf0], sa_mask[0]=11111111011111111101111111111110, sa_flags=SA_RESTART|SA_SIGINFO
SIGXFSZ: [libjvm.so+0x8bbcf0], sa_mask[0]=11111111011111111101111111111110, sa_flags=SA_RESTART|SA_SIGINFO
SIGILL: [libjvm.so+0x8bbcf0], sa_mask[0]=11111111011111111101111111111110, sa_flags=SA_RESTART|SA_SIGINFO
SIGUSR1: SIG_DFL, sa_mask[0]=00000000000000000000000000000000, sa_flags=none
SIGUSR2: [libjvm.so+0x8bbba0], sa_mask[0]=00100000000000000000000000000000, sa_flags=SA_RESTART|SA_SIGINFO
SIGHUP: [libjvm.so+0x8bc230], sa_mask[0]=11111111011111111101111111111110, sa_flags=SA_RESTART|SA_SIGINFO
SIGINT: SIG_IGN, sa_mask[0]=00000000000000000000000000000000, sa_flags=none
SIGTERM: [libjvm.so+0x8bc230], sa_mask[0]=11111111011111111101111111111110, sa_flags=SA_RESTART|SA_SIGINFO
SIGQUIT: [libjvm.so+0x8bc230], sa_mask[0]=11111111011111111101111111111110, sa_flags=SA_RESTART|SA_SIGINFO


---------------  S Y S T E M  ---------------

OS:DISTRIB_ID=Ubuntu
DISTRIB_RELEASE=16.04
DISTRIB_CODENAME=xenial
DISTRIB_DESCRIPTION="Ubuntu 16.04.6 LTS"

uname:Linux 4.4.0-146-generic #172-Ubuntu SMP Wed Apr 3 09:00:08 UTC 2019 x86_64
libc:glibc 2.23 NPTL 2.23 
rlimit: STACK 8192k, CORE 0k, NPROC 10815, NOFILE 1048576, AS infinity
load average:1.21 0.61 0.96

/proc/meminfo:
MemTotal:        2812364 kB
MemFree:          720292 kB
MemAvailable:     715540 kB
Buffers:             844 kB
Cached:           204452 kB
SwapCached:        12112 kB
Active:          1852536 kB
Inactive:          99820 kB
Active(anon):    1793324 kB
Inactive(anon):    52556 kB
Active(file):      59212 kB
Inactive(file):    47264 kB
Unevictable:          48 kB
Mlocked:              48 kB
SwapTotal:       2871292 kB
SwapFree:        2656288 kB
Dirty:               152 kB
Writeback:             0 kB
AnonPages:       1747220 kB
Mapped:           183548 kB
Shmem:             98392 kB
Slab:              73348 kB
SReclaimable:      40668 kB
SUnreclaim:        32680 kB
KernelStack:        9664 kB
PageTables:        25584 kB
NFS_Unstable:          0 kB
Bounce:                0 kB
WritebackTmp:          0 kB
CommitLimit:     4277472 kB
Committed_AS:    4201820 kB
VmallocTotal:   34359738367 kB
VmallocUsed:           0 kB
VmallocChunk:          0 kB
HardwareCorrupted:     0 kB
AnonHugePages:         0 kB
CmaTotal:              0 kB
CmaFree:               0 kB
HugePages_Total:       0
HugePages_Free:        0
HugePages_Rsvd:        0
HugePages_Surp:        0
Hugepagesize:       2048 kB
DirectMap4k:      111824 kB
DirectMap2M:     2762752 kB

container (cgroup) information:
container_type: cgroupv1
cpu_cpuset_cpus: 0-3
cpu_memory_nodes: 0
active_processor_count: 4
cpu_quota: -1
cpu_period: 100000
cpu_shares: -1
memory_limit_in_bytes: -1
memory_and_swap_limit_in_bytes: -2
memory_soft_limit_in_bytes: -1
memory_usage_in_bytes: 2000297984
memory_max_usage_in_bytes: 0


CPU:total 4 (initial active 4) (2 cores per cpu, 2 threads per core) family 6 model 37 stepping 5, cmov, cx8, fxsr, mmx, sse, sse2, sse3, ssse3, sse4.1, sse4.2, popcnt, ht, tsc, tscinvbit

/proc/cpuinfo:
processor	: 0
vendor_id	: GenuineIntel
cpu family	: 6
model		: 37
model name	: Intel(R) Core(TM) i3 CPU       M 380  @ 2.53GHz
stepping	: 5
microcode	: 0x7
cpu MHz		: 933.000
cache size	: 3072 KB
physical id	: 0
siblings	: 4
core id		: 0
cpu cores	: 2
apicid		: 0
initial apicid	: 0
fpu		: yes
fpu_exception	: yes
cpuid level	: 11
wp		: yes
flags		: fpu vme de pse tsc msr pae mce cx8 apic sep mtrr pge mca cmov pat pse36 clflush dts acpi mmx fxsr sse sse2 ss ht tm pbe syscall nx rdtscp lm constant_tsc arch_perfmon pebs bts rep_good nopl xtopology nonstop_tsc aperfmperf pni dtes64 monitor ds_cpl vmx est tm2 ssse3 cx16 xtpr pdcm pcid sse4_1 sse4_2 popcnt lahf_lm ssbd ibrs ibpb stibp kaiser tpr_shadow vnmi flexpriority ept vpid dtherm arat flush_l1d
bugs		: cpu_meltdown spectre_v1 spectre_v2 spec_store_bypass l1tf
bogomips	: 5054.37
clflush size	: 64
cache_alignment	: 64
address sizes	: 36 bits physical, 48 bits virtual
power management:

processor	: 1
vendor_id	: GenuineIntel
cpu family	: 6
model		: 37
model name	: Intel(R) Core(TM) i3 CPU       M 380  @ 2.53GHz
stepping	: 5
microcode	: 0x7
cpu MHz		: 2533.000
cache size	: 3072 KB
physical id	: 0
siblings	: 4
core id		: 0
cpu cores	: 2
apicid		: 1
initial apicid	: 1
fpu		: yes
fpu_exception	: yes
cpuid level	: 11
wp		: yes
flags		: fpu vme de pse tsc msr pae mce cx8 apic sep mtrr pge mca cmov pat pse36 clflush dts acpi mmx fxsr sse sse2 ss ht tm pbe syscall nx rdtscp lm constant_tsc arch_perfmon pebs bts rep_good nopl xtopology nonstop_tsc aperfmperf pni dtes64 monitor ds_cpl vmx est tm2 ssse3 cx16 xtpr pdcm pcid sse4_1 sse4_2 popcnt lahf_lm ssbd ibrs ibpb stibp kaiser tpr_shadow vnmi flexpriority ept vpid dtherm arat flush_l1d
bugs		: cpu_meltdown spectre_v1 spectre_v2 spec_store_bypass l1tf
bogomips	: 5054.37
clflush size	: 64
cache_alignment	: 64
address sizes	: 36 bits physical, 48 bits virtual
power management:

processor	: 2
vendor_id	: GenuineIntel
cpu family	: 6
model		: 37
model name	: Intel(R) Core(TM) i3 CPU       M 380  @ 2.53GHz
stepping	: 5
microcode	: 0x7
cpu MHz		: 2533.000
cache size	: 3072 KB
physical id	: 0
siblings	: 4
core id		: 2
cpu cores	: 2
apicid		: 4
initial apicid	: 4
fpu		: yes
fpu_exception	: yes
cpuid level	: 11
wp		: yes
flags		: fpu vme de pse tsc msr pae mce cx8 apic sep mtrr pge mca cmov pat pse36 clflush dts acpi mmx fxsr sse sse2 ss ht tm pbe syscall nx rdtscp lm constant_tsc arch_perfmon pebs bts rep_good nopl xtopology nonstop_tsc aperfmperf pni dtes64 monitor ds_cpl vmx est tm2 ssse3 cx16 xtpr pdcm pcid sse4_1 sse4_2 popcnt lahf_lm ssbd ibrs ibpb stibp kaiser tpr_shadow vnmi flexpriority ept vpid dtherm arat flush_l1d
bugs		: cpu_meltdown spectre_v1 spectre_v2 spec_store_bypass l1tf
bogomips	: 5054.37
clflush size	: 64
cache_alignment	: 64
address sizes	: 36 bits physical, 48 bits virtual
power management:

processor	: 3
vendor_id	: GenuineIntel
cpu family	: 6
model		: 37
model name	: Intel(R) Core(TM) i3 CPU       M 380  @ 2.53GHz
stepping	: 5
microcode	: 0x7
cpu MHz		: 2533.000
cache size	: 3072 KB
physical id	: 0
siblings	: 4
core id		: 2
cpu cores	: 2
apicid		: 5
initial apicid	: 5
fpu		: yes
fpu_exception	: yes
cpuid level	: 11
wp		: yes
flags		: fpu vme de pse tsc msr pae mce cx8 apic sep mtrr pge mca cmov pat pse36 clflush dts acpi mmx fxsr sse sse2 ss ht tm pbe syscall nx rdtscp lm constant_tsc arch_perfmon pebs bts rep_good nopl xtopology nonstop_tsc aperfmperf pni dtes64 monitor ds_cpl vmx est tm2 ssse3 cx16 xtpr pdcm pcid sse4_1 sse4_2 popcnt lahf_lm ssbd ibrs ibpb stibp kaiser tpr_shadow vnmi flexpriority ept vpid dtherm arat flush_l1d
bugs		: cpu_meltdown spectre_v1 spectre_v2 spec_store_bypass l1tf
bogomips	: 5054.37
clflush size	: 64
cache_alignment	: 64
address sizes	: 36 bits physical, 48 bits virtual
power management:



Memory: 4k page, physical 2812364k(719808k free), swap 2871292k(2656292k free)

vm_info: OpenJDK 64-Bit Server VM (25.191-b12) for linux-amd64 JRE (1.8.0_191-8u191-b12-2ubuntu0.16.04.1-b12), built on Jan 14 2019 21:59:52 by "buildd" with gcc 5.4.0 20160609

time: Wed May  1 15:56:34 2019
elapsed time: 61 seconds (0d 0h 1m 1s)

