#
# A fatal error has been detected by the Java Runtime Environment:
#
#  SIGSEGV (0xb) at pc=0x00007fc8a0db7360, pid=9389, tid=0x00007fc84de37700
#
# JRE version: OpenJDK Runtime Environment (8.0_191-b12) (build 1.8.0_191-8u191-b12-2ubuntu0.16.04.1-b12)
# Java VM: OpenJDK 64-Bit Server VM (25.191-b12 mixed mode linux-amd64 compressed oops)
# Problematic frame:
# C  [libxcb.so.1+0xa360]  xcb_writev+0x0
#
# Failed to write core dump. Core dumps have been disabled. To enable core dumping, try "ulimit -c unlimited" before starting Java again
#
# If you would like to submit a bug report, please visit:
#   http://bugreport.java.com/bugreport/crash.jsp
# The crash happened outside the Java Virtual Machine in native code.
# See problematic frame for where to report the bug.
#

---------------  T H R E A D  ---------------

Current thread (0x00007fc8b893c800):  JavaThread "main-Display-.x11_:0.0-1-EDT-1" daemon [_thread_in_native, id=9419, stack(0x00007fc84dd37000,0x00007fc84de38000)]

siginfo: si_signo: 11 (SIGSEGV), si_code: 1 (SEGV_MAPERR), si_addr: 0x0000000000000000

Registers:
RAX=0x00007fc8a19286e4, RBX=0x0000000000000000, RCX=0x0000000000000003, RDX=0x0000000000000003
RSP=0x00007fc84de364c8, RBP=0x0000000000000000, RSI=0x00007fc84de364e0, RDI=0x0000000000000000
R8 =0x00007fc85bf7f890, R9 =0x0000000000000006, R10=0x0000000000000005, R11=0x00007fc8a9546860
R12=0x00007fc84de364e0, R13=0x00007fc85bf6a550, R14=0x00007fc8400019a0, R15=0x0000000000000000
RIP=0x00007fc8a0db7360, EFLAGS=0x0000000000010246, CSGSFS=0x10b5000000000033, ERR=0x0000000000000004
  TRAPNO=0x000000000000000e

Top of Stack: (sp=0x00007fc84de364c8)
0x00007fc84de364c8:   00007fc8a162c54e 0000000000000000
0x00007fc84de364d8:   0000000000000003 00007fc840007ea0
0x00007fc84de364e8:   0000000000000014 0000000000000000
0x00007fc84de364f8:   0000000000000000 00007fc8a19286e4
0x00007fc84de36508:   0000000000000000 0000000002bc04b0
0x00007fc84de36518:   10b586f3f7b32200 00000000c15a740e
0x00007fc84de36528:   00007fc8400019a0 0000000000000001
0x00007fc84de36538:   0000000000000000 00007fc85bf6a550
0x00007fc84de36548:   00007fc84de367c8 0000000000000000
0x00007fc84de36558:   00007fc8a162ca42 0100000044960000
0x00007fc84de36568:   00007fc84de365d0 0000000000000000
0x00007fc84de36578:   0000000100000000 0000000000000000
0x00007fc84de36588:   10b586f3f7b32200 00007fc840022a30
0x00007fc84de36598:   00007fc8400019a0 0000000000000001
0x00007fc84de365a8:   0000000000000000 00007fc85bf6a550
0x00007fc84de365b8:   00007fc84de367c8 00007fc8b893c800
0x00007fc84de365c8:   00007fc8a162852d 00007fc84de366f0
0x00007fc84de365d8:   00007fc85bf6a550 00007fc8400019a0
0x00007fc84de365e8:   0000000003600001 0000000000000000
0x00007fc84de365f8:   10b586f3f7b32200 00007fc84de366f0
0x00007fc84de36608:   00007fc85bf6a550 00007fc84de366f0
0x00007fc84de36618:   00007fc84e24a81d 0000000000000004
0x00007fc84de36628:   0000005900000093 00007fc840022a30
0x00007fc84de36638:   00007fc8400019a0 00007fc84de367c8
0x00007fc84de36648:   00007fc8b893c9e0 0000001800000001
0x00007fc84de36658:   000002bc000004b0 0000001800000000
0x00007fc84de36668:   00007fc84000c168 00000000000000b0
0x00007fc84de36678:   0000000000000001 0000000000000001
0x00007fc84de36688:   0000000000000000 0000000000000000
0x00007fc84de36698:   0000000000000000 0000000003600001
0x00007fc84de366a8:   0000000200000001 0000000000ea807f
0x00007fc84de366b8:   00000000002a807f 000000000000200c 

Instructions: (pc=0x00007fc8a0db7360)
0x00007fc8a0db7340:   e8 9b 11 00 00 48 83 c4 10 89 d8 5b 5d 41 5c 41
0x00007fc8a0db7350:   5d 41 5e c3 66 90 66 2e 0f 1f 84 00 00 00 00 00
0x00007fc8a0db7360:   8b 07 85 c0 74 0a 31 c0 c3 0f 1f 80 00 00 00 00
0x00007fc8a0db7370:   41 56 4c 8d 77 18 41 55 41 54 55 49 89 cd 53 48 

Register to memory mapping:

RAX=0x00007fc8a19286e4: <offset 0x3396e4> in /usr/lib/x86_64-linux-gnu/libX11.so.6 at 0x00007fc8a15ef000
RBX=0x0000000000000000 is an unknown value
RCX=0x0000000000000003 is an unknown value
RDX=0x0000000000000003 is an unknown value
RSP=0x00007fc84de364c8 is pointing into the stack for thread: 0x00007fc8b893c800
RBP=0x0000000000000000 is an unknown value
RSI=0x00007fc84de364e0 is pointing into the stack for thread: 0x00007fc8b893c800
RDI=0x0000000000000000 is an unknown value
R8 ={method} {0x00007fc85bf7f890} 'windowDestroyNotify' '(Z)Z' in 'jogamp/newt/WindowImpl'
R9 =0x0000000000000006 is an unknown value
R10=0x0000000000000005 is an unknown value
R11=0x00007fc8a9546860 is at entry_point+32 in (nmethod*)0x00007fc8a95466d0
R12=0x00007fc84de364e0 is pointing into the stack for thread: 0x00007fc8b893c800
R13={method} {0x00007fc85bf6a550} 'CloseWindow0' '(JJII)V' in 'jogamp/newt/driver/x11/WindowDriver'
R14=0x00007fc8400019a0 is an unknown value
R15=0x0000000000000000 is an unknown value


Stack: [0x00007fc84dd37000,0x00007fc84de38000],  sp=0x00007fc84de364c8,  free space=1021k
Native frames: (J=compiled Java code, j=interpreted, Vv=VM code, C=native code)
C  [libxcb.so.1+0xa360]  xcb_writev+0x0

Java frames: (J=compiled Java code, j=interpreted, Vv=VM code)
j  jogamp.newt.driver.x11.WindowDriver.CloseWindow0(JJII)V+0
j  jogamp.newt.driver.x11.WindowDriver.closeNativeImpl()V+58
j  jogamp.newt.WindowImpl$1.run()V+311
j  com.jogamp.common.util.RunnableTask.run()V+198
j  jogamp.newt.DefaultEDTUtil$NEDT.run()V+221
v  ~StubRoutines::call_stub

---------------  P R O C E S S  ---------------

Java Threads: ( => current thread )
  0x00007fc8b800c800 JavaThread "DestroyJavaVM" [_thread_blocked, id=9393, stack(0x00007fc8c1624000,0x00007fc8c1725000)]
  0x00007fc8b84d9800 JavaThread "GameLoop" [_thread_blocked, id=9422, stack(0x00007fc84c4bd000,0x00007fc84c5be000)]
  0x00007fc841cc8000 JavaThread "Thread-3" daemon [_thread_in_native, id=9421, stack(0x00007fc8685ed000,0x00007fc8686ee000)]
  0x00007fc841c9b800 JavaThread "Server" daemon [_thread_in_native, id=9420, stack(0x00007fc8684ec000,0x00007fc8685ed000)]
=>0x00007fc8b893c800 JavaThread "main-Display-.x11_:0.0-1-EDT-1" daemon [_thread_in_native, id=9419, stack(0x00007fc84dd37000,0x00007fc84de38000)]
  0x00007fc8b870f800 JavaThread "main-SharedResourceRunner" daemon [_thread_blocked, id=9418, stack(0x00007fc84fa79000,0x00007fc84fb7a000)]
  0x00007fc8b85d9800 JavaThread "main-SharedResourceRunner" daemon [_thread_blocked, id=9417, stack(0x00007fc85a133000,0x00007fc85a234000)]
  0x00007fc8b84bf800 JavaThread "AWT-XAWT" daemon [_thread_in_native, id=9414, stack(0x00007fc868cf8000,0x00007fc868df9000)]
  0x00007fc8b8497000 JavaThread "Java2D Disposer" daemon [_thread_blocked, id=9413, stack(0x00007fc8a227e000,0x00007fc8a237f000)]
  0x00007fc8b80c2800 JavaThread "Service Thread" daemon [_thread_blocked, id=9405, stack(0x00007fc8a28e4000,0x00007fc8a29e5000)]
  0x00007fc8b80bf800 JavaThread "C1 CompilerThread2" daemon [_thread_blocked, id=9404, stack(0x00007fc8a29e5000,0x00007fc8a2ae6000)]
  0x00007fc8b80bd800 JavaThread "C2 CompilerThread1" daemon [_thread_blocked, id=9403, stack(0x00007fc8a2ae6000,0x00007fc8a2be7000)]
  0x00007fc8b80ba800 JavaThread "C2 CompilerThread0" daemon [_thread_blocked, id=9402, stack(0x00007fc8a2be7000,0x00007fc8a2ce8000)]
  0x00007fc8b80b9000 JavaThread "Signal Dispatcher" daemon [_thread_blocked, id=9401, stack(0x00007fc8a2ce8000,0x00007fc8a2de9000)]
  0x00007fc8b8086000 JavaThread "Finalizer" daemon [_thread_blocked, id=9400, stack(0x00007fc8a31f2000,0x00007fc8a32f3000)]
  0x00007fc8b8083800 JavaThread "Reference Handler" daemon [_thread_blocked, id=9399, stack(0x00007fc8a32f3000,0x00007fc8a33f4000)]

Other Threads:
  0x00007fc8b8079800 VMThread [stack: 0x00007fc8a33f4000,0x00007fc8a34f5000] [id=9398]
  0x00007fc8b80c5000 WatcherThread [stack: 0x00007fc8a27e3000,0x00007fc8a28e4000] [id=9406]

VM state:not at safepoint (normal execution)

VM Mutex/Monitor currently owned by a thread: None

Heap:
 PSYoungGen      total 217600K, used 80280K [0x00000000f1b00000, 0x00000000ffd80000, 0x0000000100000000)
  eden space 206336K, 38% used [0x00000000f1b00000,0x00000000f683a260,0x00000000fe480000)
  from space 11264K, 10% used [0x00000000ff280000,0x00000000ff3ac020,0x00000000ffd80000)
  to   space 12800K, 0% used [0x00000000fe480000,0x00000000fe480000,0x00000000ff100000)
 ParOldGen       total 61952K, used 27322K [0x00000000d5000000, 0x00000000d8c80000, 0x00000000f1b00000)
  object space 61952K, 44% used [0x00000000d5000000,0x00000000d6aaeba0,0x00000000d8c80000)
 Metaspace       used 18944K, capacity 19134K, committed 19328K, reserved 1067008K
  class space    used 1822K, capacity 1898K, committed 1920K, reserved 1048576K

Card table byte_map: [0x00007fc8bdb6f000,0x00007fc8bdcc8000] byte_map_base: 0x00007fc8bd4c7000

Marking Bits: (ParMarkBitMap*) 0x00007fc8c08eb520
 Begin Bits: [0x00007fc8bc105000, 0x00007fc8bcbc5000)
 End Bits:   [0x00007fc8bcbc5000, 0x00007fc8bd685000)

Polling page: 0x00007fc8c173f000

CodeCache: size=245760Kb used=8034Kb max_used=8413Kb free=237726Kb
 bounds [0x00007fc8a9000000, 0x00007fc8a9870000, 0x00007fc8b8000000]
 total_blobs=3007 nmethods=2047 adapters=875
 compilation: enabled

Compilation events (10 events):
Event: 155.077 Thread 0x00007fc8b80bf800 2426       3       com.BitJunkies.RTS.src.server.MoveObject::<init> (5 bytes)
Event: 155.078 Thread 0x00007fc8b80bf800 nmethod 2426 0x00007fc8a93795d0 code [0x00007fc8a9379740, 0x00007fc8a93798f0]
Event: 155.184 Thread 0x00007fc8b80bd800 2427  s    4       java.io.BufferedOutputStream::write (67 bytes)
Event: 155.191 Thread 0x00007fc8b80bd800 nmethod 2427 0x00007fc8a910d910 code [0x00007fc8a910da80, 0x00007fc8a910df68]
Event: 155.191 Thread 0x00007fc8b80ba800 2428   !   4       java.nio.charset.CharsetEncoder::encode (285 bytes)
Event: 155.192 Thread 0x00007fc8b80bf800 2429       3       com.esotericsoftware.kryo.Kryo::reference (86 bytes)
Event: 155.194 Thread 0x00007fc8b80bf800 nmethod 2429 0x00007fc8a960d4d0 code [0x00007fc8a960d6e0, 0x00007fc8a960e0b8]
Event: 155.201 Thread 0x00007fc8b80ba800 nmethod 2428 0x00007fc8a9523f50 code [0x00007fc8a9524180, 0x00007fc8a9524750]
Event: 155.852 Thread 0x00007fc8b80bd800 2430       4       java.nio.Bits::getIntB (30 bytes)
Event: 155.855 Thread 0x00007fc8b80bd800 nmethod 2430 0x00007fc8a94fff10 code [0x00007fc8a9500060, 0x00007fc8a9500178]

GC Heap History (10 events):
Event: 111.143 GC heap before
{Heap before GC invocations=18 (full 2):
 PSYoungGen      total 180224K, used 164464K [0x00000000f1b00000, 0x00000000ff900000, 0x0000000100000000)
  eden space 163840K, 100% used [0x00000000f1b00000,0x00000000fbb00000,0x00000000fbb00000)
  from space 16384K, 3% used [0x00000000fbb00000,0x00000000fbb9c010,0x00000000fcb00000)
  to   space 15872K, 0% used [0x00000000fe980000,0x00000000fe980000,0x00000000ff900000)
 ParOldGen       total 61952K, used 27290K [0x00000000d5000000, 0x00000000d8c80000, 0x00000000f1b00000)
  object space 61952K, 44% used [0x00000000d5000000,0x00000000d6aa6ba0,0x00000000d8c80000)
 Metaspace       used 18862K, capacity 19070K, committed 19328K, reserved 1067008K
  class space    used 1820K, capacity 1898K, committed 1920K, reserved 1048576K
Event: 111.146 GC heap after
Heap after GC invocations=18 (full 2):
 PSYoungGen      total 201216K, used 592K [0x00000000f1b00000, 0x00000000ff380000, 0x0000000100000000)
  eden space 190976K, 0% used [0x00000000f1b00000,0x00000000f1b00000,0x00000000fd580000)
  from space 10240K, 5% used [0x00000000fe980000,0x00000000fea14010,0x00000000ff380000)
  to   space 15360K, 0% used [0x00000000fd580000,0x00000000fd580000,0x00000000fe480000)
 ParOldGen       total 61952K, used 27298K [0x00000000d5000000, 0x00000000d8c80000, 0x00000000f1b00000)
  object space 61952K, 44% used [0x00000000d5000000,0x00000000d6aa8ba0,0x00000000d8c80000)
 Metaspace       used 18862K, capacity 19070K, committed 19328K, reserved 1067008K
  class space    used 1820K, capacity 1898K, committed 1920K, reserved 1048576K
}
Event: 121.101 GC heap before
{Heap before GC invocations=19 (full 2):
 PSYoungGen      total 201216K, used 191568K [0x00000000f1b00000, 0x00000000ff380000, 0x0000000100000000)
  eden space 190976K, 100% used [0x00000000f1b00000,0x00000000fd580000,0x00000000fd580000)
  from space 10240K, 5% used [0x00000000fe980000,0x00000000fea14010,0x00000000ff380000)
  to   space 15360K, 0% used [0x00000000fd580000,0x00000000fd580000,0x00000000fe480000)
 ParOldGen       total 61952K, used 27298K [0x00000000d5000000, 0x00000000d8c80000, 0x00000000f1b00000)
  object space 61952K, 44% used [0x00000000d5000000,0x00000000d6aa8ba0,0x00000000d8c80000)
 Metaspace       used 18886K, capacity 19070K, committed 19328K, reserved 1067008K
  class space    used 1821K, capacity 1898K, committed 1920K, reserved 1048576K
Event: 121.106 GC heap after
Heap after GC invocations=19 (full 2):
 PSYoungGen      total 206336K, used 912K [0x00000000f1b00000, 0x0000000100000000, 0x0000000100000000)
  eden space 190976K, 0% used [0x00000000f1b00000,0x00000000f1b00000,0x00000000fd580000)
  from space 15360K, 5% used [0x00000000fd580000,0x00000000fd664020,0x00000000fe480000)
  to   space 14848K, 0% used [0x00000000ff180000,0x00000000ff180000,0x0000000100000000)
 ParOldGen       total 61952K, used 27306K [0x00000000d5000000, 0x00000000d8c80000, 0x00000000f1b00000)
  object space 61952K, 44% used [0x00000000d5000000,0x00000000d6aaaba0,0x00000000d8c80000)
 Metaspace       used 18886K, capacity 19070K, committed 19328K, reserved 1067008K
  class space    used 1821K, capacity 1898K, committed 1920K, reserved 1048576K
}
Event: 127.561 GC heap before
{Heap before GC invocations=20 (full 2):
 PSYoungGen      total 206336K, used 191888K [0x00000000f1b00000, 0x0000000100000000, 0x0000000100000000)
  eden space 190976K, 100% used [0x00000000f1b00000,0x00000000fd580000,0x00000000fd580000)
  from space 15360K, 5% used [0x00000000fd580000,0x00000000fd664020,0x00000000fe480000)
  to   space 14848K, 0% used [0x00000000ff180000,0x00000000ff180000,0x0000000100000000)
 ParOldGen       total 61952K, used 27306K [0x00000000d5000000, 0x00000000d8c80000, 0x00000000f1b00000)
  object space 61952K, 44% used [0x00000000d5000000,0x00000000d6aaaba0,0x00000000d8c80000)
 Metaspace       used 18909K, capacity 19134K, committed 19328K, reserved 1067008K
  class space    used 1821K, capacity 1898K, committed 1920K, reserved 1048576K
Event: 127.565 GC heap after
Heap after GC invocations=20 (full 2):
 PSYoungGen      total 217600K, used 912K [0x00000000f1b00000, 0x00000000ffe80000, 0x0000000100000000)
  eden space 204288K, 0% used [0x00000000f1b00000,0x00000000f1b00000,0x00000000fe280000)
  from space 13312K, 6% used [0x00000000ff180000,0x00000000ff264020,0x00000000ffe80000)
  to   space 14336K, 0% used [0x00000000fe280000,0x00000000fe280000,0x00000000ff080000)
 ParOldGen       total 61952K, used 27314K [0x00000000d5000000, 0x00000000d8c80000, 0x00000000f1b00000)
  object space 61952K, 44% used [0x00000000d5000000,0x00000000d6aacba0,0x00000000d8c80000)
 Metaspace       used 18909K, capacity 19134K, committed 19328K, reserved 1067008K
  class space    used 1821K, capacity 1898K, committed 1920K, reserved 1048576K
}
Event: 140.958 GC heap before
{Heap before GC invocations=21 (full 2):
 PSYoungGen      total 217600K, used 205200K [0x00000000f1b00000, 0x00000000ffe80000, 0x0000000100000000)
  eden space 204288K, 100% used [0x00000000f1b00000,0x00000000fe280000,0x00000000fe280000)
  from space 13312K, 6% used [0x00000000ff180000,0x00000000ff264020,0x00000000ffe80000)
  to   space 14336K, 0% used [0x00000000fe280000,0x00000000fe280000,0x00000000ff080000)
 ParOldGen       total 61952K, used 27314K [0x00000000d5000000, 0x00000000d8c80000, 0x00000000f1b00000)
  object space 61952K, 44% used [0x00000000d5000000,0x00000000d6aacba0,0x00000000d8c80000)
 Metaspace       used 18934K, capacity 19134K, committed 19328K, reserved 1067008K
  class space    used 1821K, capacity 1898K, committed 1920K, reserved 1048576K
Event: 140.964 GC heap after
Heap after GC invocations=21 (full 2):
 PSYoungGen      total 218624K, used 1104K [0x00000000f1b00000, 0x0000000100000000, 0x0000000100000000)
  eden space 204288K, 0% used [0x00000000f1b00000,0x00000000f1b00000,0x00000000fe280000)
  from space 14336K, 7% used [0x00000000fe280000,0x00000000fe394020,0x00000000ff080000)
  to   space 13824K, 0% used [0x00000000ff280000,0x00000000ff280000,0x0000000100000000)
 ParOldGen       total 61952K, used 27314K [0x00000000d5000000, 0x00000000d8c80000, 0x00000000f1b00000)
  object space 61952K, 44% used [0x00000000d5000000,0x00000000d6aacba0,0x00000000d8c80000)
 Metaspace       used 18934K, capacity 19134K, committed 19328K, reserved 1067008K
  class space    used 1821K, capacity 1898K, committed 1920K, reserved 1048576K
}
Event: 153.024 GC heap before
{Heap before GC invocations=22 (full 2):
 PSYoungGen      total 218624K, used 205392K [0x00000000f1b00000, 0x0000000100000000, 0x0000000100000000)
  eden space 204288K, 100% used [0x00000000f1b00000,0x00000000fe280000,0x00000000fe280000)
  from space 14336K, 7% used [0x00000000fe280000,0x00000000fe394020,0x00000000ff080000)
  to   space 13824K, 0% used [0x00000000ff280000,0x00000000ff280000,0x0000000100000000)
 ParOldGen       total 61952K, used 27314K [0x00000000d5000000, 0x00000000d8c80000, 0x00000000f1b00000)
  object space 61952K, 44% used [0x00000000d5000000,0x00000000d6aacba0,0x00000000d8c80000)
 Metaspace       used 18939K, capacity 19134K, committed 19328K, reserved 1067008K
  class space    used 1821K, capacity 1898K, committed 1920K, reserved 1048576K
Event: 153.028 GC heap after
Heap after GC invocations=22 (full 2):
 PSYoungGen      total 217600K, used 1200K [0x00000000f1b00000, 0x00000000ffd80000, 0x0000000100000000)
  eden space 206336K, 0% used [0x00000000f1b00000,0x00000000f1b00000,0x00000000fe480000)
  from space 11264K, 10% used [0x00000000ff280000,0x00000000ff3ac020,0x00000000ffd80000)
  to   space 12800K, 0% used [0x00000000fe480000,0x00000000fe480000,0x00000000ff100000)
 ParOldGen       total 61952K, used 27322K [0x00000000d5000000, 0x00000000d8c80000, 0x00000000f1b00000)
  object space 61952K, 44% used [0x00000000d5000000,0x00000000d6aaeba0,0x00000000d8c80000)
 Metaspace       used 18939K, capacity 19134K, committed 19328K, reserved 1067008K
  class space    used 1821K, capacity 1898K, committed 1920K, reserved 1048576K
}

Deoptimization events (10 events):
Event: 106.325 Thread 0x00007fc8b84d9800 Uncommon trap: reason=unstable_if action=reinterpret pc=0x00007fc8a9624ab8 method=com.BitJunkies.RTS.src.Game.render(Lcom/jogamp/opengl/GLAutoDrawable;)V @ 388
Event: 111.763 Thread 0x00007fc8b84d9800 Uncommon trap: reason=unstable_if action=reinterpret pc=0x00007fc8a980470c method=com.BitJunkies.RTS.src.Unit.isAlive()Z @ 6
Event: 111.881 Thread 0x00007fc8b84d9800 Uncommon trap: reason=unstable_if action=reinterpret pc=0x00007fc8a97c0bfc method=com.BitJunkies.RTS.src.Unit.isAlive()Z @ 6
Event: 115.896 Thread 0x00007fc8b84d9800 Uncommon trap: reason=unstable_if action=reinterpret pc=0x00007fc8a9184e7c method=com.BitJunkies.RTS.src.server.GameServer.tick()V @ 114
Event: 115.916 Thread 0x00007fc8b84d9800 Uncommon trap: reason=uninitialized action=reinterpret pc=0x00007fc8a9250500 method=com.BitJunkies.RTS.src.Player.tickBuildings(Lcom/BitJunkies/RTS/src/GridMap;)V @ 34
Event: 115.916 Thread 0x00007fc8b84d9800 Uncommon trap: reason=unstable_if action=reinterpret pc=0x00007fc8a96fa700 method=com.BitJunkies.RTS.src.Worker.tick(Lcom/BitJunkies/RTS/src/GridMap;)V @ 312
Event: 115.942 Thread 0x00007fc8b84d9800 Uncommon trap: reason=uninitialized action=reinterpret pc=0x00007fc8a95c94e8 method=com.BitJunkies.RTS.src.Player.tickBuildings(Lcom/BitJunkies/RTS/src/GridMap;)V @ 34
Event: 126.928 Thread 0x00007fc8b84d9800 Uncommon trap: reason=unstable_if action=reinterpret pc=0x00007fc8a946e81c method=com.BitJunkies.RTS.src.Worker.tick(Lcom/BitJunkies/RTS/src/GridMap;)V @ 130
Event: 157.901 Thread 0x00007fc8b84d9800 Uncommon trap: reason=unstable_if action=reinterpret pc=0x00007fc8a91ca484 method=com.jogamp.newt.opengl.GLWindow.display()V @ 19
Event: 157.902 Thread 0x00007fc8b893c800 Uncommon trap: reason=unstable_if action=reinterpret pc=0x00007fc8a94d888c method=jogamp.opengl.GLContextImpl.release(Z)V @ 161

Classes redefined (0 events):
No events

Internal exceptions (10 events):
Event: 0.252 Thread 0x00007fc8b800c800 Exception <a 'java/lang/NoSuchFieldError': method resolution failed> (0x00000000f1f68750) thrown at [/build/openjdk-8-6jqSe7/openjdk-8-8u191-b12/src/hotspot/src/share/vm/prims/methodHandles.cpp, line 1167]
Event: 0.377 Thread 0x00007fc8b800c800 Exception <a 'java/io/FileNotFoundException'> (0x00000000f2259fa0) thrown at [/build/openjdk-8-6jqSe7/openjdk-8-8u191-b12/src/hotspot/src/share/vm/prims/jni.cpp, line 709]
Event: 0.377 Thread 0x00007fc8b800c800 Exception <a 'java/io/FileNotFoundException'> (0x00000000f225a988) thrown at [/build/openjdk-8-6jqSe7/openjdk-8-8u191-b12/src/hotspot/src/share/vm/prims/jni.cpp, line 709]
Event: 0.394 Thread 0x00007fc8b800c800 Exception <a 'java/lang/ClassNotFoundException': sun/dc/DuctusRenderingEngine> (0x00000000f2264f98) thrown at [/build/openjdk-8-6jqSe7/openjdk-8-8u191-b12/src/hotspot/src/share/vm/classfile/systemDictionary.cpp, line 210]
Event: 1.319 Thread 0x00007fc8b893c800 Implicit null exception at 0x00007fc8a935ea86 to 0x00007fc8a935f105
Event: 1.320 Thread 0x00007fc8b893c800 Implicit null exception at 0x00007fc8a933eca3 to 0x00007fc8a933ef0d
Event: 1.719 Thread 0x00007fc8b893c800 Exception <a 'java/lang/ArrayIndexOutOfBoundsException': 18> (0x00000000f240cf80) thrown at [/build/openjdk-8-6jqSe7/openjdk-8-8u191-b12/src/hotspot/src/share/vm/interpreter/interpreterRuntime.cpp, line 366]
Event: 1.755 Thread 0x00007fc8b893c800 Exception <a 'java/lang/ArrayIndexOutOfBoundsException': 139> (0x00000000f250d490) thrown at [/build/openjdk-8-6jqSe7/openjdk-8-8u191-b12/src/hotspot/src/share/vm/interpreter/interpreterRuntime.cpp, line 366]
Event: 101.143 Thread 0x00007fc8b84d9800 Implicit null exception at 0x00007fc8a930c6ec to 0x00007fc8a930dca5
Event: 101.163 Thread 0x00007fc8b84d9800 Implicit null exception at 0x00007fc8a97aaf4c to 0x00007fc8a97ac3a5

Events (10 events):
Event: 157.901 Thread 0x00007fc8b84d9800 Uncommon trap: trap_request=0xffffff65 fr.pc=0x00007fc8a91ca484
Event: 157.901 Thread 0x00007fc8b84d9800 DEOPT PACKING pc=0x00007fc8a91ca484 sp=0x00007fc84c5bc900
Event: 157.901 Thread 0x00007fc8b84d9800 DEOPT UNPACKING pc=0x00007fc8a904547a sp=0x00007fc84c5bc8f8 mode 2
Event: 157.901 Executing VM operation: RevokeBias
Event: 157.901 Executing VM operation: RevokeBias done
Event: 157.902 Thread 0x00007fc8b893c800 Uncommon trap: trap_request=0xffffff65 fr.pc=0x00007fc8a94d888c
Event: 157.902 Thread 0x00007fc8b893c800 DEOPT PACKING pc=0x00007fc8a94d888c sp=0x00007fc84de36520
Event: 157.902 Thread 0x00007fc8b893c800 DEOPT UNPACKING pc=0x00007fc8a904547a sp=0x00007fc84de36520 mode 2
Event: 159.626 loading class jogamp/newt/DisplayImpl$5
Event: 159.626 loading class jogamp/newt/DisplayImpl$5 done


Dynamic libraries:
00400000-00401000 r-xp 00000000 fc:00 13893941                           /usr/lib/jvm/java-8-openjdk-amd64/jre/bin/java
00600000-00601000 r--p 00000000 fc:00 13893941                           /usr/lib/jvm/java-8-openjdk-amd64/jre/bin/java
00601000-00602000 rw-p 00001000 fc:00 13893941                           /usr/lib/jvm/java-8-openjdk-amd64/jre/bin/java
01d5c000-01d7d000 rw-p 00000000 00:00 0                                  [heap]
d5000000-d8c80000 rw-p 00000000 00:00 0 
d8c80000-f1b00000 ---p 00000000 00:00 0 
f1b00000-ffd80000 rw-p 00000000 00:00 0 
ffd80000-100000000 ---p 00000000 00:00 0 
100000000-1001e0000 rw-p 00000000 00:00 0 
1001e0000-140000000 ---p 00000000 00:00 0 
7fc840000000-7fc841e10000 rw-p 00000000 00:00 0 
7fc841e10000-7fc844000000 ---p 00000000 00:00 0 
7fc844000000-7fc84622b000 rw-p 00000000 00:00 0 
7fc84622b000-7fc848000000 ---p 00000000 00:00 0 
7fc848000000-7fc8481b4000 rw-p 00000000 00:00 0 
7fc8481b4000-7fc84c000000 ---p 00000000 00:00 0 
7fc84c4bd000-7fc84c4c0000 ---p 00000000 00:00 0 
7fc84c4c0000-7fc84c6be000 rw-p 00000000 00:00 0 
7fc84c6be000-7fc84c7be000 ---p 00000000 00:00 0 
7fc84c880000-7fc84c88b000 r--s 00000000 fc:00 1573513                    /var/cache/fontconfig/945677eb7aeaf62f1d50efc3fb3ec7d8-le64.cache-6
7fc84c88b000-7fc84c891000 r--s 00000000 fc:00 1574722                    /var/cache/fontconfig/2cd17615ca594fa2959ae173292e504c-le64.cache-6
7fc84c891000-7fc84c899000 r--s 00000000 fc:00 1574615                    /var/cache/fontconfig/bf3b770c553c462765856025a94f1ce6-le64.cache-6
7fc84c899000-7fc84c8ac000 r--s 00000000 fc:00 1574614                    /var/cache/fontconfig/d52a8644073d54c13679302ca1180695-le64.cache-6
7fc84c8ac000-7fc84c8b6000 r--s 00000000 fc:00 1574613                    /var/cache/fontconfig/3f7329c5293ffd510edef78f73874cfd-le64.cache-6
7fc84c8b6000-7fc84c8c1000 r--s 00000000 fc:00 1573565                    /var/cache/fontconfig/d589a48862398ed80a3d6066f4f56f4c-le64.cache-6
7fc84cb04000-7fc84cb09000 r--s 00000000 fc:00 1574642                    /var/cache/fontconfig/8801497958630a81b71ace7c5f9b32a8-le64.cache-6
7fc84cb09000-7fc84cb1b000 r--s 00000000 fc:00 1573438                    /var/cache/fontconfig/9b89f8e3dae116d678bbf48e5f21f69b-le64.cache-6
7fc84cb33000-7fc84cd33000 rw-p 00000000 00:00 0 
7fc84d8d3000-7fc84d92a000 r-xp 00000000 fc:00 9437732                    /usr/lib/x86_64-linux-gnu/libjpeg.so.8.0.2
7fc84d92a000-7fc84db2a000 ---p 00057000 fc:00 9437732                    /usr/lib/x86_64-linux-gnu/libjpeg.so.8.0.2
7fc84db2a000-7fc84db2b000 r--p 00057000 fc:00 9437732                    /usr/lib/x86_64-linux-gnu/libjpeg.so.8.0.2
7fc84db2b000-7fc84db2c000 rw-p 00058000 fc:00 9437732                    /usr/lib/x86_64-linux-gnu/libjpeg.so.8.0.2
7fc84db2c000-7fc84db36000 r-xp 00000000 fc:00 13893908                   /usr/lib/jvm/java-8-openjdk-amd64/jre/lib/amd64/libjavajpeg.so
7fc84db36000-7fc84dd35000 ---p 0000a000 fc:00 13893908                   /usr/lib/jvm/java-8-openjdk-amd64/jre/lib/amd64/libjavajpeg.so
7fc84dd35000-7fc84dd36000 r--p 00009000 fc:00 13893908                   /usr/lib/jvm/java-8-openjdk-amd64/jre/lib/amd64/libjavajpeg.so
7fc84dd36000-7fc84dd37000 rw-p 0000a000 fc:00 13893908                   /usr/lib/jvm/java-8-openjdk-amd64/jre/lib/amd64/libjavajpeg.so
7fc84dd37000-7fc84dd3a000 ---p 00000000 00:00 0 
7fc84dd3a000-7fc84e038000 rw-p 00000000 00:00 0 
7fc84e038000-7fc84e042000 r-xp 00000000 fc:00 9442539                    /usr/lib/x86_64-linux-gnu/libXrandr.so.2.2.0
7fc84e042000-7fc84e241000 ---p 0000a000 fc:00 9442539                    /usr/lib/x86_64-linux-gnu/libXrandr.so.2.2.0
7fc84e241000-7fc84e242000 r--p 00009000 fc:00 9442539                    /usr/lib/x86_64-linux-gnu/libXrandr.so.2.2.0
7fc84e242000-7fc84e243000 rw-p 0000a000 fc:00 9442539                    /usr/lib/x86_64-linux-gnu/libXrandr.so.2.2.0
7fc84e243000-7fc84e254000 r-xp 00000000 fc:00 6422568                    /tmp/jogamp_0000/file_cache/jln3032575384231541653/jln3849916484873454903/natives/linux-amd64/libnewt.so
7fc84e254000-7fc84e453000 ---p 00011000 fc:00 6422568                    /tmp/jogamp_0000/file_cache/jln3032575384231541653/jln3849916484873454903/natives/linux-amd64/libnewt.so
7fc84e453000-7fc84e454000 rw-p 00010000 fc:00 6422568                    /tmp/jogamp_0000/file_cache/jln3032575384231541653/jln3849916484873454903/natives/linux-amd64/libnewt.so
7fc84e454000-7fc84e456000 r-xp 00000000 fc:00 9442531                    /usr/lib/x86_64-linux-gnu/libXinerama.so.1.0.0
7fc84e456000-7fc84e655000 ---p 00002000 fc:00 9442531                    /usr/lib/x86_64-linux-gnu/libXinerama.so.1.0.0
7fc84e655000-7fc84e656000 r--p 00001000 fc:00 9442531                    /usr/lib/x86_64-linux-gnu/libXinerama.so.1.0.0
7fc84e656000-7fc84e657000 rw-p 00002000 fc:00 9442531                    /usr/lib/x86_64-linux-gnu/libXinerama.so.1.0.0
7fc84e657000-7fc84e65f000 r-xp 00000000 fc:00 9443170                    /usr/lib/x86_64-linux-gnu/libpciaccess.so.0.11.1
7fc84e65f000-7fc84e85f000 ---p 00008000 fc:00 9443170                    /usr/lib/x86_64-linux-gnu/libpciaccess.so.0.11.1
7fc84e85f000-7fc84e860000 r--p 00008000 fc:00 9443170                    /usr/lib/x86_64-linux-gnu/libpciaccess.so.0.11.1
7fc84e860000-7fc84e861000 rw-p 00009000 fc:00 9443170                    /usr/lib/x86_64-linux-gnu/libpciaccess.so.0.11.1
7fc84e861000-7fc84e86c000 r-xp 00000000 fc:00 9437700                    /usr/lib/x86_64-linux-gnu/libdrm_radeon.so.1.0.1
7fc84e86c000-7fc84ea6b000 ---p 0000b000 fc:00 9437700                    /usr/lib/x86_64-linux-gnu/libdrm_radeon.so.1.0.1
7fc84ea6b000-7fc84ea6c000 r--p 0000a000 fc:00 9437700                    /usr/lib/x86_64-linux-gnu/libdrm_radeon.so.1.0.1
7fc84ea6c000-7fc84ea6d000 rw-p 0000b000 fc:00 9437700                    /usr/lib/x86_64-linux-gnu/libdrm_radeon.so.1.0.1
7fc84ea6d000-7fc84ea74000 r-xp 00000000 fc:00 9441095                    /usr/lib/x86_64-linux-gnu/libdrm_nouveau.so.2.0.0
7fc84ea74000-7fc84ec73000 ---p 00007000 fc:00 9441095                    /usr/lib/x86_64-linux-gnu/libdrm_nouveau.so.2.0.0
7fc84ec73000-7fc84ec74000 r--p 00006000 fc:00 9441095                    /usr/lib/x86_64-linux-gnu/libdrm_nouveau.so.2.0.0
7fc84ec74000-7fc84ec75000 rw-p 00007000 fc:00 9441095                    /usr/lib/x86_64-linux-gnu/libdrm_nouveau.so.2.0.0
7fc84ec75000-7fc84ec97000 r-xp 00000000 fc:00 9438156                    /usr/lib/x86_64-linux-gnu/libdrm_intel.so.1.0.0
7fc84ec97000-7fc84ee97000 ---p 00022000 fc:00 9438156                    /usr/lib/x86_64-linux-gnu/libdrm_intel.so.1.0.0
7fc84ee97000-7fc84ee98000 r--p 00022000 fc:00 9438156                    /usr/lib/x86_64-linux-gnu/libdrm_intel.so.1.0.0
7fc84ee98000-7fc84ee99000 rw-p 00023000 fc:00 9438156                    /usr/lib/x86_64-linux-gnu/libdrm_intel.so.1.0.0
7fc84ee99000-7fc84f779000 r-xp 00000000 fc:00 9569389                    /usr/lib/x86_64-linux-gnu/dri/i965_dri.so
7fc84f779000-7fc84f979000 ---p 008e0000 fc:00 9569389                    /usr/lib/x86_64-linux-gnu/dri/i965_dri.so
7fc84f979000-7fc84f9c9000 r--p 008e0000 fc:00 9569389                    /usr/lib/x86_64-linux-gnu/dri/i965_dri.so
7fc84f9c9000-7fc84f9d4000 rw-p 00930000 fc:00 9569389                    /usr/lib/x86_64-linux-gnu/dri/i965_dri.so
7fc84f9d4000-7fc84fa79000 rw-p 00000000 00:00 0 
7fc84fa79000-7fc84fa7c000 ---p 00000000 00:00 0 
7fc84fa7c000-7fc84fb7a000 rw-p 00000000 00:00 0 
7fc84fb7a000-7fc84fbd6000 r-xp 00000000 fc:00 6422565                    /tmp/jogamp_0000/file_cache/jln3032575384231541653/jln3849916484873454903/natives/linux-amd64/libjogl_mobile.so
7fc84fbd6000-7fc84fdd6000 ---p 0005c000 fc:00 6422565                    /tmp/jogamp_0000/file_cache/jln3032575384231541653/jln3849916484873454903/natives/linux-amd64/libjogl_mobile.so
7fc84fdd6000-7fc84fdd7000 rw-p 0005c000 fc:00 6422565                    /tmp/jogamp_0000/file_cache/jln3032575384231541653/jln3849916484873454903/natives/linux-amd64/libjogl_mobile.so
7fc84fdd7000-7fc84fdfe000 r-xp 00000000 fc:00 9441073                    /usr/lib/x86_64-linux-gnu/libkj-0.5.3.so
7fc84fdfe000-7fc84fffe000 ---p 00027000 fc:00 9441073                    /usr/lib/x86_64-linux-gnu/libkj-0.5.3.so
7fc84fffe000-7fc84ffff000 r--p 00027000 fc:00 9441073                    /usr/lib/x86_64-linux-gnu/libkj-0.5.3.so
7fc84ffff000-7fc850000000 rw-p 00028000 fc:00 9441073                    /usr/lib/x86_64-linux-gnu/libkj-0.5.3.so
7fc850000000-7fc851955000 rw-p 00000000 00:00 0 
7fc851955000-7fc854000000 ---p 00000000 00:00 0 
7fc854000000-7fc854021000 rw-p 00000000 00:00 0 
7fc854021000-7fc858000000 ---p 00000000 00:00 0 
7fc85803d000-7fc858054000 r-xp 00000000 fc:00 9441081                    /usr/lib/x86_64-linux-gnu/libboost_filesystem.so.1.58.0
7fc858054000-7fc858253000 ---p 00017000 fc:00 9441081                    /usr/lib/x86_64-linux-gnu/libboost_filesystem.so.1.58.0
7fc858253000-7fc858254000 r--p 00016000 fc:00 9441081                    /usr/lib/x86_64-linux-gnu/libboost_filesystem.so.1.58.0
7fc858254000-7fc858255000 rw-p 00017000 fc:00 9441081                    /usr/lib/x86_64-linux-gnu/libboost_filesystem.so.1.58.0
7fc858255000-7fc858285000 r-xp 00000000 fc:00 9441083                    /usr/lib/x86_64-linux-gnu/libprotobuf-lite.so.9.0.1
7fc858285000-7fc858484000 ---p 00030000 fc:00 9441083                    /usr/lib/x86_64-linux-gnu/libprotobuf-lite.so.9.0.1
7fc858484000-7fc858485000 r--p 0002f000 fc:00 9441083                    /usr/lib/x86_64-linux-gnu/libprotobuf-lite.so.9.0.1
7fc858485000-7fc858486000 rw-p 00030000 fc:00 9441083                    /usr/lib/x86_64-linux-gnu/libprotobuf-lite.so.9.0.1
7fc858486000-7fc858489000 r-xp 00000000 fc:00 9441080                    /usr/lib/x86_64-linux-gnu/libboost_system.so.1.58.0
7fc858489000-7fc858688000 ---p 00003000 fc:00 9441080                    /usr/lib/x86_64-linux-gnu/libboost_system.so.1.58.0
7fc858688000-7fc858689000 r--p 00002000 fc:00 9441080                    /usr/lib/x86_64-linux-gnu/libboost_system.so.1.58.0
7fc858689000-7fc85868a000 rw-p 00003000 fc:00 9441080                    /usr/lib/x86_64-linux-gnu/libboost_system.so.1.58.0
7fc85868a000-7fc858691000 r-xp 00000000 fc:00 9441079                    /usr/lib/x86_64-linux-gnu/libmircore.so.1
7fc858691000-7fc858891000 ---p 00007000 fc:00 9441079                    /usr/lib/x86_64-linux-gnu/libmircore.so.1
7fc858891000-7fc858892000 r--p 00007000 fc:00 9441079                    /usr/lib/x86_64-linux-gnu/libmircore.so.1
7fc858892000-7fc858893000 rw-p 00008000 fc:00 9441079                    /usr/lib/x86_64-linux-gnu/libmircore.so.1
7fc858893000-7fc858918000 r-xp 00000000 fc:00 9441072                    /usr/lib/x86_64-linux-gnu/libcapnp-0.5.3.so
7fc858918000-7fc858b17000 ---p 00085000 fc:00 9441072                    /usr/lib/x86_64-linux-gnu/libcapnp-0.5.3.so
7fc858b17000-7fc858b1a000 r--p 00084000 fc:00 9441072                    /usr/lib/x86_64-linux-gnu/libcapnp-0.5.3.so
7fc858b1a000-7fc858b1b000 rw-p 00087000 fc:00 9441072                    /usr/lib/x86_64-linux-gnu/libcapnp-0.5.3.so
7fc858b1b000-7fc858b8a000 r-xp 00000000 fc:00 9441085                    /usr/lib/x86_64-linux-gnu/libmirprotobuf.so.3
7fc858b8a000-7fc858d89000 ---p 0006f000 fc:00 9441085                    /usr/lib/x86_64-linux-gnu/libmirprotobuf.so.3
7fc858d89000-7fc858d8c000 r--p 0006e000 fc:00 9441085                    /usr/lib/x86_64-linux-gnu/libmirprotobuf.so.3
7fc858d8c000-7fc858d8d000 rw-p 00071000 fc:00 9441085                    /usr/lib/x86_64-linux-gnu/libmirprotobuf.so.3
7fc858d8d000-7fc858dd1000 r-xp 00000000 fc:00 9441082                    /usr/lib/x86_64-linux-gnu/libmircommon.so.7
7fc858dd1000-7fc858fd1000 ---p 00044000 fc:00 9441082                    /usr/lib/x86_64-linux-gnu/libmircommon.so.7
7fc858fd1000-7fc858fd3000 r--p 00044000 fc:00 9441082                    /usr/lib/x86_64-linux-gnu/libmircommon.so.7
7fc858fd3000-7fc858fd4000 rw-p 00046000 fc:00 9441082                    /usr/lib/x86_64-linux-gnu/libmircommon.so.7
7fc858fd4000-7fc859011000 r-xp 00000000 fc:00 9441090                    /usr/lib/x86_64-linux-gnu/libxkbcommon.so.0.0.0
7fc859011000-7fc859210000 ---p 0003d000 fc:00 9441090                    /usr/lib/x86_64-linux-gnu/libxkbcommon.so.0.0.0
7fc859210000-7fc859212000 r--p 0003c000 fc:00 9441090                    /usr/lib/x86_64-linux-gnu/libxkbcommon.so.0.0.0
7fc859212000-7fc859213000 rw-p 0003e000 fc:00 9441090                    /usr/lib/x86_64-linux-gnu/libxkbcommon.so.0.0.0
7fc859213000-7fc85921a000 r-xp 00000000 fc:00 9440286                    /usr/lib/x86_64-linux-gnu/libffi.so.6.0.4
7fc85921a000-7fc859419000 ---p 00007000 fc:00 9440286                    /usr/lib/x86_64-linux-gnu/libffi.so.6.0.4
7fc859419000-7fc85941a000 r--p 00006000 fc:00 9440286                    /usr/lib/x86_64-linux-gnu/libffi.so.6.0.4
7fc85941a000-7fc85941b000 rw-p 00007000 fc:00 9440286                    /usr/lib/x86_64-linux-gnu/libffi.so.6.0.4
7fc85941b000-7fc8594bb000 r-xp 00000000 fc:00 9441092                    /usr/lib/x86_64-linux-gnu/libmirclient.so.9
7fc8594bb000-7fc8596ba000 ---p 000a0000 fc:00 9441092                    /usr/lib/x86_64-linux-gnu/libmirclient.so.9
7fc8596ba000-7fc8596c0000 r--p 0009f000 fc:00 9441092                    /usr/lib/x86_64-linux-gnu/libmirclient.so.9
7fc8596c0000-7fc8596c2000 rw-p 000a5000 fc:00 9441092                    /usr/lib/x86_64-linux-gnu/libmirclient.so.9
7fc8596c2000-7fc8596d2000 r-xp 00000000 fc:00 9441066                    /usr/lib/x86_64-linux-gnu/libwayland-server.so.0.1.0
7fc8596d2000-7fc8598d1000 ---p 00010000 fc:00 9441066                    /usr/lib/x86_64-linux-gnu/libwayland-server.so.0.1.0
7fc8598d1000-7fc8598d3000 r--p 0000f000 fc:00 9441066                    /usr/lib/x86_64-linux-gnu/libwayland-server.so.0.1.0
7fc8598d3000-7fc8598d4000 rw-p 00011000 fc:00 9441066                    /usr/lib/x86_64-linux-gnu/libwayland-server.so.0.1.0
7fc8598d4000-7fc8598e0000 r-xp 00000000 fc:00 9441068                    /usr/lib/x86_64-linux-gnu/libgbm.so.1.0.0
7fc8598e0000-7fc859ae0000 ---p 0000c000 fc:00 9441068                    /usr/lib/x86_64-linux-gnu/libgbm.so.1.0.0
7fc859ae0000-7fc859ae1000 r--p 0000c000 fc:00 9441068                    /usr/lib/x86_64-linux-gnu/libgbm.so.1.0.0
7fc859ae1000-7fc859ae2000 rw-p 0000d000 fc:00 9441068                    /usr/lib/x86_64-linux-gnu/libgbm.so.1.0.0
7fc859ae2000-7fc859aee000 r-xp 00000000 fc:00 9441054                    /usr/lib/x86_64-linux-gnu/libwayland-client.so.0.3.0
7fc859aee000-7fc859cee000 ---p 0000c000 fc:00 9441054                    /usr/lib/x86_64-linux-gnu/libwayland-client.so.0.3.0
7fc859cee000-7fc859cf0000 r--p 0000c000 fc:00 9441054                    /usr/lib/x86_64-linux-gnu/libwayland-client.so.0.3.0
7fc859cf0000-7fc859cf1000 rw-p 0000e000 fc:00 9441054                    /usr/lib/x86_64-linux-gnu/libwayland-client.so.0.3.0
7fc859cf1000-7fc859cf7000 r-xp 00000000 fc:00 9441714                    /usr/lib/x86_64-linux-gnu/libxcb-xfixes.so.0.0.0
7fc859cf7000-7fc859ef7000 ---p 00006000 fc:00 9441714                    /usr/lib/x86_64-linux-gnu/libxcb-xfixes.so.0.0.0
7fc859ef7000-7fc859ef8000 r--p 00006000 fc:00 9441714                    /usr/lib/x86_64-linux-gnu/libxcb-xfixes.so.0.0.0
7fc859ef8000-7fc859ef9000 rw-p 00007000 fc:00 9441714                    /usr/lib/x86_64-linux-gnu/libxcb-xfixes.so.0.0.0
7fc859ef9000-7fc859f31000 r-xp 00000000 fc:00 9569378                    /usr/lib/x86_64-linux-gnu/mesa-egl/libEGL.so.1.0.0
7fc859f31000-7fc85a130000 ---p 00038000 fc:00 9569378                    /usr/lib/x86_64-linux-gnu/mesa-egl/libEGL.so.1.0.0
7fc85a130000-7fc85a132000 r--p 00037000 fc:00 9569378                    /usr/lib/x86_64-linux-gnu/mesa-egl/libEGL.so.1.0.0
7fc85a132000-7fc85a133000 rw-p 00039000 fc:00 9569378                    /usr/lib/x86_64-linux-gnu/mesa-egl/libEGL.so.1.0.0
7fc85a133000-7fc85a136000 ---p 00000000 00:00 0 
7fc85a136000-7fc85a234000 rw-p 00000000 00:00 0 
7fc85a234000-7fc85a2ec000 r-xp 00000000 fc:00 6422564                    /tmp/jogamp_0000/file_cache/jln3032575384231541653/jln3849916484873454903/natives/linux-amd64/libjogl_desktop.so
7fc85a2ec000-7fc85a4ec000 ---p 000b8000 fc:00 6422564                    /tmp/jogamp_0000/file_cache/jln3032575384231541653/jln3849916484873454903/natives/linux-amd64/libjogl_desktop.so
7fc85a4ec000-7fc85a4ed000 rw-p 000b8000 fc:00 6422564                    /tmp/jogamp_0000/file_cache/jln3032575384231541653/jln3849916484873454903/natives/linux-amd64/libjogl_desktop.so
7fc85a4ed000-7fc85a4fd000 r-xp 00000000 fc:00 9441064                    /usr/lib/x86_64-linux-gnu/libdrm.so.2.4.0
7fc85a4fd000-7fc85a6fd000 ---p 00010000 fc:00 9441064                    /usr/lib/x86_64-linux-gnu/libdrm.so.2.4.0
7fc85a6fd000-7fc85a6fe000 r--p 00010000 fc:00 9441064                    /usr/lib/x86_64-linux-gnu/libdrm.so.2.4.0
7fc85a6fe000-7fc85a6ff000 rw-p 00011000 fc:00 9441064                    /usr/lib/x86_64-linux-gnu/libdrm.so.2.4.0
7fc85a6ff000-7fc85a703000 r-xp 00000000 fc:00 9441632                    /usr/lib/x86_64-linux-gnu/libxcb-dri2.so.0.0.0
7fc85a703000-7fc85a902000 ---p 00004000 fc:00 9441632                    /usr/lib/x86_64-linux-gnu/libxcb-dri2.so.0.0.0
7fc85a902000-7fc85a903000 r--p 00003000 fc:00 9441632                    /usr/lib/x86_64-linux-gnu/libxcb-dri2.so.0.0.0
7fc85a903000-7fc85a904000 rw-p 00004000 fc:00 9441632                    /usr/lib/x86_64-linux-gnu/libxcb-dri2.so.0.0.0
7fc85a904000-7fc85a91b000 r-xp 00000000 fc:00 9441638                    /usr/lib/x86_64-linux-gnu/libxcb-glx.so.0.0.0
7fc85a91b000-7fc85ab1a000 ---p 00017000 fc:00 9441638                    /usr/lib/x86_64-linux-gnu/libxcb-glx.so.0.0.0
7fc85ab1a000-7fc85ab1c000 r--p 00016000 fc:00 9441638                    /usr/lib/x86_64-linux-gnu/libxcb-glx.so.0.0.0
7fc85ab1c000-7fc85ab1d000 rw-p 00018000 fc:00 9441638                    /usr/lib/x86_64-linux-gnu/libxcb-glx.so.0.0.0
7fc85ab1d000-7fc85ab1e000 r-xp 00000000 fc:00 9438241                    /usr/lib/x86_64-linux-gnu/libX11-xcb.so.1.0.0
7fc85ab1e000-7fc85ad1d000 ---p 00001000 fc:00 9438241                    /usr/lib/x86_64-linux-gnu/libX11-xcb.so.1.0.0
7fc85ad1d000-7fc85ad1e000 r--p 00000000 fc:00 9438241                    /usr/lib/x86_64-linux-gnu/libX11-xcb.so.1.0.0
7fc85ad1e000-7fc85ad1f000 rw-p 00001000 fc:00 9438241                    /usr/lib/x86_64-linux-gnu/libX11-xcb.so.1.0.0
7fc85ad1f000-7fc85ad21000 r-xp 00000000 fc:00 9442517                    /usr/lib/x86_64-linux-gnu/libXdamage.so.1.1.0
7fc85ad21000-7fc85af20000 ---p 00002000 fc:00 9442517                    /usr/lib/x86_64-linux-gnu/libXdamage.so.1.1.0
7fc85af20000-7fc85af21000 r--p 00001000 fc:00 9442517                    /usr/lib/x86_64-linux-gnu/libXdamage.so.1.1.0
7fc85af21000-7fc85af22000 rw-p 00002000 fc:00 9442517                    /usr/lib/x86_64-linux-gnu/libXdamage.so.1.1.0
7fc85af22000-7fc85af4e000 r-xp 00000000 fc:00 9438091                    /usr/lib/x86_64-linux-gnu/libglapi.so.0.0.0
7fc85af4e000-7fc85b14d000 ---p 0002c000 fc:00 9438091                    /usr/lib/x86_64-linux-gnu/libglapi.so.0.0.0
7fc85b14d000-7fc85b151000 r--p 0002b000 fc:00 9438091                    /usr/lib/x86_64-linux-gnu/libglapi.so.0.0.0
7fc85b151000-7fc85b152000 rw-p 0002f000 fc:00 9438091                    /usr/lib/x86_64-linux-gnu/libglapi.so.0.0.0
7fc85b152000-7fc85b153000 rw-p 00000000 00:00 0 
7fc85b153000-7fc85b154000 r-xp 00000000 fc:00 9443470                    /usr/lib/x86_64-linux-gnu/libxshmfence.so.1.0.0
7fc85b154000-7fc85b354000 ---p 00001000 fc:00 9443470                    /usr/lib/x86_64-linux-gnu/libxshmfence.so.1.0.0
7fc85b354000-7fc85b355000 r--p 00001000 fc:00 9443470                    /usr/lib/x86_64-linux-gnu/libxshmfence.so.1.0.0
7fc85b355000-7fc85b356000 rw-p 00002000 fc:00 9443470                    /usr/lib/x86_64-linux-gnu/libxshmfence.so.1.0.0
7fc85b356000-7fc85b35b000 r-xp 00000000 fc:00 9441642                    /usr/lib/x86_64-linux-gnu/libxcb-sync.so.1.0.0
7fc85b35b000-7fc85b55b000 ---p 00005000 fc:00 9441642                    /usr/lib/x86_64-linux-gnu/libxcb-sync.so.1.0.0
7fc85b55b000-7fc85b55c000 r--p 00005000 fc:00 9441642                    /usr/lib/x86_64-linux-gnu/libxcb-sync.so.1.0.0
7fc85b55c000-7fc85b55d000 rw-p 00006000 fc:00 9441642                    /usr/lib/x86_64-linux-gnu/libxcb-sync.so.1.0.0
7fc85b55d000-7fc85b55f000 r-xp 00000000 fc:00 9441640                    /usr/lib/x86_64-linux-gnu/libxcb-present.so.0.0.0
7fc85b55f000-7fc85b75e000 ---p 00002000 fc:00 9441640                    /usr/lib/x86_64-linux-gnu/libxcb-present.so.0.0.0
7fc85b75e000-7fc85b75f000 r--p 00001000 fc:00 9441640                    /usr/lib/x86_64-linux-gnu/libxcb-present.so.0.0.0
7fc85b75f000-7fc85b760000 rw-p 00002000 fc:00 9441640                    /usr/lib/x86_64-linux-gnu/libxcb-present.so.0.0.0
7fc85b760000-7fc85b762000 r-xp 00000000 fc:00 9441634                    /usr/lib/x86_64-linux-gnu/libxcb-dri3.so.0.0.0
7fc85b762000-7fc85b961000 ---p 00002000 fc:00 9441634                    /usr/lib/x86_64-linux-gnu/libxcb-dri3.so.0.0.0
7fc85b961000-7fc85b962000 r--p 00001000 fc:00 9441634                    /usr/lib/x86_64-linux-gnu/libxcb-dri3.so.0.0.0
7fc85b962000-7fc85b963000 rw-p 00002000 fc:00 9441634                    /usr/lib/x86_64-linux-gnu/libxcb-dri3.so.0.0.0
7fc85b963000-7fc85b989000 r-xp 00000000 fc:00 8257565                    /lib/x86_64-linux-gnu/libexpat.so.1.6.0
7fc85b989000-7fc85bb89000 ---p 00026000 fc:00 8257565                    /lib/x86_64-linux-gnu/libexpat.so.1.6.0
7fc85bb89000-7fc85bb8b000 r--p 00026000 fc:00 8257565                    /lib/x86_64-linux-gnu/libexpat.so.1.6.0
7fc85bb8b000-7fc85bb8c000 rw-p 00028000 fc:00 8257565                    /lib/x86_64-linux-gnu/libexpat.so.1.6.0
7fc85bb8c000-7fc85bbfc000 r-xp 00000000 fc:00 9569071                    /usr/lib/x86_64-linux-gnu/mesa/libGL.so.1.2.0
7fc85bbfc000-7fc85bdfb000 ---p 00070000 fc:00 9569071                    /usr/lib/x86_64-linux-gnu/mesa/libGL.so.1.2.0
7fc85bdfb000-7fc85bdfe000 r--p 0006f000 fc:00 9569071                    /usr/lib/x86_64-linux-gnu/mesa/libGL.so.1.2.0
7fc85bdfe000-7fc85bdff000 rw-p 00072000 fc:00 9569071                    /usr/lib/x86_64-linux-gnu/mesa/libGL.so.1.2.0
7fc85bdff000-7fc85c000000 rw-p 00000000 00:00 0 
7fc85c000000-7fc85c021000 rw-p 00000000 00:00 0 
7fc85c021000-7fc860000000 ---p 00000000 00:00 0 
7fc860000000-7fc860088000 rw-p 00000000 00:00 0 
7fc860088000-7fc864000000 ---p 00000000 00:00 0 
7fc864000000-7fc864021000 rw-p 00000000 00:00 0 
7fc864021000-7fc868000000 ---p 00000000 00:00 0 
7fc86801a000-7fc86821a000 rw-p 00000000 00:00 0 
7fc8682e5000-7fc8682ec000 r-xp 00000000 fc:00 6422567                    /tmp/jogamp_0000/file_cache/jln3032575384231541653/jln3849916484873454903/natives/linux-amd64/libnativewindow_x11.so
7fc8682ec000-7fc8684eb000 ---p 00007000 fc:00 6422567                    /tmp/jogamp_0000/file_cache/jln3032575384231541653/jln3849916484873454903/natives/linux-amd64/libnativewindow_x11.so
7fc8684eb000-7fc8684ec000 rw-p 00006000 fc:00 6422567                    /tmp/jogamp_0000/file_cache/jln3032575384231541653/jln3849916484873454903/natives/linux-amd64/libnativewindow_x11.so
7fc8684ec000-7fc8684ef000 ---p 00000000 00:00 0 
7fc8684ef000-7fc8685ed000 rw-p 00000000 00:00 0 
7fc8685ed000-7fc8685f0000 ---p 00000000 00:00 0 
7fc8685f0000-7fc8686ee000 rw-p 00000000 00:00 0 
7fc8686ee000-7fc8686f3000 r-xp 00000000 fc:00 9442557                    /usr/lib/x86_64-linux-gnu/libXxf86vm.so.1.0.0
7fc8686f3000-7fc8688f2000 ---p 00005000 fc:00 9442557                    /usr/lib/x86_64-linux-gnu/libXxf86vm.so.1.0.0
7fc8688f2000-7fc8688f3000 r--p 00004000 fc:00 9442557                    /usr/lib/x86_64-linux-gnu/libXxf86vm.so.1.0.0
7fc8688f3000-7fc8688f4000 rw-p 00005000 fc:00 9442557                    /usr/lib/x86_64-linux-gnu/libXxf86vm.so.1.0.0
7fc8688f4000-7fc8688f6000 r-xp 00000000 fc:00 6422566                    /tmp/jogamp_0000/file_cache/jln3032575384231541653/jln3849916484873454903/natives/linux-amd64/libnativewindow_awt.so
7fc8688f6000-7fc868af5000 ---p 00002000 fc:00 6422566                    /tmp/jogamp_0000/file_cache/jln3032575384231541653/jln3849916484873454903/natives/linux-amd64/libnativewindow_awt.so
7fc868af5000-7fc868af6000 rw-p 00001000 fc:00 6422566                    /tmp/jogamp_0000/file_cache/jln3032575384231541653/jln3849916484873454903/natives/linux-amd64/libnativewindow_awt.so
7fc868af6000-7fc868af7000 r-xp 00000000 fc:00 13893896                   /usr/lib/jvm/java-8-openjdk-amd64/jre/lib/amd64/libjawt.so
7fc868af7000-7fc868cf6000 ---p 00001000 fc:00 13893896                   /usr/lib/jvm/java-8-openjdk-amd64/jre/lib/amd64/libjawt.so
7fc868cf6000-7fc868cf7000 r--p 00000000 fc:00 13893896                   /usr/lib/jvm/java-8-openjdk-amd64/jre/lib/amd64/libjawt.so
7fc868cf7000-7fc868cf8000 rw-p 00001000 fc:00 13893896                   /usr/lib/jvm/java-8-openjdk-amd64/jre/lib/amd64/libjawt.so
7fc868cf8000-7fc868cfb000 ---p 00000000 00:00 0 
7fc868cfb000-7fc868df9000 rw-p 00000000 00:00 0 
7fc868df9000-7fc868dfe000 r-xp 00000000 fc:00 9442523                    /usr/lib/x86_64-linux-gnu/libXfixes.so.3.1.0
7fc868dfe000-7fc868ffd000 ---p 00005000 fc:00 9442523                    /usr/lib/x86_64-linux-gnu/libXfixes.so.3.1.0
7fc868ffd000-7fc868ffe000 r--p 00004000 fc:00 9442523                    /usr/lib/x86_64-linux-gnu/libXfixes.so.3.1.0
7fc868ffe000-7fc868fff000 rw-p 00005000 fc:00 9442523                    /usr/lib/x86_64-linux-gnu/libXfixes.so.3.1.0
7fc868fff000-7fc86c000000 rw-p 00000000 00:00 0 
7fc86c000000-7fc86c021000 rw-p 00000000 00:00 0 
7fc86c021000-7fc870000000 ---p 00000000 00:00 0 
7fc870000000-7fc870021000 rw-p 00000000 00:00 0 
7fc870021000-7fc874000000 ---p 00000000 00:00 0 
7fc874000000-7fc87469a000 rw-p 00000000 00:00 0 
7fc87469a000-7fc878000000 ---p 00000000 00:00 0 
7fc878000000-7fc878021000 rw-p 00000000 00:00 0 
7fc878021000-7fc87c000000 ---p 00000000 00:00 0 
7fc87c000000-7fc87d6a8000 rw-p 00000000 00:00 0 
7fc87d6a8000-7fc880000000 ---p 00000000 00:00 0 
7fc880000000-7fc8811d0000 rw-p 00000000 00:00 0 
7fc8811d0000-7fc884000000 ---p 00000000 00:00 0 
7fc884000000-7fc884021000 rw-p 00000000 00:00 0 
7fc884021000-7fc888000000 ---p 00000000 00:00 0 
7fc888000000-7fc888021000 rw-p 00000000 00:00 0 
7fc888021000-7fc88c000000 ---p 00000000 00:00 0 
7fc88c000000-7fc88c021000 rw-p 00000000 00:00 0 
7fc88c021000-7fc890000000 ---p 00000000 00:00 0 
7fc890000000-7fc890021000 rw-p 00000000 00:00 0 
7fc890021000-7fc894000000 ---p 00000000 00:00 0 
7fc894000000-7fc894021000 rw-p 00000000 00:00 0 
7fc894021000-7fc898000000 ---p 00000000 00:00 0 
7fc898000000-7fc898021000 rw-p 00000000 00:00 0 
7fc898021000-7fc89c000000 ---p 00000000 00:00 0 
7fc89c000000-7fc89c021000 rw-p 00000000 00:00 0 
7fc89c021000-7fc8a0000000 ---p 00000000 00:00 0 
7fc8a005e000-7fc8a0067000 r-xp 00000000 fc:00 9440610                    /usr/lib/x86_64-linux-gnu/libXcursor.so.1.0.2
7fc8a0067000-7fc8a0266000 ---p 00009000 fc:00 9440610                    /usr/lib/x86_64-linux-gnu/libXcursor.so.1.0.2
7fc8a0266000-7fc8a0267000 r--p 00008000 fc:00 9440610                    /usr/lib/x86_64-linux-gnu/libXcursor.so.1.0.2
7fc8a0267000-7fc8a0268000 rw-p 00009000 fc:00 9440610                    /usr/lib/x86_64-linux-gnu/libXcursor.so.1.0.2
7fc8a0268000-7fc8a028c000 r-xp 00000000 fc:00 8258033                    /lib/x86_64-linux-gnu/libpng12.so.0.54.0
7fc8a028c000-7fc8a048b000 ---p 00024000 fc:00 8258033                    /lib/x86_64-linux-gnu/libpng12.so.0.54.0
7fc8a048b000-7fc8a048c000 r--p 00023000 fc:00 8258033                    /lib/x86_64-linux-gnu/libpng12.so.0.54.0
7fc8a048c000-7fc8a048d000 rw-p 00024000 fc:00 8258033                    /lib/x86_64-linux-gnu/libpng12.so.0.54.0
7fc8a048d000-7fc8a0531000 r-xp 00000000 fc:00 9441225                    /usr/lib/x86_64-linux-gnu/libfreetype.so.6.12.1
7fc8a0531000-7fc8a0730000 ---p 000a4000 fc:00 9441225                    /usr/lib/x86_64-linux-gnu/libfreetype.so.6.12.1
7fc8a0730000-7fc8a0736000 r--p 000a3000 fc:00 9441225                    /usr/lib/x86_64-linux-gnu/libfreetype.so.6.12.1
7fc8a0736000-7fc8a0737000 rw-p 000a9000 fc:00 9441225                    /usr/lib/x86_64-linux-gnu/libfreetype.so.6.12.1
7fc8a074e000-7fc8a07a0000 r-xp 00000000 fc:00 13893922                   /usr/lib/jvm/java-8-openjdk-amd64/jre/lib/amd64/libfontmanager.so
7fc8a07a0000-7fc8a09a0000 ---p 00052000 fc:00 13893922                   /usr/lib/jvm/java-8-openjdk-amd64/jre/lib/amd64/libfontmanager.so
7fc8a09a0000-7fc8a09a2000 r--p 00052000 fc:00 13893922                   /usr/lib/jvm/java-8-openjdk-amd64/jre/lib/amd64/libfontmanager.so
7fc8a09a2000-7fc8a09a3000 rw-p 00054000 fc:00 13893922                   /usr/lib/jvm/java-8-openjdk-amd64/jre/lib/amd64/libfontmanager.so
7fc8a09a3000-7fc8a09a8000 r-xp 00000000 fc:00 9437334                    /usr/lib/x86_64-linux-gnu/libXdmcp.so.6.0.0
7fc8a09a8000-7fc8a0ba7000 ---p 00005000 fc:00 9437334                    /usr/lib/x86_64-linux-gnu/libXdmcp.so.6.0.0
7fc8a0ba7000-7fc8a0ba8000 r--p 00004000 fc:00 9437334                    /usr/lib/x86_64-linux-gnu/libXdmcp.so.6.0.0
7fc8a0ba8000-7fc8a0ba9000 rw-p 00005000 fc:00 9437334                    /usr/lib/x86_64-linux-gnu/libXdmcp.so.6.0.0
7fc8a0ba9000-7fc8a0bab000 r-xp 00000000 fc:00 9442508                    /usr/lib/x86_64-linux-gnu/libXau.so.6.0.0
7fc8a0bab000-7fc8a0dab000 ---p 00002000 fc:00 9442508                    /usr/lib/x86_64-linux-gnu/libXau.so.6.0.0
7fc8a0dab000-7fc8a0dac000 r--p 00002000 fc:00 9442508                    /usr/lib/x86_64-linux-gnu/libXau.so.6.0.0
7fc8a0dac000-7fc8a0dad000 rw-p 00003000 fc:00 9442508                    /usr/lib/x86_64-linux-gnu/libXau.so.6.0.0
7fc8a0dad000-7fc8a0dce000 r-xp 00000000 fc:00 9445987                    /usr/lib/x86_64-linux-gnu/libxcb.so.1.1.0
7fc8a0dce000-7fc8a0fcd000 ---p 00021000 fc:00 9445987                    /usr/lib/x86_64-linux-gnu/libxcb.so.1.1.0
7fc8a0fcd000-7fc8a0fce000 r--p 00020000 fc:00 9445987                    /usr/lib/x86_64-linux-gnu/libxcb.so.1.1.0
7fc8a0fce000-7fc8a0fcf000 rw-p 00021000 fc:00 9445987                    /usr/lib/x86_64-linux-gnu/libxcb.so.1.1.0
7fc8a0fcf000-7fc8a0fde000 r-xp 00000000 fc:00 9440612                    /usr/lib/x86_64-linux-gnu/libXi.so.6.1.0
7fc8a0fde000-7fc8a11dd000 ---p 0000f000 fc:00 9440612                    /usr/lib/x86_64-linux-gnu/libXi.so.6.1.0
7fc8a11dd000-7fc8a11de000 r--p 0000e000 fc:00 9440612                    /usr/lib/x86_64-linux-gnu/libXi.so.6.1.0
7fc8a11de000-7fc8a11df000 rw-p 0000f000 fc:00 9440612                    /usr/lib/x86_64-linux-gnu/libXi.so.6.1.0
7fc8a11df000-7fc8a11e4000 r-xp 00000000 fc:00 9442547                    /usr/lib/x86_64-linux-gnu/libXtst.so.6.1.0
7fc8a11e4000-7fc8a13e3000 ---p 00005000 fc:00 9442547                    /usr/lib/x86_64-linux-gnu/libXtst.so.6.1.0
7fc8a13e3000-7fc8a13e4000 r--p 00004000 fc:00 9442547                    /usr/lib/x86_64-linux-gnu/libXtst.so.6.1.0
7fc8a13e4000-7fc8a13e5000 rw-p 00005000 fc:00 9442547                    /usr/lib/x86_64-linux-gnu/libXtst.so.6.1.0
7fc8a13e5000-7fc8a13ee000 r-xp 00000000 fc:00 9442541                    /usr/lib/x86_64-linux-gnu/libXrender.so.1.3.0
7fc8a13ee000-7fc8a15ed000 ---p 00009000 fc:00 9442541                    /usr/lib/x86_64-linux-gnu/libXrender.so.1.3.0
7fc8a15ed000-7fc8a15ee000 r--p 00008000 fc:00 9442541                    /usr/lib/x86_64-linux-gnu/libXrender.so.1.3.0
7fc8a15ee000-7fc8a15ef000 rw-p 00009000 fc:00 9442541                    /usr/lib/x86_64-linux-gnu/libXrender.so.1.3.0
7fc8a15ef000-7fc8a1724000 r-xp 00000000 fc:00 9446001                    /usr/lib/x86_64-linux-gnu/libX11.so.6.3.0
7fc8a1724000-7fc8a1924000 ---p 00135000 fc:00 9446001                    /usr/lib/x86_64-linux-gnu/libX11.so.6.3.0
7fc8a1924000-7fc8a1925000 r--p 00135000 fc:00 9446001                    /usr/lib/x86_64-linux-gnu/libX11.so.6.3.0
7fc8a1925000-7fc8a1929000 rw-p 00136000 fc:00 9446001                    /usr/lib/x86_64-linux-gnu/libX11.so.6.3.0
7fc8a1929000-7fc8a193a000 r-xp 00000000 fc:00 9442521                    /usr/lib/x86_64-linux-gnu/libXext.so.6.4.0
7fc8a193a000-7fc8a1b39000 ---p 00011000 fc:00 9442521                    /usr/lib/x86_64-linux-gnu/libXext.so.6.4.0
7fc8a1b39000-7fc8a1b3a000 r--p 00010000 fc:00 9442521                    /usr/lib/x86_64-linux-gnu/libXext.so.6.4.0
7fc8a1b3a000-7fc8a1b3b000 rw-p 00011000 fc:00 9442521                    /usr/lib/x86_64-linux-gnu/libXext.so.6.4.0
7fc8a1b3f000-7fc8a1b52000 r--s 00346000 fc:00 13893934                   /usr/lib/jvm/java-8-openjdk-amd64/jre/lib/resources.jar
7fc8a1b52000-7fc8a1ba7000 r-xp 00000000 fc:00 13893907                   /usr/lib/jvm/java-8-openjdk-amd64/jre/lib/amd64/libawt_xawt.so
7fc8a1ba7000-7fc8a1da6000 ---p 00055000 fc:00 13893907                   /usr/lib/jvm/java-8-openjdk-amd64/jre/lib/amd64/libawt_xawt.so
7fc8a1da6000-7fc8a1da7000 r--p 00054000 fc:00 13893907                   /usr/lib/jvm/java-8-openjdk-amd64/jre/lib/amd64/libawt_xawt.so
7fc8a1da7000-7fc8a1daa000 rw-p 00055000 fc:00 13893907                   /usr/lib/jvm/java-8-openjdk-amd64/jre/lib/amd64/libawt_xawt.so
7fc8a1daa000-7fc8a1dab000 rw-p 00000000 00:00 0 
7fc8a1dab000-7fc8a1e4b000 r-xp 00000000 fc:00 13893897                   /usr/lib/jvm/java-8-openjdk-amd64/jre/lib/amd64/libawt.so
7fc8a1e4b000-7fc8a204b000 ---p 000a0000 fc:00 13893897                   /usr/lib/jvm/java-8-openjdk-amd64/jre/lib/amd64/libawt.so
7fc8a204b000-7fc8a204c000 r--p 000a0000 fc:00 13893897                   /usr/lib/jvm/java-8-openjdk-amd64/jre/lib/amd64/libawt.so
7fc8a204c000-7fc8a2057000 rw-p 000a1000 fc:00 13893897                   /usr/lib/jvm/java-8-openjdk-amd64/jre/lib/amd64/libawt.so
7fc8a2057000-7fc8a207c000 rw-p 00000000 00:00 0 
7fc8a207c000-7fc8a207e000 r-xp 00000000 fc:00 6422563                    /tmp/jogamp_0000/file_cache/jln3032575384231541653/jln3849916484873454903/natives/linux-amd64/libgluegen-rt.so
7fc8a207e000-7fc8a227d000 ---p 00002000 fc:00 6422563                    /tmp/jogamp_0000/file_cache/jln3032575384231541653/jln3849916484873454903/natives/linux-amd64/libgluegen-rt.so
7fc8a227d000-7fc8a227e000 rw-p 00001000 fc:00 6422563                    /tmp/jogamp_0000/file_cache/jln3032575384231541653/jln3849916484873454903/natives/linux-amd64/libgluegen-rt.so
7fc8a227e000-7fc8a2281000 ---p 00000000 00:00 0 
7fc8a2281000-7fc8a237f000 rw-p 00000000 00:00 0 
7fc8a237f000-7fc8a2390000 r-xp 00000000 fc:00 13893931                   /usr/lib/jvm/java-8-openjdk-amd64/jre/lib/amd64/libnio.so
7fc8a2390000-7fc8a2590000 ---p 00011000 fc:00 13893931                   /usr/lib/jvm/java-8-openjdk-amd64/jre/lib/amd64/libnio.so
7fc8a2590000-7fc8a2591000 r--p 00011000 fc:00 13893931                   /usr/lib/jvm/java-8-openjdk-amd64/jre/lib/amd64/libnio.so
7fc8a2591000-7fc8a2592000 rw-p 00012000 fc:00 13893931                   /usr/lib/jvm/java-8-openjdk-amd64/jre/lib/amd64/libnio.so
7fc8a2592000-7fc8a25a9000 r-xp 00000000 fc:00 13893900                   /usr/lib/jvm/java-8-openjdk-amd64/jre/lib/amd64/libnet.so
7fc8a25a9000-7fc8a27a8000 ---p 00017000 fc:00 13893900                   /usr/lib/jvm/java-8-openjdk-amd64/jre/lib/amd64/libnet.so
7fc8a27a8000-7fc8a27a9000 r--p 00016000 fc:00 13893900                   /usr/lib/jvm/java-8-openjdk-amd64/jre/lib/amd64/libnet.so
7fc8a27a9000-7fc8a27aa000 rw-p 00017000 fc:00 13893900                   /usr/lib/jvm/java-8-openjdk-amd64/jre/lib/amd64/libnet.so
7fc8a27aa000-7fc8a27ad000 ---p 00000000 00:00 0 
7fc8a27ad000-7fc8a27e3000 rw-p 00000000 00:00 0 
7fc8a27e3000-7fc8a27e4000 ---p 00000000 00:00 0 
7fc8a27e4000-7fc8a28e4000 rw-p 00000000 00:00 0 
7fc8a28e4000-7fc8a28e7000 ---p 00000000 00:00 0 
7fc8a28e7000-7fc8a29e5000 rw-p 00000000 00:00 0 
7fc8a29e5000-7fc8a29e8000 ---p 00000000 00:00 0 
7fc8a29e8000-7fc8a2ae6000 rw-p 00000000 00:00 0 
7fc8a2ae6000-7fc8a2ae9000 ---p 00000000 00:00 0 
7fc8a2ae9000-7fc8a2be7000 rw-p 00000000 00:00 0 
7fc8a2be7000-7fc8a2bea000 ---p 00000000 00:00 0 
7fc8a2bea000-7fc8a2ce8000 rw-p 00000000 00:00 0 
7fc8a2ce8000-7fc8a2ceb000 ---p 00000000 00:00 0 
7fc8a2ceb000-7fc8a2de9000 rw-p 00000000 00:00 0 
7fc8a2de9000-7fc8a31f2000 r--p 00000000 fc:00 9445250                    /usr/lib/locale/locale-archive
7fc8a31f2000-7fc8a31f5000 ---p 00000000 00:00 0 
7fc8a31f5000-7fc8a32f3000 rw-p 00000000 00:00 0 
7fc8a32f3000-7fc8a32f6000 ---p 00000000 00:00 0 
7fc8a32f6000-7fc8a33f4000 rw-p 00000000 00:00 0 
7fc8a33f4000-7fc8a33f5000 ---p 00000000 00:00 0 
7fc8a33f5000-7fc8a4000000 rw-p 00000000 00:00 0 
7fc8a4000000-7fc8a4021000 rw-p 00000000 00:00 0 
7fc8a4021000-7fc8a8000000 ---p 00000000 00:00 0 
7fc8a8006000-7fc8a800a000 rw-s 00000000 00:05 544939                     /drm mm object (deleted)
7fc8a800a000-7fc8a800b000 rwxp 00000000 00:00 0 
7fc8a800f000-7fc8a8010000 r--p 00000000 00:00 0 
7fc8a8010000-7fc8a8015000 r--s 000a0000 fc:00 13893935                   /usr/lib/jvm/java-8-openjdk-amd64/jre/lib/jsse.jar
7fc8a8015000-7fc8a801b000 r--s 00081000 fc:00 17695093                   /home/brobz/.m2/repository/postgresql/postgresql/9.1-901-1.jdbc4/postgresql-9.1-901-1.jdbc4.jar
7fc8a801b000-7fc8a801d000 r--s 00001000 fc:00 17695088                   /home/brobz/.m2/repository/net/mikera/mathz/0.3.0/mathz-0.3.0.jar
7fc8a801d000-7fc8a801e000 r--s 00003000 fc:00 17695087                   /home/brobz/.m2/repository/net/mikera/randomz/0.3.0/randomz-0.3.0.jar
7fc8a801e000-7fc8a8021000 r--s 00013000 fc:00 17695089                   /home/brobz/.m2/repository/us/bpsm/edn-java/0.4.7/edn-java-0.4.7.jar
7fc8a8021000-7fc8a8029000 r--s 000a9000 fc:00 17695092                   /home/brobz/.m2/repository/net/mikera/vectorz/0.66.0/vectorz-0.66.0.jar
7fc8a8029000-7fc8a802a000 r--s 00001000 fc:00 17695082                   /home/brobz/.m2/repository/org/jogamp/gluegen/gluegen-rt/2.3.2/gluegen-rt-2.3.2-natives-windows-i586.jar
7fc8a802a000-7fc8a802b000 r--s 00001000 fc:00 17695081                   /home/brobz/.m2/repository/org/jogamp/gluegen/gluegen-rt/2.3.2/gluegen-rt-2.3.2-natives-windows-amd64.jar
7fc8a802b000-7fc8a802c000 r--s 00000000 fc:00 17695080                   /home/brobz/.m2/repository/org/jogamp/gluegen/gluegen-rt/2.3.2/gluegen-rt-2.3.2-natives-solaris-i586.jar
7fc8a802c000-7fc8a802d000 r--s 00001000 fc:00 17695076                   /home/brobz/.m2/repository/org/jogamp/gluegen/gluegen-rt/2.3.2/gluegen-rt-2.3.2-natives-solaris-amd64.jar
7fc8a802d000-7fc8a802e000 r--s 00001000 fc:00 17695075                   /home/brobz/.m2/repository/org/jogamp/gluegen/gluegen-rt/2.3.2/gluegen-rt-2.3.2-natives-macosx-universal.jar
7fc8a802e000-7fc8a8030000 r--s 00000000 fc:00 17695074                   /home/brobz/.m2/repository/org/jogamp/gluegen/gluegen-rt/2.3.2/gluegen-rt-2.3.2-natives-linux-i586.jar
7fc8a8030000-7fc8a8031000 r--s 00000000 fc:00 17695070                   /home/brobz/.m2/repository/org/jogamp/gluegen/gluegen-rt/2.3.2/gluegen-rt-2.3.2-natives-linux-armv6hf.jar
7fc8a8031000-7fc8a8032000 r--s 00000000 fc:00 17695069                   /home/brobz/.m2/repository/org/jogamp/gluegen/gluegen-rt/2.3.2/gluegen-rt-2.3.2-natives-linux-armv6.jar
7fc8a8032000-7fc8a8034000 r--s 00000000 fc:00 17695063                   /home/brobz/.m2/repository/org/jogamp/gluegen/gluegen-rt/2.3.2/gluegen-rt-2.3.2-natives-linux-amd64.jar
7fc8a8034000-7fc8a8035000 r--s 00001000 fc:00 17695065                   /home/brobz/.m2/repository/org/jogamp/gluegen/gluegen-rt/2.3.2/gluegen-rt-2.3.2-natives-android-armv6.jar
7fc8a8035000-7fc8a8036000 r--s 00000000 fc:00 17695064                   /home/brobz/.m2/repository/org/jogamp/gluegen/gluegen-rt/2.3.2/gluegen-rt-2.3.2-natives-android-aarch64.jar
7fc8a8036000-7fc8a803c000 r--s 0004f000 fc:00 17695073                   /home/brobz/.m2/repository/org/jogamp/gluegen/gluegen-rt/2.3.2/gluegen-rt-2.3.2.jar
7fc8a803c000-7fc8a803d000 r--s 00000000 fc:00 17694964                   /home/brobz/.m2/repository/org/jogamp/gluegen/gluegen-rt-main/2.3.2/gluegen-rt-main-2.3.2.jar
7fc8a803d000-7fc8a803f000 r--s 0000c000 fc:00 17694962                   /home/brobz/.m2/repository/com/esotericsoftware/jsonbeans/0.7/jsonbeans-0.7.jar
7fc8a803f000-7fc8a8041000 r--s 00009000 fc:00 17694960                   /home/brobz/.m2/repository/org/objenesis/objenesis/2.1/objenesis-2.1.jar
7fc8a8041000-7fc8a8043000 r--s 00000000 fc:00 17694958                   /home/brobz/.m2/repository/com/esotericsoftware/minlog/minlog/1.2/minlog-1.2.jar
7fc8a8043000-7fc8a8049000 r--s 0004d000 fc:00 17694956                   /home/brobz/.m2/repository/com/esotericsoftware/kryo/kryo/2.24.0/kryo-2.24.0.jar
7fc8a8049000-7fc8a804b000 r--s 00011000 fc:00 17694954                   /home/brobz/.m2/repository/com/esotericsoftware/kryonet/2.22.0-RC1/kryonet-2.22.0-RC1.jar
7fc8a804b000-7fc8a804d000 r--s 00032000 fc:00 17694953                   /home/brobz/.m2/repository/org/jogamp/jogl/jogl-all/2.3.2/jogl-all-2.3.2-natives-windows-i586.jar
7fc8a804d000-7fc8a804e000 r--s 0003a000 fc:00 17694951                   /home/brobz/.m2/repository/org/jogamp/jogl/jogl-all/2.3.2/jogl-all-2.3.2-natives-windows-amd64.jar
7fc8a804e000-7fc8a804f000 r--s 00027000 fc:00 17694948                   /home/brobz/.m2/repository/org/jogamp/jogl/jogl-all/2.3.2/jogl-all-2.3.2-natives-solaris-i586.jar
7fc8a804f000-7fc8a8050000 r--s 00035000 fc:00 17694945                   /home/brobz/.m2/repository/org/jogamp/jogl/jogl-all/2.3.2/jogl-all-2.3.2-natives-solaris-amd64.jar
7fc8a8050000-7fc8a8051000 r--s 0006c000 fc:00 17694946                   /home/brobz/.m2/repository/org/jogamp/jogl/jogl-all/2.3.2/jogl-all-2.3.2-natives-macosx-universal.jar
7fc8a8051000-7fc8a8053000 r--s 00034000 fc:00 17694941                   /home/brobz/.m2/repository/org/jogamp/jogl/jogl-all/2.3.2/jogl-all-2.3.2-natives-linux-i586.jar
7fc8a8053000-7fc8a8054000 r--s 00028000 fc:00 17694943                   /home/brobz/.m2/repository/org/jogamp/jogl/jogl-all/2.3.2/jogl-all-2.3.2-natives-linux-armv6hf.jar
7fc8a8054000-7fc8a8078000 r--s 0031e000 fc:00 17695059                   /home/brobz/.m2/repository/org/jogamp/jogl/jogl-all/2.3.2/jogl-all-2.3.2.jar
7fc8a8078000-7fc8a807e000 r--s 0003b000 fc:00 13893879                   /usr/lib/jvm/java-8-openjdk-amd64/jre/lib/ext/sunjce_provider.jar
7fc8a807e000-7fc8a8099000 r--s 001d6000 fc:00 13893872                   /usr/lib/jvm/java-8-openjdk-amd64/jre/lib/ext/nashorn.jar
7fc8a8099000-7fc8a80b4000 r--s 00394000 fc:00 13893878                   /usr/lib/jvm/java-8-openjdk-amd64/jre/lib/ext/cldrdata.jar
7fc8a80b4000-7fc8a84d9000 rw-p 00000000 00:00 0 
7fc8a84d9000-7fc8a86a8000 r--s 03c33000 fc:00 13893892                   /usr/lib/jvm/java-8-openjdk-amd64/jre/lib/rt.jar
7fc8a86a8000-7fc8a9000000 rw-p 00000000 00:00 0 
7fc8a9000000-7fc8a9870000 rwxp 00000000 00:00 0 
7fc8a9870000-7fc8b8000000 ---p 00000000 00:00 0 
7fc8b8000000-7fc8b8943000 rw-p 00000000 00:00 0 
7fc8b8943000-7fc8bc000000 ---p 00000000 00:00 0 
7fc8bc000000-7fc8bc001000 r--s 00027000 fc:00 17694938                   /home/brobz/.m2/repository/org/jogamp/jogl/jogl-all/2.3.2/jogl-all-2.3.2-natives-linux-armv6.jar
7fc8bc001000-7fc8bc00b000 r--s 00116000 fc:00 13893881                   /usr/lib/jvm/java-8-openjdk-amd64/jre/lib/ext/localedata.jar
7fc8bc00b000-7fc8bd685000 rw-p 00000000 00:00 0 
7fc8bd685000-7fc8bd686000 ---p 00000000 00:00 0 
7fc8bd686000-7fc8bd786000 rw-p 00000000 00:00 0 
7fc8bd786000-7fc8bd787000 ---p 00000000 00:00 0 
7fc8bd787000-7fc8bd887000 rw-p 00000000 00:00 0 
7fc8bd887000-7fc8bd888000 ---p 00000000 00:00 0 
7fc8bd888000-7fc8bd988000 rw-p 00000000 00:00 0 
7fc8bd988000-7fc8bd989000 ---p 00000000 00:00 0 
7fc8bd989000-7fc8bdaa8000 rw-p 00000000 00:00 0 
7fc8bdaa8000-7fc8bdb6f000 ---p 00000000 00:00 0 
7fc8bdb6f000-7fc8bdb8e000 rw-p 00000000 00:00 0 
7fc8bdb8e000-7fc8bdc54000 ---p 00000000 00:00 0 
7fc8bdc54000-7fc8bdcc6000 rw-p 00000000 00:00 0 
7fc8bdcc6000-7fc8bdcc7000 ---p 00000000 00:00 0 
7fc8bdcc7000-7fc8bdcea000 rw-p 00000000 00:00 0 
7fc8bdcea000-7fc8be088000 ---p 00000000 00:00 0 
7fc8be088000-7fc8be090000 r-xp 00000000 fc:00 13893910                   /usr/lib/jvm/java-8-openjdk-amd64/jre/lib/amd64/libzip.so
7fc8be090000-7fc8be28f000 ---p 00008000 fc:00 13893910                   /usr/lib/jvm/java-8-openjdk-amd64/jre/lib/amd64/libzip.so
7fc8be28f000-7fc8be290000 r--p 00007000 fc:00 13893910                   /usr/lib/jvm/java-8-openjdk-amd64/jre/lib/amd64/libzip.so
7fc8be290000-7fc8be291000 rw-p 00008000 fc:00 13893910                   /usr/lib/jvm/java-8-openjdk-amd64/jre/lib/amd64/libzip.so
7fc8be291000-7fc8be29c000 r-xp 00000000 fc:00 8257717                    /lib/x86_64-linux-gnu/libnss_files-2.23.so
7fc8be29c000-7fc8be49b000 ---p 0000b000 fc:00 8257717                    /lib/x86_64-linux-gnu/libnss_files-2.23.so
7fc8be49b000-7fc8be49c000 r--p 0000a000 fc:00 8257717                    /lib/x86_64-linux-gnu/libnss_files-2.23.so
7fc8be49c000-7fc8be49d000 rw-p 0000b000 fc:00 8257717                    /lib/x86_64-linux-gnu/libnss_files-2.23.so
7fc8be49d000-7fc8be4a3000 rw-p 00000000 00:00 0 
7fc8be4a3000-7fc8be4ae000 r-xp 00000000 fc:00 8257710                    /lib/x86_64-linux-gnu/libnss_nis-2.23.so
7fc8be4ae000-7fc8be6ad000 ---p 0000b000 fc:00 8257710                    /lib/x86_64-linux-gnu/libnss_nis-2.23.so
7fc8be6ad000-7fc8be6ae000 r--p 0000a000 fc:00 8257710                    /lib/x86_64-linux-gnu/libnss_nis-2.23.so
7fc8be6ae000-7fc8be6af000 rw-p 0000b000 fc:00 8257710                    /lib/x86_64-linux-gnu/libnss_nis-2.23.so
7fc8be6af000-7fc8be6c5000 r-xp 00000000 fc:00 8257715                    /lib/x86_64-linux-gnu/libnsl-2.23.so
7fc8be6c5000-7fc8be8c4000 ---p 00016000 fc:00 8257715                    /lib/x86_64-linux-gnu/libnsl-2.23.so
7fc8be8c4000-7fc8be8c5000 r--p 00015000 fc:00 8257715                    /lib/x86_64-linux-gnu/libnsl-2.23.so
7fc8be8c5000-7fc8be8c6000 rw-p 00016000 fc:00 8257715                    /lib/x86_64-linux-gnu/libnsl-2.23.so
7fc8be8c6000-7fc8be8c8000 rw-p 00000000 00:00 0 
7fc8be8c8000-7fc8be8d0000 r-xp 00000000 fc:00 8257721                    /lib/x86_64-linux-gnu/libnss_compat-2.23.so
7fc8be8d0000-7fc8beacf000 ---p 00008000 fc:00 8257721                    /lib/x86_64-linux-gnu/libnss_compat-2.23.so
7fc8beacf000-7fc8bead0000 r--p 00007000 fc:00 8257721                    /lib/x86_64-linux-gnu/libnss_compat-2.23.so
7fc8bead0000-7fc8bead1000 rw-p 00008000 fc:00 8257721                    /lib/x86_64-linux-gnu/libnss_compat-2.23.so
7fc8bead1000-7fc8beafe000 r-xp 00000000 fc:00 13893914                   /usr/lib/jvm/java-8-openjdk-amd64/jre/lib/amd64/libjava.so
7fc8beafe000-7fc8becfd000 ---p 0002d000 fc:00 13893914                   /usr/lib/jvm/java-8-openjdk-amd64/jre/lib/amd64/libjava.so
7fc8becfd000-7fc8becfe000 r--p 0002c000 fc:00 13893914                   /usr/lib/jvm/java-8-openjdk-amd64/jre/lib/amd64/libjava.so
7fc8becfe000-7fc8bed00000 rw-p 0002d000 fc:00 13893914                   /usr/lib/jvm/java-8-openjdk-amd64/jre/lib/amd64/libjava.so
7fc8bed00000-7fc8bed0f000 r-xp 00000000 fc:00 13893919                   /usr/lib/jvm/java-8-openjdk-amd64/jre/lib/amd64/libverify.so
7fc8bed0f000-7fc8bef0e000 ---p 0000f000 fc:00 13893919                   /usr/lib/jvm/java-8-openjdk-amd64/jre/lib/amd64/libverify.so
7fc8bef0e000-7fc8bef10000 r--p 0000e000 fc:00 13893919                   /usr/lib/jvm/java-8-openjdk-amd64/jre/lib/amd64/libverify.so
7fc8bef10000-7fc8bef11000 rw-p 00010000 fc:00 13893919                   /usr/lib/jvm/java-8-openjdk-amd64/jre/lib/amd64/libverify.so
7fc8bef11000-7fc8bef18000 r-xp 00000000 fc:00 8257703                    /lib/x86_64-linux-gnu/librt-2.23.so
7fc8bef18000-7fc8bf117000 ---p 00007000 fc:00 8257703                    /lib/x86_64-linux-gnu/librt-2.23.so
7fc8bf117000-7fc8bf118000 r--p 00006000 fc:00 8257703                    /lib/x86_64-linux-gnu/librt-2.23.so
7fc8bf118000-7fc8bf119000 rw-p 00007000 fc:00 8257703                    /lib/x86_64-linux-gnu/librt-2.23.so
7fc8bf119000-7fc8bf12f000 r-xp 00000000 fc:00 8257739                    /lib/x86_64-linux-gnu/libgcc_s.so.1
7fc8bf12f000-7fc8bf32e000 ---p 00016000 fc:00 8257739                    /lib/x86_64-linux-gnu/libgcc_s.so.1
7fc8bf32e000-7fc8bf32f000 rw-p 00015000 fc:00 8257739                    /lib/x86_64-linux-gnu/libgcc_s.so.1
7fc8bf32f000-7fc8bf437000 r-xp 00000000 fc:00 8257723                    /lib/x86_64-linux-gnu/libm-2.23.so
7fc8bf437000-7fc8bf636000 ---p 00108000 fc:00 8257723                    /lib/x86_64-linux-gnu/libm-2.23.so
7fc8bf636000-7fc8bf637000 r--p 00107000 fc:00 8257723                    /lib/x86_64-linux-gnu/libm-2.23.so
7fc8bf637000-7fc8bf638000 rw-p 00108000 fc:00 8257723                    /lib/x86_64-linux-gnu/libm-2.23.so
7fc8bf638000-7fc8bf7aa000 r-xp 00000000 fc:00 9439213                    /usr/lib/x86_64-linux-gnu/libstdc++.so.6.0.21
7fc8bf7aa000-7fc8bf9aa000 ---p 00172000 fc:00 9439213                    /usr/lib/x86_64-linux-gnu/libstdc++.so.6.0.21
7fc8bf9aa000-7fc8bf9b4000 r--p 00172000 fc:00 9439213                    /usr/lib/x86_64-linux-gnu/libstdc++.so.6.0.21
7fc8bf9b4000-7fc8bf9b6000 rw-p 0017c000 fc:00 9439213                    /usr/lib/x86_64-linux-gnu/libstdc++.so.6.0.21
7fc8bf9b6000-7fc8bf9ba000 rw-p 00000000 00:00 0 
7fc8bf9ba000-7fc8c061b000 r-xp 00000000 fc:00 13893925                   /usr/lib/jvm/java-8-openjdk-amd64/jre/lib/amd64/server/libjvm.so
7fc8c061b000-7fc8c081b000 ---p 00c61000 fc:00 13893925                   /usr/lib/jvm/java-8-openjdk-amd64/jre/lib/amd64/server/libjvm.so
7fc8c081b000-7fc8c08af000 r--p 00c61000 fc:00 13893925                   /usr/lib/jvm/java-8-openjdk-amd64/jre/lib/amd64/server/libjvm.so
7fc8c08af000-7fc8c08d8000 rw-p 00cf5000 fc:00 13893925                   /usr/lib/jvm/java-8-openjdk-amd64/jre/lib/amd64/server/libjvm.so
7fc8c08d8000-7fc8c0908000 rw-p 00000000 00:00 0 
7fc8c0908000-7fc8c0920000 r-xp 00000000 fc:00 8257707                    /lib/x86_64-linux-gnu/libpthread-2.23.so
7fc8c0920000-7fc8c0b1f000 ---p 00018000 fc:00 8257707                    /lib/x86_64-linux-gnu/libpthread-2.23.so
7fc8c0b1f000-7fc8c0b20000 r--p 00017000 fc:00 8257707                    /lib/x86_64-linux-gnu/libpthread-2.23.so
7fc8c0b20000-7fc8c0b21000 rw-p 00018000 fc:00 8257707                    /lib/x86_64-linux-gnu/libpthread-2.23.so
7fc8c0b21000-7fc8c0b25000 rw-p 00000000 00:00 0 
7fc8c0b25000-7fc8c0b28000 r-xp 00000000 fc:00 8257705                    /lib/x86_64-linux-gnu/libdl-2.23.so
7fc8c0b28000-7fc8c0d27000 ---p 00003000 fc:00 8257705                    /lib/x86_64-linux-gnu/libdl-2.23.so
7fc8c0d27000-7fc8c0d28000 r--p 00002000 fc:00 8257705                    /lib/x86_64-linux-gnu/libdl-2.23.so
7fc8c0d28000-7fc8c0d29000 rw-p 00003000 fc:00 8257705                    /lib/x86_64-linux-gnu/libdl-2.23.so
7fc8c0d29000-7fc8c0d42000 r-xp 00000000 fc:00 8257743                    /lib/x86_64-linux-gnu/libz.so.1.2.8
7fc8c0d42000-7fc8c0f41000 ---p 00019000 fc:00 8257743                    /lib/x86_64-linux-gnu/libz.so.1.2.8
7fc8c0f41000-7fc8c0f42000 r--p 00018000 fc:00 8257743                    /lib/x86_64-linux-gnu/libz.so.1.2.8
7fc8c0f42000-7fc8c0f43000 rw-p 00019000 fc:00 8257743                    /lib/x86_64-linux-gnu/libz.so.1.2.8
7fc8c0f43000-7fc8c1103000 r-xp 00000000 fc:00 8257720                    /lib/x86_64-linux-gnu/libc-2.23.so
7fc8c1103000-7fc8c1303000 ---p 001c0000 fc:00 8257720                    /lib/x86_64-linux-gnu/libc-2.23.so
7fc8c1303000-7fc8c1307000 r--p 001c0000 fc:00 8257720                    /lib/x86_64-linux-gnu/libc-2.23.so
7fc8c1307000-7fc8c1309000 rw-p 001c4000 fc:00 8257720                    /lib/x86_64-linux-gnu/libc-2.23.so
7fc8c1309000-7fc8c130d000 rw-p 00000000 00:00 0 
7fc8c130d000-7fc8c131a000 r-xp 00000000 fc:00 13893916                   /usr/lib/jvm/java-8-openjdk-amd64/jre/lib/amd64/jli/libjli.so
7fc8c131a000-7fc8c151a000 ---p 0000d000 fc:00 13893916                   /usr/lib/jvm/java-8-openjdk-amd64/jre/lib/amd64/jli/libjli.so
7fc8c151a000-7fc8c151b000 r--p 0000d000 fc:00 13893916                   /usr/lib/jvm/java-8-openjdk-amd64/jre/lib/amd64/jli/libjli.so
7fc8c151b000-7fc8c151c000 rw-p 0000e000 fc:00 13893916                   /usr/lib/jvm/java-8-openjdk-amd64/jre/lib/amd64/jli/libjli.so
7fc8c151c000-7fc8c1542000 r-xp 00000000 fc:00 8257706                    /lib/x86_64-linux-gnu/ld-2.23.so
7fc8c1542000-7fc8c1543000 r--s 00036000 fc:00 17694937                   /home/brobz/.m2/repository/org/jogamp/jogl/jogl-all/2.3.2/jogl-all-2.3.2-natives-linux-amd64.jar
7fc8c1543000-7fc8c1544000 r--s 0000f000 fc:00 17694934                   /home/brobz/.m2/repository/org/jogamp/jogl/jogl-all/2.3.2/jogl-all-2.3.2-natives-android-armv6.jar
7fc8c1544000-7fc8c1545000 r--s 0000f000 fc:00 17694936                   /home/brobz/.m2/repository/org/jogamp/jogl/jogl-all/2.3.2/jogl-all-2.3.2-natives-android-aarch64.jar
7fc8c1545000-7fc8c1624000 rw-p 00000000 00:00 0 
7fc8c1624000-7fc8c1627000 ---p 00000000 00:00 0 
7fc8c1627000-7fc8c1729000 rw-p 00000000 00:00 0 
7fc8c1729000-7fc8c172a000 r--s 00000000 fc:00 17694933                   /home/brobz/.m2/repository/org/jogamp/jogl/jogl-all-main/2.3.2/jogl-all-main-2.3.2.jar
7fc8c172a000-7fc8c172b000 r--s 0000a000 fc:00 13893877                   /usr/lib/jvm/java-8-openjdk-amd64/jre/lib/ext/jaccess.jar
7fc8c172b000-7fc8c172d000 r--s 00001000 fc:00 13893876                   /usr/lib/jvm/java-8-openjdk-amd64/jre/lib/ext/dnsns.jar
7fc8c172d000-7fc8c1730000 r--s 00038000 fc:00 13893873                   /usr/lib/jvm/java-8-openjdk-amd64/jre/lib/ext/sunpkcs11.jar
7fc8c1730000-7fc8c1733000 r--s 0000f000 fc:00 13893880                   /usr/lib/jvm/java-8-openjdk-amd64/jre/lib/ext/icedtea-sound.jar
7fc8c1733000-7fc8c1735000 r--s 00008000 fc:00 13893874                   /usr/lib/jvm/java-8-openjdk-amd64/jre/lib/ext/sunec.jar
7fc8c1735000-7fc8c1736000 r--s 00010000 fc:00 13893875                   /usr/lib/jvm/java-8-openjdk-amd64/jre/lib/ext/zipfs.jar
7fc8c1736000-7fc8c173e000 rw-s 00000000 fc:00 6422556                    /tmp/hsperfdata_brobz/9389
7fc8c173e000-7fc8c173f000 rw-p 00000000 00:00 0 
7fc8c173f000-7fc8c1740000 r--p 00000000 00:00 0 
7fc8c1740000-7fc8c1741000 rw-p 00000000 00:00 0 
7fc8c1741000-7fc8c1742000 r--p 00025000 fc:00 8257706                    /lib/x86_64-linux-gnu/ld-2.23.so
7fc8c1742000-7fc8c1743000 rw-p 00026000 fc:00 8257706                    /lib/x86_64-linux-gnu/ld-2.23.so
7fc8c1743000-7fc8c1744000 rw-p 00000000 00:00 0 
7ffe85ecc000-7ffe85eee000 rw-p 00000000 00:00 0                          [stack]
7ffe85f07000-7ffe85f0a000 r--p 00000000 00:00 0                          [vvar]
7ffe85f0a000-7ffe85f0c000 r-xp 00000000 00:00 0                          [vdso]
ffffffffff600000-ffffffffff601000 r-xp 00000000 00:00 0                  [vsyscall]

VM Arguments:
java_command: com.BitJunkies.RTS.src.Game
java_class_path (initial): /home/brobz/Desktop/rts/target/classes:/home/brobz/.m2/repository/org/jogamp/jogl/jogl-all-main/2.3.2/jogl-all-main-2.3.2.jar:/home/brobz/.m2/repository/org/jogamp/jogl/jogl-all/2.3.2/jogl-all-2.3.2.jar:/home/brobz/.m2/repository/org/jogamp/jogl/jogl-all/2.3.2/jogl-all-2.3.2-natives-android-aarch64.jar:/home/brobz/.m2/repository/org/jogamp/jogl/jogl-all/2.3.2/jogl-all-2.3.2-natives-android-armv6.jar:/home/brobz/.m2/repository/org/jogamp/jogl/jogl-all/2.3.2/jogl-all-2.3.2-natives-linux-amd64.jar:/home/brobz/.m2/repository/org/jogamp/jogl/jogl-all/2.3.2/jogl-all-2.3.2-natives-linux-armv6.jar:/home/brobz/.m2/repository/org/jogamp/jogl/jogl-all/2.3.2/jogl-all-2.3.2-natives-linux-armv6hf.jar:/home/brobz/.m2/repository/org/jogamp/jogl/jogl-all/2.3.2/jogl-all-2.3.2-natives-linux-i586.jar:/home/brobz/.m2/repository/org/jogamp/jogl/jogl-all/2.3.2/jogl-all-2.3.2-natives-macosx-universal.jar:/home/brobz/.m2/repository/org/jogamp/jogl/jogl-all/2.3.2/jogl-all-2.3.2-natives-solaris-amd64.jar:/home/brobz/.m2/repository/org/jogamp/jogl/jogl-all/2.3.2/jogl-all-2.3.2-natives-solaris-i586.jar:/home/brobz/.m2/repository/org/jogamp/jogl/jogl-all/2.3.2/jogl-all-2.3.2-natives-windows-amd64.jar:/home/brobz/.m2/repository/org/jogamp/jogl/jogl-all/2.3.2/jogl-all-2.3.2-natives-windows-i586.jar:/home/brobz/.m2/repository/com/esotericsoftware/kryonet/2.22.0-RC1/kryonet-2.22.0-RC1.jar:/home/brobz/.m2/repository/com/esotericsoftware/kryo/kryo/2.24.0/kryo-2.24.0.jar:/home/brobz/.m2/repository/com/esotericsoftware/minlog/minlog/1.2/minlog-1.2.jar:/home/brobz/.m2/repository/org/objenesis/objenesis/2.1/objenesis-2.1.jar:/home/brobz/.m2/repository/com/esotericsoftware/jsonbeans/0.7/jsonbeans-0.7.jar:/home/brobz/.m2/repository/org/jogamp/gluegen/gluegen-rt-main/2.3.2/gluegen-rt-main-2.3.2.jar:/home/brobz/.m2/repository/org/jogamp/gluegen/gluegen-rt/2.3.2/gluegen-rt-2.3.2.jar:/home/brobz/.m2/repository/org/jogamp/gluegen/gluegen-rt/2.3.2/gluegen-rt-2.3.2-natives-android-aarc
Launcher Type: SUN_STANDARD

Environment Variables:
JAVA_HOME=/usr/lib/jvm/java-8-openjdk-amd64
PATH=/usr/local/sbin:/usr/local/bin:/usr/sbin:/usr/bin:/sbin:/bin:/usr/games:/usr/local/games:/snap/bin
LD_LIBRARY_PATH=/usr/lib/jvm/java-8-openjdk-amd64/jre/lib/amd64:/usr/lib/jvm/java-8-openjdk-amd64/jre/lib/i386:
SHELL=/bin/bash
DISPLAY=:0.0

Signal Handlers:
SIGSEGV: [libjvm.so+0xa74ca0], sa_mask[0]=11111111011111111101111111111110, sa_flags=SA_RESTART|SA_SIGINFO
SIGBUS: [libjvm.so+0xa74ca0], sa_mask[0]=11111111011111111101111111111110, sa_flags=SA_RESTART|SA_SIGINFO
SIGFPE: [libjvm.so+0x8bbcf0], sa_mask[0]=11111111011111111101111111111110, sa_flags=SA_RESTART|SA_SIGINFO
SIGPIPE: [libjvm.so+0x8bbcf0], sa_mask[0]=11111111011111111101111111111110, sa_flags=SA_RESTART|SA_SIGINFO
SIGXFSZ: [libjvm.so+0x8bbcf0], sa_mask[0]=11111111011111111101111111111110, sa_flags=SA_RESTART|SA_SIGINFO
SIGILL: [libjvm.so+0x8bbcf0], sa_mask[0]=11111111011111111101111111111110, sa_flags=SA_RESTART|SA_SIGINFO
SIGUSR1: SIG_DFL, sa_mask[0]=00000000000000000000000000000000, sa_flags=none
SIGUSR2: [libjvm.so+0x8bbba0], sa_mask[0]=00100000000000000000000000000000, sa_flags=SA_RESTART|SA_SIGINFO
SIGHUP: [libjvm.so+0x8bc230], sa_mask[0]=11111111011111111101111111111110, sa_flags=SA_RESTART|SA_SIGINFO
SIGINT: SIG_IGN, sa_mask[0]=00000000000000000000000000000000, sa_flags=none
SIGTERM: [libjvm.so+0x8bc230], sa_mask[0]=11111111011111111101111111111110, sa_flags=SA_RESTART|SA_SIGINFO
SIGQUIT: [libjvm.so+0x8bc230], sa_mask[0]=11111111011111111101111111111110, sa_flags=SA_RESTART|SA_SIGINFO


---------------  S Y S T E M  ---------------

OS:DISTRIB_ID=Ubuntu
DISTRIB_RELEASE=16.04
DISTRIB_CODENAME=xenial
DISTRIB_DESCRIPTION="Ubuntu 16.04.6 LTS"

uname:Linux 4.4.0-146-generic #172-Ubuntu SMP Wed Apr 3 09:00:08 UTC 2019 x86_64
libc:glibc 2.23 NPTL 2.23 
rlimit: STACK 8192k, CORE 0k, NPROC 10815, NOFILE 1048576, AS infinity
load average:1.66 1.11 0.77

/proc/meminfo:
MemTotal:        2812364 kB
MemFree:          783420 kB
MemAvailable:     771628 kB
Buffers:            5756 kB
Cached:           131624 kB
SwapCached:         9464 kB
Active:          1833108 kB
Inactive:          47860 kB
Active(anon):    1782912 kB
Inactive(anon):     9492 kB
Active(file):      50196 kB
Inactive(file):    38368 kB
Unevictable:          64 kB
Mlocked:              64 kB
SwapTotal:       2871292 kB
SwapFree:        2739100 kB
Dirty:               508 kB
Writeback:             0 kB
AnonPages:       1743476 kB
Mapped:           105656 kB
Shmem:             48716 kB
Slab:              76964 kB
SReclaimable:      44504 kB
SUnreclaim:        32460 kB
KernelStack:        7424 kB
PageTables:        27760 kB
NFS_Unstable:          0 kB
Bounce:                0 kB
WritebackTmp:          0 kB
CommitLimit:     4277472 kB
Committed_AS:    3603064 kB
VmallocTotal:   34359738367 kB
VmallocUsed:           0 kB
VmallocChunk:          0 kB
HardwareCorrupted:     0 kB
AnonHugePages:         0 kB
CmaTotal:              0 kB
CmaFree:               0 kB
HugePages_Total:       0
HugePages_Free:        0
HugePages_Rsvd:        0
HugePages_Surp:        0
Hugepagesize:       2048 kB
DirectMap4k:      113872 kB
DirectMap2M:     2760704 kB

container (cgroup) information:
container_type: cgroupv1
cpu_cpuset_cpus: 0-3
cpu_memory_nodes: 0
active_processor_count: 4
cpu_quota: -1
cpu_period: 100000
cpu_shares: -1
memory_limit_in_bytes: -1
memory_and_swap_limit_in_bytes: -2
memory_soft_limit_in_bytes: -1
memory_usage_in_bytes: 1926508544
memory_max_usage_in_bytes: 0


CPU:total 4 (initial active 4) (2 cores per cpu, 2 threads per core) family 6 model 37 stepping 5, cmov, cx8, fxsr, mmx, sse, sse2, sse3, ssse3, sse4.1, sse4.2, popcnt, ht, tsc, tscinvbit

/proc/cpuinfo:
processor	: 0
vendor_id	: GenuineIntel
cpu family	: 6
model		: 37
model name	: Intel(R) Core(TM) i3 CPU       M 380  @ 2.53GHz
stepping	: 5
microcode	: 0x7
cpu MHz		: 933.000
cache size	: 3072 KB
physical id	: 0
siblings	: 4
core id		: 0
cpu cores	: 2
apicid		: 0
initial apicid	: 0
fpu		: yes
fpu_exception	: yes
cpuid level	: 11
wp		: yes
flags		: fpu vme de pse tsc msr pae mce cx8 apic sep mtrr pge mca cmov pat pse36 clflush dts acpi mmx fxsr sse sse2 ss ht tm pbe syscall nx rdtscp lm constant_tsc arch_perfmon pebs bts rep_good nopl xtopology nonstop_tsc aperfmperf pni dtes64 monitor ds_cpl vmx est tm2 ssse3 cx16 xtpr pdcm pcid sse4_1 sse4_2 popcnt lahf_lm ssbd ibrs ibpb stibp kaiser tpr_shadow vnmi flexpriority ept vpid dtherm arat flush_l1d
bugs		: cpu_meltdown spectre_v1 spectre_v2 spec_store_bypass l1tf
bogomips	: 5053.78
clflush size	: 64
cache_alignment	: 64
address sizes	: 36 bits physical, 48 bits virtual
power management:

processor	: 1
vendor_id	: GenuineIntel
cpu family	: 6
model		: 37
model name	: Intel(R) Core(TM) i3 CPU       M 380  @ 2.53GHz
stepping	: 5
microcode	: 0x7
cpu MHz		: 933.000
cache size	: 3072 KB
physical id	: 0
siblings	: 4
core id		: 0
cpu cores	: 2
apicid		: 1
initial apicid	: 1
fpu		: yes
fpu_exception	: yes
cpuid level	: 11
wp		: yes
flags		: fpu vme de pse tsc msr pae mce cx8 apic sep mtrr pge mca cmov pat pse36 clflush dts acpi mmx fxsr sse sse2 ss ht tm pbe syscall nx rdtscp lm constant_tsc arch_perfmon pebs bts rep_good nopl xtopology nonstop_tsc aperfmperf pni dtes64 monitor ds_cpl vmx est tm2 ssse3 cx16 xtpr pdcm pcid sse4_1 sse4_2 popcnt lahf_lm ssbd ibrs ibpb stibp kaiser tpr_shadow vnmi flexpriority ept vpid dtherm arat flush_l1d
bugs		: cpu_meltdown spectre_v1 spectre_v2 spec_store_bypass l1tf
bogomips	: 5053.78
clflush size	: 64
cache_alignment	: 64
address sizes	: 36 bits physical, 48 bits virtual
power management:

processor	: 2
vendor_id	: GenuineIntel
cpu family	: 6
model		: 37
model name	: Intel(R) Core(TM) i3 CPU       M 380  @ 2.53GHz
stepping	: 5
microcode	: 0x7
cpu MHz		: 2533.000
cache size	: 3072 KB
physical id	: 0
siblings	: 4
core id		: 2
cpu cores	: 2
apicid		: 4
initial apicid	: 4
fpu		: yes
fpu_exception	: yes
cpuid level	: 11
wp		: yes
flags		: fpu vme de pse tsc msr pae mce cx8 apic sep mtrr pge mca cmov pat pse36 clflush dts acpi mmx fxsr sse sse2 ss ht tm pbe syscall nx rdtscp lm constant_tsc arch_perfmon pebs bts rep_good nopl xtopology nonstop_tsc aperfmperf pni dtes64 monitor ds_cpl vmx est tm2 ssse3 cx16 xtpr pdcm pcid sse4_1 sse4_2 popcnt lahf_lm ssbd ibrs ibpb stibp kaiser tpr_shadow vnmi flexpriority ept vpid dtherm arat flush_l1d
bugs		: cpu_meltdown spectre_v1 spectre_v2 spec_store_bypass l1tf
bogomips	: 5053.78
clflush size	: 64
cache_alignment	: 64
address sizes	: 36 bits physical, 48 bits virtual
power management:

processor	: 3
vendor_id	: GenuineIntel
cpu family	: 6
model		: 37
model name	: Intel(R) Core(TM) i3 CPU       M 380  @ 2.53GHz
stepping	: 5
microcode	: 0x7
cpu MHz		: 2533.000
cache size	: 3072 KB
physical id	: 0
siblings	: 4
core id		: 2
cpu cores	: 2
apicid		: 5
initial apicid	: 5
fpu		: yes
fpu_exception	: yes
cpuid level	: 11
wp		: yes
flags		: fpu vme de pse tsc msr pae mce cx8 apic sep mtrr pge mca cmov pat pse36 clflush dts acpi mmx fxsr sse sse2 ss ht tm pbe syscall nx rdtscp lm constant_tsc arch_perfmon pebs bts rep_good nopl xtopology nonstop_tsc aperfmperf pni dtes64 monitor ds_cpl vmx est tm2 ssse3 cx16 xtpr pdcm pcid sse4_1 sse4_2 popcnt lahf_lm ssbd ibrs ibpb stibp kaiser tpr_shadow vnmi flexpriority ept vpid dtherm arat flush_l1d
bugs		: cpu_meltdown spectre_v1 spectre_v2 spec_store_bypass l1tf
bogomips	: 5053.78
clflush size	: 64
cache_alignment	: 64
address sizes	: 36 bits physical, 48 bits virtual
power management:



Memory: 4k page, physical 2812364k(783420k free), swap 2871292k(2739100k free)

vm_info: OpenJDK 64-Bit Server VM (25.191-b12) for linux-amd64 JRE (1.8.0_191-8u191-b12-2ubuntu0.16.04.1-b12), built on Jan 14 2019 21:59:52 by "buildd" with gcc 5.4.0 20160609

time: Wed May  1 19:38:37 2019
elapsed time: 160 seconds (0d 0h 2m 40s)

