#
# A fatal error has been detected by the Java Runtime Environment:
#
#  SIGSEGV (0xb) at pc=0x00007fd3ab48e360, pid=8136, tid=0x00007fd38f5d6700
#
# JRE version: OpenJDK Runtime Environment (8.0_191-b12) (build 1.8.0_191-8u191-b12-2ubuntu0.16.04.1-b12)
# Java VM: OpenJDK 64-Bit Server VM (25.191-b12 mixed mode linux-amd64 compressed oops)
# Problematic frame:
# C  [libxcb.so.1+0xa360]  xcb_writev+0x0
#
# Failed to write core dump. Core dumps have been disabled. To enable core dumping, try "ulimit -c unlimited" before starting Java again
#
# If you would like to submit a bug report, please visit:
#   http://bugreport.java.com/bugreport/crash.jsp
# The crash happened outside the Java Virtual Machine in native code.
# See problematic frame for where to report the bug.
#

---------------  T H R E A D  ---------------

Current thread (0x00007fd3fc8fa800):  JavaThread "main-Display-.x11_:0.0-1-EDT-1" daemon [_thread_in_native, id=8166, stack(0x00007fd38f4d6000,0x00007fd38f5d7000)]

siginfo: si_signo: 11 (SIGSEGV), si_code: 1 (SEGV_MAPERR), si_addr: 0x0000000000000000

Registers:
RAX=0x00007fd3abfff6e4, RBX=0x0000000000000000, RCX=0x0000000000000003, RDX=0x0000000000000003
RSP=0x00007fd38f5d3948, RBP=0x0000000000000000, RSI=0x00007fd38f5d3960, RDI=0x0000000000000000
R8 =0x00007fd3a97c1518, R9 =0x000000000000000c, R10=0x000000000000000b, R11=0x00007fd3ecd06860
R12=0x00007fd38f5d3960, R13=0x00007fd3a97ac550, R14=0x00007fd3840019a0, R15=0x0000000000000000
RIP=0x00007fd3ab48e360, EFLAGS=0x0000000000010246, CSGSFS=0x34ff000000000033, ERR=0x0000000000000004
  TRAPNO=0x000000000000000e

Top of Stack: (sp=0x00007fd38f5d3948)
0x00007fd38f5d3948:   00007fd3abd0354e 0000000000000000
0x00007fd38f5d3958:   0000000000000003 00007fd384007ea0
0x00007fd38f5d3968:   0000000000000014 0000000000000000
0x00007fd38f5d3978:   0000000000000000 00007fd3abfff6e4
0x00007fd38f5d3988:   0000000000000000 00007fd38f5d3ad0
0x00007fd38f5d3998:   34fff08d44f66e00 0000000002e00002
0x00007fd38f5d39a8:   00007fd3840019a0 0000000000000001
0x00007fd38f5d39b8:   0000000000000000 00007fd3a97ac550
0x00007fd38f5d39c8:   00007fd38f5d3c48 0000000000000000
0x00007fd38f5d39d8:   00007fd3abd03a42 01007fd38f5d39f0
0x00007fd38f5d39e8:   00007fd38f5d3a50 0000000000000000
0x00007fd38f5d39f8:   0000000100000000 00007fd38f5d3ad0
0x00007fd38f5d3a08:   34fff08d44f66e00 00007fd384022740
0x00007fd38f5d3a18:   00007fd3840019a0 0000000000000001
0x00007fd38f5d3a28:   0000000000000000 00007fd3a97ac550
0x00007fd38f5d3a38:   00007fd38f5d3c48 00007fd3fc8fa800
0x00007fd38f5d3a48:   00007fd3abcff52d 00007fd38f5d3b70
0x00007fd38f5d3a58:   00007fd3a97ac550 00007fd3840019a0
0x00007fd38f5d3a68:   0000000002e00001 0000000000000000
0x00007fd38f5d3a78:   34fff08d44f66e00 00007fd38f5d3b70
0x00007fd38f5d3a88:   00007fd3a97ac550 00007fd38f5d3b70
0x00007fd38f5d3a98:   00007fd38f9e981d 00007fd48de5a580
0x00007fd38f5d3aa8:   0000005900000093 00007fd384022740
0x00007fd38f5d3ab8:   00007fd3840019a0 00007fd38f5d3c48
0x00007fd38f5d3ac8:   00007fd3fc8fa9e0 0000000000000000
0x00007fd38f5d3ad8:   000002bc000004b0 0000001800000000
0x00007fd38f5d3ae8:   00007fd38400c168 00000000000000b0
0x00007fd38f5d3af8:   0000000000000001 0000000000000001
0x00007fd38f5d3b08:   0000000000000000 0000000000000000
0x00007fd38f5d3b18:   0000000000000000 0000000002e00001
0x00007fd38f5d3b28:   0000000000000001 0000000000420000
0x00007fd38f5d3b38:   0000000000000000 000000000000200c 

Instructions: (pc=0x00007fd3ab48e360)
0x00007fd3ab48e340:   e8 9b 11 00 00 48 83 c4 10 89 d8 5b 5d 41 5c 41
0x00007fd3ab48e350:   5d 41 5e c3 66 90 66 2e 0f 1f 84 00 00 00 00 00
0x00007fd3ab48e360:   8b 07 85 c0 74 0a 31 c0 c3 0f 1f 80 00 00 00 00
0x00007fd3ab48e370:   41 56 4c 8d 77 18 41 55 41 54 55 49 89 cd 53 48 

Register to memory mapping:

RAX=0x00007fd3abfff6e4: <offset 0x3396e4> in /usr/lib/x86_64-linux-gnu/libX11.so.6 at 0x00007fd3abcc6000
RBX=0x0000000000000000 is an unknown value
RCX=0x0000000000000003 is an unknown value
RDX=0x0000000000000003 is an unknown value
RSP=0x00007fd38f5d3948 is pointing into the stack for thread: 0x00007fd3fc8fa800
RBP=0x0000000000000000 is an unknown value
RSI=0x00007fd38f5d3960 is pointing into the stack for thread: 0x00007fd3fc8fa800
RDI=0x0000000000000000 is an unknown value
R8 ={method} {0x00007fd3a97c1518} 'windowDestroyNotify' '(Z)Z' in 'jogamp/newt/WindowImpl'
R9 =0x000000000000000c is an unknown value
R10=0x000000000000000b is an unknown value
R11=0x00007fd3ecd06860 is at entry_point+32 in (nmethod*)0x00007fd3ecd066d0
R12=0x00007fd38f5d3960 is pointing into the stack for thread: 0x00007fd3fc8fa800
R13={method} {0x00007fd3a97ac550} 'CloseWindow0' '(JJII)V' in 'jogamp/newt/driver/x11/WindowDriver'
R14=0x00007fd3840019a0 is an unknown value
R15=0x0000000000000000 is an unknown value


Stack: [0x00007fd38f4d6000,0x00007fd38f5d7000],  sp=0x00007fd38f5d3948,  free space=1014k
Native frames: (J=compiled Java code, j=interpreted, Vv=VM code, C=native code)
C  [libxcb.so.1+0xa360]  xcb_writev+0x0

Java frames: (J=compiled Java code, j=interpreted, Vv=VM code)
j  jogamp.newt.driver.x11.WindowDriver.CloseWindow0(JJII)V+0
j  jogamp.newt.driver.x11.WindowDriver.closeNativeImpl()V+58
j  jogamp.newt.WindowImpl$1.run()V+311
j  jogamp.newt.WindowImpl.runOnEDTIfAvail(ZLjava/lang/Runnable;)V+16
j  jogamp.newt.WindowImpl.destroy()V+16
j  com.jogamp.newt.opengl.GLWindow.destroy()V+4
j  jogamp.opengl.GLAutoDrawableBase.destroyAvoidAwareOfLocking()V+71
j  jogamp.opengl.GLAutoDrawableBase.defaultWindowDestroyNotifyOp()V+43
j  com.jogamp.newt.opengl.GLWindow.access$000(Lcom/jogamp/newt/opengl/GLWindow;)V+1
j  com.jogamp.newt.opengl.GLWindow$1.run()V+4
j  jogamp.newt.WindowImpl.windowDestroyNotify(Z)Z+147
v  ~StubRoutines::call_stub
j  jogamp.newt.driver.x11.WindowDriver.CloseWindow0(JJII)V+0
j  jogamp.newt.driver.x11.WindowDriver.closeNativeImpl()V+58
j  jogamp.newt.WindowImpl$1.run()V+311
j  jogamp.newt.WindowImpl.runOnEDTIfAvail(ZLjava/lang/Runnable;)V+16
j  jogamp.newt.WindowImpl.destroy()V+16
j  com.jogamp.newt.opengl.GLWindow.destroy()V+4
j  jogamp.opengl.GLAutoDrawableBase.destroyAvoidAwareOfLocking()V+71
j  jogamp.opengl.GLAutoDrawableBase.defaultWindowDestroyNotifyOp()V+43
j  com.jogamp.newt.opengl.GLWindow.access$000(Lcom/jogamp/newt/opengl/GLWindow;)V+1
j  com.jogamp.newt.opengl.GLWindow$1.run()V+4
j  jogamp.newt.WindowImpl.windowDestroyNotify(Z)Z+147
v  ~StubRoutines::call_stub
j  jogamp.newt.driver.x11.WindowDriver.CloseWindow0(JJII)V+0
j  jogamp.newt.driver.x11.WindowDriver.closeNativeImpl()V+58
j  jogamp.newt.WindowImpl$1.run()V+311
j  com.jogamp.common.util.RunnableTask.run()V+198
j  jogamp.newt.DefaultEDTUtil$NEDT.run()V+221
v  ~StubRoutines::call_stub

---------------  P R O C E S S  ---------------

Java Threads: ( => current thread )
  0x00007fd3fc00c800 JavaThread "DestroyJavaVM" [_thread_blocked, id=8140, stack(0x00007fd402dea000,0x00007fd402eeb000)]
  0x00007fd3fc4b5000 JavaThread "GameLoop" [_thread_blocked, id=8169, stack(0x00007fd38dc94000,0x00007fd38dd95000)]
  0x00007fd385ceb000 JavaThread "Thread-3" daemon [_thread_in_native, id=8168, stack(0x00007fd3a9d3a000,0x00007fd3a9e3b000)]
  0x00007fd385cc7800 JavaThread "Server" daemon [_thread_in_native, id=8167, stack(0x00007fd3a9c39000,0x00007fd3a9d3a000)]
=>0x00007fd3fc8fa800 JavaThread "main-Display-.x11_:0.0-1-EDT-1" daemon [_thread_in_native, id=8166, stack(0x00007fd38f4d6000,0x00007fd38f5d7000)]
  0x00007fd3fc6cd800 JavaThread "main-SharedResourceRunner" daemon [_thread_blocked, id=8165, stack(0x00007fd3952b3000,0x00007fd3953b4000)]
  0x00007fd3fc5b7800 JavaThread "main-SharedResourceRunner" daemon [_thread_blocked, id=8164, stack(0x00007fd3a8035000,0x00007fd3a8136000)]
  0x00007fd3fc49f800 JavaThread "AWT-XAWT" daemon [_thread_in_native, id=8161, stack(0x00007fd3aa445000,0x00007fd3aa546000)]
  0x00007fd3fc477000 JavaThread "Java2D Disposer" daemon [_thread_blocked, id=8160, stack(0x00007fd3d8a52000,0x00007fd3d8b53000)]
  0x00007fd3fc0c2800 JavaThread "Service Thread" daemon [_thread_blocked, id=8152, stack(0x00007fd3e8151000,0x00007fd3e8252000)]
  0x00007fd3fc0bf800 JavaThread "C1 CompilerThread2" daemon [_thread_blocked, id=8151, stack(0x00007fd3e8252000,0x00007fd3e8353000)]
  0x00007fd3fc0bd800 JavaThread "C2 CompilerThread1" daemon [_thread_blocked, id=8150, stack(0x00007fd3e8353000,0x00007fd3e8454000)]
  0x00007fd3fc0ba800 JavaThread "C2 CompilerThread0" daemon [_thread_blocked, id=8149, stack(0x00007fd3e8454000,0x00007fd3e8555000)]
  0x00007fd3fc0b9000 JavaThread "Signal Dispatcher" daemon [_thread_blocked, id=8148, stack(0x00007fd3e8555000,0x00007fd3e8656000)]
  0x00007fd3fc086000 JavaThread "Finalizer" daemon [_thread_blocked, id=8147, stack(0x00007fd3e8a5f000,0x00007fd3e8b60000)]
  0x00007fd3fc083800 JavaThread "Reference Handler" daemon [_thread_blocked, id=8146, stack(0x00007fd3e8b60000,0x00007fd3e8c61000)]

Other Threads:
  0x00007fd3fc079800 VMThread [stack: 0x00007fd3e8c61000,0x00007fd3e8d62000] [id=8145]
  0x00007fd3fc0c5000 WatcherThread [stack: 0x00007fd3e8050000,0x00007fd3e8151000] [id=8153]

VM state:not at safepoint (normal execution)

VM Mutex/Monitor currently owned by a thread: None

Heap:
 PSYoungGen      total 82432K, used 4076K [0x00000000f1b00000, 0x00000000f7680000, 0x0000000100000000)
  eden space 78336K, 4% used [0x00000000f1b00000,0x00000000f1e13100,0x00000000f6780000)
  from space 4096K, 22% used [0x00000000f7280000,0x00000000f7368010,0x00000000f7680000)
  to   space 7680K, 0% used [0x00000000f6780000,0x00000000f6780000,0x00000000f6f00000)
 ParOldGen       total 54784K, used 28627K [0x00000000d5000000, 0x00000000d8580000, 0x00000000f1b00000)
  object space 54784K, 52% used [0x00000000d5000000,0x00000000d6bf4fc0,0x00000000d8580000)
 Metaspace       used 18832K, capacity 19078K, committed 19328K, reserved 1067008K
  class space    used 1820K, capacity 1898K, committed 1920K, reserved 1048576K

Card table byte_map: [0x00007fd3ec2a7000,0x00007fd3ec400000] byte_map_base: 0x00007fd3ebbff000

Marking Bits: (ParMarkBitMap*) 0x00007fd4020b1520
 Begin Bits: [0x00007fd3ea83d000, 0x00007fd3eb2fd000)
 End Bits:   [0x00007fd3eb2fd000, 0x00007fd3ebdbd000)

Polling page: 0x00007fd402f05000

CodeCache: size=245760Kb used=8107Kb max_used=8373Kb free=237652Kb
 bounds [0x00007fd3ec7c0000, 0x00007fd3ed000000, 0x00007fd3fb7c0000]
 total_blobs=3031 nmethods=2072 adapters=875
 compilation: enabled

Compilation events (10 events):
Event: 127.118 Thread 0x00007fd3fc0bf800 2256       3       com.BitJunkies.RTS.src.MenuWorker::createCastle (31 bytes)
Event: 127.118 Thread 0x00007fd3fc0bf800 nmethod 2256 0x00007fd3ecb393d0 code [0x00007fd3ecb39580, 0x00007fd3ecb39768]
Event: 127.657 Thread 0x00007fd3fc0bf800 2257       3       com.BitJunkies.RTS.src.GridMap::getBestRoute (565 bytes)
Event: 127.664 Thread 0x00007fd3fc0bf800 nmethod 2257 0x00007fd3ecff5750 code [0x00007fd3ecff5e20, 0x00007fd3ecffa0c8]
Event: 127.787 Thread 0x00007fd3fc0bd800 2258       4       com.BitJunkies.RTS.src.GridMap::getBestRoute (565 bytes)
Event: 127.900 Thread 0x00007fd3fc0bd800 nmethod 2258 0x00007fd3ecae9b50 code [0x00007fd3ecae9ec0, 0x00007fd3ecaec308]
Event: 128.371 Thread 0x00007fd3fc0ba800 2259       4       com.jogamp.common.util.Bitfield$Util::bitCount (49 bytes)
Event: 128.371 Thread 0x00007fd3fc0ba800 nmethod 2259 0x00007fd3ec8fad90 code [0x00007fd3ec8faec0, 0x00007fd3ec8faf58]
Event: 135.535 Thread 0x00007fd3fc0bf800 2260       1       com.esotericsoftware.kryonet.KryoSerialization::getLengthLength (2 bytes)
Event: 135.536 Thread 0x00007fd3fc0bf800 nmethod 2260 0x00007fd3ecac6950 code [0x00007fd3ecac6aa0, 0x00007fd3ecac6bb0]

GC Heap History (10 events):
Event: 123.929 GC heap before
{Heap before GC invocations=33 (full 1):
 PSYoungGen      total 96256K, used 96128K [0x00000000f1b00000, 0x00000000f8b00000, 0x0000000100000000)
  eden space 95232K, 100% used [0x00000000f1b00000,0x00000000f7800000,0x00000000f7800000)
  from space 1024K, 87% used [0x00000000f7c00000,0x00000000f7ce0010,0x00000000f7d00000)
  to   space 9728K, 0% used [0x00000000f8180000,0x00000000f8180000,0x00000000f8b00000)
 ParOldGen       total 54784K, used 28371K [0x00000000d5000000, 0x00000000d8580000, 0x00000000f1b00000)
  object space 54784K, 51% used [0x00000000d5000000,0x00000000d6bb4fc0,0x00000000d8580000)
 Metaspace       used 18825K, capacity 19014K, committed 19328K, reserved 1067008K
  class space    used 1819K, capacity 1898K, committed 1920K, reserved 1048576K
Event: 123.932 GC heap after
Heap after GC invocations=33 (full 1):
 PSYoungGen      total 96768K, used 928K [0x00000000f1b00000, 0x00000000f8680000, 0x0000000100000000)
  eden space 91648K, 0% used [0x00000000f1b00000,0x00000000f1b00000,0x00000000f7480000)
  from space 5120K, 18% used [0x00000000f8180000,0x00000000f8268010,0x00000000f8680000)
  to   space 9216K, 0% used [0x00000000f7480000,0x00000000f7480000,0x00000000f7d80000)
 ParOldGen       total 54784K, used 28427K [0x00000000d5000000, 0x00000000d8580000, 0x00000000f1b00000)
  object space 54784K, 51% used [0x00000000d5000000,0x00000000d6bc2fc0,0x00000000d8580000)
 Metaspace       used 18825K, capacity 19014K, committed 19328K, reserved 1067008K
  class space    used 1819K, capacity 1898K, committed 1920K, reserved 1048576K
}
Event: 127.324 GC heap before
{Heap before GC invocations=34 (full 1):
 PSYoungGen      total 96768K, used 92576K [0x00000000f1b00000, 0x00000000f8680000, 0x0000000100000000)
  eden space 91648K, 100% used [0x00000000f1b00000,0x00000000f7480000,0x00000000f7480000)
  from space 5120K, 18% used [0x00000000f8180000,0x00000000f8268010,0x00000000f8680000)
  to   space 9216K, 0% used [0x00000000f7480000,0x00000000f7480000,0x00000000f7d80000)
 ParOldGen       total 54784K, used 28427K [0x00000000d5000000, 0x00000000d8580000, 0x00000000f1b00000)
  object space 54784K, 51% used [0x00000000d5000000,0x00000000d6bc2fc0,0x00000000d8580000)
 Metaspace       used 18828K, capacity 19078K, committed 19328K, reserved 1067008K
  class space    used 1819K, capacity 1898K, committed 1920K, reserved 1048576K
Event: 127.331 GC heap after
Heap after GC invocations=34 (full 1):
 PSYoungGen      total 89088K, used 864K [0x00000000f1b00000, 0x00000000f8300000, 0x0000000100000000)
  eden space 88064K, 0% used [0x00000000f1b00000,0x00000000f1b00000,0x00000000f7100000)
  from space 1024K, 84% used [0x00000000f7480000,0x00000000f7558010,0x00000000f7580000)
  to   space 9216K, 0% used [0x00000000f7a00000,0x00000000f7a00000,0x00000000f8300000)
 ParOldGen       total 54784K, used 28475K [0x00000000d5000000, 0x00000000d8580000, 0x00000000f1b00000)
  object space 54784K, 51% used [0x00000000d5000000,0x00000000d6bcefc0,0x00000000d8580000)
 Metaspace       used 18828K, capacity 19078K, committed 19328K, reserved 1067008K
  class space    used 1819K, capacity 1898K, committed 1920K, reserved 1048576K
}
Event: 131.217 GC heap before
{Heap before GC invocations=35 (full 1):
 PSYoungGen      total 89088K, used 88928K [0x00000000f1b00000, 0x00000000f8300000, 0x0000000100000000)
  eden space 88064K, 100% used [0x00000000f1b00000,0x00000000f7100000,0x00000000f7100000)
  from space 1024K, 84% used [0x00000000f7480000,0x00000000f7558010,0x00000000f7580000)
  to   space 9216K, 0% used [0x00000000f7a00000,0x00000000f7a00000,0x00000000f8300000)
 ParOldGen       total 54784K, used 28475K [0x00000000d5000000, 0x00000000d8580000, 0x00000000f1b00000)
  object space 54784K, 51% used [0x00000000d5000000,0x00000000d6bcefc0,0x00000000d8580000)
 Metaspace       used 18828K, capacity 19078K, committed 19328K, reserved 1067008K
  class space    used 1819K, capacity 1898K, committed 1920K, reserved 1048576K
Event: 131.221 GC heap after
Heap after GC invocations=35 (full 1):
 PSYoungGen      total 89088K, used 832K [0x00000000f1b00000, 0x00000000f7e80000, 0x0000000100000000)
  eden space 84480K, 0% used [0x00000000f1b00000,0x00000000f1b00000,0x00000000f6d80000)
  from space 4608K, 18% used [0x00000000f7a00000,0x00000000f7ad0010,0x00000000f7e80000)
  to   space 8704K, 0% used [0x00000000f6d80000,0x00000000f6d80000,0x00000000f7600000)
 ParOldGen       total 54784K, used 28531K [0x00000000d5000000, 0x00000000d8580000, 0x00000000f1b00000)
  object space 54784K, 52% used [0x00000000d5000000,0x00000000d6bdcfc0,0x00000000d8580000)
 Metaspace       used 18828K, capacity 19078K, committed 19328K, reserved 1067008K
  class space    used 1819K, capacity 1898K, committed 1920K, reserved 1048576K
}
Event: 136.843 GC heap before
{Heap before GC invocations=36 (full 1):
 PSYoungGen      total 89088K, used 85312K [0x00000000f1b00000, 0x00000000f7e80000, 0x0000000100000000)
  eden space 84480K, 100% used [0x00000000f1b00000,0x00000000f6d80000,0x00000000f6d80000)
  from space 4608K, 18% used [0x00000000f7a00000,0x00000000f7ad0010,0x00000000f7e80000)
  to   space 8704K, 0% used [0x00000000f6d80000,0x00000000f6d80000,0x00000000f7600000)
 ParOldGen       total 54784K, used 28531K [0x00000000d5000000, 0x00000000d8580000, 0x00000000f1b00000)
  object space 54784K, 52% used [0x00000000d5000000,0x00000000d6bdcfc0,0x00000000d8580000)
 Metaspace       used 18828K, capacity 19078K, committed 19328K, reserved 1067008K
  class space    used 1819K, capacity 1898K, committed 1920K, reserved 1048576K
Event: 136.847 GC heap after
Heap after GC invocations=36 (full 1):
 PSYoungGen      total 82432K, used 928K [0x00000000f1b00000, 0x00000000f7a80000, 0x0000000100000000)
  eden space 81408K, 0% used [0x00000000f1b00000,0x00000000f1b00000,0x00000000f6a80000)
  from space 1024K, 90% used [0x00000000f6d80000,0x00000000f6e68010,0x00000000f6e80000)
  to   space 8192K, 0% used [0x00000000f7280000,0x00000000f7280000,0x00000000f7a80000)
 ParOldGen       total 54784K, used 28579K [0x00000000d5000000, 0x00000000d8580000, 0x00000000f1b00000)
  object space 54784K, 52% used [0x00000000d5000000,0x00000000d6be8fc0,0x00000000d8580000)
 Metaspace       used 18828K, capacity 19078K, committed 19328K, reserved 1067008K
  class space    used 1819K, capacity 1898K, committed 1920K, reserved 1048576K
}
Event: 142.185 GC heap before
{Heap before GC invocations=37 (full 1):
 PSYoungGen      total 82432K, used 82336K [0x00000000f1b00000, 0x00000000f7a80000, 0x0000000100000000)
  eden space 81408K, 100% used [0x00000000f1b00000,0x00000000f6a80000,0x00000000f6a80000)
  from space 1024K, 90% used [0x00000000f6d80000,0x00000000f6e68010,0x00000000f6e80000)
  to   space 8192K, 0% used [0x00000000f7280000,0x00000000f7280000,0x00000000f7a80000)
 ParOldGen       total 54784K, used 28579K [0x00000000d5000000, 0x00000000d8580000, 0x00000000f1b00000)
  object space 54784K, 52% used [0x00000000d5000000,0x00000000d6be8fc0,0x00000000d8580000)
 Metaspace       used 18828K, capacity 19078K, committed 19328K, reserved 1067008K
  class space    used 1819K, capacity 1898K, committed 1920K, reserved 1048576K
Event: 142.188 GC heap after
Heap after GC invocations=37 (full 1):
 PSYoungGen      total 82432K, used 928K [0x00000000f1b00000, 0x00000000f7680000, 0x0000000100000000)
  eden space 78336K, 0% used [0x00000000f1b00000,0x00000000f1b00000,0x00000000f6780000)
  from space 4096K, 22% used [0x00000000f7280000,0x00000000f7368010,0x00000000f7680000)
  to   space 7680K, 0% used [0x00000000f6780000,0x00000000f6780000,0x00000000f6f00000)
 ParOldGen       total 54784K, used 28627K [0x00000000d5000000, 0x00000000d8580000, 0x00000000f1b00000)
  object space 54784K, 52% used [0x00000000d5000000,0x00000000d6bf4fc0,0x00000000d8580000)
 Metaspace       used 18828K, capacity 19078K, committed 19328K, reserved 1067008K
  class space    used 1819K, capacity 1898K, committed 1920K, reserved 1048576K
}

Deoptimization events (10 events):
Event: 19.642 Thread 0x00007fd3fc4b5000 Uncommon trap: reason=unstable_if action=reinterpret pc=0x00007fd3ecd46ab4 method=sun.font.FileFontStrike.getGlyphImagePtr(I)J @ 21
Event: 19.642 Thread 0x00007fd3fc4b5000 Uncommon trap: reason=null_check action=make_not_entrant pc=0x00007fd3ece29b50 method=sun.font.FileFontStrike.getGlyphOutlineBounds(I)Ljava/awt/geom/Rectangle2D$Float; @ 31
Event: 20.040 Thread 0x00007fd3fc4b5000 Uncommon trap: reason=unstable_if action=reinterpret pc=0x00007fd3ece11798 method=sun.font.FileFontStrike.getGlyphImagePtr(I)J @ 21
Event: 20.040 Thread 0x00007fd3fc4b5000 Uncommon trap: reason=null_check action=make_not_entrant pc=0x00007fd3ece2d288 method=sun.font.FileFontStrike.getGlyphOutlineBounds(I)Ljava/awt/geom/Rectangle2D$Float; @ 31
Event: 29.381 Thread 0x00007fd3fc4b5000 Uncommon trap: reason=unstable_if action=reinterpret pc=0x00007fd3ecf8a628 method=com.BitJunkies.RTS.src.Unit.tick(Lcom/BitJunkies/RTS/src/GridMap;)V @ 567
Event: 32.906 Thread 0x00007fd3fc4b5000 Uncommon trap: reason=predicate action=maybe_recompile pc=0x00007fd3ec8c30f4 method=java.util.Arrays.fill([Ljava/lang/Object;Ljava/lang/Object;)V @ 10
Event: 33.422 Thread 0x00007fd3fc4b5000 Uncommon trap: reason=array_check action=maybe_recompile pc=0x00007fd3ecf76cc8 method=java.util.Arrays.fill([Ljava/lang/Object;Ljava/lang/Object;)V @ 13
Event: 127.657 Thread 0x00007fd3fc4b5000 Uncommon trap: reason=unstable_if action=reinterpret pc=0x00007fd3ece06580 method=com.BitJunkies.RTS.src.GridMap.getBestRoute(Lcom/BitJunkies/RTS/src/Entity;Lcom/BitJunkies/RTS/src/Entity;Lmikera/vectorz/Vector2;)Lmikera/vectorz/Vector2; @ 497
Event: 142.288 Thread 0x00007fd3fc4b5000 Uncommon trap: reason=unstable_if action=reinterpret pc=0x00007fd3eca2f284 method=com.jogamp.newt.opengl.GLWindow.display()V @ 19
Event: 142.289 Thread 0x00007fd3fc8fa800 Uncommon trap: reason=unstable_if action=reinterpret pc=0x00007fd3ecb7198c method=jogamp.opengl.GLContextImpl.release(Z)V @ 161

Classes redefined (0 events):
No events

Internal exceptions (10 events):
Event: 0.270 Thread 0x00007fd3fc00c800 Exception <a 'java/lang/NoSuchFieldError': method resolution failed> (0x00000000f1f59b90) thrown at [/build/openjdk-8-6jqSe7/openjdk-8-8u191-b12/src/hotspot/src/share/vm/prims/methodHandles.cpp, line 1167]
Event: 0.274 Thread 0x00007fd3fc00c800 Exception <a 'java/lang/NoSuchFieldError': method resolution failed> (0x00000000f1f67390) thrown at [/build/openjdk-8-6jqSe7/openjdk-8-8u191-b12/src/hotspot/src/share/vm/prims/methodHandles.cpp, line 1167]
Event: 0.393 Thread 0x00007fd3fc00c800 Exception <a 'java/io/FileNotFoundException'> (0x00000000f2259f28) thrown at [/build/openjdk-8-6jqSe7/openjdk-8-8u191-b12/src/hotspot/src/share/vm/prims/jni.cpp, line 709]
Event: 0.393 Thread 0x00007fd3fc00c800 Exception <a 'java/io/FileNotFoundException'> (0x00000000f225a910) thrown at [/build/openjdk-8-6jqSe7/openjdk-8-8u191-b12/src/hotspot/src/share/vm/prims/jni.cpp, line 709]
Event: 0.411 Thread 0x00007fd3fc00c800 Exception <a 'java/lang/ClassNotFoundException': sun/dc/DuctusRenderingEngine> (0x00000000f2264f20) thrown at [/build/openjdk-8-6jqSe7/openjdk-8-8u191-b12/src/hotspot/src/share/vm/classfile/systemDictionary.cpp, line 210]
Event: 1.327 Thread 0x00007fd3fc8fa800 Implicit null exception at 0x00007fd3ecb1f986 to 0x00007fd3ecb20005
Event: 1.328 Thread 0x00007fd3fc8fa800 Implicit null exception at 0x00007fd3ecafeee3 to 0x00007fd3ecaff14d
Event: 1.709 Thread 0x00007fd3fc8fa800 Exception <a 'java/lang/ArrayIndexOutOfBoundsException': 18> (0x00000000f3b6a920) thrown at [/build/openjdk-8-6jqSe7/openjdk-8-8u191-b12/src/hotspot/src/share/vm/interpreter/interpreterRuntime.cpp, line 366]
Event: 1.733 Thread 0x00007fd3fc8fa800 Exception <a 'java/lang/ArrayIndexOutOfBoundsException': 139> (0x00000000f3c6a918) thrown at [/build/openjdk-8-6jqSe7/openjdk-8-8u191-b12/src/hotspot/src/share/vm/interpreter/interpreterRuntime.cpp, line 366]
Event: 20.040 Thread 0x00007fd3fc4b5000 Implicit null exception at 0x00007fd3ece2c9b6 to 0x00007fd3ece2d251

Events (10 events):
Event: 142.184 Executing VM operation: ParallelGCFailedAllocation
Event: 142.188 Executing VM operation: ParallelGCFailedAllocation done
Event: 142.288 Thread 0x00007fd3fc4b5000 Uncommon trap: trap_request=0xffffff65 fr.pc=0x00007fd3eca2f284
Event: 142.289 Thread 0x00007fd3fc4b5000 DEOPT PACKING pc=0x00007fd3eca2f284 sp=0x00007fd38dd93900
Event: 142.289 Thread 0x00007fd3fc4b5000 DEOPT UNPACKING pc=0x00007fd3ec80547a sp=0x00007fd38dd938f8 mode 2
Event: 142.289 Thread 0x00007fd3fc8fa800 Uncommon trap: trap_request=0xffffff65 fr.pc=0x00007fd3ecb7198c
Event: 142.289 Thread 0x00007fd3fc8fa800 DEOPT PACKING pc=0x00007fd3ecb7198c sp=0x00007fd38f5d5520
Event: 142.289 Thread 0x00007fd3fc8fa800 DEOPT UNPACKING pc=0x00007fd3ec80547a sp=0x00007fd38f5d5520 mode 2
Event: 142.779 loading class jogamp/newt/DisplayImpl$5
Event: 142.779 loading class jogamp/newt/DisplayImpl$5 done


Dynamic libraries:
00400000-00401000 r-xp 00000000 fc:00 13893941                           /usr/lib/jvm/java-8-openjdk-amd64/jre/bin/java
00600000-00601000 r--p 00000000 fc:00 13893941                           /usr/lib/jvm/java-8-openjdk-amd64/jre/bin/java
00601000-00602000 rw-p 00001000 fc:00 13893941                           /usr/lib/jvm/java-8-openjdk-amd64/jre/bin/java
01e72000-01e93000 rw-p 00000000 00:00 0                                  [heap]
d5000000-d8580000 rw-p 00000000 00:00 0 
d8580000-f1b00000 ---p 00000000 00:00 0 
f1b00000-f7680000 rw-p 00000000 00:00 0 
f7680000-100000000 ---p 00000000 00:00 0 
100000000-1001e0000 rw-p 00000000 00:00 0 
1001e0000-140000000 ---p 00000000 00:00 0 
7fd37c000000-7fd37dd88000 rw-p 00000000 00:00 0 
7fd37dd88000-7fd380000000 ---p 00000000 00:00 0 
7fd384000000-7fd385e0e000 rw-p 00000000 00:00 0 
7fd385e0e000-7fd388000000 ---p 00000000 00:00 0 
7fd388000000-7fd3881b4000 rw-p 00000000 00:00 0 
7fd3881b4000-7fd38c000000 ---p 00000000 00:00 0 
7fd38dc94000-7fd38dc97000 ---p 00000000 00:00 0 
7fd38dc97000-7fd38de95000 rw-p 00000000 00:00 0 
7fd38de95000-7fd38df95000 ---p 00000000 00:00 0 
7fd38e047000-7fd38e052000 r--s 00000000 fc:00 1573513                    /var/cache/fontconfig/945677eb7aeaf62f1d50efc3fb3ec7d8-le64.cache-6
7fd38e052000-7fd38e058000 r--s 00000000 fc:00 1574722                    /var/cache/fontconfig/2cd17615ca594fa2959ae173292e504c-le64.cache-6
7fd38e058000-7fd38e05d000 r--s 00000000 fc:00 1574642                    /var/cache/fontconfig/8801497958630a81b71ace7c5f9b32a8-le64.cache-6
7fd38e05d000-7fd38e065000 r--s 00000000 fc:00 1574615                    /var/cache/fontconfig/bf3b770c553c462765856025a94f1ce6-le64.cache-6
7fd38e065000-7fd38e078000 r--s 00000000 fc:00 1574614                    /var/cache/fontconfig/d52a8644073d54c13679302ca1180695-le64.cache-6
7fd38e2bd000-7fd38e2c7000 r--s 00000000 fc:00 1574613                    /var/cache/fontconfig/3f7329c5293ffd510edef78f73874cfd-le64.cache-6
7fd38e2c7000-7fd38e2d2000 r--s 00000000 fc:00 1573565                    /var/cache/fontconfig/d589a48862398ed80a3d6066f4f56f4c-le64.cache-6
7fd38e2d2000-7fd38e4d2000 rw-p 00000000 00:00 0 
7fd38f072000-7fd38f0c9000 r-xp 00000000 fc:00 9437732                    /usr/lib/x86_64-linux-gnu/libjpeg.so.8.0.2
7fd38f0c9000-7fd38f2c9000 ---p 00057000 fc:00 9437732                    /usr/lib/x86_64-linux-gnu/libjpeg.so.8.0.2
7fd38f2c9000-7fd38f2ca000 r--p 00057000 fc:00 9437732                    /usr/lib/x86_64-linux-gnu/libjpeg.so.8.0.2
7fd38f2ca000-7fd38f2cb000 rw-p 00058000 fc:00 9437732                    /usr/lib/x86_64-linux-gnu/libjpeg.so.8.0.2
7fd38f2cb000-7fd38f2d5000 r-xp 00000000 fc:00 13893908                   /usr/lib/jvm/java-8-openjdk-amd64/jre/lib/amd64/libjavajpeg.so
7fd38f2d5000-7fd38f4d4000 ---p 0000a000 fc:00 13893908                   /usr/lib/jvm/java-8-openjdk-amd64/jre/lib/amd64/libjavajpeg.so
7fd38f4d4000-7fd38f4d5000 r--p 00009000 fc:00 13893908                   /usr/lib/jvm/java-8-openjdk-amd64/jre/lib/amd64/libjavajpeg.so
7fd38f4d5000-7fd38f4d6000 rw-p 0000a000 fc:00 13893908                   /usr/lib/jvm/java-8-openjdk-amd64/jre/lib/amd64/libjavajpeg.so
7fd38f4d6000-7fd38f4d9000 ---p 00000000 00:00 0 
7fd38f4d9000-7fd38f7d7000 rw-p 00000000 00:00 0 
7fd38f7d7000-7fd38f7e1000 r-xp 00000000 fc:00 9442539                    /usr/lib/x86_64-linux-gnu/libXrandr.so.2.2.0
7fd38f7e1000-7fd38f9e0000 ---p 0000a000 fc:00 9442539                    /usr/lib/x86_64-linux-gnu/libXrandr.so.2.2.0
7fd38f9e0000-7fd38f9e1000 r--p 00009000 fc:00 9442539                    /usr/lib/x86_64-linux-gnu/libXrandr.so.2.2.0
7fd38f9e1000-7fd38f9e2000 rw-p 0000a000 fc:00 9442539                    /usr/lib/x86_64-linux-gnu/libXrandr.so.2.2.0
7fd38f9e2000-7fd38f9f3000 r-xp 00000000 fc:00 6422568                    /tmp/jogamp_0000/file_cache/jln6355101058242729217/jln7652477554461950179/natives/linux-amd64/libnewt.so
7fd38f9f3000-7fd38fbf2000 ---p 00011000 fc:00 6422568                    /tmp/jogamp_0000/file_cache/jln6355101058242729217/jln7652477554461950179/natives/linux-amd64/libnewt.so
7fd38fbf2000-7fd38fbf3000 rw-p 00010000 fc:00 6422568                    /tmp/jogamp_0000/file_cache/jln6355101058242729217/jln7652477554461950179/natives/linux-amd64/libnewt.so
7fd38fbf3000-7fd38fbf5000 r-xp 00000000 fc:00 9442531                    /usr/lib/x86_64-linux-gnu/libXinerama.so.1.0.0
7fd38fbf5000-7fd38fdf4000 ---p 00002000 fc:00 9442531                    /usr/lib/x86_64-linux-gnu/libXinerama.so.1.0.0
7fd38fdf4000-7fd38fdf5000 r--p 00001000 fc:00 9442531                    /usr/lib/x86_64-linux-gnu/libXinerama.so.1.0.0
7fd38fdf5000-7fd38fdf6000 rw-p 00002000 fc:00 9442531                    /usr/lib/x86_64-linux-gnu/libXinerama.so.1.0.0
7fd38fdf6000-7fd38fdfe000 r-xp 00000000 fc:00 9443170                    /usr/lib/x86_64-linux-gnu/libpciaccess.so.0.11.1
7fd38fdfe000-7fd38fffe000 ---p 00008000 fc:00 9443170                    /usr/lib/x86_64-linux-gnu/libpciaccess.so.0.11.1
7fd38fffe000-7fd38ffff000 r--p 00008000 fc:00 9443170                    /usr/lib/x86_64-linux-gnu/libpciaccess.so.0.11.1
7fd38ffff000-7fd390000000 rw-p 00009000 fc:00 9443170                    /usr/lib/x86_64-linux-gnu/libpciaccess.so.0.11.1
7fd390000000-7fd391953000 rw-p 00000000 00:00 0 
7fd391953000-7fd394000000 ---p 00000000 00:00 0 
7fd394004000-7fd394016000 r--s 00000000 fc:00 1573438                    /var/cache/fontconfig/9b89f8e3dae116d678bbf48e5f21f69b-le64.cache-6
7fd39409b000-7fd3940a6000 r-xp 00000000 fc:00 9437700                    /usr/lib/x86_64-linux-gnu/libdrm_radeon.so.1.0.1
7fd3940a6000-7fd3942a5000 ---p 0000b000 fc:00 9437700                    /usr/lib/x86_64-linux-gnu/libdrm_radeon.so.1.0.1
7fd3942a5000-7fd3942a6000 r--p 0000a000 fc:00 9437700                    /usr/lib/x86_64-linux-gnu/libdrm_radeon.so.1.0.1
7fd3942a6000-7fd3942a7000 rw-p 0000b000 fc:00 9437700                    /usr/lib/x86_64-linux-gnu/libdrm_radeon.so.1.0.1
7fd3942a7000-7fd3942ae000 r-xp 00000000 fc:00 9441095                    /usr/lib/x86_64-linux-gnu/libdrm_nouveau.so.2.0.0
7fd3942ae000-7fd3944ad000 ---p 00007000 fc:00 9441095                    /usr/lib/x86_64-linux-gnu/libdrm_nouveau.so.2.0.0
7fd3944ad000-7fd3944ae000 r--p 00006000 fc:00 9441095                    /usr/lib/x86_64-linux-gnu/libdrm_nouveau.so.2.0.0
7fd3944ae000-7fd3944af000 rw-p 00007000 fc:00 9441095                    /usr/lib/x86_64-linux-gnu/libdrm_nouveau.so.2.0.0
7fd3944af000-7fd3944d1000 r-xp 00000000 fc:00 9438156                    /usr/lib/x86_64-linux-gnu/libdrm_intel.so.1.0.0
7fd3944d1000-7fd3946d1000 ---p 00022000 fc:00 9438156                    /usr/lib/x86_64-linux-gnu/libdrm_intel.so.1.0.0
7fd3946d1000-7fd3946d2000 r--p 00022000 fc:00 9438156                    /usr/lib/x86_64-linux-gnu/libdrm_intel.so.1.0.0
7fd3946d2000-7fd3946d3000 rw-p 00023000 fc:00 9438156                    /usr/lib/x86_64-linux-gnu/libdrm_intel.so.1.0.0
7fd3946d3000-7fd394fb3000 r-xp 00000000 fc:00 9569389                    /usr/lib/x86_64-linux-gnu/dri/i965_dri.so
7fd394fb3000-7fd3951b3000 ---p 008e0000 fc:00 9569389                    /usr/lib/x86_64-linux-gnu/dri/i965_dri.so
7fd3951b3000-7fd395203000 r--p 008e0000 fc:00 9569389                    /usr/lib/x86_64-linux-gnu/dri/i965_dri.so
7fd395203000-7fd39520e000 rw-p 00930000 fc:00 9569389                    /usr/lib/x86_64-linux-gnu/dri/i965_dri.so
7fd39520e000-7fd3952b3000 rw-p 00000000 00:00 0 
7fd3952b3000-7fd3952b6000 ---p 00000000 00:00 0 
7fd3952b6000-7fd3953b4000 rw-p 00000000 00:00 0 
7fd3953b4000-7fd395410000 r-xp 00000000 fc:00 6422565                    /tmp/jogamp_0000/file_cache/jln6355101058242729217/jln7652477554461950179/natives/linux-amd64/libjogl_mobile.so
7fd395410000-7fd395610000 ---p 0005c000 fc:00 6422565                    /tmp/jogamp_0000/file_cache/jln6355101058242729217/jln7652477554461950179/natives/linux-amd64/libjogl_mobile.so
7fd395610000-7fd395611000 rw-p 0005c000 fc:00 6422565                    /tmp/jogamp_0000/file_cache/jln6355101058242729217/jln7652477554461950179/natives/linux-amd64/libjogl_mobile.so
7fd395611000-7fd395638000 r-xp 00000000 fc:00 9441073                    /usr/lib/x86_64-linux-gnu/libkj-0.5.3.so
7fd395638000-7fd395838000 ---p 00027000 fc:00 9441073                    /usr/lib/x86_64-linux-gnu/libkj-0.5.3.so
7fd395838000-7fd395839000 r--p 00027000 fc:00 9441073                    /usr/lib/x86_64-linux-gnu/libkj-0.5.3.so
7fd395839000-7fd39583a000 rw-p 00028000 fc:00 9441073                    /usr/lib/x86_64-linux-gnu/libkj-0.5.3.so
7fd39583a000-7fd395851000 r-xp 00000000 fc:00 9441081                    /usr/lib/x86_64-linux-gnu/libboost_filesystem.so.1.58.0
7fd395851000-7fd395a50000 ---p 00017000 fc:00 9441081                    /usr/lib/x86_64-linux-gnu/libboost_filesystem.so.1.58.0
7fd395a50000-7fd395a51000 r--p 00016000 fc:00 9441081                    /usr/lib/x86_64-linux-gnu/libboost_filesystem.so.1.58.0
7fd395a51000-7fd395a52000 rw-p 00017000 fc:00 9441081                    /usr/lib/x86_64-linux-gnu/libboost_filesystem.so.1.58.0
7fd395a52000-7fd395a82000 r-xp 00000000 fc:00 9441083                    /usr/lib/x86_64-linux-gnu/libprotobuf-lite.so.9.0.1
7fd395a82000-7fd395c81000 ---p 00030000 fc:00 9441083                    /usr/lib/x86_64-linux-gnu/libprotobuf-lite.so.9.0.1
7fd395c81000-7fd395c82000 r--p 0002f000 fc:00 9441083                    /usr/lib/x86_64-linux-gnu/libprotobuf-lite.so.9.0.1
7fd395c82000-7fd395c83000 rw-p 00030000 fc:00 9441083                    /usr/lib/x86_64-linux-gnu/libprotobuf-lite.so.9.0.1
7fd395c83000-7fd395c86000 r-xp 00000000 fc:00 9441080                    /usr/lib/x86_64-linux-gnu/libboost_system.so.1.58.0
7fd395c86000-7fd395e85000 ---p 00003000 fc:00 9441080                    /usr/lib/x86_64-linux-gnu/libboost_system.so.1.58.0
7fd395e85000-7fd395e86000 r--p 00002000 fc:00 9441080                    /usr/lib/x86_64-linux-gnu/libboost_system.so.1.58.0
7fd395e86000-7fd395e87000 rw-p 00003000 fc:00 9441080                    /usr/lib/x86_64-linux-gnu/libboost_system.so.1.58.0
7fd395e87000-7fd395e8e000 r-xp 00000000 fc:00 9441079                    /usr/lib/x86_64-linux-gnu/libmircore.so.1
7fd395e8e000-7fd39608e000 ---p 00007000 fc:00 9441079                    /usr/lib/x86_64-linux-gnu/libmircore.so.1
7fd39608e000-7fd39608f000 r--p 00007000 fc:00 9441079                    /usr/lib/x86_64-linux-gnu/libmircore.so.1
7fd39608f000-7fd396090000 rw-p 00008000 fc:00 9441079                    /usr/lib/x86_64-linux-gnu/libmircore.so.1
7fd396090000-7fd396115000 r-xp 00000000 fc:00 9441072                    /usr/lib/x86_64-linux-gnu/libcapnp-0.5.3.so
7fd396115000-7fd396314000 ---p 00085000 fc:00 9441072                    /usr/lib/x86_64-linux-gnu/libcapnp-0.5.3.so
7fd396314000-7fd396317000 r--p 00084000 fc:00 9441072                    /usr/lib/x86_64-linux-gnu/libcapnp-0.5.3.so
7fd396317000-7fd396318000 rw-p 00087000 fc:00 9441072                    /usr/lib/x86_64-linux-gnu/libcapnp-0.5.3.so
7fd396318000-7fd396387000 r-xp 00000000 fc:00 9441085                    /usr/lib/x86_64-linux-gnu/libmirprotobuf.so.3
7fd396387000-7fd396586000 ---p 0006f000 fc:00 9441085                    /usr/lib/x86_64-linux-gnu/libmirprotobuf.so.3
7fd396586000-7fd396589000 r--p 0006e000 fc:00 9441085                    /usr/lib/x86_64-linux-gnu/libmirprotobuf.so.3
7fd396589000-7fd39658a000 rw-p 00071000 fc:00 9441085                    /usr/lib/x86_64-linux-gnu/libmirprotobuf.so.3
7fd39658a000-7fd3965ce000 r-xp 00000000 fc:00 9441082                    /usr/lib/x86_64-linux-gnu/libmircommon.so.7
7fd3965ce000-7fd3967ce000 ---p 00044000 fc:00 9441082                    /usr/lib/x86_64-linux-gnu/libmircommon.so.7
7fd3967ce000-7fd3967d0000 r--p 00044000 fc:00 9441082                    /usr/lib/x86_64-linux-gnu/libmircommon.so.7
7fd3967d0000-7fd3967d1000 rw-p 00046000 fc:00 9441082                    /usr/lib/x86_64-linux-gnu/libmircommon.so.7
7fd3967d1000-7fd39680e000 r-xp 00000000 fc:00 9441090                    /usr/lib/x86_64-linux-gnu/libxkbcommon.so.0.0.0
7fd39680e000-7fd396a0d000 ---p 0003d000 fc:00 9441090                    /usr/lib/x86_64-linux-gnu/libxkbcommon.so.0.0.0
7fd396a0d000-7fd396a0f000 r--p 0003c000 fc:00 9441090                    /usr/lib/x86_64-linux-gnu/libxkbcommon.so.0.0.0
7fd396a0f000-7fd396a10000 rw-p 0003e000 fc:00 9441090                    /usr/lib/x86_64-linux-gnu/libxkbcommon.so.0.0.0
7fd396a10000-7fd396a17000 r-xp 00000000 fc:00 9440286                    /usr/lib/x86_64-linux-gnu/libffi.so.6.0.4
7fd396a17000-7fd396c16000 ---p 00007000 fc:00 9440286                    /usr/lib/x86_64-linux-gnu/libffi.so.6.0.4
7fd396c16000-7fd396c17000 r--p 00006000 fc:00 9440286                    /usr/lib/x86_64-linux-gnu/libffi.so.6.0.4
7fd396c17000-7fd396c18000 rw-p 00007000 fc:00 9440286                    /usr/lib/x86_64-linux-gnu/libffi.so.6.0.4
7fd396c18000-7fd396cb8000 r-xp 00000000 fc:00 9441092                    /usr/lib/x86_64-linux-gnu/libmirclient.so.9
7fd396cb8000-7fd396eb7000 ---p 000a0000 fc:00 9441092                    /usr/lib/x86_64-linux-gnu/libmirclient.so.9
7fd396eb7000-7fd396ebd000 r--p 0009f000 fc:00 9441092                    /usr/lib/x86_64-linux-gnu/libmirclient.so.9
7fd396ebd000-7fd396ebf000 rw-p 000a5000 fc:00 9441092                    /usr/lib/x86_64-linux-gnu/libmirclient.so.9
7fd396ebf000-7fd396ecf000 r-xp 00000000 fc:00 9441066                    /usr/lib/x86_64-linux-gnu/libwayland-server.so.0.1.0
7fd396ecf000-7fd3970ce000 ---p 00010000 fc:00 9441066                    /usr/lib/x86_64-linux-gnu/libwayland-server.so.0.1.0
7fd3970ce000-7fd3970d0000 r--p 0000f000 fc:00 9441066                    /usr/lib/x86_64-linux-gnu/libwayland-server.so.0.1.0
7fd3970d0000-7fd3970d1000 rw-p 00011000 fc:00 9441066                    /usr/lib/x86_64-linux-gnu/libwayland-server.so.0.1.0
7fd3970d1000-7fd3970dd000 r-xp 00000000 fc:00 9441068                    /usr/lib/x86_64-linux-gnu/libgbm.so.1.0.0
7fd3970dd000-7fd3972dd000 ---p 0000c000 fc:00 9441068                    /usr/lib/x86_64-linux-gnu/libgbm.so.1.0.0
7fd3972dd000-7fd3972de000 r--p 0000c000 fc:00 9441068                    /usr/lib/x86_64-linux-gnu/libgbm.so.1.0.0
7fd3972de000-7fd3972df000 rw-p 0000d000 fc:00 9441068                    /usr/lib/x86_64-linux-gnu/libgbm.so.1.0.0
7fd3972df000-7fd3972eb000 r-xp 00000000 fc:00 9441054                    /usr/lib/x86_64-linux-gnu/libwayland-client.so.0.3.0
7fd3972eb000-7fd3974eb000 ---p 0000c000 fc:00 9441054                    /usr/lib/x86_64-linux-gnu/libwayland-client.so.0.3.0
7fd3974eb000-7fd3974ed000 r--p 0000c000 fc:00 9441054                    /usr/lib/x86_64-linux-gnu/libwayland-client.so.0.3.0
7fd3974ed000-7fd3974ee000 rw-p 0000e000 fc:00 9441054                    /usr/lib/x86_64-linux-gnu/libwayland-client.so.0.3.0
7fd3974ee000-7fd3974f4000 r-xp 00000000 fc:00 9441714                    /usr/lib/x86_64-linux-gnu/libxcb-xfixes.so.0.0.0
7fd3974f4000-7fd3976f4000 ---p 00006000 fc:00 9441714                    /usr/lib/x86_64-linux-gnu/libxcb-xfixes.so.0.0.0
7fd3976f4000-7fd3976f5000 r--p 00006000 fc:00 9441714                    /usr/lib/x86_64-linux-gnu/libxcb-xfixes.so.0.0.0
7fd3976f5000-7fd3976f6000 rw-p 00007000 fc:00 9441714                    /usr/lib/x86_64-linux-gnu/libxcb-xfixes.so.0.0.0
7fd3976f6000-7fd39772e000 r-xp 00000000 fc:00 9569378                    /usr/lib/x86_64-linux-gnu/mesa-egl/libEGL.so.1.0.0
7fd39772e000-7fd39792d000 ---p 00038000 fc:00 9569378                    /usr/lib/x86_64-linux-gnu/mesa-egl/libEGL.so.1.0.0
7fd39792d000-7fd39792f000 r--p 00037000 fc:00 9569378                    /usr/lib/x86_64-linux-gnu/mesa-egl/libEGL.so.1.0.0
7fd39792f000-7fd397930000 rw-p 00039000 fc:00 9569378                    /usr/lib/x86_64-linux-gnu/mesa-egl/libEGL.so.1.0.0
7fd397930000-7fd3979e8000 r-xp 00000000 fc:00 6422564                    /tmp/jogamp_0000/file_cache/jln6355101058242729217/jln7652477554461950179/natives/linux-amd64/libjogl_desktop.so
7fd3979e8000-7fd397be8000 ---p 000b8000 fc:00 6422564                    /tmp/jogamp_0000/file_cache/jln6355101058242729217/jln7652477554461950179/natives/linux-amd64/libjogl_desktop.so
7fd397be8000-7fd397be9000 rw-p 000b8000 fc:00 6422564                    /tmp/jogamp_0000/file_cache/jln6355101058242729217/jln7652477554461950179/natives/linux-amd64/libjogl_desktop.so
7fd397be9000-7fd397bf9000 r-xp 00000000 fc:00 9441064                    /usr/lib/x86_64-linux-gnu/libdrm.so.2.4.0
7fd397bf9000-7fd397df9000 ---p 00010000 fc:00 9441064                    /usr/lib/x86_64-linux-gnu/libdrm.so.2.4.0
7fd397df9000-7fd397dfa000 r--p 00010000 fc:00 9441064                    /usr/lib/x86_64-linux-gnu/libdrm.so.2.4.0
7fd397dfa000-7fd397dfb000 rw-p 00011000 fc:00 9441064                    /usr/lib/x86_64-linux-gnu/libdrm.so.2.4.0
7fd397dfb000-7fd397dff000 r-xp 00000000 fc:00 9441632                    /usr/lib/x86_64-linux-gnu/libxcb-dri2.so.0.0.0
7fd397dff000-7fd397ffe000 ---p 00004000 fc:00 9441632                    /usr/lib/x86_64-linux-gnu/libxcb-dri2.so.0.0.0
7fd397ffe000-7fd397fff000 r--p 00003000 fc:00 9441632                    /usr/lib/x86_64-linux-gnu/libxcb-dri2.so.0.0.0
7fd397fff000-7fd398000000 rw-p 00004000 fc:00 9441632                    /usr/lib/x86_64-linux-gnu/libxcb-dri2.so.0.0.0
7fd398000000-7fd398088000 rw-p 00000000 00:00 0 
7fd398088000-7fd39c000000 ---p 00000000 00:00 0 
7fd39c000000-7fd39c021000 rw-p 00000000 00:00 0 
7fd39c021000-7fd3a0000000 ---p 00000000 00:00 0 
7fd3a0000000-7fd3a0021000 rw-p 00000000 00:00 0 
7fd3a0021000-7fd3a4000000 ---p 00000000 00:00 0 
7fd3a4000000-7fd3a4021000 rw-p 00000000 00:00 0 
7fd3a4021000-7fd3a8000000 ---p 00000000 00:00 0 
7fd3a8035000-7fd3a8038000 ---p 00000000 00:00 0 
7fd3a8038000-7fd3a8136000 rw-p 00000000 00:00 0 
7fd3a8136000-7fd3a814d000 r-xp 00000000 fc:00 9441638                    /usr/lib/x86_64-linux-gnu/libxcb-glx.so.0.0.0
7fd3a814d000-7fd3a834c000 ---p 00017000 fc:00 9441638                    /usr/lib/x86_64-linux-gnu/libxcb-glx.so.0.0.0
7fd3a834c000-7fd3a834e000 r--p 00016000 fc:00 9441638                    /usr/lib/x86_64-linux-gnu/libxcb-glx.so.0.0.0
7fd3a834e000-7fd3a834f000 rw-p 00018000 fc:00 9441638                    /usr/lib/x86_64-linux-gnu/libxcb-glx.so.0.0.0
7fd3a834f000-7fd3a8350000 r-xp 00000000 fc:00 9438241                    /usr/lib/x86_64-linux-gnu/libX11-xcb.so.1.0.0
7fd3a8350000-7fd3a854f000 ---p 00001000 fc:00 9438241                    /usr/lib/x86_64-linux-gnu/libX11-xcb.so.1.0.0
7fd3a854f000-7fd3a8550000 r--p 00000000 fc:00 9438241                    /usr/lib/x86_64-linux-gnu/libX11-xcb.so.1.0.0
7fd3a8550000-7fd3a8551000 rw-p 00001000 fc:00 9438241                    /usr/lib/x86_64-linux-gnu/libX11-xcb.so.1.0.0
7fd3a8551000-7fd3a8553000 r-xp 00000000 fc:00 9442517                    /usr/lib/x86_64-linux-gnu/libXdamage.so.1.1.0
7fd3a8553000-7fd3a8752000 ---p 00002000 fc:00 9442517                    /usr/lib/x86_64-linux-gnu/libXdamage.so.1.1.0
7fd3a8752000-7fd3a8753000 r--p 00001000 fc:00 9442517                    /usr/lib/x86_64-linux-gnu/libXdamage.so.1.1.0
7fd3a8753000-7fd3a8754000 rw-p 00002000 fc:00 9442517                    /usr/lib/x86_64-linux-gnu/libXdamage.so.1.1.0
7fd3a8754000-7fd3a8780000 r-xp 00000000 fc:00 9438091                    /usr/lib/x86_64-linux-gnu/libglapi.so.0.0.0
7fd3a8780000-7fd3a897f000 ---p 0002c000 fc:00 9438091                    /usr/lib/x86_64-linux-gnu/libglapi.so.0.0.0
7fd3a897f000-7fd3a8983000 r--p 0002b000 fc:00 9438091                    /usr/lib/x86_64-linux-gnu/libglapi.so.0.0.0
7fd3a8983000-7fd3a8984000 rw-p 0002f000 fc:00 9438091                    /usr/lib/x86_64-linux-gnu/libglapi.so.0.0.0
7fd3a8984000-7fd3a8985000 rw-p 00000000 00:00 0 
7fd3a8985000-7fd3a8986000 r-xp 00000000 fc:00 9443470                    /usr/lib/x86_64-linux-gnu/libxshmfence.so.1.0.0
7fd3a8986000-7fd3a8b86000 ---p 00001000 fc:00 9443470                    /usr/lib/x86_64-linux-gnu/libxshmfence.so.1.0.0
7fd3a8b86000-7fd3a8b87000 r--p 00001000 fc:00 9443470                    /usr/lib/x86_64-linux-gnu/libxshmfence.so.1.0.0
7fd3a8b87000-7fd3a8b88000 rw-p 00002000 fc:00 9443470                    /usr/lib/x86_64-linux-gnu/libxshmfence.so.1.0.0
7fd3a8b88000-7fd3a8b8d000 r-xp 00000000 fc:00 9441642                    /usr/lib/x86_64-linux-gnu/libxcb-sync.so.1.0.0
7fd3a8b8d000-7fd3a8d8d000 ---p 00005000 fc:00 9441642                    /usr/lib/x86_64-linux-gnu/libxcb-sync.so.1.0.0
7fd3a8d8d000-7fd3a8d8e000 r--p 00005000 fc:00 9441642                    /usr/lib/x86_64-linux-gnu/libxcb-sync.so.1.0.0
7fd3a8d8e000-7fd3a8d8f000 rw-p 00006000 fc:00 9441642                    /usr/lib/x86_64-linux-gnu/libxcb-sync.so.1.0.0
7fd3a8d8f000-7fd3a8d91000 r-xp 00000000 fc:00 9441640                    /usr/lib/x86_64-linux-gnu/libxcb-present.so.0.0.0
7fd3a8d91000-7fd3a8f90000 ---p 00002000 fc:00 9441640                    /usr/lib/x86_64-linux-gnu/libxcb-present.so.0.0.0
7fd3a8f90000-7fd3a8f91000 r--p 00001000 fc:00 9441640                    /usr/lib/x86_64-linux-gnu/libxcb-present.so.0.0.0
7fd3a8f91000-7fd3a8f92000 rw-p 00002000 fc:00 9441640                    /usr/lib/x86_64-linux-gnu/libxcb-present.so.0.0.0
7fd3a8f92000-7fd3a8f94000 r-xp 00000000 fc:00 9441634                    /usr/lib/x86_64-linux-gnu/libxcb-dri3.so.0.0.0
7fd3a8f94000-7fd3a9193000 ---p 00002000 fc:00 9441634                    /usr/lib/x86_64-linux-gnu/libxcb-dri3.so.0.0.0
7fd3a9193000-7fd3a9194000 r--p 00001000 fc:00 9441634                    /usr/lib/x86_64-linux-gnu/libxcb-dri3.so.0.0.0
7fd3a9194000-7fd3a9195000 rw-p 00002000 fc:00 9441634                    /usr/lib/x86_64-linux-gnu/libxcb-dri3.so.0.0.0
7fd3a9195000-7fd3a91bb000 r-xp 00000000 fc:00 8257565                    /lib/x86_64-linux-gnu/libexpat.so.1.6.0
7fd3a91bb000-7fd3a93bb000 ---p 00026000 fc:00 8257565                    /lib/x86_64-linux-gnu/libexpat.so.1.6.0
7fd3a93bb000-7fd3a93bd000 r--p 00026000 fc:00 8257565                    /lib/x86_64-linux-gnu/libexpat.so.1.6.0
7fd3a93bd000-7fd3a93be000 rw-p 00028000 fc:00 8257565                    /lib/x86_64-linux-gnu/libexpat.so.1.6.0
7fd3a93be000-7fd3a942e000 r-xp 00000000 fc:00 9569071                    /usr/lib/x86_64-linux-gnu/mesa/libGL.so.1.2.0
7fd3a942e000-7fd3a962d000 ---p 00070000 fc:00 9569071                    /usr/lib/x86_64-linux-gnu/mesa/libGL.so.1.2.0
7fd3a962d000-7fd3a9630000 r--p 0006f000 fc:00 9569071                    /usr/lib/x86_64-linux-gnu/mesa/libGL.so.1.2.0
7fd3a9630000-7fd3a9631000 rw-p 00072000 fc:00 9569071                    /usr/lib/x86_64-linux-gnu/mesa/libGL.so.1.2.0
7fd3a9631000-7fd3a9832000 rw-p 00000000 00:00 0 
7fd3a9832000-7fd3a9a32000 rw-p 00000000 00:00 0 
7fd3a9a32000-7fd3a9a39000 r-xp 00000000 fc:00 6422567                    /tmp/jogamp_0000/file_cache/jln6355101058242729217/jln7652477554461950179/natives/linux-amd64/libnativewindow_x11.so
7fd3a9a39000-7fd3a9c38000 ---p 00007000 fc:00 6422567                    /tmp/jogamp_0000/file_cache/jln6355101058242729217/jln7652477554461950179/natives/linux-amd64/libnativewindow_x11.so
7fd3a9c38000-7fd3a9c39000 rw-p 00006000 fc:00 6422567                    /tmp/jogamp_0000/file_cache/jln6355101058242729217/jln7652477554461950179/natives/linux-amd64/libnativewindow_x11.so
7fd3a9c39000-7fd3a9c3c000 ---p 00000000 00:00 0 
7fd3a9c3c000-7fd3a9d3a000 rw-p 00000000 00:00 0 
7fd3a9d3a000-7fd3a9d3d000 ---p 00000000 00:00 0 
7fd3a9d3d000-7fd3a9e3b000 rw-p 00000000 00:00 0 
7fd3a9e3b000-7fd3a9e40000 r-xp 00000000 fc:00 9442557                    /usr/lib/x86_64-linux-gnu/libXxf86vm.so.1.0.0
7fd3a9e40000-7fd3aa03f000 ---p 00005000 fc:00 9442557                    /usr/lib/x86_64-linux-gnu/libXxf86vm.so.1.0.0
7fd3aa03f000-7fd3aa040000 r--p 00004000 fc:00 9442557                    /usr/lib/x86_64-linux-gnu/libXxf86vm.so.1.0.0
7fd3aa040000-7fd3aa041000 rw-p 00005000 fc:00 9442557                    /usr/lib/x86_64-linux-gnu/libXxf86vm.so.1.0.0
7fd3aa041000-7fd3aa043000 r-xp 00000000 fc:00 6422566                    /tmp/jogamp_0000/file_cache/jln6355101058242729217/jln7652477554461950179/natives/linux-amd64/libnativewindow_awt.so
7fd3aa043000-7fd3aa242000 ---p 00002000 fc:00 6422566                    /tmp/jogamp_0000/file_cache/jln6355101058242729217/jln7652477554461950179/natives/linux-amd64/libnativewindow_awt.so
7fd3aa242000-7fd3aa243000 rw-p 00001000 fc:00 6422566                    /tmp/jogamp_0000/file_cache/jln6355101058242729217/jln7652477554461950179/natives/linux-amd64/libnativewindow_awt.so
7fd3aa243000-7fd3aa244000 r-xp 00000000 fc:00 13893896                   /usr/lib/jvm/java-8-openjdk-amd64/jre/lib/amd64/libjawt.so
7fd3aa244000-7fd3aa443000 ---p 00001000 fc:00 13893896                   /usr/lib/jvm/java-8-openjdk-amd64/jre/lib/amd64/libjawt.so
7fd3aa443000-7fd3aa444000 r--p 00000000 fc:00 13893896                   /usr/lib/jvm/java-8-openjdk-amd64/jre/lib/amd64/libjawt.so
7fd3aa444000-7fd3aa445000 rw-p 00001000 fc:00 13893896                   /usr/lib/jvm/java-8-openjdk-amd64/jre/lib/amd64/libjawt.so
7fd3aa445000-7fd3aa448000 ---p 00000000 00:00 0 
7fd3aa448000-7fd3aa546000 rw-p 00000000 00:00 0 
7fd3aa546000-7fd3aa54b000 r-xp 00000000 fc:00 9442523                    /usr/lib/x86_64-linux-gnu/libXfixes.so.3.1.0
7fd3aa54b000-7fd3aa74a000 ---p 00005000 fc:00 9442523                    /usr/lib/x86_64-linux-gnu/libXfixes.so.3.1.0
7fd3aa74a000-7fd3aa74b000 r--p 00004000 fc:00 9442523                    /usr/lib/x86_64-linux-gnu/libXfixes.so.3.1.0
7fd3aa74b000-7fd3aa74c000 rw-p 00005000 fc:00 9442523                    /usr/lib/x86_64-linux-gnu/libXfixes.so.3.1.0
7fd3aa74c000-7fd3aa755000 r-xp 00000000 fc:00 9440610                    /usr/lib/x86_64-linux-gnu/libXcursor.so.1.0.2
7fd3aa755000-7fd3aa954000 ---p 00009000 fc:00 9440610                    /usr/lib/x86_64-linux-gnu/libXcursor.so.1.0.2
7fd3aa954000-7fd3aa955000 r--p 00008000 fc:00 9440610                    /usr/lib/x86_64-linux-gnu/libXcursor.so.1.0.2
7fd3aa955000-7fd3aa956000 rw-p 00009000 fc:00 9440610                    /usr/lib/x86_64-linux-gnu/libXcursor.so.1.0.2
7fd3aa956000-7fd3aa97a000 r-xp 00000000 fc:00 8258033                    /lib/x86_64-linux-gnu/libpng12.so.0.54.0
7fd3aa97a000-7fd3aab79000 ---p 00024000 fc:00 8258033                    /lib/x86_64-linux-gnu/libpng12.so.0.54.0
7fd3aab79000-7fd3aab7a000 r--p 00023000 fc:00 8258033                    /lib/x86_64-linux-gnu/libpng12.so.0.54.0
7fd3aab7a000-7fd3aab7b000 rw-p 00024000 fc:00 8258033                    /lib/x86_64-linux-gnu/libpng12.so.0.54.0
7fd3aab7b000-7fd3aac1f000 r-xp 00000000 fc:00 9441225                    /usr/lib/x86_64-linux-gnu/libfreetype.so.6.12.1
7fd3aac1f000-7fd3aae1e000 ---p 000a4000 fc:00 9441225                    /usr/lib/x86_64-linux-gnu/libfreetype.so.6.12.1
7fd3aae1e000-7fd3aae24000 r--p 000a3000 fc:00 9441225                    /usr/lib/x86_64-linux-gnu/libfreetype.so.6.12.1
7fd3aae24000-7fd3aae25000 rw-p 000a9000 fc:00 9441225                    /usr/lib/x86_64-linux-gnu/libfreetype.so.6.12.1
7fd3aae25000-7fd3aae77000 r-xp 00000000 fc:00 13893922                   /usr/lib/jvm/java-8-openjdk-amd64/jre/lib/amd64/libfontmanager.so
7fd3aae77000-7fd3ab077000 ---p 00052000 fc:00 13893922                   /usr/lib/jvm/java-8-openjdk-amd64/jre/lib/amd64/libfontmanager.so
7fd3ab077000-7fd3ab079000 r--p 00052000 fc:00 13893922                   /usr/lib/jvm/java-8-openjdk-amd64/jre/lib/amd64/libfontmanager.so
7fd3ab079000-7fd3ab07a000 rw-p 00054000 fc:00 13893922                   /usr/lib/jvm/java-8-openjdk-amd64/jre/lib/amd64/libfontmanager.so
7fd3ab07a000-7fd3ab07f000 r-xp 00000000 fc:00 9437334                    /usr/lib/x86_64-linux-gnu/libXdmcp.so.6.0.0
7fd3ab07f000-7fd3ab27e000 ---p 00005000 fc:00 9437334                    /usr/lib/x86_64-linux-gnu/libXdmcp.so.6.0.0
7fd3ab27e000-7fd3ab27f000 r--p 00004000 fc:00 9437334                    /usr/lib/x86_64-linux-gnu/libXdmcp.so.6.0.0
7fd3ab27f000-7fd3ab280000 rw-p 00005000 fc:00 9437334                    /usr/lib/x86_64-linux-gnu/libXdmcp.so.6.0.0
7fd3ab280000-7fd3ab282000 r-xp 00000000 fc:00 9442508                    /usr/lib/x86_64-linux-gnu/libXau.so.6.0.0
7fd3ab282000-7fd3ab482000 ---p 00002000 fc:00 9442508                    /usr/lib/x86_64-linux-gnu/libXau.so.6.0.0
7fd3ab482000-7fd3ab483000 r--p 00002000 fc:00 9442508                    /usr/lib/x86_64-linux-gnu/libXau.so.6.0.0
7fd3ab483000-7fd3ab484000 rw-p 00003000 fc:00 9442508                    /usr/lib/x86_64-linux-gnu/libXau.so.6.0.0
7fd3ab484000-7fd3ab4a5000 r-xp 00000000 fc:00 9445987                    /usr/lib/x86_64-linux-gnu/libxcb.so.1.1.0
7fd3ab4a5000-7fd3ab6a4000 ---p 00021000 fc:00 9445987                    /usr/lib/x86_64-linux-gnu/libxcb.so.1.1.0
7fd3ab6a4000-7fd3ab6a5000 r--p 00020000 fc:00 9445987                    /usr/lib/x86_64-linux-gnu/libxcb.so.1.1.0
7fd3ab6a5000-7fd3ab6a6000 rw-p 00021000 fc:00 9445987                    /usr/lib/x86_64-linux-gnu/libxcb.so.1.1.0
7fd3ab6a6000-7fd3ab6b5000 r-xp 00000000 fc:00 9440612                    /usr/lib/x86_64-linux-gnu/libXi.so.6.1.0
7fd3ab6b5000-7fd3ab8b4000 ---p 0000f000 fc:00 9440612                    /usr/lib/x86_64-linux-gnu/libXi.so.6.1.0
7fd3ab8b4000-7fd3ab8b5000 r--p 0000e000 fc:00 9440612                    /usr/lib/x86_64-linux-gnu/libXi.so.6.1.0
7fd3ab8b5000-7fd3ab8b6000 rw-p 0000f000 fc:00 9440612                    /usr/lib/x86_64-linux-gnu/libXi.so.6.1.0
7fd3ab8b6000-7fd3ab8bb000 r-xp 00000000 fc:00 9442547                    /usr/lib/x86_64-linux-gnu/libXtst.so.6.1.0
7fd3ab8bb000-7fd3ababa000 ---p 00005000 fc:00 9442547                    /usr/lib/x86_64-linux-gnu/libXtst.so.6.1.0
7fd3ababa000-7fd3ababb000 r--p 00004000 fc:00 9442547                    /usr/lib/x86_64-linux-gnu/libXtst.so.6.1.0
7fd3ababb000-7fd3ababc000 rw-p 00005000 fc:00 9442547                    /usr/lib/x86_64-linux-gnu/libXtst.so.6.1.0
7fd3ababc000-7fd3abac5000 r-xp 00000000 fc:00 9442541                    /usr/lib/x86_64-linux-gnu/libXrender.so.1.3.0
7fd3abac5000-7fd3abcc4000 ---p 00009000 fc:00 9442541                    /usr/lib/x86_64-linux-gnu/libXrender.so.1.3.0
7fd3abcc4000-7fd3abcc5000 r--p 00008000 fc:00 9442541                    /usr/lib/x86_64-linux-gnu/libXrender.so.1.3.0
7fd3abcc5000-7fd3abcc6000 rw-p 00009000 fc:00 9442541                    /usr/lib/x86_64-linux-gnu/libXrender.so.1.3.0
7fd3abcc6000-7fd3abdfb000 r-xp 00000000 fc:00 9446001                    /usr/lib/x86_64-linux-gnu/libX11.so.6.3.0
7fd3abdfb000-7fd3abffb000 ---p 00135000 fc:00 9446001                    /usr/lib/x86_64-linux-gnu/libX11.so.6.3.0
7fd3abffb000-7fd3abffc000 r--p 00135000 fc:00 9446001                    /usr/lib/x86_64-linux-gnu/libX11.so.6.3.0
7fd3abffc000-7fd3ac000000 rw-p 00136000 fc:00 9446001                    /usr/lib/x86_64-linux-gnu/libX11.so.6.3.0
7fd3ac000000-7fd3ac021000 rw-p 00000000 00:00 0 
7fd3ac021000-7fd3b0000000 ---p 00000000 00:00 0 
7fd3b0000000-7fd3b0021000 rw-p 00000000 00:00 0 
7fd3b0021000-7fd3b4000000 ---p 00000000 00:00 0 
7fd3b4000000-7fd3b4496000 rw-p 00000000 00:00 0 
7fd3b4496000-7fd3b8000000 ---p 00000000 00:00 0 
7fd3b8000000-7fd3b8021000 rw-p 00000000 00:00 0 
7fd3b8021000-7fd3bc000000 ---p 00000000 00:00 0 
7fd3bc000000-7fd3bd7b7000 rw-p 00000000 00:00 0 
7fd3bd7b7000-7fd3c0000000 ---p 00000000 00:00 0 
7fd3c0000000-7fd3c1ae9000 rw-p 00000000 00:00 0 
7fd3c1ae9000-7fd3c4000000 ---p 00000000 00:00 0 
7fd3c4000000-7fd3c4021000 rw-p 00000000 00:00 0 
7fd3c4021000-7fd3c8000000 ---p 00000000 00:00 0 
7fd3c8000000-7fd3c8021000 rw-p 00000000 00:00 0 
7fd3c8021000-7fd3cc000000 ---p 00000000 00:00 0 
7fd3cc000000-7fd3cc021000 rw-p 00000000 00:00 0 
7fd3cc021000-7fd3d0000000 ---p 00000000 00:00 0 
7fd3d0000000-7fd3d0021000 rw-p 00000000 00:00 0 
7fd3d0021000-7fd3d4000000 ---p 00000000 00:00 0 
7fd3d4000000-7fd3d4021000 rw-p 00000000 00:00 0 
7fd3d4021000-7fd3d8000000 ---p 00000000 00:00 0 
7fd3d80f8000-7fd3d80fc000 rw-s 00000000 00:05 472261                     /drm mm object (deleted)
7fd3d80fc000-7fd3d80fd000 rwxp 00000000 00:00 0 
7fd3d80fd000-7fd3d810e000 r-xp 00000000 fc:00 9442521                    /usr/lib/x86_64-linux-gnu/libXext.so.6.4.0
7fd3d810e000-7fd3d830d000 ---p 00011000 fc:00 9442521                    /usr/lib/x86_64-linux-gnu/libXext.so.6.4.0
7fd3d830d000-7fd3d830e000 r--p 00010000 fc:00 9442521                    /usr/lib/x86_64-linux-gnu/libXext.so.6.4.0
7fd3d830e000-7fd3d830f000 rw-p 00011000 fc:00 9442521                    /usr/lib/x86_64-linux-gnu/libXext.so.6.4.0
7fd3d8313000-7fd3d8326000 r--s 00346000 fc:00 13893934                   /usr/lib/jvm/java-8-openjdk-amd64/jre/lib/resources.jar
7fd3d8326000-7fd3d837b000 r-xp 00000000 fc:00 13893907                   /usr/lib/jvm/java-8-openjdk-amd64/jre/lib/amd64/libawt_xawt.so
7fd3d837b000-7fd3d857a000 ---p 00055000 fc:00 13893907                   /usr/lib/jvm/java-8-openjdk-amd64/jre/lib/amd64/libawt_xawt.so
7fd3d857a000-7fd3d857b000 r--p 00054000 fc:00 13893907                   /usr/lib/jvm/java-8-openjdk-amd64/jre/lib/amd64/libawt_xawt.so
7fd3d857b000-7fd3d857e000 rw-p 00055000 fc:00 13893907                   /usr/lib/jvm/java-8-openjdk-amd64/jre/lib/amd64/libawt_xawt.so
7fd3d857e000-7fd3d857f000 rw-p 00000000 00:00 0 
7fd3d857f000-7fd3d861f000 r-xp 00000000 fc:00 13893897                   /usr/lib/jvm/java-8-openjdk-amd64/jre/lib/amd64/libawt.so
7fd3d861f000-7fd3d881f000 ---p 000a0000 fc:00 13893897                   /usr/lib/jvm/java-8-openjdk-amd64/jre/lib/amd64/libawt.so
7fd3d881f000-7fd3d8820000 r--p 000a0000 fc:00 13893897                   /usr/lib/jvm/java-8-openjdk-amd64/jre/lib/amd64/libawt.so
7fd3d8820000-7fd3d882b000 rw-p 000a1000 fc:00 13893897                   /usr/lib/jvm/java-8-openjdk-amd64/jre/lib/amd64/libawt.so
7fd3d882b000-7fd3d8850000 rw-p 00000000 00:00 0 
7fd3d8850000-7fd3d8852000 r-xp 00000000 fc:00 6422563                    /tmp/jogamp_0000/file_cache/jln6355101058242729217/jln7652477554461950179/natives/linux-amd64/libgluegen-rt.so
7fd3d8852000-7fd3d8a51000 ---p 00002000 fc:00 6422563                    /tmp/jogamp_0000/file_cache/jln6355101058242729217/jln7652477554461950179/natives/linux-amd64/libgluegen-rt.so
7fd3d8a51000-7fd3d8a52000 rw-p 00001000 fc:00 6422563                    /tmp/jogamp_0000/file_cache/jln6355101058242729217/jln7652477554461950179/natives/linux-amd64/libgluegen-rt.so
7fd3d8a52000-7fd3d8a55000 ---p 00000000 00:00 0 
7fd3d8a55000-7fd3d8b53000 rw-p 00000000 00:00 0 
7fd3d8b53000-7fd3d8b64000 r-xp 00000000 fc:00 13893931                   /usr/lib/jvm/java-8-openjdk-amd64/jre/lib/amd64/libnio.so
7fd3d8b64000-7fd3d8d64000 ---p 00011000 fc:00 13893931                   /usr/lib/jvm/java-8-openjdk-amd64/jre/lib/amd64/libnio.so
7fd3d8d64000-7fd3d8d65000 r--p 00011000 fc:00 13893931                   /usr/lib/jvm/java-8-openjdk-amd64/jre/lib/amd64/libnio.so
7fd3d8d65000-7fd3d8d66000 rw-p 00012000 fc:00 13893931                   /usr/lib/jvm/java-8-openjdk-amd64/jre/lib/amd64/libnio.so
7fd3d8d66000-7fd3dbd67000 rw-p 00000000 00:00 0 
7fd3dbd67000-7fd3dbd7e000 r-xp 00000000 fc:00 13893900                   /usr/lib/jvm/java-8-openjdk-amd64/jre/lib/amd64/libnet.so
7fd3dbd7e000-7fd3dbf7d000 ---p 00017000 fc:00 13893900                   /usr/lib/jvm/java-8-openjdk-amd64/jre/lib/amd64/libnet.so
7fd3dbf7d000-7fd3dbf7e000 r--p 00016000 fc:00 13893900                   /usr/lib/jvm/java-8-openjdk-amd64/jre/lib/amd64/libnet.so
7fd3dbf7e000-7fd3dbf7f000 rw-p 00017000 fc:00 13893900                   /usr/lib/jvm/java-8-openjdk-amd64/jre/lib/amd64/libnet.so
7fd3dbf7f000-7fd3dbf82000 ---p 00000000 00:00 0 
7fd3dbf82000-7fd3dbfb8000 rw-p 00000000 00:00 0 
7fd3dbfb8000-7fd3dbfb9000 r--p 00000000 00:00 0 
7fd3dbfb9000-7fd3dbfbe000 r--s 000a0000 fc:00 13893935                   /usr/lib/jvm/java-8-openjdk-amd64/jre/lib/jsse.jar
7fd3dbfbe000-7fd3dbfc4000 r--s 00081000 fc:00 17695093                   /home/brobz/.m2/repository/postgresql/postgresql/9.1-901-1.jdbc4/postgresql-9.1-901-1.jdbc4.jar
7fd3dbfc4000-7fd3dbfc6000 r--s 00001000 fc:00 17695088                   /home/brobz/.m2/repository/net/mikera/mathz/0.3.0/mathz-0.3.0.jar
7fd3dbfc6000-7fd3dbfc7000 r--s 00003000 fc:00 17695087                   /home/brobz/.m2/repository/net/mikera/randomz/0.3.0/randomz-0.3.0.jar
7fd3dbfc7000-7fd3dbfca000 r--s 00013000 fc:00 17695089                   /home/brobz/.m2/repository/us/bpsm/edn-java/0.4.7/edn-java-0.4.7.jar
7fd3dbfca000-7fd3dbfd2000 r--s 000a9000 fc:00 17695092                   /home/brobz/.m2/repository/net/mikera/vectorz/0.66.0/vectorz-0.66.0.jar
7fd3dbfd2000-7fd3dbfd3000 r--s 00001000 fc:00 17695082                   /home/brobz/.m2/repository/org/jogamp/gluegen/gluegen-rt/2.3.2/gluegen-rt-2.3.2-natives-windows-i586.jar
7fd3dbfd3000-7fd3dbfd4000 r--s 00001000 fc:00 17695081                   /home/brobz/.m2/repository/org/jogamp/gluegen/gluegen-rt/2.3.2/gluegen-rt-2.3.2-natives-windows-amd64.jar
7fd3dbfd4000-7fd3dbfd5000 r--s 00000000 fc:00 17695080                   /home/brobz/.m2/repository/org/jogamp/gluegen/gluegen-rt/2.3.2/gluegen-rt-2.3.2-natives-solaris-i586.jar
7fd3dbfd5000-7fd3dbfd6000 r--s 00001000 fc:00 17695076                   /home/brobz/.m2/repository/org/jogamp/gluegen/gluegen-rt/2.3.2/gluegen-rt-2.3.2-natives-solaris-amd64.jar
7fd3dbfd6000-7fd3dbfd7000 r--s 00001000 fc:00 17695075                   /home/brobz/.m2/repository/org/jogamp/gluegen/gluegen-rt/2.3.2/gluegen-rt-2.3.2-natives-macosx-universal.jar
7fd3dbfd7000-7fd3dbfd9000 r--s 00000000 fc:00 17695074                   /home/brobz/.m2/repository/org/jogamp/gluegen/gluegen-rt/2.3.2/gluegen-rt-2.3.2-natives-linux-i586.jar
7fd3dbfd9000-7fd3dbfda000 r--s 00000000 fc:00 17695070                   /home/brobz/.m2/repository/org/jogamp/gluegen/gluegen-rt/2.3.2/gluegen-rt-2.3.2-natives-linux-armv6hf.jar
7fd3dbfda000-7fd3dbfdc000 r--s 00000000 fc:00 17695063                   /home/brobz/.m2/repository/org/jogamp/gluegen/gluegen-rt/2.3.2/gluegen-rt-2.3.2-natives-linux-amd64.jar
7fd3dbfdc000-7fd3dc000000 r--s 0031e000 fc:00 17695059                   /home/brobz/.m2/repository/org/jogamp/jogl/jogl-all/2.3.2/jogl-all-2.3.2.jar
7fd3dc000000-7fd3dc021000 rw-p 00000000 00:00 0 
7fd3dc021000-7fd3e0000000 ---p 00000000 00:00 0 
7fd3e0000000-7fd3e0021000 rw-p 00000000 00:00 0 
7fd3e0021000-7fd3e4000000 ---p 00000000 00:00 0 
7fd3e4000000-7fd3e4021000 rw-p 00000000 00:00 0 
7fd3e4021000-7fd3e8000000 ---p 00000000 00:00 0 
7fd3e8000000-7fd3e8001000 r--s 00000000 fc:00 17695069                   /home/brobz/.m2/repository/org/jogamp/gluegen/gluegen-rt/2.3.2/gluegen-rt-2.3.2-natives-linux-armv6.jar
7fd3e8001000-7fd3e8002000 r--s 00001000 fc:00 17695065                   /home/brobz/.m2/repository/org/jogamp/gluegen/gluegen-rt/2.3.2/gluegen-rt-2.3.2-natives-android-armv6.jar
7fd3e8002000-7fd3e8003000 r--s 00000000 fc:00 17695064                   /home/brobz/.m2/repository/org/jogamp/gluegen/gluegen-rt/2.3.2/gluegen-rt-2.3.2-natives-android-aarch64.jar
7fd3e8003000-7fd3e8009000 r--s 0004f000 fc:00 17695073                   /home/brobz/.m2/repository/org/jogamp/gluegen/gluegen-rt/2.3.2/gluegen-rt-2.3.2.jar
7fd3e8009000-7fd3e800a000 r--s 00000000 fc:00 17694964                   /home/brobz/.m2/repository/org/jogamp/gluegen/gluegen-rt-main/2.3.2/gluegen-rt-main-2.3.2.jar
7fd3e800a000-7fd3e800c000 r--s 0000c000 fc:00 17694962                   /home/brobz/.m2/repository/com/esotericsoftware/jsonbeans/0.7/jsonbeans-0.7.jar
7fd3e800c000-7fd3e800e000 r--s 00009000 fc:00 17694960                   /home/brobz/.m2/repository/org/objenesis/objenesis/2.1/objenesis-2.1.jar
7fd3e800e000-7fd3e8010000 r--s 00000000 fc:00 17694958                   /home/brobz/.m2/repository/com/esotericsoftware/minlog/minlog/1.2/minlog-1.2.jar
7fd3e8010000-7fd3e8016000 r--s 0004d000 fc:00 17694956                   /home/brobz/.m2/repository/com/esotericsoftware/kryo/kryo/2.24.0/kryo-2.24.0.jar
7fd3e8016000-7fd3e8018000 r--s 00011000 fc:00 17694954                   /home/brobz/.m2/repository/com/esotericsoftware/kryonet/2.22.0-RC1/kryonet-2.22.0-RC1.jar
7fd3e8018000-7fd3e801a000 r--s 00032000 fc:00 17694953                   /home/brobz/.m2/repository/org/jogamp/jogl/jogl-all/2.3.2/jogl-all-2.3.2-natives-windows-i586.jar
7fd3e801a000-7fd3e8035000 r--s 001d6000 fc:00 13893872                   /usr/lib/jvm/java-8-openjdk-amd64/jre/lib/ext/nashorn.jar
7fd3e8035000-7fd3e8050000 r--s 00394000 fc:00 13893878                   /usr/lib/jvm/java-8-openjdk-amd64/jre/lib/ext/cldrdata.jar
7fd3e8050000-7fd3e8051000 ---p 00000000 00:00 0 
7fd3e8051000-7fd3e8151000 rw-p 00000000 00:00 0 
7fd3e8151000-7fd3e8154000 ---p 00000000 00:00 0 
7fd3e8154000-7fd3e8252000 rw-p 00000000 00:00 0 
7fd3e8252000-7fd3e8255000 ---p 00000000 00:00 0 
7fd3e8255000-7fd3e8353000 rw-p 00000000 00:00 0 
7fd3e8353000-7fd3e8356000 ---p 00000000 00:00 0 
7fd3e8356000-7fd3e8454000 rw-p 00000000 00:00 0 
7fd3e8454000-7fd3e8457000 ---p 00000000 00:00 0 
7fd3e8457000-7fd3e8555000 rw-p 00000000 00:00 0 
7fd3e8555000-7fd3e8558000 ---p 00000000 00:00 0 
7fd3e8558000-7fd3e8656000 rw-p 00000000 00:00 0 
7fd3e8656000-7fd3e8a5f000 r--p 00000000 fc:00 9445250                    /usr/lib/locale/locale-archive
7fd3e8a5f000-7fd3e8a62000 ---p 00000000 00:00 0 
7fd3e8a62000-7fd3e8b60000 rw-p 00000000 00:00 0 
7fd3e8b60000-7fd3e8b63000 ---p 00000000 00:00 0 
7fd3e8b63000-7fd3e8c61000 rw-p 00000000 00:00 0 
7fd3e8c61000-7fd3e8c62000 ---p 00000000 00:00 0 
7fd3e8c62000-7fd3e9d16000 rw-p 00000000 00:00 0 
7fd3e9d16000-7fd3e9ee5000 r--s 03c33000 fc:00 13893892                   /usr/lib/jvm/java-8-openjdk-amd64/jre/lib/rt.jar
7fd3e9ee5000-7fd3ebdbd000 rw-p 00000000 00:00 0 
7fd3ebdbd000-7fd3ebdbe000 ---p 00000000 00:00 0 
7fd3ebdbe000-7fd3ebebe000 rw-p 00000000 00:00 0 
7fd3ebebe000-7fd3ebebf000 ---p 00000000 00:00 0 
7fd3ebebf000-7fd3ebfbf000 rw-p 00000000 00:00 0 
7fd3ebfbf000-7fd3ebfc0000 ---p 00000000 00:00 0 
7fd3ebfc0000-7fd3ec0c0000 rw-p 00000000 00:00 0 
7fd3ec0c0000-7fd3ec0c1000 ---p 00000000 00:00 0 
7fd3ec0c1000-7fd3ec1dc000 rw-p 00000000 00:00 0 
7fd3ec1dc000-7fd3ec2a7000 ---p 00000000 00:00 0 
7fd3ec2a7000-7fd3ec2c2000 rw-p 00000000 00:00 0 
7fd3ec2c2000-7fd3ec38c000 ---p 00000000 00:00 0 
7fd3ec38c000-7fd3ec3bb000 rw-p 00000000 00:00 0 
7fd3ec3bb000-7fd3ec3ff000 ---p 00000000 00:00 0 
7fd3ec3ff000-7fd3ec421000 rw-p 00000000 00:00 0 
7fd3ec421000-7fd3ec7c0000 ---p 00000000 00:00 0 
7fd3ec7c0000-7fd3ed000000 rwxp 00000000 00:00 0 
7fd3ed000000-7fd3fb7c0000 ---p 00000000 00:00 0 
7fd3fb7c0000-7fd3fb7c8000 r-xp 00000000 fc:00 13893910                   /usr/lib/jvm/java-8-openjdk-amd64/jre/lib/amd64/libzip.so
7fd3fb7c8000-7fd3fb9c7000 ---p 00008000 fc:00 13893910                   /usr/lib/jvm/java-8-openjdk-amd64/jre/lib/amd64/libzip.so
7fd3fb9c7000-7fd3fb9c8000 r--p 00007000 fc:00 13893910                   /usr/lib/jvm/java-8-openjdk-amd64/jre/lib/amd64/libzip.so
7fd3fb9c8000-7fd3fb9c9000 rw-p 00008000 fc:00 13893910                   /usr/lib/jvm/java-8-openjdk-amd64/jre/lib/amd64/libzip.so
7fd3fb9c9000-7fd3fb9d4000 r-xp 00000000 fc:00 8257717                    /lib/x86_64-linux-gnu/libnss_files-2.23.so
7fd3fb9d4000-7fd3fbbd3000 ---p 0000b000 fc:00 8257717                    /lib/x86_64-linux-gnu/libnss_files-2.23.so
7fd3fbbd3000-7fd3fbbd4000 r--p 0000a000 fc:00 8257717                    /lib/x86_64-linux-gnu/libnss_files-2.23.so
7fd3fbbd4000-7fd3fbbd5000 rw-p 0000b000 fc:00 8257717                    /lib/x86_64-linux-gnu/libnss_files-2.23.so
7fd3fbbd5000-7fd3fbbdb000 rw-p 00000000 00:00 0 
7fd3fbbdb000-7fd3fbbe6000 r-xp 00000000 fc:00 8257710                    /lib/x86_64-linux-gnu/libnss_nis-2.23.so
7fd3fbbe6000-7fd3fbde5000 ---p 0000b000 fc:00 8257710                    /lib/x86_64-linux-gnu/libnss_nis-2.23.so
7fd3fbde5000-7fd3fbde6000 r--p 0000a000 fc:00 8257710                    /lib/x86_64-linux-gnu/libnss_nis-2.23.so
7fd3fbde6000-7fd3fbde7000 rw-p 0000b000 fc:00 8257710                    /lib/x86_64-linux-gnu/libnss_nis-2.23.so
7fd3fbde7000-7fd3fbdfd000 r-xp 00000000 fc:00 8257715                    /lib/x86_64-linux-gnu/libnsl-2.23.so
7fd3fbdfd000-7fd3fbffc000 ---p 00016000 fc:00 8257715                    /lib/x86_64-linux-gnu/libnsl-2.23.so
7fd3fbffc000-7fd3fbffd000 r--p 00015000 fc:00 8257715                    /lib/x86_64-linux-gnu/libnsl-2.23.so
7fd3fbffd000-7fd3fbffe000 rw-p 00016000 fc:00 8257715                    /lib/x86_64-linux-gnu/libnsl-2.23.so
7fd3fbffe000-7fd3fc000000 rw-p 00000000 00:00 0 
7fd3fc000000-7fd3fc900000 rw-p 00000000 00:00 0 
7fd3fc900000-7fd400000000 ---p 00000000 00:00 0 
7fd400000000-7fd400001000 r--s 0003a000 fc:00 17694951                   /home/brobz/.m2/repository/org/jogamp/jogl/jogl-all/2.3.2/jogl-all-2.3.2-natives-windows-amd64.jar
7fd400001000-7fd400002000 r--s 00027000 fc:00 17694948                   /home/brobz/.m2/repository/org/jogamp/jogl/jogl-all/2.3.2/jogl-all-2.3.2-natives-solaris-i586.jar
7fd400002000-7fd400003000 r--s 00035000 fc:00 17694945                   /home/brobz/.m2/repository/org/jogamp/jogl/jogl-all/2.3.2/jogl-all-2.3.2-natives-solaris-amd64.jar
7fd400003000-7fd400004000 r--s 0006c000 fc:00 17694946                   /home/brobz/.m2/repository/org/jogamp/jogl/jogl-all/2.3.2/jogl-all-2.3.2-natives-macosx-universal.jar
7fd400004000-7fd400006000 r--s 00034000 fc:00 17694941                   /home/brobz/.m2/repository/org/jogamp/jogl/jogl-all/2.3.2/jogl-all-2.3.2-natives-linux-i586.jar
7fd400006000-7fd400007000 r--s 00028000 fc:00 17694943                   /home/brobz/.m2/repository/org/jogamp/jogl/jogl-all/2.3.2/jogl-all-2.3.2-natives-linux-armv6hf.jar
7fd400007000-7fd400008000 r--s 00027000 fc:00 17694938                   /home/brobz/.m2/repository/org/jogamp/jogl/jogl-all/2.3.2/jogl-all-2.3.2-natives-linux-armv6.jar
7fd400008000-7fd40000e000 r--s 0003b000 fc:00 13893879                   /usr/lib/jvm/java-8-openjdk-amd64/jre/lib/ext/sunjce_provider.jar
7fd40000e000-7fd400018000 r--s 00116000 fc:00 13893881                   /usr/lib/jvm/java-8-openjdk-amd64/jre/lib/ext/localedata.jar
7fd400018000-7fd40008e000 rw-p 00000000 00:00 0 
7fd40008e000-7fd400096000 r-xp 00000000 fc:00 8257721                    /lib/x86_64-linux-gnu/libnss_compat-2.23.so
7fd400096000-7fd400295000 ---p 00008000 fc:00 8257721                    /lib/x86_64-linux-gnu/libnss_compat-2.23.so
7fd400295000-7fd400296000 r--p 00007000 fc:00 8257721                    /lib/x86_64-linux-gnu/libnss_compat-2.23.so
7fd400296000-7fd400297000 rw-p 00008000 fc:00 8257721                    /lib/x86_64-linux-gnu/libnss_compat-2.23.so
7fd400297000-7fd4002c4000 r-xp 00000000 fc:00 13893914                   /usr/lib/jvm/java-8-openjdk-amd64/jre/lib/amd64/libjava.so
7fd4002c4000-7fd4004c3000 ---p 0002d000 fc:00 13893914                   /usr/lib/jvm/java-8-openjdk-amd64/jre/lib/amd64/libjava.so
7fd4004c3000-7fd4004c4000 r--p 0002c000 fc:00 13893914                   /usr/lib/jvm/java-8-openjdk-amd64/jre/lib/amd64/libjava.so
7fd4004c4000-7fd4004c6000 rw-p 0002d000 fc:00 13893914                   /usr/lib/jvm/java-8-openjdk-amd64/jre/lib/amd64/libjava.so
7fd4004c6000-7fd4004d5000 r-xp 00000000 fc:00 13893919                   /usr/lib/jvm/java-8-openjdk-amd64/jre/lib/amd64/libverify.so
7fd4004d5000-7fd4006d4000 ---p 0000f000 fc:00 13893919                   /usr/lib/jvm/java-8-openjdk-amd64/jre/lib/amd64/libverify.so
7fd4006d4000-7fd4006d6000 r--p 0000e000 fc:00 13893919                   /usr/lib/jvm/java-8-openjdk-amd64/jre/lib/amd64/libverify.so
7fd4006d6000-7fd4006d7000 rw-p 00010000 fc:00 13893919                   /usr/lib/jvm/java-8-openjdk-amd64/jre/lib/amd64/libverify.so
7fd4006d7000-7fd4006de000 r-xp 00000000 fc:00 8257703                    /lib/x86_64-linux-gnu/librt-2.23.so
7fd4006de000-7fd4008dd000 ---p 00007000 fc:00 8257703                    /lib/x86_64-linux-gnu/librt-2.23.so
7fd4008dd000-7fd4008de000 r--p 00006000 fc:00 8257703                    /lib/x86_64-linux-gnu/librt-2.23.so
7fd4008de000-7fd4008df000 rw-p 00007000 fc:00 8257703                    /lib/x86_64-linux-gnu/librt-2.23.so
7fd4008df000-7fd4008f5000 r-xp 00000000 fc:00 8257739                    /lib/x86_64-linux-gnu/libgcc_s.so.1
7fd4008f5000-7fd400af4000 ---p 00016000 fc:00 8257739                    /lib/x86_64-linux-gnu/libgcc_s.so.1
7fd400af4000-7fd400af5000 rw-p 00015000 fc:00 8257739                    /lib/x86_64-linux-gnu/libgcc_s.so.1
7fd400af5000-7fd400bfd000 r-xp 00000000 fc:00 8257723                    /lib/x86_64-linux-gnu/libm-2.23.so
7fd400bfd000-7fd400dfc000 ---p 00108000 fc:00 8257723                    /lib/x86_64-linux-gnu/libm-2.23.so
7fd400dfc000-7fd400dfd000 r--p 00107000 fc:00 8257723                    /lib/x86_64-linux-gnu/libm-2.23.so
7fd400dfd000-7fd400dfe000 rw-p 00108000 fc:00 8257723                    /lib/x86_64-linux-gnu/libm-2.23.so
7fd400dfe000-7fd400f70000 r-xp 00000000 fc:00 9439213                    /usr/lib/x86_64-linux-gnu/libstdc++.so.6.0.21
7fd400f70000-7fd401170000 ---p 00172000 fc:00 9439213                    /usr/lib/x86_64-linux-gnu/libstdc++.so.6.0.21
7fd401170000-7fd40117a000 r--p 00172000 fc:00 9439213                    /usr/lib/x86_64-linux-gnu/libstdc++.so.6.0.21
7fd40117a000-7fd40117c000 rw-p 0017c000 fc:00 9439213                    /usr/lib/x86_64-linux-gnu/libstdc++.so.6.0.21
7fd40117c000-7fd401180000 rw-p 00000000 00:00 0 
7fd401180000-7fd401de1000 r-xp 00000000 fc:00 13893925                   /usr/lib/jvm/java-8-openjdk-amd64/jre/lib/amd64/server/libjvm.so
7fd401de1000-7fd401fe1000 ---p 00c61000 fc:00 13893925                   /usr/lib/jvm/java-8-openjdk-amd64/jre/lib/amd64/server/libjvm.so
7fd401fe1000-7fd402075000 r--p 00c61000 fc:00 13893925                   /usr/lib/jvm/java-8-openjdk-amd64/jre/lib/amd64/server/libjvm.so
7fd402075000-7fd40209e000 rw-p 00cf5000 fc:00 13893925                   /usr/lib/jvm/java-8-openjdk-amd64/jre/lib/amd64/server/libjvm.so
7fd40209e000-7fd4020ce000 rw-p 00000000 00:00 0 
7fd4020ce000-7fd4020e6000 r-xp 00000000 fc:00 8257707                    /lib/x86_64-linux-gnu/libpthread-2.23.so
7fd4020e6000-7fd4022e5000 ---p 00018000 fc:00 8257707                    /lib/x86_64-linux-gnu/libpthread-2.23.so
7fd4022e5000-7fd4022e6000 r--p 00017000 fc:00 8257707                    /lib/x86_64-linux-gnu/libpthread-2.23.so
7fd4022e6000-7fd4022e7000 rw-p 00018000 fc:00 8257707                    /lib/x86_64-linux-gnu/libpthread-2.23.so
7fd4022e7000-7fd4022eb000 rw-p 00000000 00:00 0 
7fd4022eb000-7fd4022ee000 r-xp 00000000 fc:00 8257705                    /lib/x86_64-linux-gnu/libdl-2.23.so
7fd4022ee000-7fd4024ed000 ---p 00003000 fc:00 8257705                    /lib/x86_64-linux-gnu/libdl-2.23.so
7fd4024ed000-7fd4024ee000 r--p 00002000 fc:00 8257705                    /lib/x86_64-linux-gnu/libdl-2.23.so
7fd4024ee000-7fd4024ef000 rw-p 00003000 fc:00 8257705                    /lib/x86_64-linux-gnu/libdl-2.23.so
7fd4024ef000-7fd402508000 r-xp 00000000 fc:00 8257743                    /lib/x86_64-linux-gnu/libz.so.1.2.8
7fd402508000-7fd402707000 ---p 00019000 fc:00 8257743                    /lib/x86_64-linux-gnu/libz.so.1.2.8
7fd402707000-7fd402708000 r--p 00018000 fc:00 8257743                    /lib/x86_64-linux-gnu/libz.so.1.2.8
7fd402708000-7fd402709000 rw-p 00019000 fc:00 8257743                    /lib/x86_64-linux-gnu/libz.so.1.2.8
7fd402709000-7fd4028c9000 r-xp 00000000 fc:00 8257720                    /lib/x86_64-linux-gnu/libc-2.23.so
7fd4028c9000-7fd402ac9000 ---p 001c0000 fc:00 8257720                    /lib/x86_64-linux-gnu/libc-2.23.so
7fd402ac9000-7fd402acd000 r--p 001c0000 fc:00 8257720                    /lib/x86_64-linux-gnu/libc-2.23.so
7fd402acd000-7fd402acf000 rw-p 001c4000 fc:00 8257720                    /lib/x86_64-linux-gnu/libc-2.23.so
7fd402acf000-7fd402ad3000 rw-p 00000000 00:00 0 
7fd402ad3000-7fd402ae0000 r-xp 00000000 fc:00 13893916                   /usr/lib/jvm/java-8-openjdk-amd64/jre/lib/amd64/jli/libjli.so
7fd402ae0000-7fd402ce0000 ---p 0000d000 fc:00 13893916                   /usr/lib/jvm/java-8-openjdk-amd64/jre/lib/amd64/jli/libjli.so
7fd402ce0000-7fd402ce1000 r--p 0000d000 fc:00 13893916                   /usr/lib/jvm/java-8-openjdk-amd64/jre/lib/amd64/jli/libjli.so
7fd402ce1000-7fd402ce2000 rw-p 0000e000 fc:00 13893916                   /usr/lib/jvm/java-8-openjdk-amd64/jre/lib/amd64/jli/libjli.so
7fd402ce2000-7fd402d08000 r-xp 00000000 fc:00 8257706                    /lib/x86_64-linux-gnu/ld-2.23.so
7fd402d08000-7fd402d09000 r--s 00036000 fc:00 17694937                   /home/brobz/.m2/repository/org/jogamp/jogl/jogl-all/2.3.2/jogl-all-2.3.2-natives-linux-amd64.jar
7fd402d09000-7fd402d0a000 r--s 0000f000 fc:00 17694934                   /home/brobz/.m2/repository/org/jogamp/jogl/jogl-all/2.3.2/jogl-all-2.3.2-natives-android-armv6.jar
7fd402d0a000-7fd402d0b000 r--s 0000f000 fc:00 17694936                   /home/brobz/.m2/repository/org/jogamp/jogl/jogl-all/2.3.2/jogl-all-2.3.2-natives-android-aarch64.jar
7fd402d0b000-7fd402dea000 rw-p 00000000 00:00 0 
7fd402dea000-7fd402ded000 ---p 00000000 00:00 0 
7fd402ded000-7fd402eef000 rw-p 00000000 00:00 0 
7fd402eef000-7fd402ef0000 r--s 00000000 fc:00 17694933                   /home/brobz/.m2/repository/org/jogamp/jogl/jogl-all-main/2.3.2/jogl-all-main-2.3.2.jar
7fd402ef0000-7fd402ef1000 r--s 0000a000 fc:00 13893877                   /usr/lib/jvm/java-8-openjdk-amd64/jre/lib/ext/jaccess.jar
7fd402ef1000-7fd402ef3000 r--s 00001000 fc:00 13893876                   /usr/lib/jvm/java-8-openjdk-amd64/jre/lib/ext/dnsns.jar
7fd402ef3000-7fd402ef6000 r--s 00038000 fc:00 13893873                   /usr/lib/jvm/java-8-openjdk-amd64/jre/lib/ext/sunpkcs11.jar
7fd402ef6000-7fd402ef9000 r--s 0000f000 fc:00 13893880                   /usr/lib/jvm/java-8-openjdk-amd64/jre/lib/ext/icedtea-sound.jar
7fd402ef9000-7fd402efb000 r--s 00008000 fc:00 13893874                   /usr/lib/jvm/java-8-openjdk-amd64/jre/lib/ext/sunec.jar
7fd402efb000-7fd402efc000 r--s 00010000 fc:00 13893875                   /usr/lib/jvm/java-8-openjdk-amd64/jre/lib/ext/zipfs.jar
7fd402efc000-7fd402f04000 rw-s 00000000 fc:00 6422556                    /tmp/hsperfdata_brobz/8136
7fd402f04000-7fd402f05000 rw-p 00000000 00:00 0 
7fd402f05000-7fd402f06000 r--p 00000000 00:00 0 
7fd402f06000-7fd402f07000 rw-p 00000000 00:00 0 
7fd402f07000-7fd402f08000 r--p 00025000 fc:00 8257706                    /lib/x86_64-linux-gnu/ld-2.23.so
7fd402f08000-7fd402f09000 rw-p 00026000 fc:00 8257706                    /lib/x86_64-linux-gnu/ld-2.23.so
7fd402f09000-7fd402f0a000 rw-p 00000000 00:00 0 
7fff516b2000-7fff516d4000 rw-p 00000000 00:00 0                          [stack]
7fff5175e000-7fff51761000 r--p 00000000 00:00 0                          [vvar]
7fff51761000-7fff51763000 r-xp 00000000 00:00 0                          [vdso]
ffffffffff600000-ffffffffff601000 r-xp 00000000 00:00 0                  [vsyscall]

VM Arguments:
java_command: com.BitJunkies.RTS.src.Game
java_class_path (initial): /home/brobz/Desktop/rts/target/classes:/home/brobz/.m2/repository/org/jogamp/jogl/jogl-all-main/2.3.2/jogl-all-main-2.3.2.jar:/home/brobz/.m2/repository/org/jogamp/jogl/jogl-all/2.3.2/jogl-all-2.3.2.jar:/home/brobz/.m2/repository/org/jogamp/jogl/jogl-all/2.3.2/jogl-all-2.3.2-natives-android-aarch64.jar:/home/brobz/.m2/repository/org/jogamp/jogl/jogl-all/2.3.2/jogl-all-2.3.2-natives-android-armv6.jar:/home/brobz/.m2/repository/org/jogamp/jogl/jogl-all/2.3.2/jogl-all-2.3.2-natives-linux-amd64.jar:/home/brobz/.m2/repository/org/jogamp/jogl/jogl-all/2.3.2/jogl-all-2.3.2-natives-linux-armv6.jar:/home/brobz/.m2/repository/org/jogamp/jogl/jogl-all/2.3.2/jogl-all-2.3.2-natives-linux-armv6hf.jar:/home/brobz/.m2/repository/org/jogamp/jogl/jogl-all/2.3.2/jogl-all-2.3.2-natives-linux-i586.jar:/home/brobz/.m2/repository/org/jogamp/jogl/jogl-all/2.3.2/jogl-all-2.3.2-natives-macosx-universal.jar:/home/brobz/.m2/repository/org/jogamp/jogl/jogl-all/2.3.2/jogl-all-2.3.2-natives-solaris-amd64.jar:/home/brobz/.m2/repository/org/jogamp/jogl/jogl-all/2.3.2/jogl-all-2.3.2-natives-solaris-i586.jar:/home/brobz/.m2/repository/org/jogamp/jogl/jogl-all/2.3.2/jogl-all-2.3.2-natives-windows-amd64.jar:/home/brobz/.m2/repository/org/jogamp/jogl/jogl-all/2.3.2/jogl-all-2.3.2-natives-windows-i586.jar:/home/brobz/.m2/repository/com/esotericsoftware/kryonet/2.22.0-RC1/kryonet-2.22.0-RC1.jar:/home/brobz/.m2/repository/com/esotericsoftware/kryo/kryo/2.24.0/kryo-2.24.0.jar:/home/brobz/.m2/repository/com/esotericsoftware/minlog/minlog/1.2/minlog-1.2.jar:/home/brobz/.m2/repository/org/objenesis/objenesis/2.1/objenesis-2.1.jar:/home/brobz/.m2/repository/com/esotericsoftware/jsonbeans/0.7/jsonbeans-0.7.jar:/home/brobz/.m2/repository/org/jogamp/gluegen/gluegen-rt-main/2.3.2/gluegen-rt-main-2.3.2.jar:/home/brobz/.m2/repository/org/jogamp/gluegen/gluegen-rt/2.3.2/gluegen-rt-2.3.2.jar:/home/brobz/.m2/repository/org/jogamp/gluegen/gluegen-rt/2.3.2/gluegen-rt-2.3.2-natives-android-aarc
Launcher Type: SUN_STANDARD

Environment Variables:
JAVA_HOME=/usr/lib/jvm/java-8-openjdk-amd64
PATH=/usr/local/sbin:/usr/local/bin:/usr/sbin:/usr/bin:/sbin:/bin:/usr/games:/usr/local/games:/snap/bin
LD_LIBRARY_PATH=/usr/lib/jvm/java-8-openjdk-amd64/jre/lib/amd64:/usr/lib/jvm/java-8-openjdk-amd64/jre/lib/i386:
SHELL=/bin/bash
DISPLAY=:0.0

Signal Handlers:
SIGSEGV: [libjvm.so+0xa74ca0], sa_mask[0]=11111111011111111101111111111110, sa_flags=SA_RESTART|SA_SIGINFO
SIGBUS: [libjvm.so+0xa74ca0], sa_mask[0]=11111111011111111101111111111110, sa_flags=SA_RESTART|SA_SIGINFO
SIGFPE: [libjvm.so+0x8bbcf0], sa_mask[0]=11111111011111111101111111111110, sa_flags=SA_RESTART|SA_SIGINFO
SIGPIPE: [libjvm.so+0x8bbcf0], sa_mask[0]=11111111011111111101111111111110, sa_flags=SA_RESTART|SA_SIGINFO
SIGXFSZ: [libjvm.so+0x8bbcf0], sa_mask[0]=11111111011111111101111111111110, sa_flags=SA_RESTART|SA_SIGINFO
SIGILL: [libjvm.so+0x8bbcf0], sa_mask[0]=11111111011111111101111111111110, sa_flags=SA_RESTART|SA_SIGINFO
SIGUSR1: SIG_DFL, sa_mask[0]=00000000000000000000000000000000, sa_flags=none
SIGUSR2: [libjvm.so+0x8bbba0], sa_mask[0]=00100000000000000000000000000000, sa_flags=SA_RESTART|SA_SIGINFO
SIGHUP: [libjvm.so+0x8bc230], sa_mask[0]=11111111011111111101111111111110, sa_flags=SA_RESTART|SA_SIGINFO
SIGINT: SIG_IGN, sa_mask[0]=00000000000000000000000000000000, sa_flags=none
SIGTERM: [libjvm.so+0x8bc230], sa_mask[0]=11111111011111111101111111111110, sa_flags=SA_RESTART|SA_SIGINFO
SIGQUIT: [libjvm.so+0x8bc230], sa_mask[0]=11111111011111111101111111111110, sa_flags=SA_RESTART|SA_SIGINFO


---------------  S Y S T E M  ---------------

OS:DISTRIB_ID=Ubuntu
DISTRIB_RELEASE=16.04
DISTRIB_CODENAME=xenial
DISTRIB_DESCRIPTION="Ubuntu 16.04.6 LTS"

uname:Linux 4.4.0-146-generic #172-Ubuntu SMP Wed Apr 3 09:00:08 UTC 2019 x86_64
libc:glibc 2.23 NPTL 2.23 
rlimit: STACK 8192k, CORE 0k, NPROC 10815, NOFILE 1048576, AS infinity
load average:1.24 0.78 0.64

/proc/meminfo:
MemTotal:        2812364 kB
MemFree:         1220544 kB
MemAvailable:    1219368 kB
Buffers:           21628 kB
Cached:           117064 kB
SwapCached:         9464 kB
Active:          1398936 kB
Inactive:          54828 kB
Active(anon):    1332280 kB
Inactive(anon):    11428 kB
Active(file):      66656 kB
Inactive(file):    43400 kB
Unevictable:          64 kB
Mlocked:              64 kB
SwapTotal:       2871292 kB
SwapFree:        2741296 kB
Dirty:                64 kB
Writeback:             0 kB
AnonPages:       1314876 kB
Mapped:            71696 kB
Shmem:             28596 kB
Slab:              73964 kB
SReclaimable:      44244 kB
SUnreclaim:        29720 kB
KernelStack:        5488 kB
PageTables:        23100 kB
NFS_Unstable:          0 kB
Bounce:                0 kB
WritebackTmp:          0 kB
CommitLimit:     4277472 kB
Committed_AS:    2779312 kB
VmallocTotal:   34359738367 kB
VmallocUsed:           0 kB
VmallocChunk:          0 kB
HardwareCorrupted:     0 kB
AnonHugePages:         0 kB
CmaTotal:              0 kB
CmaFree:               0 kB
HugePages_Total:       0
HugePages_Free:        0
HugePages_Rsvd:        0
HugePages_Surp:        0
Hugepagesize:       2048 kB
DirectMap4k:      105680 kB
DirectMap2M:     2768896 kB

container (cgroup) information:
container_type: cgroupv1
cpu_cpuset_cpus: 0-3
cpu_memory_nodes: 0
active_processor_count: 4
cpu_quota: -1
cpu_period: 100000
cpu_shares: -1
memory_limit_in_bytes: -1
memory_and_swap_limit_in_bytes: -2
memory_soft_limit_in_bytes: -1
memory_usage_in_bytes: 1488588800
memory_max_usage_in_bytes: 0


CPU:total 4 (initial active 4) (2 cores per cpu, 2 threads per core) family 6 model 37 stepping 5, cmov, cx8, fxsr, mmx, sse, sse2, sse3, ssse3, sse4.1, sse4.2, popcnt, ht, tsc, tscinvbit

/proc/cpuinfo:
processor	: 0
vendor_id	: GenuineIntel
cpu family	: 6
model		: 37
model name	: Intel(R) Core(TM) i3 CPU       M 380  @ 2.53GHz
stepping	: 5
microcode	: 0x7
cpu MHz		: 1066.000
cache size	: 3072 KB
physical id	: 0
siblings	: 4
core id		: 0
cpu cores	: 2
apicid		: 0
initial apicid	: 0
fpu		: yes
fpu_exception	: yes
cpuid level	: 11
wp		: yes
flags		: fpu vme de pse tsc msr pae mce cx8 apic sep mtrr pge mca cmov pat pse36 clflush dts acpi mmx fxsr sse sse2 ss ht tm pbe syscall nx rdtscp lm constant_tsc arch_perfmon pebs bts rep_good nopl xtopology nonstop_tsc aperfmperf pni dtes64 monitor ds_cpl vmx est tm2 ssse3 cx16 xtpr pdcm pcid sse4_1 sse4_2 popcnt lahf_lm ssbd ibrs ibpb stibp kaiser tpr_shadow vnmi flexpriority ept vpid dtherm arat flush_l1d
bugs		: cpu_meltdown spectre_v1 spectre_v2 spec_store_bypass l1tf
bogomips	: 5053.78
clflush size	: 64
cache_alignment	: 64
address sizes	: 36 bits physical, 48 bits virtual
power management:

processor	: 1
vendor_id	: GenuineIntel
cpu family	: 6
model		: 37
model name	: Intel(R) Core(TM) i3 CPU       M 380  @ 2.53GHz
stepping	: 5
microcode	: 0x7
cpu MHz		: 2533.000
cache size	: 3072 KB
physical id	: 0
siblings	: 4
core id		: 0
cpu cores	: 2
apicid		: 1
initial apicid	: 1
fpu		: yes
fpu_exception	: yes
cpuid level	: 11
wp		: yes
flags		: fpu vme de pse tsc msr pae mce cx8 apic sep mtrr pge mca cmov pat pse36 clflush dts acpi mmx fxsr sse sse2 ss ht tm pbe syscall nx rdtscp lm constant_tsc arch_perfmon pebs bts rep_good nopl xtopology nonstop_tsc aperfmperf pni dtes64 monitor ds_cpl vmx est tm2 ssse3 cx16 xtpr pdcm pcid sse4_1 sse4_2 popcnt lahf_lm ssbd ibrs ibpb stibp kaiser tpr_shadow vnmi flexpriority ept vpid dtherm arat flush_l1d
bugs		: cpu_meltdown spectre_v1 spectre_v2 spec_store_bypass l1tf
bogomips	: 5053.78
clflush size	: 64
cache_alignment	: 64
address sizes	: 36 bits physical, 48 bits virtual
power management:

processor	: 2
vendor_id	: GenuineIntel
cpu family	: 6
model		: 37
model name	: Intel(R) Core(TM) i3 CPU       M 380  @ 2.53GHz
stepping	: 5
microcode	: 0x7
cpu MHz		: 1066.000
cache size	: 3072 KB
physical id	: 0
siblings	: 4
core id		: 2
cpu cores	: 2
apicid		: 4
initial apicid	: 4
fpu		: yes
fpu_exception	: yes
cpuid level	: 11
wp		: yes
flags		: fpu vme de pse tsc msr pae mce cx8 apic sep mtrr pge mca cmov pat pse36 clflush dts acpi mmx fxsr sse sse2 ss ht tm pbe syscall nx rdtscp lm constant_tsc arch_perfmon pebs bts rep_good nopl xtopology nonstop_tsc aperfmperf pni dtes64 monitor ds_cpl vmx est tm2 ssse3 cx16 xtpr pdcm pcid sse4_1 sse4_2 popcnt lahf_lm ssbd ibrs ibpb stibp kaiser tpr_shadow vnmi flexpriority ept vpid dtherm arat flush_l1d
bugs		: cpu_meltdown spectre_v1 spectre_v2 spec_store_bypass l1tf
bogomips	: 5053.78
clflush size	: 64
cache_alignment	: 64
address sizes	: 36 bits physical, 48 bits virtual
power management:

processor	: 3
vendor_id	: GenuineIntel
cpu family	: 6
model		: 37
model name	: Intel(R) Core(TM) i3 CPU       M 380  @ 2.53GHz
stepping	: 5
microcode	: 0x7
cpu MHz		: 1066.000
cache size	: 3072 KB
physical id	: 0
siblings	: 4
core id		: 2
cpu cores	: 2
apicid		: 5
initial apicid	: 5
fpu		: yes
fpu_exception	: yes
cpuid level	: 11
wp		: yes
flags		: fpu vme de pse tsc msr pae mce cx8 apic sep mtrr pge mca cmov pat pse36 clflush dts acpi mmx fxsr sse sse2 ss ht tm pbe syscall nx rdtscp lm constant_tsc arch_perfmon pebs bts rep_good nopl xtopology nonstop_tsc aperfmperf pni dtes64 monitor ds_cpl vmx est tm2 ssse3 cx16 xtpr pdcm pcid sse4_1 sse4_2 popcnt lahf_lm ssbd ibrs ibpb stibp kaiser tpr_shadow vnmi flexpriority ept vpid dtherm arat flush_l1d
bugs		: cpu_meltdown spectre_v1 spectre_v2 spec_store_bypass l1tf
bogomips	: 5053.78
clflush size	: 64
cache_alignment	: 64
address sizes	: 36 bits physical, 48 bits virtual
power management:



Memory: 4k page, physical 2812364k(1220544k free), swap 2871292k(2741296k free)

vm_info: OpenJDK 64-Bit Server VM (25.191-b12) for linux-amd64 JRE (1.8.0_191-8u191-b12-2ubuntu0.16.04.1-b12), built on Jan 14 2019 21:59:52 by "buildd" with gcc 5.4.0 20160609

time: Wed May  1 19:11:38 2019
elapsed time: 142 seconds (0d 0h 2m 22s)

